
> react_repo@0.0.0 build
> yes | pnpm install && rm -rf node_modules/.vite-temp && tsc -b && vite build

Lockfile is up to date, resolution step is skipped
Already up to date

╭ Warning ─────────────────────────────────────────────────────────────────────╮
│                                                                              │
│   Ignored build scripts: canvas, esbuild, tesseract.js.                      │
│   Run "pnpm approve-builds" to pick which dependencies should be allowed     │
│   to run scripts.                                                            │
│                                                                              │
╰──────────────────────────────────────────────────────────────────────────────╯

Done in 739ms using pnpm v10.12.4
src/components/claims/wizard-steps/UnifiedDocumentUpload.tsx(108,3): error TS2339: Property 'onUpdate' does not exist on type 'UnifiedDocumentUploadProps'.
src/components/claims/wizard-steps/UnifiedDocumentUpload.tsx(403,33): error TS2339: Property 'status' does not exist on type 'FileStatus'.
src/components/claims/wizard-steps/UnifiedDocumentUpload.tsx(407,33): error TS2339: Property 'status' does not exist on type 'FileStatus'.
src/components/claims/wizard-steps/UnifiedDocumentUpload.tsx(411,33): error TS2339: Property 'status' does not exist on type 'FileStatus'.
src/components/claims/wizard-steps/UnifiedDocumentUpload.tsx(415,33): error TS2339: Property 'status' does not exist on type 'FileStatus'.
src/components/claims/wizard-steps/UnifiedDocumentUpload.tsx(462,32): error TS2339: Property 'status' does not exist on type 'FileStatus'.
src/components/claims/wizard-steps/UnifiedInsuranceInfoStep.tsx(535,62): error TS2554: Expected 2 arguments, but got 1.
src/components/claims/wizard-steps/UnifiedInsuranceInfoStep.tsx(788,18): error TS2322: Type '{ children: Element; fieldPath: string; value: any; onConfirm: (value: string) => void; }' is not assignable to type 'IntrinsicAttributes & ConfirmedFieldWrapperProps'.
  Property 'children' does not exist on type 'IntrinsicAttributes & ConfirmedFieldWrapperProps'.
src/components/claims/wizard-steps/UnifiedInsuranceInfoStep.tsx(827,18): error TS2322: Type '{ children: Element; fieldPath: string; value: any; onConfirm: (value: string) => void; }' is not assignable to type 'IntrinsicAttributes & ConfirmedFieldWrapperProps'.
  Property 'children' does not exist on type 'IntrinsicAttributes & ConfirmedFieldWrapperProps'.
src/components/claims/wizard-steps/UnifiedPDFExtractionStep.tsx(91,3): error TS2339: Property 'onUpdate' does not exist on type 'UnifiedPDFExtractionStepProps'.
src/components/claims/wizard-steps/UnifiedPDFExtractionStep.tsx(512,11): error TS2322: Type '{ extractedData: any; rawText: string; onConfirm: (validatedPolicyData: any) => void; onReject: () => void; processingDetails: any; }' is not assignable to type 'IntrinsicAttributes & PolicyDataValidationStepProps'.
  Property 'onConfirm' does not exist on type 'IntrinsicAttributes & PolicyDataValidationStepProps'.
src/components/claims/wizard-steps/UnifiedPDFExtractionStep.tsx(580,96): error TS2339: Property 'status' does not exist on type 'FileStatus'.
src/components/claims/wizard-steps/UnifiedPDFExtractionStep.tsx(585,37): error TS2339: Property 'status' does not exist on type 'FileStatus'.
src/components/claims/wizard-steps/UnifiedPDFExtractionStep.tsx(586,37): error TS2339: Property 'status' does not exist on type 'FileStatus'.
src/components/claims/wizard-steps/UnifiedPDFExtractionStep.tsx(587,37): error TS2339: Property 'status' does not exist on type 'FileStatus'.
src/components/layout/Header.tsx(161,28): error TS2304: Cannot find name 'handleSignOut'.
src/components/ui/Animations.tsx(68,14): error TS2322: Type '{ children: string; jsx: true; }' is not assignable to type 'DetailedHTMLProps<StyleHTMLAttributes<HTMLStyleElement>, HTMLStyleElement>'.
  Property 'jsx' does not exist on type 'DetailedHTMLProps<StyleHTMLAttributes<HTMLStyleElement>, HTMLStyleElement>'.
src/components/ui/Animations.tsx(107,14): error TS2322: Type '{ children: string; jsx: true; }' is not assignable to type 'DetailedHTMLProps<StyleHTMLAttributes<HTMLStyleElement>, HTMLStyleElement>'.
  Property 'jsx' does not exist on type 'DetailedHTMLProps<StyleHTMLAttributes<HTMLStyleElement>, HTMLStyleElement>'.
src/components/ui/EmptyState.tsx(66,13): error TS2322: Type '"outline" | "default"' is not assignable to type '"primary" | "secondary" | "outline" | "ghost" | "danger"'.
  Type '"default"' is not assignable to type '"primary" | "secondary" | "outline" | "ghost" | "danger"'.
src/hooks/useKeyboardShortcuts.tsx(131,24): error TS2322: Type '{ children: (string | Element)[]; className: string; }' is not assignable to type 'IntrinsicAttributes & DialogTitleProps'.
  Property 'className' does not exist on type 'IntrinsicAttributes & DialogTitleProps'.
src/pages/Claims.tsx(370,29): error TS2304: Cannot find name 'setSelectedClaim'.
src/pages/Claims.tsx(446,28): error TS2552: Cannot find name 'selectedClaim'. Did you mean 'deleteClaim'?
src/pages/Claims.tsx(448,18): error TS2552: Cannot find name 'selectedClaim'. Did you mean 'deleteClaim'?
src/pages/Claims.tsx(449,46): error TS2552: Cannot find name 'selectedClaim'. Did you mean 'deleteClaim'?
src/pages/Claims.tsx(452,13): error TS2304: Cannot find name 'setSelectedClaim'.
src/pages/Claims.tsx(456,29): error TS2552: Cannot find name 'selectedClaim'. Did you mean 'deleteClaim'?
src/services/adaptiveLearningService.ts(560,12): error TS2339: Property 'length' does not exist on type 'never'.
src/services/adaptiveLearningService.ts(561,66): error TS2339: Property 'toLowerCase' does not exist on type 'never'.
