src/components/admin/CustomFieldManager.tsx(451,15): error TS2304: Cannot find name 'TabsContent'.
src/components/admin/CustomFieldManager.tsx(453,14): error TS2304: Cannot find name 'TabsContent'.
src/components/admin/CustomFieldManager.tsx(539,15): error TS2304: Cannot find name 'TabsContent'.
src/components/admin/CustomFieldManager.tsx(541,14): error TS2304: Cannot find name 'TabsContent'.
src/components/admin/CustomFieldManager.tsx(547,15): error TS2304: Cannot find name 'TabsContent'.
src/components/admin/CustomFieldManager.tsx(548,13): error TS2304: Cannot find name 'Tabs'.
src/components/admin/CustomFieldManager.tsx(558,11): error TS2304: Cannot find name 'DialogContent'.
src/components/admin/CustomFieldManager.tsx(559,9): error TS2304: Cannot find name 'Dialog'.
src/components/admin/FolderTemplateManager.tsx(10,23): error TS2307: Cannot find module '../ui/Label' or its corresponding type declarations.
src/components/admin/FolderTemplateManager.tsx(12,23): error TS2307: Cannot find module '../ui/Badge' or its corresponding type declarations.
src/components/admin/FolderTemplateManager.tsx(13,26): error TS2307: Cannot find module '../ui/Textarea' or its corresponding type declarations.
src/components/admin/FolderTemplateManager.tsx(14,24): error TS2307: Cannot find module '../ui/Switch' or its corresponding type declarations.
src/components/admin/FolderTemplateManager.tsx(15,66): error TS2307: Cannot find module '../ui/Dialog' or its corresponding type declarations.
src/components/admin/FolderTemplateManager.tsx(68,11): error TS2339: Property 'showToast' does not exist on type '{ toasts: ToastMessage[]; addToast: (toast: Omit<ToastMessage, "id">) => string; removeToast: (id: string) => void; success: (title: string, message?: string, duration?: number) => string; error: (title: string, message?: string, duration?: number) => string; warning: (title: string, message?: string, duration?: num...'.
src/components/claims/ClaimFolderManager.tsx(11,23): error TS2307: Cannot find module '../ui/Badge' or its corresponding type declarations.
src/components/claims/ClaimFolderManager.tsx(12,81): error TS2307: Cannot find module '../ui/Dialog' or its corresponding type declarations.
src/components/claims/ClaimFolderManager.tsx(13,90): error TS2307: Cannot find module '../ui/DropdownMenu' or its corresponding type declarations.
src/components/claims/ClaimFolderManager.tsx(56,11): error TS2339: Property 'showToast' does not exist on type '{ toasts: ToastMessage[]; addToast: (toast: Omit<ToastMessage, "id">) => string; removeToast: (id: string) => void; success: (title: string, message?: string, duration?: number) => string; error: (title: string, message?: string, duration?: number) => string; warning: (title: string, message?: string, duration?: num...'.
src/components/claims/EnhancedAIClaimWizard.tsx(333,13): error TS2322: Type '{ data: WizardData; onUpdate: (newData: any) => void; onAIProcessing: (processing: boolean) => void; clientId: string; } | { onSubmit: (finalData?: any) => Promise<void>; data: WizardData; onUpdate: (newData: any) => void; onAIProcessing: (processing: boolean) => void; clientId: string; }' is not assignable to type 'IntrinsicAttributes & WorkingPolicyUploadStepProps & MortgageInformationStepProps & CustomFieldsStepProps & ClaimInformationStepProps'.
  Type '{ data: WizardData; onUpdate: (newData: any) => void; onAIProcessing: (processing: boolean) => void; clientId: string; }' is missing the following properties from type 'CustomFieldsStepProps': organizationId, onComplete
src/components/claims/wizard-steps/CustomFieldsStep.tsx(9,23): error TS2307: Cannot find module '../../ui/Badge' or its corresponding type declarations.
src/components/claims/wizard-steps/CustomFieldsStep.tsx(31,11): error TS2339: Property 'showToast' does not exist on type '{ toasts: ToastMessage[]; addToast: (toast: Omit<ToastMessage, "id">) => string; removeToast: (id: string) => void; success: (title: string, message?: string, duration?: number) => string; error: (title: string, message?: string, duration?: number) => string; warning: (title: string, message?: string, duration?: num...'.
src/components/claims/wizard-steps/FinalPolicyUploadStep.tsx(307,66): error TS2322: Type 'unknown' is not assignable to type 'ReactNode'.
src/components/forms/DynamicCustomField.tsx(9,23): error TS2307: Cannot find module '../ui/Label' or its corresponding type declarations.
src/components/forms/DynamicCustomField.tsx(10,26): error TS2307: Cannot find module '../ui/Textarea' or its corresponding type declarations.
src/components/forms/DynamicCustomField.tsx(14,79): error TS2307: Cannot find module '../ui/Select' or its corresponding type declarations.
src/components/forms/DynamicCustomField.tsx(17,57): error TS2307: Cannot find module '../ui/Popover' or its corresponding type declarations.
src/components/forms/DynamicCustomField.tsx(18,23): error TS2307: Cannot find module '../ui/Badge' or its corresponding type declarations.
src/components/ui/calendar.tsx(27,26): error TS2345: Argument of type '{ variant: string; }' is not assignable to parameter of type 'string'.
src/components/ui/calendar.tsx(39,26): error TS2345: Argument of type '{ variant: string; }' is not assignable to parameter of type 'string'.
