Done in 718ms using pnpm v10.12.4
src/components/claims/wizard-steps/UnifiedClientDetailsStep.tsx(559,17): error TS2322: Type '(client: Client | null) => void' is not assignable to type '(client: ClientData) => void'.
  Types of parameters 'client' and 'client' are incompatible.
    Type 'ClientData' is not assignable to type 'Client'.
      Property 'created_at' is optional in type 'ClientData' but required in type 'Client'.
src/components/claims/wizard-steps/UnifiedDocumentUpload.tsx(108,3): error TS2339: Property 'onUpdate' does not exist on type 'UnifiedDocumentUploadProps'.
src/components/claims/wizard-steps/UnifiedDocumentUpload.tsx(403,33): error TS2339: Property 'status' does not exist on type 'FileStatus'.
src/components/claims/wizard-steps/UnifiedDocumentUpload.tsx(407,33): error TS2339: Property 'status' does not exist on type 'FileStatus'.
src/components/claims/wizard-steps/UnifiedDocumentUpload.tsx(411,33): error TS2339: Property 'status' does not exist on type 'FileStatus'.
src/components/claims/wizard-steps/UnifiedDocumentUpload.tsx(415,33): error TS2339: Property 'status' does not exist on type 'FileStatus'.
src/components/claims/wizard-steps/UnifiedDocumentUpload.tsx(462,32): error TS2339: Property 'status' does not exist on type 'FileStatus'.
src/components/claims/wizard-steps/UnifiedInsuranceInfoStep.tsx(535,62): error TS2554: Expected 2 arguments, but got 1.
src/components/claims/wizard-steps/UnifiedInsuranceInfoStep.tsx(788,18): error TS2322: Type '{ children: Element; fieldPath: string; value: any; onConfirm: (value: string) => void; }' is not assignable to type 'IntrinsicAttributes & ConfirmedFieldWrapperProps'.
  Property 'children' does not exist on type 'IntrinsicAttributes & ConfirmedFieldWrapperProps'.
src/components/claims/wizard-steps/UnifiedInsuranceInfoStep.tsx(827,18): error TS2322: Type '{ children: Element; fieldPath: string; value: any; onConfirm: (value: string) => void; }' is not assignable to type 'IntrinsicAttributes & ConfirmedFieldWrapperProps'.
  Property 'children' does not exist on type 'IntrinsicAttributes & ConfirmedFieldWrapperProps'.
src/components/claims/wizard-steps/UnifiedPDFExtractionStep.tsx(91,3): error TS2339: Property 'onUpdate' does not exist on type 'UnifiedPDFExtractionStepProps'.
src/components/claims/wizard-steps/UnifiedPDFExtractionStep.tsx(512,11): error TS2322: Type '{ extractedData: any; rawText: string; onConfirm: (validatedPolicyData: any) => void; onReject: () => void; processingDetails: any; }' is not assignable to type 'IntrinsicAttributes & PolicyDataValidationStepProps'.
  Property 'onConfirm' does not exist on type 'IntrinsicAttributes & PolicyDataValidationStepProps'.
src/components/claims/wizard-steps/UnifiedPDFExtractionStep.tsx(580,96): error TS2339: Property 'status' does not exist on type 'FileStatus'.
src/components/claims/wizard-steps/UnifiedPDFExtractionStep.tsx(585,37): error TS2339: Property 'status' does not exist on type 'FileStatus'.
src/components/claims/wizard-steps/UnifiedPDFExtractionStep.tsx(586,37): error TS2339: Property 'status' does not exist on type 'FileStatus'.
src/components/claims/wizard-steps/UnifiedPDFExtractionStep.tsx(587,37): error TS2339: Property 'status' does not exist on type 'FileStatus'.
src/components/clients/UnifiedClientDetail.tsx(74,3): error TS2339: Property 'onClose' does not exist on type 'UnifiedClientDetailProps'.
src/components/crm/AttorneyManagement.tsx(128,31): error TS2339: Property 'adjusters' does not exist on type 'Attorney'.
src/components/crm/AttorneyManagement.tsx(213,39): error TS2339: Property 'adjusters' does not exist on type 'Attorney'.
src/components/crm/ReferralSourceManagement.tsx(159,31): error TS2551: Property 'lead_sources' does not exist on type 'ReferralSource'. Did you mean 'lead_source_id'?
src/components/crm/ReferralSourceManagement.tsx(271,39): error TS2551: Property 'lead_sources' does not exist on type 'ReferralSource'. Did you mean 'lead_source_id'?
src/components/crm/ReferralSourceManagement.tsx(272,41): error TS2551: Property 'referral_types' does not exist on type 'ReferralSource'. Did you mean 'referral_type_id'?
src/components/crm/VendorDetails.tsx(91,25): error TS2345: Argument of type '{ id: any; name: any; area_type: any; area_data: any; }[][]' is not assignable to parameter of type 'SetStateAction<ServiceArea[]>'.
