
> react_repo@0.0.0 build
> yes | pnpm install && rm -rf node_modules/.vite-temp && tsc -b && vite build

Lockfile is up to date, resolution step is skipped
Already up to date
Done in 1.3s using pnpm v10.12.4
src/components/claims/wizard-steps/RealPDFExtractionStep.tsx:88:1 - error TS1434: Unexpected keyword or identifier.

88 Policy Period: June 27, 2024 to June 27, 2025
   ~~~~~~

src/components/claims/wizard-steps/RealPDFExtractionStep.tsx:88:16 - error TS1434: Unexpected keyword or identifier.

88 Policy Period: June 27, 2024 to June 27, 2025
                  ~~~~

src/components/claims/wizard-steps/RealPDFExtractionStep.tsx:88:30 - error TS1005: ';' expected.

88 Policy Period: June 27, 2024 to June 27, 2025
                                ~~

src/components/claims/wizard-steps/RealPDFExtractionStep.tsx:88:33 - error TS1434: Unexpected keyword or identifier.

88 Policy Period: June 27, 2024 to June 27, 2025
                                   ~~~~

src/components/claims/wizard-steps/RealPDFExtractionStep.tsx:89:1 - error TS1434: Unexpected keyword or identifier.

89 Insurance Company: Allstate Vehicle and Property Insurance Company
   ~~~~~~~~~

src/components/claims/wizard-steps/RealPDFExtractionStep.tsx:89:20 - error TS1434: Unexpected keyword or identifier.

89 Insurance Company: Allstate Vehicle and Property Insurance Company
                      ~~~~~~~~

src/components/claims/wizard-steps/RealPDFExtractionStep.tsx:89:29 - error TS1434: Unexpected keyword or identifier.

89 Insurance Company: Allstate Vehicle and Property Insurance Company
                               ~~~~~~~

src/components/claims/wizard-steps/RealPDFExtractionStep.tsx:89:37 - error TS1434: Unexpected keyword or identifier.

89 Insurance Company: Allstate Vehicle and Property Insurance Company
                                       ~~~

src/components/claims/wizard-steps/RealPDFExtractionStep.tsx:89:41 - error TS1434: Unexpected keyword or identifier.

89 Insurance Company: Allstate Vehicle and Property Insurance Company
                                           ~~~~~~~~

src/components/claims/wizard-steps/RealPDFExtractionStep.tsx:89:50 - error TS1434: Unexpected keyword or identifier.

89 Insurance Company: Allstate Vehicle and Property Insurance Company
                                                    ~~~~~~~~~

src/components/claims/wizard-steps/RealPDFExtractionStep.tsx:90:1 - error TS1434: Unexpected keyword or identifier.

90 Coverage A - Dwelling Protection: $320,266
   ~~~~~~~~

src/components/claims/wizard-steps/RealPDFExtractionStep.tsx:90:23 - error TS1005: ';' expected.

90 Coverage A - Dwelling Protection: $320,266
                         ~~~~~~~~~~

src/components/claims/wizard-steps/RealPDFExtractionStep.tsx:91:1 - error TS1434: Unexpected keyword or identifier.

91 Coverage B - Other Structures Protection: $32,027
   ~~~~~~~~

src/components/claims/wizard-steps/RealPDFExtractionStep.tsx:91:20 - error TS1005: ';' expected.

91 Coverage B - Other Structures Protection: $32,027
                      ~~~~~~~~~~

src/components/claims/wizard-steps/RealPDFExtractionStep.tsx:91:47 - error TS1121: Octal literals are not allowed. Use the syntax '0o27'.

91 Coverage B - Other Structures Protection: $32,027
                                                 ~~~

src/components/claims/wizard-steps/RealPDFExtractionStep.tsx:92:1 - error TS1434: Unexpected keyword or identifier.

92 Coverage C - Personal Property Protection: $96,080
   ~~~~~~~~

src/components/claims/wizard-steps/RealPDFExtractionStep.tsx:92:23 - error TS1005: ';' expected.

92 Coverage C - Personal Property Protection: $96,080
                         ~~~~~~~~

src/components/claims/wizard-steps/RealPDFExtractionStep.tsx:92:48 - error TS1489: Decimals with leading zeros are not allowed.

92 Coverage C - Personal Property Protection: $96,080
                                                  ~~~

src/components/claims/wizard-steps/RealPDFExtractionStep.tsx:93:1 - error TS1434: Unexpected keyword or identifier.

93 Coverage D - Additional Living Expense: Up to 24 months not to exceed $128,107
   ~~~~~~~~

src/components/claims/wizard-steps/RealPDFExtractionStep.tsx:93:25 - error TS1005: ';' expected.

93 Coverage D - Additional Living Expense: Up to 24 months not to exceed $128,107
                           ~~~~~~

src/components/claims/wizard-steps/RealPDFExtractionStep.tsx:93:41 - error TS1434: Unexpected keyword or identifier.

93 Coverage D - Additional Living Expense: Up to 24 months not to exceed $128,107
                                           ~~

src/components/claims/wizard-steps/RealPDFExtractionStep.tsx:93:44 - error TS1434: Unexpected keyword or identifier.

93 Coverage D - Additional Living Expense: Up to 24 months not to exceed $128,107
                                              ~~

src/components/claims/wizard-steps/RealPDFExtractionStep.tsx:93:50 - error TS1005: ';' expected.

93 Coverage D - Additional Living Expense: Up to 24 months not to exceed $128,107
                                                    ~~~~~~

src/components/claims/wizard-steps/RealPDFExtractionStep.tsx:93:57 - error TS1434: Unexpected keyword or identifier.

93 Coverage D - Additional Living Expense: Up to 24 months not to exceed $128,107
                                                           ~~~

src/components/claims/wizard-steps/RealPDFExtractionStep.tsx:93:61 - error TS1434: Unexpected keyword or identifier.

93 Coverage D - Additional Living Expense: Up to 24 months not to exceed $128,107
                                                               ~~

src/components/claims/wizard-steps/RealPDFExtractionStep.tsx:93:64 - error TS1434: Unexpected keyword or identifier.

93 Coverage D - Additional Living Expense: Up to 24 months not to exceed $128,107
                                                                  ~~~~~~

src/components/claims/wizard-steps/RealPDFExtractionStep.tsx:94:1 - error TS1434: Unexpected keyword or identifier.

94 Coverage E - Family Liability Protection: $100,000 each occurrence
   ~~~~~~~~

src/components/claims/wizard-steps/RealPDFExtractionStep.tsx:94:21 - error TS1005: ';' expected.

94 Coverage E - Family Liability Protection: $100,000 each occurrence
                       ~~~~~~~~~

src/components/claims/wizard-steps/RealPDFExtractionStep.tsx:94:48 - error TS1121: Octal literals are not allowed. Use the syntax '0o0'.

94 Coverage E - Family Liability Protection: $100,000 each occurrence
                                                  ~~~

src/components/claims/wizard-steps/RealPDFExtractionStep.tsx:94:52 - error TS1005: ';' expected.

94 Coverage E - Family Liability Protection: $100,000 each occurrence
                                                      ~~~~

src/components/claims/wizard-steps/RealPDFExtractionStep.tsx:95:1 - error TS1434: Unexpected keyword or identifier.

95 Coverage F - Guest Medical Protection: $5,000 each person
   ~~~~~~~~

src/components/claims/wizard-steps/RealPDFExtractionStep.tsx:95:20 - error TS1005: ';' expected.

95 Coverage F - Guest Medical Protection: $5,000 each person
                      ~~~~~~~

src/components/claims/wizard-steps/RealPDFExtractionStep.tsx:95:43 - error TS1121: Octal literals are not allowed. Use the syntax '0o0'.

95 Coverage F - Guest Medical Protection: $5,000 each person
                                             ~~~

src/components/claims/wizard-steps/RealPDFExtractionStep.tsx:95:47 - error TS1005: ';' expected.

95 Coverage F - Guest Medical Protection: $5,000 each person
                                                 ~~~~

src/components/claims/wizard-steps/RealPDFExtractionStep.tsx:96:18 - error TS1005: ';' expected.

96 Deductible - All Other Perils: $6,405
                    ~~~~~

src/components/claims/wizard-steps/RealPDFExtractionStep.tsx:97:23 - error TS1005: ';' expected.

97 Deductible - Wind/Hail: $6,405
                         ~

src/components/claims/wizard-steps/RealPDFExtractionStep.tsx:98:1 - error TS1434: Unexpected keyword or identifier.

98 Total Premium for Policy Period: $2,873.70
   ~~~~~

src/components/claims/wizard-steps/RealPDFExtractionStep.tsx:98:7 - error TS1434: Unexpected keyword or identifier.

98 Total Premium for Policy Period: $2,873.70
         ~~~~~~~

src/components/claims/wizard-steps/RealPDFExtractionStep.tsx:98:19 - error TS1005: '(' expected.

98 Total Premium for Policy Period: $2,873.70
                     ~~~~~~

src/components/claims/wizard-steps/RealPDFExtractionStep.tsx:98:26 - error TS1005: ';' expected.

98 Total Premium for Policy Period: $2,873.70
                            ~~~~~~

src/components/claims/wizard-steps/RealPDFExtractionStep.tsx:98:32 - error TS1005: ';' expected.

98 Total Premium for Policy Period: $2,873.70
                                  ~

src/components/claims/wizard-steps/RealPDFExtractionStep.tsx:99:8 - error TS1434: Unexpected keyword or identifier.

99 Agent: Willie Bradley Ins
          ~~~~~~

src/components/claims/wizard-steps/RealPDFExtractionStep.tsx:99:15 - error TS1434: Unexpected keyword or identifier.

99 Agent: Willie Bradley Ins
                 ~~~~~~~

src/components/claims/wizard-steps/RealPDFExtractionStep.tsx:100:1 - error TS1435: Unknown keyword or identifier. Did you mean 'get'?

100 Agent Address: 17430 Campbell #206, Dallas TX 75252-5213
    ~~~~~

src/components/claims/wizard-steps/RealPDFExtractionStep.tsx:100:22 - error TS1005: ';' expected.

100 Agent Address: 17430 Campbell #206, Dallas TX 75252-5213
                         ~~~~~~~~

src/components/claims/wizard-steps/RealPDFExtractionStep.tsx:100:22 - error TS1434: Unexpected keyword or identifier.

100 Agent Address: 17430 Campbell #206, Dallas TX 75252-5213
                         ~~~~~~~~

src/components/claims/wizard-steps/RealPDFExtractionStep.tsx:100:31 - error TS1127: Invalid character.

100 Agent Address: 17430 Campbell #206, Dallas TX 75252-5213
                                  ~

src/components/claims/wizard-steps/RealPDFExtractionStep.tsx:100:32 - error TS1005: ';' expected.

100 Agent Address: 17430 Campbell #206, Dallas TX 75252-5213
                                   ~~~

src/components/claims/wizard-steps/RealPDFExtractionStep.tsx:100:44 - error TS1005: ';' expected.

100 Agent Address: 17430 Campbell #206, Dallas TX 75252-5213
                                               ~~

src/components/claims/wizard-steps/RealPDFExtractionStep.tsx:101:1 - error TS1435: Unknown keyword or identifier. Did you mean 'get'?

101 Agent Phone: (972) 248-0111
    ~~~~~

src/components/claims/wizard-steps/RealPDFExtractionStep.tsx:101:20 - error TS1005: ';' expected.

101 Agent Phone: (972) 248-0111
                       ~~~

src/components/claims/wizard-steps/RealPDFExtractionStep.tsx:101:23 - error TS1121: Octal literals are not allowed. Use the syntax '-0o111'.

101 Agent Phone: (972) 248-0111
                          ~~~~~

src/components/claims/wizard-steps/RealPDFExtractionStep.tsx:106:13 - error TS1005: ';' expected.

106     return `Unable to extract text from ${file.name}. This PDF may be scanned or encrypted and requires manual data entry.`;
                ~~~~~~

src/components/claims/wizard-steps/RealPDFExtractionStep.tsx:106:20 - error TS1434: Unexpected keyword or identifier.

106     return `Unable to extract text from ${file.name}. This PDF may be scanned or encrypted and requires manual data entry.`;
                       ~~

src/components/claims/wizard-steps/RealPDFExtractionStep.tsx:106:23 - error TS1434: Unexpected keyword or identifier.

106     return `Unable to extract text from ${file.name}. This PDF may be scanned or encrypted and requires manual data entry.`;
                          ~~~~~~~

src/components/claims/wizard-steps/RealPDFExtractionStep.tsx:106:31 - error TS1434: Unexpected keyword or identifier.

106     return `Unable to extract text from ${file.name}. This PDF may be scanned or encrypted and requires manual data entry.`;
                                  ~~~~

src/components/claims/wizard-steps/RealPDFExtractionStep.tsx:106:36 - error TS1434: Unexpected keyword or identifier.

106     return `Unable to extract text from ${file.name}. This PDF may be scanned or encrypted and requires manual data entry.`;
                                       ~~~~

src/components/claims/wizard-steps/RealPDFExtractionStep.tsx:106:41 - error TS1434: Unexpected keyword or identifier.

106     return `Unable to extract text from ${file.name}. This PDF may be scanned or encrypted and requires manual data entry.`;
                                            ~

src/components/claims/wizard-steps/RealPDFExtractionStep.tsx:106:53 - error TS1128: Declaration or statement expected.

106     return `Unable to extract text from ${file.name}. This PDF may be scanned or encrypted and requires manual data entry.`;
                                                        ~

src/components/claims/wizard-steps/RealPDFExtractionStep.tsx:106:55 - error TS1435: Unknown keyword or identifier. Did you mean 'this'?

106     return `Unable to extract text from ${file.name}. This PDF may be scanned or encrypted and requires manual data entry.`;
                                                          ~~~~

src/components/claims/wizard-steps/RealPDFExtractionStep.tsx:106:60 - error TS1434: Unexpected keyword or identifier.

106     return `Unable to extract text from ${file.name}. This PDF may be scanned or encrypted and requires manual data entry.`;
                                                               ~~~

src/components/claims/wizard-steps/RealPDFExtractionStep.tsx:106:64 - error TS1434: Unexpected keyword or identifier.

106     return `Unable to extract text from ${file.name}. This PDF may be scanned or encrypted and requires manual data entry.`;
                                                                   ~~~

src/components/claims/wizard-steps/RealPDFExtractionStep.tsx:106:68 - error TS1434: Unexpected keyword or identifier.

106     return `Unable to extract text from ${file.name}. This PDF may be scanned or encrypted and requires manual data entry.`;
                                                                       ~~

src/components/claims/wizard-steps/RealPDFExtractionStep.tsx:106:71 - error TS1434: Unexpected keyword or identifier.

106     return `Unable to extract text from ${file.name}. This PDF may be scanned or encrypted and requires manual data entry.`;
                                                                          ~~~~~~~

src/components/claims/wizard-steps/RealPDFExtractionStep.tsx:106:79 - error TS1434: Unexpected keyword or identifier.

106     return `Unable to extract text from ${file.name}. This PDF may be scanned or encrypted and requires manual data entry.`;
                                                                                  ~~

src/components/claims/wizard-steps/RealPDFExtractionStep.tsx:106:82 - error TS1434: Unexpected keyword or identifier.

106     return `Unable to extract text from ${file.name}. This PDF may be scanned or encrypted and requires manual data entry.`;
                                                                                     ~~~~~~~~~

src/components/claims/wizard-steps/RealPDFExtractionStep.tsx:106:92 - error TS1434: Unexpected keyword or identifier.

106     return `Unable to extract text from ${file.name}. This PDF may be scanned or encrypted and requires manual data entry.`;
                                                                                               ~~~

src/components/claims/wizard-steps/RealPDFExtractionStep.tsx:106:96 - error TS1435: Unknown keyword or identifier. Did you mean 'require'?

106     return `Unable to extract text from ${file.name}. This PDF may be scanned or encrypted and requires manual data entry.`;
                                                                                                   ~~~~~~~~

src/components/claims/wizard-steps/RealPDFExtractionStep.tsx:106:105 - error TS1434: Unexpected keyword or identifier.

106     return `Unable to extract text from ${file.name}. This PDF may be scanned or encrypted and requires manual data entry.`;
                                                                                                            ~~~~~~

src/components/claims/wizard-steps/RealPDFExtractionStep.tsx:106:112 - error TS1434: Unexpected keyword or identifier.

106     return `Unable to extract text from ${file.name}. This PDF may be scanned or encrypted and requires manual data entry.`;
                                                                                                                   ~~~~

src/components/claims/wizard-steps/RealPDFExtractionStep.tsx:106:123 - error TS1003: Identifier expected.

106     return `Unable to extract text from ${file.name}. This PDF may be scanned or encrypted and requires manual data entry.`;
                                                                                                                              ~~
107   };
    ~~~~
... 
226     const coverageMatch = text.match(coveragePattern);
    ~~~~~~~~~~~~~~~~~~~~~~~~~~~~~~~~~~~~~~~~~~~~~~~~~~~~~~
227     data.coverageA = coverageMatch ? `$${coverageMatch[1]}` : 'NOT FOUND IN PDF';
    ~~~~~~~~~~~~~~~~~~~~~~~~~~~~~~~~~~~~~~

src/components/claims/wizard-steps/RealPDFExtractionStep.tsx:227:39 - error TS1434: Unexpected keyword or identifier.

227     data.coverageA = coverageMatch ? `$${coverageMatch[1]}` : 'NOT FOUND IN PDF';
                                          ~~

src/components/claims/wizard-steps/RealPDFExtractionStep.tsx:232:41 - error TS1005: ';' expected.

232     data.totalPremium = premiumMatch ? `$${premiumMatch[1]}` : 'NOT FOUND IN PDF';
                                            ~~

src/components/claims/wizard-steps/RealPDFExtractionStep.tsx:260:22 - error TS1005: ';' expected.

260     const claimId = `claim_${Date.now()}_${Math.random().toString(36).substr(2, 9)}`;
                         ~~~~~~~

src/components/claims/wizard-steps/RealPDFExtractionStep.tsx:260:41 - error TS1434: Unexpected keyword or identifier.

260     const claimId = `claim_${Date.now()}_${Math.random().toString(36).substr(2, 9)}`;
                                            ~~

src/components/claims/wizard-steps/RealPDFExtractionStep.tsx:380:34 - error TS1005: ';' expected.

380                   <p className={`font-medium ${extractedData.policyNumber.includes('NOT FOUND') ? 'text-red-600' : 'text-green-600'}`}>
                                     ~~~~

src/components/claims/wizard-steps/RealPDFExtractionStep.tsx:380:46 - error TS1005: ';' expected.

380                   <p className={`font-medium ${extractedData.policyNumber.includes('NOT FOUND') ? 'text-red-600' : 'text-green-600'}`}>
                                                 ~

src/components/claims/wizard-steps/RealPDFExtractionStep.tsx:386:34 - error TS1005: ';' expected.

386                   <p className={`font-medium ${extractedData.insuredName.includes('NOT FOUND') ? 'text-red-600' : 'text-green-600'}`}>
                                     ~~~~

src/components/claims/wizard-steps/RealPDFExtractionStep.tsx:386:46 - error TS1005: ';' expected.

386                   <p className={`font-medium ${extractedData.insuredName.includes('NOT FOUND') ? 'text-red-600' : 'text-green-600'}`}>
                                                 ~

src/components/claims/wizard-steps/RealPDFExtractionStep.tsx:392:34 - error TS1005: ';' expected.

392                   <p className={`font-medium ${extractedData.insurerName.includes('NOT FOUND') ? 'text-red-600' : 'text-green-600'}`}>
                                     ~~~~

src/components/claims/wizard-steps/RealPDFExtractionStep.tsx:392:46 - error TS1005: ';' expected.

392                   <p className={`font-medium ${extractedData.insurerName.includes('NOT FOUND') ? 'text-red-600' : 'text-green-600'}`}>
                                                 ~

src/components/claims/wizard-steps/RealPDFExtractionStep.tsx:398:34 - error TS1005: ';' expected.

398                   <p className={`font-medium ${extractedData.propertyAddress.includes('NOT FOUND') ? 'text-red-600' : 'text-green-600'}`}>
                                     ~~~~

src/components/claims/wizard-steps/RealPDFExtractionStep.tsx:398:46 - error TS1005: ';' expected.

398                   <p className={`font-medium ${extractedData.propertyAddress.includes('NOT FOUND') ? 'text-red-600' : 'text-green-600'}`}>
                                                 ~

src/components/claims/wizard-steps/RealPDFExtractionStep.tsx:404:34 - error TS1005: ';' expected.

404                   <p className={`font-medium ${extractedData.effectiveDate.includes('NOT FOUND') ? 'text-red-600' : 'text-green-600'}`}>
                                     ~~~~

src/components/claims/wizard-steps/RealPDFExtractionStep.tsx:404:46 - error TS1005: ';' expected.

404                   <p className={`font-medium ${extractedData.effectiveDate.includes('NOT FOUND') ? 'text-red-600' : 'text-green-600'}`}>
                                                 ~

src/components/claims/wizard-steps/RealPDFExtractionStep.tsx:410:34 - error TS1005: ';' expected.

410                   <p className={`font-medium ${extractedData.coverageA.includes('NOT FOUND') ? 'text-red-600' : 'text-green-600'}`}>
                                     ~~~~

src/components/claims/wizard-steps/RealPDFExtractionStep.tsx:410:46 - error TS1005: ';' expected.

410                   <p className={`font-medium ${extractedData.coverageA.includes('NOT FOUND') ? 'text-red-600' : 'text-green-600'}`}>
                                                 ~

src/components/claims/wizard-steps/RealPDFExtractionStep.tsx:499:1 - error TS1160: Unterminated template literal.

499 
    


Found 88 errors.

