(#########⠂⠂⠂⠂⠂⠂⠂⠂⠂) ⠇ idealTree: timing idealTree Completed in 394ms(#########⠂⠂⠂⠂⠂⠂⠂⠂⠂) ⠏ idealTree: timing idealTree Completed in 394ms(#########⠂⠂⠂⠂⠂⠂⠂⠂⠂) ⠏ idealTree: timing idealTree Completed in 394ms(#########⠂⠂⠂⠂⠂⠂⠂⠂⠂) ⠏ idealTree: timing idealTree Completed in 394ms(#########⠂⠂⠂⠂⠂⠂⠂⠂⠂) ⠏ idealTree: timing idealTree Completed in 394ms(#########⠂⠂⠂⠂⠂⠂⠂⠂⠂) ⠼ idealTree: timing idealTree Completed in 394ms(############⠂⠂⠂⠂⠂⠂) ⠋ reify:@esbuild/aix-ppc64: timing reifyNode:node_modules/(############⠂⠂⠂⠂⠂⠂) ⠋ reify:@esbuild/aix-ppc64: timing reifyNode:node_modules/(############⠂⠂⠂⠂⠂⠂) ⠋ reify:@esbuild/aix-ppc64: timing reifyNode:node_modules/(############⠂⠂⠂⠂⠂⠂) ⠋ reify:@esbuild/aix-ppc64: timing reifyNode:node_modules/(############⠂⠂⠂⠂⠂⠂) ⠦ reify:tailwindcss-animate: timing reifyNode:node_modules(##############⠂⠂⠂⠂) ⠼ reify:@radix-ui/react-checkbox: timing reifyNode:node_mo(###############⠂⠂⠂) ⠴ reify:@radix-ui/react-alert-dialog: timing reifyNode:nod(################⠂⠂) ⠏ reify:fdir: timing reifyNode:node_modules/@types/react C(#################⠂) ⠏ reify:@supabase/supabase-js: timing reifyNode:node_modul(#################⠂) ⠙ reify:tesseract.js: timing reifyNode:node_modules/react-(#################⠂) ⠸ reify:@types/node: timing reifyNode:node_modules/vite Co(#################⠂) ⠦ reify:react-day-picker: timing reifyNode:node_modules/re(#################⠂) ⠧ reify:@tanstack/react-query: timing reifyNode:node_modul(#################⠂) ⠇ reify:tailwindcss: timing reifyNode:node_modules/@tansta(##################) ⠹ reify:zod: timing reifyNode:node_modules/@hookform/resol(##################) ⠸ reify:typescript: timing reifyNode:node_modules/zod Comp(##################) ⠸ reify:typescript: timing reifyNode:node_modules/zod Comp(##################) ⠸ reify:typescript: timing reifyNode:node_modules/zod Comp(##################) ⠼ reify:pdfjs-dist: timing reifyNode:node_modules/typescri(##################) ⠼ reify:pdfjs-dist: timing reifyNode:node_modules/typescri(##################) ⠼ reify:pdfjs-dist: timing reifyNode:node_modules/typescri(##################) ⠼ reify:pdfjs-dist: timing reifyNode:node_modules/typescri(##################) ⠼ reify:pdfjs-dist: timing reifyNode:node_modules/typescri(##################) ⠼ reify:pdfjs-dist: timing reifyNode:node_modules/typescri(##################) ⠼ reify:pdfjs-dist: timing reifyNode:node_modules/typescri(##################) ⠴ reify:lucide-react: timing reifyNode:node_modules/pdfjs-(##################) ⠴ reify:lucide-react: timing reifyNode:node_modules/pdfjs-(##################) ⠴ reify:lucide-react: timing reifyNode:node_modules/pdfjs-(##################) ⠴ reify:lucide-react: timing reifyNode:node_modules/pdfjs-(##################) ⠦ reify:date-fns: timing reifyNode:node_modules/lucide-rea(##################) ⠦ reify:date-fns: timing reifyNode:node_modules/lucide-rea(##################) ⠸ reify:date-fns: timing reifyNode:node_modules/lucide-rea
added 24 packages, changed 72 packages, and audited 514 packages in 4s

90 packages are looking for funding
  run `npm fund` for details

1 high severity vulnerability

To address all issues (including breaking changes), run:
  npm audit fix --force

Run `npm audit` for details.

> react_repo@0.0.0 build
> yes | pnpm install && rm -rf node_modules/.vite-temp && tsc -b && vite build

Lockfile is up to date, resolution step is skipped
Already up to date

dependencies:
+ @googlemaps/js-api-loader 1.16.10
+ @hookform/resolvers 3.10.0
+ @radix-ui/react-accordion 1.2.4
+ @radix-ui/react-alert-dialog 1.1.7
+ @radix-ui/react-aspect-ratio 1.1.3
+ @radix-ui/react-avatar 1.1.4
+ @radix-ui/react-checkbox 1.1.5
+ @radix-ui/react-collapsible 1.1.4
+ @radix-ui/react-context-menu 2.2.7
+ @radix-ui/react-dialog 1.1.7
+ @radix-ui/react-dropdown-menu 2.1.7
+ @radix-ui/react-hover-card 1.1.7
+ @radix-ui/react-label 2.1.3
+ @radix-ui/react-menubar 1.1.7
+ @radix-ui/react-navigation-menu 1.2.6
+ @radix-ui/react-popover 1.1.7
+ @radix-ui/react-progress 1.1.3
+ @radix-ui/react-radio-group 1.2.4
+ @radix-ui/react-scroll-area 1.2.4
+ @radix-ui/react-select 2.1.7
+ @radix-ui/react-separator 1.1.3
+ @radix-ui/react-slider 1.2.4
+ @radix-ui/react-slot 1.2.0
+ @radix-ui/react-switch 1.1.4
+ @radix-ui/react-tabs 1.1.4
+ @radix-ui/react-toast 1.2.7
+ @radix-ui/react-toggle 1.1.3
+ @radix-ui/react-toggle-group 1.1.3
+ @radix-ui/react-tooltip 1.2.0
+ @supabase/supabase-js 2.50.4
+ @tanstack/react-query 5.82.0
+ @tanstack/react-table 8.21.3
+ @types/google.maps 3.58.1
+ class-variance-authority 0.7.1
+ clsx 2.1.1
+ cmdk 1.0.0
+ date-fns 3.6.0
+ embla-carousel-react 8.6.0
+ input-otp 1.4.2
+ lucide-react 0.364.0
+ next-themes 0.4.6
+ pdfjs-dist 3.11.174
+ react 18.3.1
+ react-day-picker 8.10.1
+ react-dom 18.3.1
+ react-dropzone 14.3.8
+ react-hook-form 7.55.0
+ react-resizable-panels 2.1.7
+ react-router-dom 6.30.0
+ recharts 2.15.2
+ sonner 1.7.4
+ tailwind-merge 2.6.0
+ tailwindcss-animate 1.0.7
+ tesseract.js 5.1.1
+ vaul 1.1.2
+ zod 3.24.2

devDependencies:
+ @eslint/js 9.24.0
+ @types/node 22.14.1
+ @types/react 18.3.20
+ @types/react-dom 18.3.6
+ @types/react-router-dom 5.3.3
+ @vitejs/plugin-react 4.3.4
+ autoprefixer 10.4.20
+ eslint 9.24.0
+ eslint-plugin-react-hooks 5.2.0
+ eslint-plugin-react-refresh 0.4.19
+ globals 15.15.0
+ postcss 8.4.49
+ tailwindcss 3.4.16
+ typescript 5.6.3
+ typescript-eslint 8.29.1
+ vite 6.2.6

Done in 1.9s using pnpm v10.12.4
src/components/admin/CustomFieldManager.tsx:8:24 - error TS2307: Cannot find module '../ui/Button' or its corresponding type declarations.

8 import { Button } from '../ui/Button';
                         ~~~~~~~~~~~~~~

src/components/admin/CustomFieldManager.tsx:9:23 - error TS2307: Cannot find module '../ui/Input' or its corresponding type declarations.

9 import { Input } from '../ui/Input';
                        ~~~~~~~~~~~~~

src/components/admin/CustomFieldManager.tsx:10:22 - error TS2307: Cannot find module '../ui/Card' or its corresponding type declarations.

10 import { Card } from '../ui/Card';
                        ~~~~~~~~~~~~

src/components/admin/CustomFieldManager.tsx:11:23 - error TS2307: Cannot find module '../ui/Label' or its corresponding type declarations.

11 import { Label } from '../ui/Label';
                         ~~~~~~~~~~~~~

src/components/admin/CustomFieldManager.tsx:12:23 - error TS2307: Cannot find module '../ui/Badge' or its corresponding type declarations.

12 import { Badge } from '../ui/Badge';
                         ~~~~~~~~~~~~~

src/components/admin/CustomFieldManager.tsx:13:24 - error TS2307: Cannot find module '../ui/Switch' or its corresponding type declarations.

13 import { Switch } from '../ui/Switch';
                          ~~~~~~~~~~~~~~

src/components/admin/CustomFieldManager.tsx:16:60 - error TS2305: Module '"../ui/select"' has no exported member 'SelectValue'.

16 import { Select, SelectContent, SelectItem, SelectTrigger, SelectValue } from '../ui/select';
                                                              ~~~~~~~~~~~

src/components/admin/CustomFieldManager.tsx:205:52 - error TS2345: Argument of type '{ organization_id: string; field_name: string; field_label: string; field_type: "number" | "email" | "phone" | "color" | "date" | "time" | "address" | "checkbox" | "radio" | "url" | "decimal" | ... 8 more ... | "rating"; ... 7 more ...; created_by: string; }' is not assignable to parameter of type 'Omit<CustomField, "id" | "created_at" | "updated_at">'.
  Property 'is_active' is missing in type '{ organization_id: string; field_name: string; field_label: string; field_type: "number" | "email" | "phone" | "color" | "date" | "time" | "address" | "checkbox" | "radio" | "url" | "decimal" | ... 8 more ... | "rating"; ... 7 more ...; created_by: string; }' but required in type 'Omit<CustomField, "id" | "created_at" | "updated_at">'.

205         await customFieldService.createCustomField(fieldData);
                                                       ~~~~~~~~~

  src/services/customFieldService.ts:23:3
    23   is_active: boolean;
         ~~~~~~~~~
    'is_active' is declared here.

src/components/admin/CustomFieldManager.tsx:368:19 - error TS2322: Type '{ children: Element[]; value: "number" | "email" | "phone" | "color" | "date" | "time" | "address" | "checkbox" | "radio" | "url" | "decimal" | "slider" | "dropdown" | "text_short" | ... 5 more ... | "rating"; onValueChange: (value: any) => void; }' is not assignable to type 'IntrinsicAttributes & SelectProps'.
  Property 'onValueChange' does not exist on type 'IntrinsicAttributes & SelectProps'.

368                   onValueChange={(value) => setFormData(prev => ({ ...prev, field_type: value as CustomField['field_type'] }))}
                      ~~~~~~~~~~~~~

src/components/admin/CustomFieldManager.tsx:410:19 - error TS2322: Type '{ id: string; value: string; onChange: (e: ChangeEvent<HTMLTextAreaElement>) => void; placeholder: string; }' is not assignable to type 'IntrinsicAttributes & TextareaProps'.
  Property 'id' does not exist on type 'IntrinsicAttributes & TextareaProps'.

410                   id="help_text"
                      ~~

src/components/admin/FolderTemplateManager.tsx:14:24 - error TS2307: Cannot find module '../ui/Switch' or its corresponding type declarations.

14 import { Switch } from '../ui/Switch';
                          ~~~~~~~~~~~~~~

src/components/admin/FolderTemplateManager.tsx:382:17 - error TS2322: Type '{ id: string; value: string; onChange: (e: ChangeEvent<HTMLTextAreaElement>) => void; placeholder: string; }' is not assignable to type 'IntrinsicAttributes & TextareaProps'.
  Property 'id' does not exist on type 'IntrinsicAttributes & TextareaProps'.

382                 id="template_description"
                    ~~

src/components/ai/AISettlementPredictor.tsx:2:58 - error TS2307: Cannot find module '../ui/Card' or its corresponding type declarations.

2 import { Card, CardContent, CardHeader, CardTitle } from '../ui/Card'
                                                           ~~~~~~~~~~~~

src/components/ai/AISettlementPredictor.tsx:3:24 - error TS2307: Cannot find module '../ui/Button' or its corresponding type declarations.

3 import { Button } from '../ui/Button'
                         ~~~~~~~~~~~~~~

src/components/ai/AISettlementPredictor.tsx:4:32 - error TS2307: Cannot find module '../ui/LoadingSpinner' or its corresponding type declarations.

4 import { LoadingSpinner } from '../ui/LoadingSpinner'
                                 ~~~~~~~~~~~~~~~~~~~~~~

src/components/ai/AdvancedAIDashboard.tsx:2:58 - error TS2307: Cannot find module '../ui/Card' or its corresponding type declarations.

2 import { Card, CardContent, CardHeader, CardTitle } from '../ui/Card'
                                                           ~~~~~~~~~~~~

src/components/ai/AdvancedAIDashboard.tsx:3:24 - error TS2307: Cannot find module '../ui/Button' or its corresponding type declarations.

3 import { Button } from '../ui/Button'
                         ~~~~~~~~~~~~~~

src/components/ai/AdvancedAIDashboard.tsx:4:32 - error TS2307: Cannot find module '../ui/LoadingSpinner' or its corresponding type declarations.

4 import { LoadingSpinner } from '../ui/LoadingSpinner'
                                 ~~~~~~~~~~~~~~~~~~~~~~

src/components/auth/LoginForm.tsx:3:75 - error TS2307: Cannot find module '../ui/Card' or its corresponding type declarations.

3 import { Card, CardContent, CardDescription, CardHeader, CardTitle } from '../ui/Card'
                                                                            ~~~~~~~~~~~~

src/components/auth/LoginForm.tsx:4:23 - error TS2307: Cannot find module '../ui/Input' or its corresponding type declarations.

4 import { Input } from '../ui/Input'
                        ~~~~~~~~~~~~~

src/components/auth/LoginForm.tsx:5:24 - error TS2307: Cannot find module '../ui/Button' or its corresponding type declarations.

5 import { Button } from '../ui/Button'
                         ~~~~~~~~~~~~~~

src/components/auth/SignupForm.tsx:3:75 - error TS2307: Cannot find module '../ui/Card' or its corresponding type declarations.

3 import { Card, CardContent, CardDescription, CardHeader, CardTitle } from '../ui/Card'
                                                                            ~~~~~~~~~~~~

src/components/auth/SignupForm.tsx:4:23 - error TS2307: Cannot find module '../ui/Input' or its corresponding type declarations.

4 import { Input } from '../ui/Input'
                        ~~~~~~~~~~~~~

src/components/auth/SignupForm.tsx:5:24 - error TS2307: Cannot find module '../ui/Button' or its corresponding type declarations.

5 import { Button } from '../ui/Button'
                         ~~~~~~~~~~~~~~

src/components/calendar/EventModal.tsx:2:24 - error TS2307: Cannot find module '../ui/Button' or its corresponding type declarations.

2 import { Button } from '../ui/Button'
                         ~~~~~~~~~~~~~~

src/components/calendar/EventModal.tsx:3:23 - error TS2307: Cannot find module '../ui/Input' or its corresponding type declarations.

3 import { Input } from '../ui/Input'
                        ~~~~~~~~~~~~~

src/components/calendar/EventModal.tsx:4:58 - error TS2307: Cannot find module '../ui/Card' or its corresponding type declarations.

4 import { Card, CardContent, CardHeader, CardTitle } from '../ui/Card'
                                                           ~~~~~~~~~~~~

src/components/claims/ClaimFolderManager.tsx:8:22 - error TS2307: Cannot find module '../ui/Card' or its corresponding type declarations.

8 import { Card } from '../ui/Card';
                       ~~~~~~~~~~~~

src/components/claims/ClaimFolderManager.tsx:9:24 - error TS2307: Cannot find module '../ui/Button' or its corresponding type declarations.

9 import { Button } from '../ui/Button';
                         ~~~~~~~~~~~~~~

src/components/claims/ClaimFolderManager.tsx:10:23 - error TS2307: Cannot find module '../ui/Input' or its corresponding type declarations.

10 import { Input } from '../ui/Input';
                         ~~~~~~~~~~~~~

src/components/claims/ClaimFolderManager.tsx:11:23 - error TS2307: Cannot find module '../ui/Badge' or its corresponding type declarations.

11 import { Badge } from '../ui/Badge';
                         ~~~~~~~~~~~~~

src/components/claims/ClaimFolderManager.tsx:12:81 - error TS2307: Cannot find module '../ui/Dialog' or its corresponding type declarations.

12 import { Dialog, DialogContent, DialogHeader, DialogTitle, DialogTrigger } from '../ui/Dialog';
                                                                                   ~~~~~~~~~~~~~~

src/components/claims/ClaimFolderManager.tsx:13:90 - error TS2307: Cannot find module '../ui/DropdownMenu' or its corresponding type declarations.

13 import { DropdownMenu, DropdownMenuContent, DropdownMenuItem, DropdownMenuTrigger } from '../ui/DropdownMenu';
                                                                                            ~~~~~~~~~~~~~~~~~~~~

src/components/claims/EnhancedAIClaimWizard.tsx:2:58 - error TS2307: Cannot find module '../ui/Card' or its corresponding type declarations.

2 import { Card, CardContent, CardHeader, CardTitle } from '../ui/Card'
                                                           ~~~~~~~~~~~~

src/components/claims/EnhancedAIClaimWizard.tsx:3:24 - error TS2307: Cannot find module '../ui/Button' or its corresponding type declarations.

3 import { Button } from '../ui/Button'
                         ~~~~~~~~~~~~~~

src/components/claims/EnhancedAIClaimWizard.tsx:333:13 - error TS2322: Type '{ data: WizardData; onUpdate: (newData: any) => void; onAIProcessing: (processing: boolean) => void; clientId: string; } | { onSubmit: (finalData?: any) => Promise<void>; data: WizardData; onUpdate: (newData: any) => void; onAIProcessing: (processing: boolean) => void; clientId: string; }' is not assignable to type 'IntrinsicAttributes & WorkingPolicyUploadStepProps & MortgageInformationStepProps & CustomFieldsStepProps & ClaimInformationStepProps'.
  Type '{ data: WizardData; onUpdate: (newData: any) => void; onAIProcessing: (processing: boolean) => void; clientId: string; }' is missing the following properties from type 'CustomFieldsStepProps': organizationId, onComplete

333     return <StepComponent {...stepProps} />
                ~~~~~~~~~~~~~

src/components/claims/wizard-steps/ClaimInformationStep.tsx:2:58 - error TS2307: Cannot find module '../../ui/Card' or its corresponding type declarations.

2 import { Card, CardContent, CardHeader, CardTitle } from '../../ui/Card'
                                                           ~~~~~~~~~~~~~~~

src/components/claims/wizard-steps/ClaimInformationStep.tsx:3:24 - error TS2307: Cannot find module '../../ui/Button' or its corresponding type declarations.

3 import { Button } from '../../ui/Button'
                         ~~~~~~~~~~~~~~~~~

src/components/claims/wizard-steps/ClaimInformationStep.tsx:4:32 - error TS2307: Cannot find module '../../ui/LoadingSpinner' or its corresponding type declarations.

4 import { LoadingSpinner } from '../../ui/LoadingSpinner'
                                 ~~~~~~~~~~~~~~~~~~~~~~~~~

src/components/claims/wizard-steps/CompletionStep.tsx:2:58 - error TS2307: Cannot find module '../../ui/Card' or its corresponding type declarations.

2 import { Card, CardContent, CardHeader, CardTitle } from '../../ui/Card'
                                                           ~~~~~~~~~~~~~~~

src/components/claims/wizard-steps/CompletionStep.tsx:3:24 - error TS2307: Cannot find module '../../ui/Button' or its corresponding type declarations.

3 import { Button } from '../../ui/Button'
                         ~~~~~~~~~~~~~~~~~

src/components/claims/wizard-steps/CompletionStep.tsx:4:32 - error TS2307: Cannot find module '../../ui/LoadingSpinner' or its corresponding type declarations.

4 import { LoadingSpinner } from '../../ui/LoadingSpinner'
                                 ~~~~~~~~~~~~~~~~~~~~~~~~~

src/components/claims/wizard-steps/ContractInformationStep.tsx:2:58 - error TS2307: Cannot find module '../../ui/Card' or its corresponding type declarations.

2 import { Card, CardContent, CardHeader, CardTitle } from '../../ui/Card'
                                                           ~~~~~~~~~~~~~~~

src/components/claims/wizard-steps/ContractInformationStep.tsx:3:24 - error TS2307: Cannot find module '../../ui/Button' or its corresponding type declarations.

3 import { Button } from '../../ui/Button'
                         ~~~~~~~~~~~~~~~~~

src/components/claims/wizard-steps/ContractInformationStep.tsx:4:23 - error TS2307: Cannot find module '../../ui/Input' or its corresponding type declarations.

4 import { Input } from '../../ui/Input'
                        ~~~~~~~~~~~~~~~~

src/components/claims/wizard-steps/ContractInformationStep.tsx:5:32 - error TS2307: Cannot find module '../../ui/LoadingSpinner' or its corresponding type declarations.

5 import { LoadingSpinner } from '../../ui/LoadingSpinner'
                                 ~~~~~~~~~~~~~~~~~~~~~~~~~

src/components/claims/wizard-steps/CoverageIssueReviewStep.tsx:2:58 - error TS2307: Cannot find module '../../ui/Card' or its corresponding type declarations.

2 import { Card, CardContent, CardHeader, CardTitle } from '../../ui/Card'
                                                           ~~~~~~~~~~~~~~~

src/components/claims/wizard-steps/CoverageIssueReviewStep.tsx:3:24 - error TS2307: Cannot find module '../../ui/Button' or its corresponding type declarations.

3 import { Button } from '../../ui/Button'
                         ~~~~~~~~~~~~~~~~~

src/components/claims/wizard-steps/CoverageIssueReviewStep.tsx:4:32 - error TS2307: Cannot find module '../../ui/LoadingSpinner' or its corresponding type declarations.

4 import { LoadingSpinner } from '../../ui/LoadingSpinner'
                                 ~~~~~~~~~~~~~~~~~~~~~~~~~

src/components/claims/wizard-steps/CustomFieldsStep.tsx:7:22 - error TS2307: Cannot find module '../../ui/Card' or its corresponding type declarations.

7 import { Card } from '../../ui/Card';
                       ~~~~~~~~~~~~~~~

src/components/claims/wizard-steps/CustomFieldsStep.tsx:8:24 - error TS2307: Cannot find module '../../ui/Button' or its corresponding type declarations.

8 import { Button } from '../../ui/Button';
                         ~~~~~~~~~~~~~~~~~

src/components/claims/wizard-steps/CustomFieldsStep.tsx:9:23 - error TS2307: Cannot find module '../../ui/Badge' or its corresponding type declarations.

9 import { Badge } from '../../ui/Badge';
                        ~~~~~~~~~~~~~~~~

src/components/claims/wizard-steps/EnhancedClientDetailsStep.tsx:2:58 - error TS2307: Cannot find module '../../ui/Card' or its corresponding type declarations.

2 import { Card, CardContent, CardHeader, CardTitle } from '../../ui/Card'
                                                           ~~~~~~~~~~~~~~~

src/components/claims/wizard-steps/EnhancedClientDetailsStep.tsx:3:24 - error TS2307: Cannot find module '../../ui/Button' or its corresponding type declarations.

3 import { Button } from '../../ui/Button'
                         ~~~~~~~~~~~~~~~~~

src/components/claims/wizard-steps/EnhancedClientDetailsStep.tsx:4:23 - error TS2307: Cannot find module '../../ui/Input' or its corresponding type declarations.

4 import { Input } from '../../ui/Input'
                        ~~~~~~~~~~~~~~~~

src/components/claims/wizard-steps/EnhancedClientDetailsStep.tsx:5:32 - error TS2307: Cannot find module '../../ui/LoadingSpinner' or its corresponding type declarations.

5 import { LoadingSpinner } from '../../ui/LoadingSpinner'
                                 ~~~~~~~~~~~~~~~~~~~~~~~~~

src/components/claims/wizard-steps/EnhancedClientDetailsStep.tsx:6:37 - error TS2307: Cannot find module '../../ui/AddressAutocomplete' or its corresponding type declarations.

6 import { AddressAutocomplete } from '../../ui/AddressAutocomplete'
                                      ~~~~~~~~~~~~~~~~~~~~~~~~~~~~~~

src/components/claims/wizard-steps/EnhancedInsuranceInfoStep.tsx:2:58 - error TS2307: Cannot find module '../../ui/Card' or its corresponding type declarations.

2 import { Card, CardContent, CardHeader, CardTitle } from '../../ui/Card'
                                                           ~~~~~~~~~~~~~~~

src/components/claims/wizard-steps/EnhancedInsuranceInfoStep.tsx:3:24 - error TS2307: Cannot find module '../../ui/Button' or its corresponding type declarations.

3 import { Button } from '../../ui/Button'
                         ~~~~~~~~~~~~~~~~~

src/components/claims/wizard-steps/EnhancedInsuranceInfoStep.tsx:4:32 - error TS2307: Cannot find module '../../ui/LoadingSpinner' or its corresponding type declarations.

4 import { LoadingSpinner } from '../../ui/LoadingSpinner'
                                 ~~~~~~~~~~~~~~~~~~~~~~~~~

src/components/claims/wizard-steps/EnhancedPolicyValidationStep.tsx:2:58 - error TS2307: Cannot find module '../../ui/Card' or its corresponding type declarations.

2 import { Card, CardContent, CardHeader, CardTitle } from '../../ui/Card';
                                                           ~~~~~~~~~~~~~~~

src/components/claims/wizard-steps/EnhancedPolicyValidationStep.tsx:3:24 - error TS2307: Cannot find module '../../ui/Button' or its corresponding type declarations.

3 import { Button } from '../../ui/Button';
                         ~~~~~~~~~~~~~~~~~

src/components/claims/wizard-steps/EnhancedPolicyValidationStep.tsx:4:23 - error TS2307: Cannot find module '../../ui/Input' or its corresponding type declarations.

4 import { Input } from '../../ui/Input';
                        ~~~~~~~~~~~~~~~~

src/components/claims/wizard-steps/ExpertsProvidersStep.tsx:2:58 - error TS2307: Cannot find module '../../ui/Card' or its corresponding type declarations.

2 import { Card, CardContent, CardHeader, CardTitle } from '../../ui/Card'
                                                           ~~~~~~~~~~~~~~~

src/components/claims/wizard-steps/ExpertsProvidersStep.tsx:3:24 - error TS2307: Cannot find module '../../ui/Button' or its corresponding type declarations.

3 import { Button } from '../../ui/Button'
                         ~~~~~~~~~~~~~~~~~

src/components/claims/wizard-steps/ExpertsProvidersStep.tsx:4:32 - error TS2307: Cannot find module '../../ui/LoadingSpinner' or its corresponding type declarations.

4 import { LoadingSpinner } from '../../ui/LoadingSpinner'
                                 ~~~~~~~~~~~~~~~~~~~~~~~~~

src/components/claims/wizard-steps/FinalPolicyUploadStep.tsx:9:58 - error TS2307: Cannot find module '../../ui/Card' or its corresponding type declarations.

9 import { Card, CardContent, CardHeader, CardTitle } from '../../ui/Card';
                                                           ~~~~~~~~~~~~~~~

src/components/claims/wizard-steps/FinalPolicyUploadStep.tsx:10:24 - error TS2307: Cannot find module '../../ui/Button' or its corresponding type declarations.

10 import { Button } from '../../ui/Button';
                          ~~~~~~~~~~~~~~~~~

src/components/claims/wizard-steps/FinalPolicyUploadStep.tsx:11:32 - error TS2307: Cannot find module '../../ui/LoadingSpinner' or its corresponding type declarations.

11 import { LoadingSpinner } from '../../ui/LoadingSpinner';
                                  ~~~~~~~~~~~~~~~~~~~~~~~~~

src/components/claims/wizard-steps/FinalPolicyUploadStep.tsx:307:66 - error TS2322: Type 'unknown' is not assignable to type 'ReactNode'.

307                         <p className="font-medium text-gray-900">{value}</p>
                                                                     ~~~~~~~

  node_modules/.pnpm/@types+react@18.3.20/node_modules/@types/react/index.d.ts:2392:9
    2392         children?: ReactNode | undefined;
                 ~~~~~~~~
    The expected type comes from property 'children' which is declared here on type 'DetailedHTMLProps<HTMLAttributes<HTMLParagraphElement>, HTMLParagraphElement>'

src/components/claims/wizard-steps/InsuranceInfoStep.tsx:2:58 - error TS2307: Cannot find module '../../ui/Card' or its corresponding type declarations.

2 import { Card, CardContent, CardHeader, CardTitle } from '../../ui/Card'
                                                           ~~~~~~~~~~~~~~~

src/components/claims/wizard-steps/InsuranceInfoStep.tsx:3:24 - error TS2307: Cannot find module '../../ui/Button' or its corresponding type declarations.

3 import { Button } from '../../ui/Button'
                         ~~~~~~~~~~~~~~~~~

src/components/claims/wizard-steps/InsuredDetailsStep.tsx:2:58 - error TS2307: Cannot find module '../../ui/Card' or its corresponding type declarations.

2 import { Card, CardContent, CardHeader, CardTitle } from '../../ui/Card'
                                                           ~~~~~~~~~~~~~~~

src/components/claims/wizard-steps/InsuredDetailsStep.tsx:3:24 - error TS2307: Cannot find module '../../ui/Button' or its corresponding type declarations.

3 import { Button } from '../../ui/Button'
                         ~~~~~~~~~~~~~~~~~

src/components/claims/wizard-steps/MortgageInformationStep.tsx:2:58 - error TS2307: Cannot find module '../../ui/Card' or its corresponding type declarations.

2 import { Card, CardContent, CardHeader, CardTitle } from '../../ui/Card'
                                                           ~~~~~~~~~~~~~~~

src/components/claims/wizard-steps/MortgageInformationStep.tsx:3:24 - error TS2307: Cannot find module '../../ui/Button' or its corresponding type declarations.

3 import { Button } from '../../ui/Button'
                         ~~~~~~~~~~~~~~~~~

src/components/claims/wizard-steps/MortgageInformationStep.tsx:4:23 - error TS2307: Cannot find module '../../ui/Input' or its corresponding type declarations.

4 import { Input } from '../../ui/Input'
                        ~~~~~~~~~~~~~~~~

src/components/claims/wizard-steps/MortgageInformationStep.tsx:5:32 - error TS2307: Cannot find module '../../ui/LoadingSpinner' or its corresponding type declarations.

5 import { LoadingSpinner } from '../../ui/LoadingSpinner'
                                 ~~~~~~~~~~~~~~~~~~~~~~~~~

src/components/claims/wizard-steps/OfficeTasksStep.tsx:2:58 - error TS2307: Cannot find module '../../ui/Card' or its corresponding type declarations.

2 import { Card, CardContent, CardHeader, CardTitle } from '../../ui/Card'
                                                           ~~~~~~~~~~~~~~~

src/components/claims/wizard-steps/OfficeTasksStep.tsx:3:24 - error TS2307: Cannot find module '../../ui/Button' or its corresponding type declarations.

3 import { Button } from '../../ui/Button'
                         ~~~~~~~~~~~~~~~~~

src/components/claims/wizard-steps/OfficeTasksStep.tsx:4:23 - error TS2307: Cannot find module '../../ui/Input' or its corresponding type declarations.

4 import { Input } from '../../ui/Input'
                        ~~~~~~~~~~~~~~~~

src/components/claims/wizard-steps/OfficeTasksStep.tsx:5:32 - error TS2307: Cannot find module '../../ui/LoadingSpinner' or its corresponding type declarations.

5 import { LoadingSpinner } from '../../ui/LoadingSpinner'
                                 ~~~~~~~~~~~~~~~~~~~~~~~~~

src/components/claims/wizard-steps/PersonalPropertyStep.tsx:2:58 - error TS2307: Cannot find module '../../ui/Card' or its corresponding type declarations.

2 import { Card, CardContent, CardHeader, CardTitle } from '../../ui/Card'
                                                           ~~~~~~~~~~~~~~~

src/components/claims/wizard-steps/PersonalPropertyStep.tsx:3:24 - error TS2307: Cannot find module '../../ui/Button' or its corresponding type declarations.

3 import { Button } from '../../ui/Button'
                         ~~~~~~~~~~~~~~~~~

src/components/claims/wizard-steps/PersonalPropertyStep.tsx:4:32 - error TS2307: Cannot find module '../../ui/LoadingSpinner' or its corresponding type declarations.

4 import { LoadingSpinner } from '../../ui/LoadingSpinner'
                                 ~~~~~~~~~~~~~~~~~~~~~~~~~

src/components/claims/wizard-steps/PersonnelAssignmentStep.tsx:2:58 - error TS2307: Cannot find module '../../ui/Card' or its corresponding type declarations.

2 import { Card, CardContent, CardHeader, CardTitle } from '../../ui/Card'
                                                           ~~~~~~~~~~~~~~~

src/components/claims/wizard-steps/PersonnelAssignmentStep.tsx:3:24 - error TS2307: Cannot find module '../../ui/Button' or its corresponding type declarations.

3 import { Button } from '../../ui/Button'
                         ~~~~~~~~~~~~~~~~~

src/components/claims/wizard-steps/PersonnelAssignmentStep.tsx:4:23 - error TS2307: Cannot find module '../../ui/Input' or its corresponding type declarations.

4 import { Input } from '../../ui/Input'
                        ~~~~~~~~~~~~~~~~

src/components/claims/wizard-steps/PersonnelAssignmentStep.tsx:5:32 - error TS2307: Cannot find module '../../ui/LoadingSpinner' or its corresponding type declarations.

5 import { LoadingSpinner } from '../../ui/LoadingSpinner'
                                 ~~~~~~~~~~~~~~~~~~~~~~~~~

src/components/claims/wizard-steps/PolicyExtractionValidationStep.tsx:2:58 - error TS2307: Cannot find module '../../ui/Card' or its corresponding type declarations.

2 import { Card, CardContent, CardHeader, CardTitle } from '../../ui/Card'
                                                           ~~~~~~~~~~~~~~~

src/components/claims/wizard-steps/PolicyExtractionValidationStep.tsx:3:24 - error TS2307: Cannot find module '../../ui/Button' or its corresponding type declarations.

3 import { Button } from '../../ui/Button'
                         ~~~~~~~~~~~~~~~~~

src/components/claims/wizard-steps/PolicyExtractionValidationStep.tsx:4:32 - error TS2307: Cannot find module '../../ui/LoadingSpinner' or its corresponding type declarations.

4 import { LoadingSpinner } from '../../ui/LoadingSpinner'
                                 ~~~~~~~~~~~~~~~~~~~~~~~~~

src/components/claims/wizard-steps/ReferralInformationStep.tsx:2:58 - error TS2307: Cannot find module '../../ui/Card' or its corresponding type declarations.

2 import { Card, CardContent, CardHeader, CardTitle } from '../../ui/Card'
                                                           ~~~~~~~~~~~~~~~

src/components/claims/wizard-steps/ReferralInformationStep.tsx:3:24 - error TS2307: Cannot find module '../../ui/Button' or its corresponding type declarations.

3 import { Button } from '../../ui/Button'
                         ~~~~~~~~~~~~~~~~~

src/components/claims/wizard-steps/ReferralInformationStep.tsx:4:23 - error TS2307: Cannot find module '../../ui/Input' or its corresponding type declarations.

4 import { Input } from '../../ui/Input'
                        ~~~~~~~~~~~~~~~~

src/components/claims/wizard-steps/ReferralInformationStep.tsx:5:32 - error TS2307: Cannot find module '../../ui/LoadingSpinner' or its corresponding type declarations.

5 import { LoadingSpinner } from '../../ui/LoadingSpinner'
                                 ~~~~~~~~~~~~~~~~~~~~~~~~~

src/components/claims/wizard-steps/WorkingPolicyUploadStep.tsx:2:58 - error TS2307: Cannot find module '../../ui/Card' or its corresponding type declarations.

2 import { Card, CardContent, CardHeader, CardTitle } from '../../ui/Card';
                                                           ~~~~~~~~~~~~~~~

src/components/claims/wizard-steps/WorkingPolicyUploadStep.tsx:3:24 - error TS2307: Cannot find module '../../ui/Button' or its corresponding type declarations.

3 import { Button } from '../../ui/Button';
                         ~~~~~~~~~~~~~~~~~

src/components/claims/wizard-steps/WorkingPolicyUploadStep.tsx:5:32 - error TS2307: Cannot find module '../../ui/LoadingSpinner' or its corresponding type declarations.

5 import { LoadingSpinner } from '../../ui/LoadingSpinner';
                                 ~~~~~~~~~~~~~~~~~~~~~~~~~

src/components/clients/ClientCreateClaimButton.tsx:2:24 - error TS2307: Cannot find module '../ui/Button' or its corresponding type declarations.

2 import { Button } from '../ui/Button'
                         ~~~~~~~~~~~~~~

src/components/clients/ClientDetailsModal.tsx:2:24 - error TS2307: Cannot find module '../ui/Button' or its corresponding type declarations.

2 import { Button } from '../ui/Button'
                         ~~~~~~~~~~~~~~

src/components/clients/ClientDetailsModal.tsx:3:58 - error TS2307: Cannot find module '../ui/Card' or its corresponding type declarations.

3 import { Card, CardContent, CardHeader, CardTitle } from '../ui/Card'
                                                           ~~~~~~~~~~~~

src/components/clients/CreateClaimModal.tsx:2:24 - error TS2307: Cannot find module '../ui/Button' or its corresponding type declarations.

2 import { Button } from '../ui/Button'
                         ~~~~~~~~~~~~~~

src/components/communication/AutomationManager.tsx:2:58 - error TS2307: Cannot find module '../ui/Card' or its corresponding type declarations.

2 import { Card, CardContent, CardHeader, CardTitle } from '../ui/Card'
                                                           ~~~~~~~~~~~~

src/components/communication/AutomationManager.tsx:3:24 - error TS2307: Cannot find module '../ui/Button' or its corresponding type declarations.

3 import { Button } from '../ui/Button'
                         ~~~~~~~~~~~~~~

src/components/communication/CommunicationAnalytics.tsx:2:58 - error TS2307: Cannot find module '../ui/Card' or its corresponding type declarations.

2 import { Card, CardContent, CardHeader, CardTitle } from '../ui/Card'
                                                           ~~~~~~~~~~~~

src/components/communication/EmailTemplateManager.tsx:2:58 - error TS2307: Cannot find module '../ui/Card' or its corresponding type declarations.

2 import { Card, CardContent, CardHeader, CardTitle } from '../ui/Card'
                                                           ~~~~~~~~~~~~

src/components/communication/EmailTemplateManager.tsx:3:24 - error TS2307: Cannot find module '../ui/Button' or its corresponding type declarations.

3 import { Button } from '../ui/Button'
                         ~~~~~~~~~~~~~~

src/components/documents/AIDocumentAnalysis.tsx:2:24 - error TS2307: Cannot find module '../ui/Button' or its corresponding type declarations.

2 import { Button } from '../ui/Button'
                         ~~~~~~~~~~~~~~

src/components/documents/AIDocumentAnalysis.tsx:3:32 - error TS2307: Cannot find module '../ui/LoadingSpinner' or its corresponding type declarations.

3 import { LoadingSpinner } from '../ui/LoadingSpinner'
                                 ~~~~~~~~~~~~~~~~~~~~~~

src/components/documents/AdvancedDocumentManager.tsx:2:58 - error TS2307: Cannot find module '../ui/Card' or its corresponding type declarations.

2 import { Card, CardContent, CardHeader, CardTitle } from '../ui/Card'
                                                           ~~~~~~~~~~~~

src/components/documents/AdvancedDocumentManager.tsx:3:24 - error TS2307: Cannot find module '../ui/Button' or its corresponding type declarations.

3 import { Button } from '../ui/Button'
                         ~~~~~~~~~~~~~~

src/components/documents/AdvancedDocumentManager.tsx:4:32 - error TS2307: Cannot find module '../ui/LoadingSpinner' or its corresponding type declarations.

4 import { LoadingSpinner } from '../ui/LoadingSpinner'
                                 ~~~~~~~~~~~~~~~~~~~~~~

src/components/documents/AdvancedDocumentManager.tsx:5:32 - error TS2307: Cannot find module '../ui/DocumentUpload' or its corresponding type declarations.

5 import { DocumentUpload } from '../ui/DocumentUpload'
                                 ~~~~~~~~~~~~~~~~~~~~~~

src/components/documents/DocumentAnalytics.tsx:2:58 - error TS2307: Cannot find module '../ui/Card' or its corresponding type declarations.

2 import { Card, CardContent, CardHeader, CardTitle } from '../ui/Card'
                                                           ~~~~~~~~~~~~

src/components/documents/DocumentShareModal.tsx:2:24 - error TS2307: Cannot find module '../ui/Button' or its corresponding type declarations.

2 import { Button } from '../ui/Button'
                         ~~~~~~~~~~~~~~

src/components/documents/DocumentVersionHistory.tsx:2:24 - error TS2307: Cannot find module '../ui/Button' or its corresponding type declarations.

2 import { Button } from '../ui/Button'
                         ~~~~~~~~~~~~~~

src/components/finance/FinanceAnalytics.tsx:2:58 - error TS2307: Cannot find module '../ui/Card' or its corresponding type declarations.

2 import { Card, CardContent, CardHeader, CardTitle } from '../ui/Card'
                                                           ~~~~~~~~~~~~

src/components/forms/ClaimForm.tsx:2:24 - error TS2307: Cannot find module '../ui/Button' or its corresponding type declarations.

2 import { Button } from '../ui/Button'
                         ~~~~~~~~~~~~~~

src/components/forms/ClientForm.tsx:2:24 - error TS2307: Cannot find module '../ui/Button' or its corresponding type declarations.

2 import { Button } from '../ui/Button'
                         ~~~~~~~~~~~~~~

src/components/forms/CommunicationForm.tsx:2:24 - error TS2307: Cannot find module '../ui/Button' or its corresponding type declarations.

2 import { Button } from '../ui/Button'
                         ~~~~~~~~~~~~~~

src/components/forms/DynamicCustomField.tsx:8:23 - error TS2307: Cannot find module '../ui/Input' or its corresponding type declarations.

8 import { Input } from '../ui/Input';
                        ~~~~~~~~~~~~~

src/components/forms/DynamicCustomField.tsx:9:23 - error TS2307: Cannot find module '../ui/Label' or its corresponding type declarations.

9 import { Label } from '../ui/Label';
                        ~~~~~~~~~~~~~

src/components/forms/DynamicCustomField.tsx:10:26 - error TS2307: Cannot find module '../ui/Textarea' or its corresponding type declarations.

10 import { Textarea } from '../ui/Textarea';
                            ~~~~~~~~~~~~~~~~

src/components/forms/DynamicCustomField.tsx:11:24 - error TS2307: Cannot find module '../ui/Button' or its corresponding type declarations.

11 import { Button } from '../ui/Button';
                          ~~~~~~~~~~~~~~

src/components/forms/DynamicCustomField.tsx:14:79 - error TS2307: Cannot find module '../ui/Select' or its corresponding type declarations.

14 import { Select, SelectContent, SelectItem, SelectTrigger, SelectValue } from '../ui/Select';
                                                                                 ~~~~~~~~~~~~~~

src/components/forms/DynamicCustomField.tsx:17:57 - error TS2307: Cannot find module '../ui/Popover' or its corresponding type declarations.

17 import { Popover, PopoverContent, PopoverTrigger } from '../ui/Popover';
                                                           ~~~~~~~~~~~~~~~

src/components/forms/DynamicCustomField.tsx:18:23 - error TS2307: Cannot find module '../ui/Badge' or its corresponding type declarations.

18 import { Badge } from '../ui/Badge';
                         ~~~~~~~~~~~~~

src/components/forms/ExpenseForm.tsx:2:24 - error TS2307: Cannot find module '../ui/Button' or its corresponding type declarations.

2 import { Button } from '../ui/Button'
                         ~~~~~~~~~~~~~~

src/components/forms/FeeScheduleForm.tsx:2:24 - error TS2307: Cannot find module '../ui/Button' or its corresponding type declarations.

2 import { Button } from '../ui/Button'
                         ~~~~~~~~~~~~~~

src/components/forms/LeadSourceSelector.tsx:2:23 - error TS2307: Cannot find module '../ui/Input' or its corresponding type declarations.

2 import { Input } from '../ui/Input'
                        ~~~~~~~~~~~~~

src/components/forms/LeadSourceSelector.tsx:3:32 - error TS2307: Cannot find module '../ui/LoadingSpinner' or its corresponding type declarations.

3 import { LoadingSpinner } from '../ui/LoadingSpinner'
                                 ~~~~~~~~~~~~~~~~~~~~~~

src/components/forms/PaymentForm.tsx:2:24 - error TS2307: Cannot find module '../ui/Button' or its corresponding type declarations.

2 import { Button } from '../ui/Button'
                         ~~~~~~~~~~~~~~

src/components/forms/TaskForm.tsx:2:24 - error TS2307: Cannot find module '../ui/Button' or its corresponding type declarations.

2 import { Button } from '../ui/Button'
                         ~~~~~~~~~~~~~~

src/components/forms/VendorAssignmentForm.tsx:2:24 - error TS2307: Cannot find module '../ui/Button' or its corresponding type declarations.

2 import { Button } from '../ui/Button'
                         ~~~~~~~~~~~~~~

src/components/forms/VendorForm.tsx:2:24 - error TS2307: Cannot find module '../ui/Button' or its corresponding type declarations.

2 import { Button } from '../ui/Button'
                         ~~~~~~~~~~~~~~

src/components/integrations/IntegrationSetupModal.tsx:2:24 - error TS2307: Cannot find module '../ui/Button' or its corresponding type declarations.

2 import { Button } from '../ui/Button'
                         ~~~~~~~~~~~~~~

src/components/integrations/IntegrationSetupModal.tsx:3:23 - error TS2307: Cannot find module '../ui/Input' or its corresponding type declarations.

3 import { Input } from '../ui/Input'
                        ~~~~~~~~~~~~~

src/components/integrations/IntegrationSetupModal.tsx:4:58 - error TS2307: Cannot find module '../ui/Card' or its corresponding type declarations.

4 import { Card, CardContent, CardHeader, CardTitle } from '../ui/Card'
                                                           ~~~~~~~~~~~~

src/components/layout/Header.tsx:4:24 - error TS2307: Cannot find module '../ui/Button' or its corresponding type declarations.

4 import { Button } from '../ui/Button'
                         ~~~~~~~~~~~~~~

src/components/ui/addressautocomplete.tsx:3:23 - error TS2307: Cannot find module './Input' or its corresponding type declarations.

3 import { Input } from './Input'
                        ~~~~~~~~~

src/components/ui/calendar.tsx:6:32 - error TS2307: Cannot find module './Button' or its corresponding type declarations.

6 import { buttonVariants } from "./Button"
                                 ~~~~~~~~~~

src/components/ui/documentupload.tsx:2:24 - error TS2307: Cannot find module './Button' or its corresponding type declarations.

2 import { Button } from './Button'
                         ~~~~~~~~~~

src/components/ui/toastcontainer.tsx:6:11 - error TS2339: Property 'showToasts' does not exist on type '{ toasts: ToastMessage[]; addToast: (toast: Omit<ToastMessage, "id">) => string; removeToast: (id: string) => void; success: (title: string, message?: string, duration?: number) => string; error: (title: string, message?: string, duration?: number) => string; warning: (title: string, message?: string, duration?: num...'.

6   const { showToasts, removeToast } = useToast()
            ~~~~~~~~~~

src/components/vendors/VendorAssignments.tsx:2:58 - error TS2307: Cannot find module '../ui/Card' or its corresponding type declarations.

2 import { Card, CardContent, CardHeader, CardTitle } from '../ui/Card'
                                                           ~~~~~~~~~~~~

src/components/vendors/VendorAssignments.tsx:3:24 - error TS2307: Cannot find module '../ui/Button' or its corresponding type declarations.

3 import { Button } from '../ui/Button'
                         ~~~~~~~~~~~~~~

src/components/vendors/VendorDetails.tsx:2:58 - error TS2307: Cannot find module '../ui/Card' or its corresponding type declarations.

2 import { Card, CardContent, CardHeader, CardTitle } from '../ui/Card'
                                                           ~~~~~~~~~~~~

src/components/vendors/VendorDetails.tsx:3:24 - error TS2307: Cannot find module '../ui/Button' or its corresponding type declarations.

3 import { Button } from '../ui/Button'
                         ~~~~~~~~~~~~~~

src/components/vendors/VendorPerformance.tsx:2:58 - error TS2307: Cannot find module '../ui/Card' or its corresponding type declarations.

2 import { Card, CardContent, CardHeader, CardTitle } from '../ui/Card'
                                                           ~~~~~~~~~~~~

src/pages/AIInsights.tsx:2:58 - error TS2307: Cannot find module '../../components/ui/card' or its corresponding type declarations.

2 import { card, cardcontent, cardheader, cardtitle } from '../../components/ui/card'
                                                           ~~~~~~~~~~~~~~~~~~~~~~~~~~

src/pages/AIInsights.tsx:3:24 - error TS2307: Cannot find module '../../components/ui/button' or its corresponding type declarations.

3 import { button } from '../../components/ui/button'
                         ~~~~~~~~~~~~~~~~~~~~~~~~~~~~

src/pages/AIInsights.tsx:4:32 - error TS2307: Cannot find module '../../components/ui/loadingspinner' or its corresponding type declarations.

4 import { loadingspinner } from '../../components/ui/loadingspinner'
                                 ~~~~~~~~~~~~~~~~~~~~~~~~~~~~~~~~~~~~

src/pages/AIInsights.tsx:162:10 - error TS2304: Cannot find name 'LoadingSpinner'.

162         <LoadingSpinner size="lg" />
             ~~~~~~~~~~~~~~

src/pages/AIInsights.tsx:178:12 - error TS2304: Cannot find name 'Button'.

178           <Button variant="outline">
               ~~~~~~

src/pages/AIInsights.tsx:181:13 - error TS2304: Cannot find name 'Button'.

181           </Button>
                ~~~~~~

src/pages/AIInsights.tsx:182:12 - error TS2304: Cannot find name 'Button'.

182           <Button>
               ~~~~~~

src/pages/AIInsights.tsx:185:13 - error TS2304: Cannot find name 'Button'.

185           </Button>
                ~~~~~~

src/pages/AIInsights.tsx:227:12 - error TS2304: Cannot find name 'Card'.

227           <Card>
               ~~~~

src/pages/AIInsights.tsx:228:14 - error TS2304: Cannot find name 'CardHeader'.

228             <CardHeader>
                 ~~~~~~~~~~

src/pages/AIInsights.tsx:229:16 - error TS2304: Cannot find name 'CardTitle'.

229               <CardTitle className="flex items-center space-x-2">
                   ~~~~~~~~~

src/pages/AIInsights.tsx:232:17 - error TS2304: Cannot find name 'CardTitle'.

232               </CardTitle>
                    ~~~~~~~~~

src/pages/AIInsights.tsx:233:15 - error TS2304: Cannot find name 'CardHeader'.

233             </CardHeader>
                  ~~~~~~~~~~

src/pages/AIInsights.tsx:234:14 - error TS2304: Cannot find name 'CardContent'.

234             <CardContent>
                 ~~~~~~~~~~~

src/pages/AIInsights.tsx:264:24 - error TS2304: Cannot find name 'Button'.

264                       <Button
                           ~~~~~~

src/pages/AIInsights.tsx:271:30 - error TS2304: Cannot find name 'LoadingSpinner'.

271                             <LoadingSpinner size="sm" />
                                 ~~~~~~~~~~~~~~

src/pages/AIInsights.tsx:280:25 - error TS2304: Cannot find name 'Button'.

280                       </Button>
                            ~~~~~~

src/pages/AIInsights.tsx:294:15 - error TS2304: Cannot find name 'CardContent'.

294             </CardContent>
                  ~~~~~~~~~~~

src/pages/AIInsights.tsx:295:13 - error TS2304: Cannot find name 'Card'.

295           </Card>
                ~~~~

src/pages/AIInsights.tsx:303:12 - error TS2304: Cannot find name 'Card'.

303           <Card className="bg-gradient-to-r from-purple-600 to-blue-600 text-white">
               ~~~~

src/pages/AIInsights.tsx:304:14 - error TS2304: Cannot find name 'CardContent'.

304             <CardContent className="p-6">
                 ~~~~~~~~~~~

src/pages/AIInsights.tsx:319:15 - error TS2304: Cannot find name 'CardContent'.

319             </CardContent>
                  ~~~~~~~~~~~

src/pages/AIInsights.tsx:320:13 - error TS2304: Cannot find name 'Card'.

320           </Card>
                ~~~~

src/pages/AIInsights.tsx:324:14 - error TS2304: Cannot find name 'Card'.

324             <Card>
                 ~~~~

src/pages/AIInsights.tsx:325:16 - error TS2304: Cannot find name 'CardContent'.

325               <CardContent className="p-6">
                   ~~~~~~~~~~~

src/pages/AIInsights.tsx:333:17 - error TS2304: Cannot find name 'CardContent'.

333               </CardContent>
                    ~~~~~~~~~~~

src/pages/AIInsights.tsx:334:15 - error TS2304: Cannot find name 'Card'.

334             </Card>
                  ~~~~

src/pages/AIInsights.tsx:336:14 - error TS2304: Cannot find name 'Card'.

336             <Card>
                 ~~~~

src/pages/AIInsights.tsx:337:16 - error TS2304: Cannot find name 'CardContent'.

337               <CardContent className="p-6">
                   ~~~~~~~~~~~

src/pages/AIInsights.tsx:347:17 - error TS2304: Cannot find name 'CardContent'.

347               </CardContent>
                    ~~~~~~~~~~~

src/pages/AIInsights.tsx:348:15 - error TS2304: Cannot find name 'Card'.

348             </Card>
                  ~~~~

src/pages/AIInsights.tsx:350:14 - error TS2304: Cannot find name 'Card'.

350             <Card>
                 ~~~~

src/pages/AIInsights.tsx:351:16 - error TS2304: Cannot find name 'CardContent'.

351               <CardContent className="p-6">
                   ~~~~~~~~~~~

src/pages/AIInsights.tsx:361:17 - error TS2304: Cannot find name 'CardContent'.

361               </CardContent>
                    ~~~~~~~~~~~

src/pages/AIInsights.tsx:362:15 - error TS2304: Cannot find name 'Card'.

362             </Card>
                  ~~~~

src/pages/AIInsights.tsx:364:14 - error TS2304: Cannot find name 'Card'.

364             <Card>
                 ~~~~

src/pages/AIInsights.tsx:365:16 - error TS2304: Cannot find name 'CardContent'.

365               <CardContent className="p-6">
                   ~~~~~~~~~~~

src/pages/AIInsights.tsx:375:17 - error TS2304: Cannot find name 'CardContent'.

375               </CardContent>
                    ~~~~~~~~~~~

src/pages/AIInsights.tsx:376:15 - error TS2304: Cannot find name 'Card'.

376             </Card>
                  ~~~~

src/pages/AIInsights.tsx:385:18 - error TS2304: Cannot find name 'Card'.

385                 <Card key={insight.id} className="hover:shadow-lg transition-shadow">
                     ~~~~

src/pages/AIInsights.tsx:386:20 - error TS2304: Cannot find name 'CardContent'.

386                   <CardContent className="p-6">
                       ~~~~~~~~~~~

src/pages/AIInsights.tsx:416:26 - error TS2304: Cannot find name 'Button'.

416                         <Button variant="outline" size="sm" className="flex items-center gap-1">
                             ~~~~~~

src/pages/AIInsights.tsx:419:27 - error TS2304: Cannot find name 'Button'.

419                         </Button>
                              ~~~~~~

src/pages/AIInsights.tsx:420:26 - error TS2304: Cannot find name 'Button'.

420                         <Button variant="outline" size="sm" className="flex items-center gap-1">
                             ~~~~~~

src/pages/AIInsights.tsx:423:27 - error TS2304: Cannot find name 'Button'.

423                         </Button>
                              ~~~~~~

src/pages/AIInsights.tsx:426:21 - error TS2304: Cannot find name 'CardContent'.

426                   </CardContent>
                        ~~~~~~~~~~~

src/pages/AIInsights.tsx:427:19 - error TS2304: Cannot find name 'Card'.

427                 </Card>
                      ~~~~

src/pages/AdminPanel.tsx:8:22 - error TS2307: Cannot find module '../../components/ui/card' or its corresponding type declarations.

8 import { card } from '../../components/ui/card';
                       ~~~~~~~~~~~~~~~~~~~~~~~~~~

src/pages/AdminPanel.tsx:9:58 - error TS2307: Cannot find module '../../components/ui/tabs' or its corresponding type declarations.

9 import { tabs, tabscontent, tabslist, tabstrigger } from '../../components/ui/tabs';
                                                           ~~~~~~~~~~~~~~~~~~~~~~~~~~

src/pages/AdminPanel.tsx:10:23 - error TS2307: Cannot find module '../../components/ui/badge' or its corresponding type declarations.

10 import { badge } from '../../components/ui/badge';
                         ~~~~~~~~~~~~~~~~~~~~~~~~~~~

src/pages/AdminPanel.tsx:75:8 - error TS2304: Cannot find name 'Tabs'.

75       <Tabs value={activeTab} onValueChange={setActiveTab} className="w-full">
          ~~~~

src/pages/AdminPanel.tsx:76:10 - error TS2304: Cannot find name 'TabsList'.

76         <TabsList className="grid w-full grid-cols-6 mb-6">
            ~~~~~~~~

src/pages/AdminPanel.tsx:78:14 - error TS2304: Cannot find name 'TabsTrigger'.

78             <TabsTrigger
                ~~~~~~~~~~~

src/pages/AdminPanel.tsx:85:15 - error TS2304: Cannot find name 'TabsTrigger'.

85             </TabsTrigger>
                 ~~~~~~~~~~~

src/pages/AdminPanel.tsx:87:11 - error TS2304: Cannot find name 'TabsList'.

87         </TabsList>
             ~~~~~~~~

src/pages/AdminPanel.tsx:90:12 - error TS2304: Cannot find name 'TabsContent'.

90           <TabsContent key={section.id} value={section.id} className="space-y-6">
              ~~~~~~~~~~~

src/pages/AdminPanel.tsx:99:13 - error TS2304: Cannot find name 'TabsContent'.

99           </TabsContent>
               ~~~~~~~~~~~

src/pages/AdminPanel.tsx:101:9 - error TS2304: Cannot find name 'Tabs'.

101       </Tabs>
            ~~~~

src/pages/AdminPanel.tsx:108:4 - error TS2304: Cannot find name 'Card'.

108   <Card className="p-6">
       ~~~~

src/pages/AdminPanel.tsx:112:10 - error TS2304: Cannot find name 'Card'.

112         <Card className="p-4">
             ~~~~

src/pages/AdminPanel.tsx:117:16 - error TS2304: Cannot find name 'Badge'.

117               <Badge variant="default">Enabled</Badge>
                   ~~~~~

src/pages/AdminPanel.tsx:117:49 - error TS2304: Cannot find name 'Badge'.

117               <Badge variant="default">Enabled</Badge>
                                                    ~~~~~

src/pages/AdminPanel.tsx:121:16 - error TS2304: Cannot find name 'Badge'.

121               <Badge variant="default">Enabled</Badge>
                   ~~~~~

src/pages/AdminPanel.tsx:121:49 - error TS2304: Cannot find name 'Badge'.

121               <Badge variant="default">Enabled</Badge>
                                                    ~~~~~

src/pages/AdminPanel.tsx:125:16 - error TS2304: Cannot find name 'Badge'.

125               <Badge variant="default">Enabled</Badge>
                   ~~~~~

src/pages/AdminPanel.tsx:125:49 - error TS2304: Cannot find name 'Badge'.

125               <Badge variant="default">Enabled</Badge>
                                                    ~~~~~

src/pages/AdminPanel.tsx:128:11 - error TS2304: Cannot find name 'Card'.

128         </Card>
              ~~~~

src/pages/AdminPanel.tsx:130:10 - error TS2304: Cannot find name 'Card'.

130         <Card className="p-4">
             ~~~~

src/pages/AdminPanel.tsx:135:16 - error TS2304: Cannot find name 'Badge'.

135               <Badge variant="secondary">Disabled</Badge>
                   ~~~~~

src/pages/AdminPanel.tsx:135:52 - error TS2304: Cannot find name 'Badge'.

135               <Badge variant="secondary">Disabled</Badge>
                                                       ~~~~~

src/pages/AdminPanel.tsx:139:16 - error TS2304: Cannot find name 'Badge'.

139               <Badge variant="default">Enabled</Badge>
                   ~~~~~

src/pages/AdminPanel.tsx:139:49 - error TS2304: Cannot find name 'Badge'.

139               <Badge variant="default">Enabled</Badge>
                                                    ~~~~~

src/pages/AdminPanel.tsx:143:16 - error TS2304: Cannot find name 'Badge'.

143               <Badge variant="default">Enabled</Badge>
                   ~~~~~

src/pages/AdminPanel.tsx:143:49 - error TS2304: Cannot find name 'Badge'.

143               <Badge variant="default">Enabled</Badge>
                                                    ~~~~~

src/pages/AdminPanel.tsx:146:11 - error TS2304: Cannot find name 'Card'.

146         </Card>
              ~~~~

src/pages/AdminPanel.tsx:148:10 - error TS2304: Cannot find name 'Card'.

148         <Card className="p-4">
             ~~~~

src/pages/AdminPanel.tsx:153:16 - error TS2304: Cannot find name 'Badge'.

153               <Badge variant="default">Enabled</Badge>
                   ~~~~~

src/pages/AdminPanel.tsx:153:49 - error TS2304: Cannot find name 'Badge'.

153               <Badge variant="default">Enabled</Badge>
                                                    ~~~~~

src/pages/AdminPanel.tsx:157:16 - error TS2304: Cannot find name 'Badge'.

157               <Badge variant="secondary">Disabled</Badge>
                   ~~~~~

src/pages/AdminPanel.tsx:157:52 - error TS2304: Cannot find name 'Badge'.

157               <Badge variant="secondary">Disabled</Badge>
                                                       ~~~~~

src/pages/AdminPanel.tsx:161:16 - error TS2304: Cannot find name 'Badge'.

161               <Badge variant="default">Enabled</Badge>
                   ~~~~~

src/pages/AdminPanel.tsx:161:49 - error TS2304: Cannot find name 'Badge'.

161               <Badge variant="default">Enabled</Badge>
                                                    ~~~~~

src/pages/AdminPanel.tsx:164:11 - error TS2304: Cannot find name 'Card'.

164         </Card>
              ~~~~

src/pages/AdminPanel.tsx:170:5 - error TS2304: Cannot find name 'Card'.

170   </Card>
        ~~~~

src/pages/AdminPanel.tsx:176:8 - error TS2304: Cannot find name 'Card'.

176       <Card className="p-6">
           ~~~~

src/pages/AdminPanel.tsx:183:40 - error TS2304: Cannot find name 'Badge'.

183           <p><strong>Status:</strong> <Badge variant="default">Connected</Badge></p>
                                           ~~~~~

src/pages/AdminPanel.tsx:183:75 - error TS2304: Cannot find name 'Badge'.

183           <p><strong>Status:</strong> <Badge variant="default">Connected</Badge></p>
                                                                              ~~~~~

src/pages/AdminPanel.tsx:186:9 - error TS2304: Cannot find name 'Card'.

186       </Card>
            ~~~~

src/pages/AdminPanel.tsx:188:8 - error TS2304: Cannot find name 'Card'.

188       <Card className="p-6">
           ~~~~

src/pages/AdminPanel.tsx:195:40 - error TS2304: Cannot find name 'Badge'.

195           <p><strong>Status:</strong> <Badge variant="secondary">Not Connected</Badge></p>
                                           ~~~~~

src/pages/AdminPanel.tsx:195:81 - error TS2304: Cannot find name 'Badge'.

195           <p><strong>Status:</strong> <Badge variant="secondary">Not Connected</Badge></p>
                                                                                    ~~~~~

src/pages/AdminPanel.tsx:198:9 - error TS2304: Cannot find name 'Card'.

198       </Card>
            ~~~~

src/pages/AdminPanel.tsx:200:8 - error TS2304: Cannot find name 'Card'.

200       <Card className="p-6">
           ~~~~

src/pages/AdminPanel.tsx:206:46 - error TS2304: Cannot find name 'Badge'.

206           <p><strong>Email Alerts:</strong> <Badge variant="default">Enabled</Badge></p>
                                                 ~~~~~

src/pages/AdminPanel.tsx:206:79 - error TS2304: Cannot find name 'Badge'.

206           <p><strong>Email Alerts:</strong> <Badge variant="default">Enabled</Badge></p>
                                                                                  ~~~~~

src/pages/AdminPanel.tsx:207:44 - error TS2304: Cannot find name 'Badge'.

207           <p><strong>SMS Alerts:</strong> <Badge variant="secondary">Disabled</Badge></p>
                                               ~~~~~

src/pages/AdminPanel.tsx:207:80 - error TS2304: Cannot find name 'Badge'.

207           <p><strong>SMS Alerts:</strong> <Badge variant="secondary">Disabled</Badge></p>
                                                                                   ~~~~~

src/pages/AdminPanel.tsx:208:52 - error TS2304: Cannot find name 'Badge'.

208           <p><strong>Push Notifications:</strong> <Badge variant="default">Enabled</Badge></p>
                                                       ~~~~~

src/pages/AdminPanel.tsx:208:85 - error TS2304: Cannot find name 'Badge'.

208           <p><strong>Push Notifications:</strong> <Badge variant="default">Enabled</Badge></p>
                                                                                        ~~~~~

src/pages/AdminPanel.tsx:210:9 - error TS2304: Cannot find name 'Card'.

210       </Card>
            ~~~~

src/pages/AdminPanel.tsx:219:4 - error TS2304: Cannot find name 'Card'.

219   <Card className="p-6">
       ~~~~

src/pages/AdminPanel.tsx:223:10 - error TS2304: Cannot find name 'Card'.

223         <Card className="p-4 text-center">
             ~~~~

src/pages/AdminPanel.tsx:226:11 - error TS2304: Cannot find name 'Card'.

226         </Card>
              ~~~~

src/pages/AdminPanel.tsx:227:10 - error TS2304: Cannot find name 'Card'.

227         <Card className="p-4 text-center">
             ~~~~

src/pages/AdminPanel.tsx:230:11 - error TS2304: Cannot find name 'Card'.

230         </Card>
              ~~~~

src/pages/AdminPanel.tsx:231:10 - error TS2304: Cannot find name 'Card'.

231         <Card className="p-4 text-center">
             ~~~~

src/pages/AdminPanel.tsx:234:11 - error TS2304: Cannot find name 'Card'.

234         </Card>
              ~~~~

src/pages/AdminPanel.tsx:235:10 - error TS2304: Cannot find name 'Card'.

235         <Card className="p-4 text-center">
             ~~~~

src/pages/AdminPanel.tsx:238:11 - error TS2304: Cannot find name 'Card'.

238         </Card>
              ~~~~

src/pages/AdminPanel.tsx:244:5 - error TS2304: Cannot find name 'Card'.

244   </Card>
        ~~~~

src/pages/AdminPanel.tsx:249:6 - error TS2304: Cannot find name 'Card'.

249     <Card className="p-6">
         ~~~~

src/pages/AdminPanel.tsx:264:46 - error TS2304: Cannot find name 'Badge'.

264             <p><strong>API Status:</strong> <Badge variant="default">Operational</Badge></p>
                                                 ~~~~~

src/pages/AdminPanel.tsx:264:83 - error TS2304: Cannot find name 'Badge'.

264             <p><strong>API Status:</strong> <Badge variant="default">Operational</Badge></p>
                                                                                      ~~~~~

src/pages/AdminPanel.tsx:265:44 - error TS2304: Cannot find name 'Badge'.

265             <p><strong>Database:</strong> <Badge variant="default">Healthy</Badge></p>
                                               ~~~~~

src/pages/AdminPanel.tsx:265:77 - error TS2304: Cannot find name 'Badge'.

265             <p><strong>Database:</strong> <Badge variant="default">Healthy</Badge></p>
                                                                                ~~~~~

src/pages/AdminPanel.tsx:266:43 - error TS2304: Cannot find name 'Badge'.

266             <p><strong>Storage:</strong> <Badge variant="default">Available</Badge></p>
                                              ~~~~~

src/pages/AdminPanel.tsx:266:78 - error TS2304: Cannot find name 'Badge'.

266             <p><strong>Storage:</strong> <Badge variant="default">Available</Badge></p>
                                                                                 ~~~~~

src/pages/AdminPanel.tsx:271:7 - error TS2304: Cannot find name 'Card'.

271     </Card>
          ~~~~

src/pages/AdminPanel.tsx:273:6 - error TS2304: Cannot find name 'Card'.

273     <Card className="p-6">
         ~~~~

src/pages/AdminPanel.tsx:278:12 - error TS2304: Cannot find name 'Badge'.

278           <Badge variant="default">Active</Badge>
               ~~~~~

src/pages/AdminPanel.tsx:278:44 - error TS2304: Cannot find name 'Badge'.

278           <Badge variant="default">Active</Badge>
                                               ~~~~~

src/pages/AdminPanel.tsx:282:12 - error TS2304: Cannot find name 'Badge'.

282           <Badge variant="default">Active</Badge>
               ~~~~~

src/pages/AdminPanel.tsx:282:44 - error TS2304: Cannot find name 'Badge'.

282           <Badge variant="default">Active</Badge>
                                               ~~~~~

src/pages/AdminPanel.tsx:286:12 - error TS2304: Cannot find name 'Badge'.

286           <Badge variant="default">Active</Badge>
               ~~~~~

src/pages/AdminPanel.tsx:286:44 - error TS2304: Cannot find name 'Badge'.

286           <Badge variant="default">Active</Badge>
                                               ~~~~~

src/pages/AdminPanel.tsx:290:12 - error TS2304: Cannot find name 'Badge'.

290           <Badge variant="default">Active</Badge>
               ~~~~~

src/pages/AdminPanel.tsx:290:44 - error TS2304: Cannot find name 'Badge'.

290           <Badge variant="default">Active</Badge>
                                               ~~~~~

src/pages/AdminPanel.tsx:294:12 - error TS2304: Cannot find name 'Badge'.

294           <Badge variant="secondary">Inactive</Badge>
               ~~~~~

src/pages/AdminPanel.tsx:294:48 - error TS2304: Cannot find name 'Badge'.

294           <Badge variant="secondary">Inactive</Badge>
                                                   ~~~~~

src/pages/AdminPanel.tsx:298:12 - error TS2304: Cannot find name 'Badge'.

298           <Badge variant="secondary">Coming Soon</Badge>
               ~~~~~

src/pages/AdminPanel.tsx:298:51 - error TS2304: Cannot find name 'Badge'.

298           <Badge variant="secondary">Coming Soon</Badge>
                                                      ~~~~~

src/pages/AdminPanel.tsx:301:7 - error TS2304: Cannot find name 'Card'.

301     </Card>
          ~~~~

src/pages/AuthCallback.tsx:4:32 - error TS2307: Cannot find module '../../components/ui/loadingspinner' or its corresponding type declarations.

4 import { loadingspinner } from '../../components/ui/loadingspinner'
                                 ~~~~~~~~~~~~~~~~~~~~~~~~~~~~~~~~~~~~

src/pages/AuthCallback.tsx:6:58 - error TS2307: Cannot find module '../../components/ui/card' or its corresponding type declarations.

6 import { card, cardcontent, cardheader, cardtitle } from '../../components/ui/card'
                                                           ~~~~~~~~~~~~~~~~~~~~~~~~~~

src/pages/AuthCallback.tsx:7:24 - error TS2307: Cannot find module '../../components/ui/button' or its corresponding type declarations.

7 import { button } from '../../components/ui/button'
                         ~~~~~~~~~~~~~~~~~~~~~~~~~~~~

src/pages/AuthCallback.tsx:109:10 - error TS2552: Cannot find name 'Card'. Did you mean 'card'?

109         <Card className="w-full max-w-md">
             ~~~~

src/pages/AuthCallback.tsx:110:12 - error TS2552: Cannot find name 'CardContent'. Did you mean 'cardcontent'?

110           <CardContent className="p-8 text-center">
               ~~~~~~~~~~~

src/pages/AuthCallback.tsx:111:14 - error TS2304: Cannot find name 'LoadingSpinner'.

111             <LoadingSpinner size="lg" className="mx-auto mb-4" />
                 ~~~~~~~~~~~~~~

src/pages/AuthCallback.tsx:114:13 - error TS2552: Cannot find name 'CardContent'. Did you mean 'cardcontent'?

114           </CardContent>
                ~~~~~~~~~~~

src/pages/AuthCallback.tsx:115:11 - error TS2552: Cannot find name 'Card'. Did you mean 'card'?

115         </Card>
              ~~~~

src/pages/AuthCallback.tsx:123:10 - error TS2552: Cannot find name 'Card'. Did you mean 'card'?

123         <Card className="w-full max-w-md">
             ~~~~

src/pages/AuthCallback.tsx:124:12 - error TS2552: Cannot find name 'CardHeader'. Did you mean 'cardheader'?

124           <CardHeader className="text-center">
               ~~~~~~~~~~

src/pages/AuthCallback.tsx:126:14 - error TS2304: Cannot find name 'CardTitle'.

126             <CardTitle className="text-2xl font-bold text-gray-900">
                 ~~~~~~~~~

src/pages/AuthCallback.tsx:128:15 - error TS2304: Cannot find name 'CardTitle'.

128             </CardTitle>
                  ~~~~~~~~~

src/pages/AuthCallback.tsx:129:13 - error TS2552: Cannot find name 'CardHeader'. Did you mean 'cardheader'?

129           </CardHeader>
                ~~~~~~~~~~

src/pages/AuthCallback.tsx:130:12 - error TS2304: Cannot find name 'CardContent'.

130           <CardContent className="text-center">
               ~~~~~~~~~~~

src/pages/AuthCallback.tsx:134:14 - error TS2304: Cannot find name 'Button'.

134             <Button
                 ~~~~~~

src/pages/AuthCallback.tsx:139:15 - error TS2304: Cannot find name 'Button'.

139             </Button>
                  ~~~~~~

src/pages/AuthCallback.tsx:140:13 - error TS2304: Cannot find name 'CardContent'.

140           </CardContent>
                ~~~~~~~~~~~

src/pages/AuthCallback.tsx:141:11 - error TS2552: Cannot find name 'Card'. Did you mean 'card'?

141         </Card>
              ~~~~

src/pages/AuthCallback.tsx:148:8 - error TS2552: Cannot find name 'Card'. Did you mean 'card'?

148       <Card className="w-full max-w-md">
           ~~~~

src/pages/AuthCallback.tsx:149:10 - error TS2304: Cannot find name 'CardHeader'.

149         <CardHeader className="text-center">
             ~~~~~~~~~~

src/pages/AuthCallback.tsx:151:12 - error TS2304: Cannot find name 'CardTitle'.

151           <CardTitle className="text-2xl font-bold text-gray-900">
               ~~~~~~~~~

src/pages/AuthCallback.tsx:153:13 - error TS2304: Cannot find name 'CardTitle'.

153           </CardTitle>
                ~~~~~~~~~

src/pages/AuthCallback.tsx:154:11 - error TS2304: Cannot find name 'CardHeader'.

154         </CardHeader>
              ~~~~~~~~~~

src/pages/AuthCallback.tsx:155:10 - error TS2304: Cannot find name 'CardContent'.

155         <CardContent className="text-center">
             ~~~~~~~~~~~

src/pages/AuthCallback.tsx:160:14 - error TS2304: Cannot find name 'Button'.

160             <Button
                 ~~~~~~

src/pages/AuthCallback.tsx:165:15 - error TS2304: Cannot find name 'Button'.

165             </Button>
                  ~~~~~~

src/pages/AuthCallback.tsx:166:14 - error TS2304: Cannot find name 'Button'.

166             <Button
                 ~~~~~~

src/pages/AuthCallback.tsx:172:15 - error TS2304: Cannot find name 'Button'.

172             </Button>
                  ~~~~~~

src/pages/AuthCallback.tsx:174:11 - error TS2304: Cannot find name 'CardContent'.

174         </CardContent>
              ~~~~~~~~~~~

src/pages/AuthCallback.tsx:175:9 - error TS2552: Cannot find name 'Card'. Did you mean 'card'?

175       </Card>
            ~~~~

src/pages/Calendar.tsx:2:58 - error TS2307: Cannot find module '../../components/ui/card' or its corresponding type declarations.

2 import { card, cardcontent, cardheader, cardtitle } from '../../components/ui/card'
                                                           ~~~~~~~~~~~~~~~~~~~~~~~~~~

src/pages/Calendar.tsx:3:24 - error TS2307: Cannot find module '../../components/ui/button' or its corresponding type declarations.

3 import { button } from '../../components/ui/button'
                         ~~~~~~~~~~~~~~~~~~~~~~~~~~~~

src/pages/Calendar.tsx:4:32 - error TS2307: Cannot find module '../../components/ui/loadingspinner' or its corresponding type declarations.

4 import { loadingspinner } from '../../components/ui/loadingspinner'
                                 ~~~~~~~~~~~~~~~~~~~~~~~~~~~~~~~~~~~~

src/pages/Calendar.tsx:239:10 - error TS2304: Cannot find name 'LoadingSpinner'.

239         <LoadingSpinner />
             ~~~~~~~~~~~~~~

src/pages/Calendar.tsx:253:12 - error TS2304: Cannot find name 'Button'.

253           <Button onClick={handleNewEvent} className="flex items-center gap-2">
               ~~~~~~

src/pages/Calendar.tsx:256:13 - error TS2304: Cannot find name 'Button'.

256           </Button>
                ~~~~~~

src/pages/Calendar.tsx:257:12 - error TS2304: Cannot find name 'Button'.

257           <Button variant="outline" className="flex items-center gap-2">
               ~~~~~~

src/pages/Calendar.tsx:260:13 - error TS2304: Cannot find name 'Button'.

260           </Button>
                ~~~~~~

src/pages/Calendar.tsx:261:12 - error TS2304: Cannot find name 'Button'.

261           <Button variant="outline" className="flex items-center gap-2">
               ~~~~~~

src/pages/Calendar.tsx:264:13 - error TS2304: Cannot find name 'Button'.

264           </Button>
                ~~~~~~

src/pages/Calendar.tsx:269:8 - error TS2304: Cannot find name 'Card'.

269       <Card>
           ~~~~

src/pages/Calendar.tsx:270:10 - error TS2304: Cannot find name 'CardContent'.

270         <CardContent className="p-6">
             ~~~~~~~~~~~

src/pages/Calendar.tsx:274:16 - error TS2304: Cannot find name 'Button'.

274               <Button
                   ~~~~~~

src/pages/Calendar.tsx:280:17 - error TS2304: Cannot find name 'Button'.

280               </Button>
                    ~~~~~~

src/pages/Calendar.tsx:290:16 - error TS2304: Cannot find name 'Button'.

290               <Button
                   ~~~~~~

src/pages/Calendar.tsx:296:17 - error TS2304: Cannot find name 'Button'.

296               </Button>
                    ~~~~~~

src/pages/Calendar.tsx:298:16 - error TS2304: Cannot find name 'Button'.

298               <Button
                   ~~~~~~

src/pages/Calendar.tsx:304:17 - error TS2304: Cannot find name 'Button'.

304               </Button>
                    ~~~~~~

src/pages/Calendar.tsx:311:20 - error TS2304: Cannot find name 'Button'.

311                   <Button
                       ~~~~~~

src/pages/Calendar.tsx:319:21 - error TS2304: Cannot find name 'Button'.

319                   </Button>
                        ~~~~~~

src/pages/Calendar.tsx:338:11 - error TS2304: Cannot find name 'CardContent'.

338         </CardContent>
              ~~~~~~~~~~~

src/pages/Calendar.tsx:339:9 - error TS2304: Cannot find name 'Card'.

339       </Card>
            ~~~~

src/pages/Calendar.tsx:355:12 - error TS2304: Cannot find name 'Card'.

355           <Card>
               ~~~~

src/pages/Calendar.tsx:356:14 - error TS2304: Cannot find name 'CardContent'.

356             <CardContent className="p-6">
                 ~~~~~~~~~~~

src/pages/Calendar.tsx:362:15 - error TS2304: Cannot find name 'CardContent'.

362             </CardContent>
                  ~~~~~~~~~~~

src/pages/Calendar.tsx:363:13 - error TS2304: Cannot find name 'Card'.

363           </Card>
                ~~~~

src/pages/Calendar.tsx:367:12 - error TS2304: Cannot find name 'Card'.

367           <Card>
               ~~~~

src/pages/Calendar.tsx:368:14 - error TS2304: Cannot find name 'CardContent'.

368             <CardContent className="p-6">
                 ~~~~~~~~~~~

src/pages/Calendar.tsx:374:15 - error TS2304: Cannot find name 'CardContent'.

374             </CardContent>
                  ~~~~~~~~~~~

src/pages/Calendar.tsx:375:13 - error TS2304: Cannot find name 'Card'.

375           </Card>
                ~~~~

src/pages/Calendar.tsx:380:8 - error TS2304: Cannot find name 'Card'.

380       <Card>
           ~~~~

src/pages/Calendar.tsx:381:10 - error TS2304: Cannot find name 'CardHeader'.

381         <CardHeader>
             ~~~~~~~~~~

src/pages/Calendar.tsx:382:12 - error TS2304: Cannot find name 'CardTitle'.

382           <CardTitle className="flex items-center gap-2">
               ~~~~~~~~~

src/pages/Calendar.tsx:385:13 - error TS2304: Cannot find name 'CardTitle'.

385           </CardTitle>
                ~~~~~~~~~

src/pages/Calendar.tsx:386:11 - error TS2304: Cannot find name 'CardHeader'.

386         </CardHeader>
              ~~~~~~~~~~

src/pages/Calendar.tsx:387:10 - error TS2304: Cannot find name 'CardContent'.

387         <CardContent>
             ~~~~~~~~~~~

src/pages/Calendar.tsx:419:22 - error TS2304: Cannot find name 'Button'.

419                     <Button variant="ghost" size="sm">
                         ~~~~~~

src/pages/Calendar.tsx:421:23 - error TS2304: Cannot find name 'Button'.

421                     </Button>
                          ~~~~~~

src/pages/Calendar.tsx:422:22 - error TS2304: Cannot find name 'Button'.

422                     <Button variant="ghost" size="sm">
                         ~~~~~~

src/pages/Calendar.tsx:424:23 - error TS2304: Cannot find name 'Button'.

424                     </Button>
                          ~~~~~~

src/pages/Calendar.tsx:434:18 - error TS2304: Cannot find name 'Button'.

434                 <Button
                     ~~~~~~

src/pages/Calendar.tsx:440:19 - error TS2304: Cannot find name 'Button'.

440                 </Button>
                      ~~~~~~

src/pages/Calendar.tsx:444:11 - error TS2304: Cannot find name 'CardContent'.

444         </CardContent>
              ~~~~~~~~~~~

src/pages/Calendar.tsx:445:9 - error TS2304: Cannot find name 'Card'.

445       </Card>
            ~~~~

src/pages/Claims.tsx:4:58 - error TS2307: Cannot find module '../../components/ui/card' or its corresponding type declarations.

4 import { card, cardcontent, cardheader, cardtitle } from '../../components/ui/card'
                                                           ~~~~~~~~~~~~~~~~~~~~~~~~~~

src/pages/Claims.tsx:5:24 - error TS2307: Cannot find module '../../components/ui/button' or its corresponding type declarations.

5 import { button } from '../../components/ui/button'
                         ~~~~~~~~~~~~~~~~~~~~~~~~~~~~

src/pages/Claims.tsx:6:32 - error TS2307: Cannot find module '../../components/ui/loadingspinner' or its corresponding type declarations.

6 import { loadingspinner } from '../../components/ui/loadingspinner'
                                 ~~~~~~~~~~~~~~~~~~~~~~~~~~~~~~~~~~~~

src/pages/Claims.tsx:124:10 - error TS2304: Cannot find name 'LoadingSpinner'.

124         <LoadingSpinner size="lg" />
             ~~~~~~~~~~~~~~

src/pages/Claims.tsx:140:12 - error TS2304: Cannot find name 'Button'.

140           <Button
               ~~~~~~

src/pages/Claims.tsx:146:13 - error TS2304: Cannot find name 'Button'.

146           </Button>
                ~~~~~~

src/pages/Claims.tsx:147:12 - error TS2304: Cannot find name 'Button'.

147           <Button
               ~~~~~~

src/pages/Claims.tsx:153:13 - error TS2304: Cannot find name 'Button'.

153           </Button>
                ~~~~~~

src/pages/Claims.tsx:159:10 - error TS2304: Cannot find name 'Card'.

159         <Card>
             ~~~~

src/pages/Claims.tsx:160:12 - error TS2304: Cannot find name 'CardContent'.

160           <CardContent className="p-6">
               ~~~~~~~~~~~

src/pages/Claims.tsx:168:13 - error TS2304: Cannot find name 'CardContent'.

168           </CardContent>
                ~~~~~~~~~~~

src/pages/Claims.tsx:169:11 - error TS2304: Cannot find name 'Card'.

169         </Card>
              ~~~~

src/pages/Claims.tsx:171:10 - error TS2304: Cannot find name 'Card'.

171         <Card>
             ~~~~

src/pages/Claims.tsx:172:12 - error TS2304: Cannot find name 'CardContent'.

172           <CardContent className="p-6">
               ~~~~~~~~~~~

src/pages/Claims.tsx:182:13 - error TS2304: Cannot find name 'CardContent'.

182           </CardContent>
                ~~~~~~~~~~~

src/pages/Claims.tsx:183:11 - error TS2304: Cannot find name 'Card'.

183         </Card>
              ~~~~

src/pages/Claims.tsx:185:10 - error TS2304: Cannot find name 'Card'.

185         <Card>
             ~~~~

src/pages/Claims.tsx:186:12 - error TS2304: Cannot find name 'CardContent'.

186           <CardContent className="p-6">
               ~~~~~~~~~~~

src/pages/Claims.tsx:196:13 - error TS2304: Cannot find name 'CardContent'.

196           </CardContent>
                ~~~~~~~~~~~

src/pages/Claims.tsx:197:11 - error TS2304: Cannot find name 'Card'.

197         </Card>
              ~~~~

src/pages/Claims.tsx:199:10 - error TS2304: Cannot find name 'Card'.

199         <Card>
             ~~~~

src/pages/Claims.tsx:200:12 - error TS2304: Cannot find name 'CardContent'.

200           <CardContent className="p-6">
               ~~~~~~~~~~~

src/pages/Claims.tsx:210:13 - error TS2304: Cannot find name 'CardContent'.

210           </CardContent>
                ~~~~~~~~~~~

src/pages/Claims.tsx:211:11 - error TS2304: Cannot find name 'Card'.

211         </Card>
              ~~~~

src/pages/Claims.tsx:246:10 - error TS2304: Cannot find name 'Card'.

246         <Card>
             ~~~~

src/pages/Claims.tsx:247:12 - error TS2304: Cannot find name 'CardContent'.

247           <CardContent className="p-12 text-center">
               ~~~~~~~~~~~

src/pages/Claims.tsx:259:13 - error TS2304: Cannot find name 'CardContent'.

259           </CardContent>
                ~~~~~~~~~~~

src/pages/Claims.tsx:260:11 - error TS2304: Cannot find name 'Card'.

260         </Card>
              ~~~~

src/pages/Claims.tsx:269:16 - error TS2304: Cannot find name 'Card'.

269               <Card key={claim.id} className="hover:shadow-md transition-shadow">
                   ~~~~

src/pages/Claims.tsx:270:18 - error TS2304: Cannot find name 'CardContent'.

270                 <CardContent className="p-6">
                     ~~~~~~~~~~~

src/pages/Claims.tsx:302:26 - error TS2304: Cannot find name 'Button'.

302                         <Button
                             ~~~~~~

src/pages/Claims.tsx:313:27 - error TS2304: Cannot find name 'Button'.

313                         </Button>
                              ~~~~~~

src/pages/Claims.tsx:314:26 - error TS2304: Cannot find name 'Button'.

314                         <Button
                             ~~~~~~

src/pages/Claims.tsx:322:27 - error TS2304: Cannot find name 'Button'.

322                         </Button>
                              ~~~~~~

src/pages/Claims.tsx:323:26 - error TS2304: Cannot find name 'Button'.

323                         <Button
                             ~~~~~~

src/pages/Claims.tsx:331:27 - error TS2304: Cannot find name 'Button'.

331                         </Button>
                              ~~~~~~

src/pages/Claims.tsx:347:19 - error TS2304: Cannot find name 'CardContent'.

347                 </CardContent>
                      ~~~~~~~~~~~

src/pages/Claims.tsx:348:17 - error TS2304: Cannot find name 'Card'.

348               </Card>
                    ~~~~

src/pages/Clients.tsx:4:58 - error TS2307: Cannot find module '../../components/ui/card' or its corresponding type declarations.

4 import { card, cardcontent, cardheader, cardtitle } from '../../components/ui/card'
                                                           ~~~~~~~~~~~~~~~~~~~~~~~~~~

src/pages/Clients.tsx:5:24 - error TS2307: Cannot find module '../../components/ui/button' or its corresponding type declarations.

5 import { button } from '../../components/ui/button'
                         ~~~~~~~~~~~~~~~~~~~~~~~~~~~~

src/pages/Clients.tsx:6:32 - error TS2307: Cannot find module '../../components/ui/loadingspinner' or its corresponding type declarations.

6 import { loadingspinner } from '../../components/ui/loadingspinner'
                                 ~~~~~~~~~~~~~~~~~~~~~~~~~~~~~~~~~~~~

src/pages/Clients.tsx:115:10 - error TS2304: Cannot find name 'LoadingSpinner'.

115         <LoadingSpinner size="lg" />
             ~~~~~~~~~~~~~~

src/pages/Clients.tsx:130:10 - error TS2304: Cannot find name 'Button'.

130         <Button
             ~~~~~~

src/pages/Clients.tsx:136:11 - error TS2304: Cannot find name 'Button'.

136         </Button>
              ~~~~~~

src/pages/Clients.tsx:141:10 - error TS2304: Cannot find name 'Card'.

141         <Card>
             ~~~~

src/pages/Clients.tsx:142:12 - error TS2304: Cannot find name 'CardContent'.

142           <CardContent className="p-6">
               ~~~~~~~~~~~

src/pages/Clients.tsx:150:13 - error TS2304: Cannot find name 'CardContent'.

150           </CardContent>
                ~~~~~~~~~~~

src/pages/Clients.tsx:151:11 - error TS2304: Cannot find name 'Card'.

151         </Card>
              ~~~~

src/pages/Clients.tsx:153:10 - error TS2304: Cannot find name 'Card'.

153         <Card>
             ~~~~

src/pages/Clients.tsx:154:12 - error TS2304: Cannot find name 'CardContent'.

154           <CardContent className="p-6">
               ~~~~~~~~~~~

src/pages/Clients.tsx:164:13 - error TS2304: Cannot find name 'CardContent'.

164           </CardContent>
                ~~~~~~~~~~~

src/pages/Clients.tsx:165:11 - error TS2304: Cannot find name 'Card'.

165         </Card>
              ~~~~

src/pages/Clients.tsx:167:10 - error TS2304: Cannot find name 'Card'.

167         <Card>
             ~~~~

src/pages/Clients.tsx:168:12 - error TS2304: Cannot find name 'CardContent'.

168           <CardContent className="p-6">
               ~~~~~~~~~~~

src/pages/Clients.tsx:178:13 - error TS2304: Cannot find name 'CardContent'.

178           </CardContent>
                ~~~~~~~~~~~

src/pages/Clients.tsx:179:11 - error TS2304: Cannot find name 'Card'.

179         </Card>
              ~~~~

src/pages/Clients.tsx:181:10 - error TS2304: Cannot find name 'Card'.

181         <Card>
             ~~~~

src/pages/Clients.tsx:182:12 - error TS2304: Cannot find name 'CardContent'.

182           <CardContent className="p-6">
               ~~~~~~~~~~~

src/pages/Clients.tsx:192:13 - error TS2304: Cannot find name 'CardContent'.

192           </CardContent>
                ~~~~~~~~~~~

src/pages/Clients.tsx:193:11 - error TS2304: Cannot find name 'Card'.

193         </Card>
              ~~~~

src/pages/Clients.tsx:224:10 - error TS2304: Cannot find name 'Card'.

224         <Card>
             ~~~~

src/pages/Clients.tsx:225:12 - error TS2304: Cannot find name 'CardContent'.

225           <CardContent className="p-12 text-center">
               ~~~~~~~~~~~

src/pages/Clients.tsx:237:16 - error TS2304: Cannot find name 'Button'.

237               <Button
                   ~~~~~~

src/pages/Clients.tsx:243:17 - error TS2304: Cannot find name 'Button'.

243               </Button>
                    ~~~~~~

src/pages/Clients.tsx:245:13 - error TS2304: Cannot find name 'CardContent'.

245           </CardContent>
                ~~~~~~~~~~~

src/pages/Clients.tsx:246:11 - error TS2304: Cannot find name 'Card'.

246         </Card>
              ~~~~

src/pages/Clients.tsx:256:16 - error TS2304: Cannot find name 'Card'.

256               <Card key={client.id} className="hover:shadow-md transition-shadow">
                   ~~~~

src/pages/Clients.tsx:257:18 - error TS2304: Cannot find name 'CardContent'.

257                 <CardContent className="p-6">
                     ~~~~~~~~~~~

src/pages/Clients.tsx:302:26 - error TS2304: Cannot find name 'Button'.

302                         <Button
                             ~~~~~~

src/pages/Clients.tsx:313:27 - error TS2304: Cannot find name 'Button'.

313                         </Button>
                              ~~~~~~

src/pages/Clients.tsx:314:26 - error TS2304: Cannot find name 'Button'.

314                         <Button
                             ~~~~~~

src/pages/Clients.tsx:322:27 - error TS2304: Cannot find name 'Button'.

322                         </Button>
                              ~~~~~~

src/pages/Clients.tsx:327:26 - error TS2304: Cannot find name 'Button'.

327                         <Button
                             ~~~~~~

src/pages/Clients.tsx:335:27 - error TS2304: Cannot find name 'Button'.

335                         </Button>
                              ~~~~~~

src/pages/Clients.tsx:366:19 - error TS2304: Cannot find name 'CardContent'.

366                 </CardContent>
                      ~~~~~~~~~~~

src/pages/Clients.tsx:367:17 - error TS2304: Cannot find name 'Card'.

367               </Card>
                    ~~~~

src/pages/CommunicationHub.tsx:2:58 - error TS2307: Cannot find module '../../components/ui/card' or its corresponding type declarations.

2 import { card, cardcontent, cardheader, cardtitle } from '../../components/ui/card'
                                                           ~~~~~~~~~~~~~~~~~~~~~~~~~~

src/pages/CommunicationHub.tsx:3:24 - error TS2307: Cannot find module '../../components/ui/button' or its corresponding type declarations.

3 import { button } from '../../components/ui/button'
                         ~~~~~~~~~~~~~~~~~~~~~~~~~~~~

src/pages/CommunicationHub.tsx:4:32 - error TS2307: Cannot find module '../../components/ui/loadingspinner' or its corresponding type declarations.

4 import { loadingspinner } from '../../components/ui/loadingspinner'
                                 ~~~~~~~~~~~~~~~~~~~~~~~~~~~~~~~~~~~~

src/pages/CommunicationHub.tsx:281:10 - error TS2304: Cannot find name 'LoadingSpinner'.

281         <LoadingSpinner size="lg" />
             ~~~~~~~~~~~~~~

src/pages/CommunicationHub.tsx:307:12 - error TS2304: Cannot find name 'Button'.

307           <Button onClick={exportData} variant="outline">
               ~~~~~~

src/pages/CommunicationHub.tsx:310:13 - error TS2304: Cannot find name 'Button'.

310           </Button>
                ~~~~~~

src/pages/CommunicationHub.tsx:311:12 - error TS2304: Cannot find name 'Button'.

311           <Button onClick={() => setShowCommunicationForm(true)}>
               ~~~~~~

src/pages/CommunicationHub.tsx:314:13 - error TS2304: Cannot find name 'Button'.

314           </Button>
                ~~~~~~

src/pages/CommunicationHub.tsx:320:10 - error TS2304: Cannot find name 'Card'.

320         <Card className="hover:shadow-lg transition-shadow">
             ~~~~

src/pages/CommunicationHub.tsx:321:12 - error TS2304: Cannot find name 'CardContent'.

321           <CardContent className="p-6">
               ~~~~~~~~~~~

src/pages/CommunicationHub.tsx:334:13 - error TS2304: Cannot find name 'CardContent'.

334           </CardContent>
                ~~~~~~~~~~~

src/pages/CommunicationHub.tsx:335:11 - error TS2304: Cannot find name 'Card'.

335         </Card>
              ~~~~

src/pages/CommunicationHub.tsx:337:10 - error TS2304: Cannot find name 'Card'.

337         <Card className="hover:shadow-lg transition-shadow">
             ~~~~

src/pages/CommunicationHub.tsx:338:12 - error TS2304: Cannot find name 'CardContent'.

338           <CardContent className="p-6">
               ~~~~~~~~~~~

src/pages/CommunicationHub.tsx:353:13 - error TS2304: Cannot find name 'CardContent'.

353           </CardContent>
                ~~~~~~~~~~~

src/pages/CommunicationHub.tsx:354:11 - error TS2304: Cannot find name 'Card'.

354         </Card>
              ~~~~

src/pages/CommunicationHub.tsx:356:10 - error TS2304: Cannot find name 'Card'.

356         <Card className="hover:shadow-lg transition-shadow">
             ~~~~

src/pages/CommunicationHub.tsx:357:12 - error TS2304: Cannot find name 'CardContent'.

357           <CardContent className="p-6">
               ~~~~~~~~~~~

src/pages/CommunicationHub.tsx:372:13 - error TS2304: Cannot find name 'CardContent'.

372           </CardContent>
                ~~~~~~~~~~~

src/pages/CommunicationHub.tsx:373:11 - error TS2304: Cannot find name 'Card'.

373         </Card>
              ~~~~

src/pages/CommunicationHub.tsx:375:10 - error TS2304: Cannot find name 'Card'.

375         <Card className="hover:shadow-lg transition-shadow">
             ~~~~

src/pages/CommunicationHub.tsx:376:12 - error TS2304: Cannot find name 'CardContent'.

376           <CardContent className="p-6">
               ~~~~~~~~~~~

src/pages/CommunicationHub.tsx:391:13 - error TS2304: Cannot find name 'CardContent'.

391           </CardContent>
                ~~~~~~~~~~~

src/pages/CommunicationHub.tsx:392:11 - error TS2304: Cannot find name 'Card'.

392         </Card>
              ~~~~

src/pages/CommunicationHub.tsx:425:12 - error TS2304: Cannot find name 'Card'.

425           <Card>
               ~~~~

src/pages/CommunicationHub.tsx:426:14 - error TS2304: Cannot find name 'CardHeader'.

426             <CardHeader>
                 ~~~~~~~~~~

src/pages/CommunicationHub.tsx:427:16 - error TS2304: Cannot find name 'CardTitle'.

427               <CardTitle className="flex items-center space-x-2">
                   ~~~~~~~~~

src/pages/CommunicationHub.tsx:430:17 - error TS2304: Cannot find name 'CardTitle'.

430               </CardTitle>
                    ~~~~~~~~~

src/pages/CommunicationHub.tsx:431:15 - error TS2304: Cannot find name 'CardHeader'.

431             </CardHeader>
                  ~~~~~~~~~~

src/pages/CommunicationHub.tsx:432:14 - error TS2304: Cannot find name 'CardContent'.

432             <CardContent>
                 ~~~~~~~~~~~

src/pages/CommunicationHub.tsx:463:15 - error TS2304: Cannot find name 'CardContent'.

463             </CardContent>
                  ~~~~~~~~~~~

src/pages/CommunicationHub.tsx:464:13 - error TS2304: Cannot find name 'Card'.

464           </Card>
                ~~~~

src/pages/CommunicationHub.tsx:467:12 - error TS2304: Cannot find name 'Card'.

467           <Card>
               ~~~~

src/pages/CommunicationHub.tsx:468:14 - error TS2304: Cannot find name 'CardHeader'.

468             <CardHeader>
                 ~~~~~~~~~~

src/pages/CommunicationHub.tsx:469:16 - error TS2304: Cannot find name 'CardTitle'.

469               <CardTitle className="flex items-center space-x-2">
                   ~~~~~~~~~

src/pages/CommunicationHub.tsx:472:17 - error TS2304: Cannot find name 'CardTitle'.

472               </CardTitle>
                    ~~~~~~~~~

src/pages/CommunicationHub.tsx:473:15 - error TS2304: Cannot find name 'CardHeader'.

473             </CardHeader>
                  ~~~~~~~~~~

src/pages/CommunicationHub.tsx:474:14 - error TS2304: Cannot find name 'CardContent'.

474             <CardContent>
                 ~~~~~~~~~~~

src/pages/CommunicationHub.tsx:516:15 - error TS2304: Cannot find name 'CardContent'.

516             </CardContent>
                  ~~~~~~~~~~~

src/pages/CommunicationHub.tsx:517:13 - error TS2304: Cannot find name 'Card'.

517           </Card>
                ~~~~

src/pages/CommunicationHub.tsx:522:10 - error TS2304: Cannot find name 'Card'.

522         <Card>
             ~~~~

src/pages/CommunicationHub.tsx:523:12 - error TS2304: Cannot find name 'CardHeader'.

523           <CardHeader>
               ~~~~~~~~~~

src/pages/CommunicationHub.tsx:525:16 - error TS2304: Cannot find name 'CardTitle'.

525               <CardTitle>All Communications</CardTitle>
                   ~~~~~~~~~

src/pages/CommunicationHub.tsx:525:46 - error TS2304: Cannot find name 'CardTitle'.

525               <CardTitle>All Communications</CardTitle>
                                                 ~~~~~~~~~

src/pages/CommunicationHub.tsx:565:13 - error TS2304: Cannot find name 'CardHeader'.

565           </CardHeader>
                ~~~~~~~~~~

src/pages/CommunicationHub.tsx:566:12 - error TS2304: Cannot find name 'CardContent'.

566           <CardContent>
               ~~~~~~~~~~~

src/pages/CommunicationHub.tsx:634:26 - error TS2304: Cannot find name 'Button'.

634                         <Button
                             ~~~~~~

src/pages/CommunicationHub.tsx:643:27 - error TS2304: Cannot find name 'Button'.

643                         </Button>
                              ~~~~~~

src/pages/CommunicationHub.tsx:644:26 - error TS2304: Cannot find name 'Button'.

644                         <Button
                             ~~~~~~

src/pages/CommunicationHub.tsx:650:27 - error TS2304: Cannot find name 'Button'.

650                         </Button>
                              ~~~~~~

src/pages/CommunicationHub.tsx:660:13 - error TS2304: Cannot find name 'CardContent'.

660           </CardContent>
                ~~~~~~~~~~~

src/pages/CommunicationHub.tsx:661:11 - error TS2304: Cannot find name 'Card'.

661         </Card>
              ~~~~

src/pages/Communications.tsx:2:58 - error TS2307: Cannot find module '../../components/ui/card' or its corresponding type declarations.

2 import { card, cardcontent, cardheader, cardtitle } from '../../components/ui/card'
                                                           ~~~~~~~~~~~~~~~~~~~~~~~~~~

src/pages/Communications.tsx:3:24 - error TS2307: Cannot find module '../../components/ui/button' or its corresponding type declarations.

3 import { button } from '../../components/ui/button'
                         ~~~~~~~~~~~~~~~~~~~~~~~~~~~~

src/pages/Communications.tsx:4:32 - error TS2307: Cannot find module '../../components/ui/loadingspinner' or its corresponding type declarations.

4 import { loadingspinner } from '../../components/ui/loadingspinner'
                                 ~~~~~~~~~~~~~~~~~~~~~~~~~~~~~~~~~~~~

src/pages/Communications.tsx:106:10 - error TS2304: Cannot find name 'LoadingSpinner'.

106         <LoadingSpinner size="lg" />
             ~~~~~~~~~~~~~~

src/pages/Communications.tsx:121:12 - error TS2304: Cannot find name 'Button'.

121           <Button
               ~~~~~~

src/pages/Communications.tsx:129:13 - error TS2304: Cannot find name 'Button'.

129           </Button>
                ~~~~~~

src/pages/Communications.tsx:130:12 - error TS2304: Cannot find name 'Button'.

130           <Button className="flex items-center gap-2">
               ~~~~~~

src/pages/Communications.tsx:133:13 - error TS2304: Cannot find name 'Button'.

133           </Button>
                ~~~~~~

src/pages/Communications.tsx:171:16 - error TS2304: Cannot find name 'Card'.

171               <Card>
                   ~~~~

src/pages/Communications.tsx:172:18 - error TS2304: Cannot find name 'CardContent'.

172                 <CardContent className="p-4 text-center">
                     ~~~~~~~~~~~

src/pages/Communications.tsx:176:19 - error TS2304: Cannot find name 'CardContent'.

176                 </CardContent>
                      ~~~~~~~~~~~

src/pages/Communications.tsx:177:17 - error TS2304: Cannot find name 'Card'.

177               </Card>
                    ~~~~

src/pages/Communications.tsx:178:16 - error TS2304: Cannot find name 'Card'.

178               <Card>
                   ~~~~

src/pages/Communications.tsx:179:18 - error TS2304: Cannot find name 'CardContent'.

179                 <CardContent className="p-4 text-center">
                     ~~~~~~~~~~~

src/pages/Communications.tsx:183:19 - error TS2304: Cannot find name 'CardContent'.

183                 </CardContent>
                      ~~~~~~~~~~~

src/pages/Communications.tsx:184:17 - error TS2304: Cannot find name 'Card'.

184               </Card>
                    ~~~~

src/pages/Communications.tsx:185:16 - error TS2304: Cannot find name 'Card'.

185               <Card>
                   ~~~~

src/pages/Communications.tsx:186:18 - error TS2304: Cannot find name 'CardContent'.

186                 <CardContent className="p-4 text-center">
                     ~~~~~~~~~~~

src/pages/Communications.tsx:190:19 - error TS2304: Cannot find name 'CardContent'.

190                 </CardContent>
                      ~~~~~~~~~~~

src/pages/Communications.tsx:191:17 - error TS2304: Cannot find name 'Card'.

191               </Card>
                    ~~~~

src/pages/Communications.tsx:192:16 - error TS2304: Cannot find name 'Card'.

192               <Card>
                   ~~~~

src/pages/Communications.tsx:193:18 - error TS2304: Cannot find name 'CardContent'.

193                 <CardContent className="p-4 text-center">
                     ~~~~~~~~~~~

src/pages/Communications.tsx:199:19 - error TS2304: Cannot find name 'CardContent'.

199                 </CardContent>
                      ~~~~~~~~~~~

src/pages/Communications.tsx:200:17 - error TS2304: Cannot find name 'Card'.

200               </Card>
                    ~~~~

src/pages/Communications.tsx:201:16 - error TS2304: Cannot find name 'Card'.

201               <Card>
                   ~~~~

src/pages/Communications.tsx:202:18 - error TS2304: Cannot find name 'CardContent'.

202                 <CardContent className="p-4 text-center">
                     ~~~~~~~~~~~

src/pages/Communications.tsx:206:19 - error TS2304: Cannot find name 'CardContent'.

206                 </CardContent>
                      ~~~~~~~~~~~

src/pages/Communications.tsx:207:17 - error TS2304: Cannot find name 'Card'.

207               </Card>
                    ~~~~

src/pages/Communications.tsx:208:16 - error TS2304: Cannot find name 'Card'.

208               <Card>
                   ~~~~

src/pages/Communications.tsx:209:18 - error TS2304: Cannot find name 'CardContent'.

209                 <CardContent className="p-4 text-center">
                     ~~~~~~~~~~~

src/pages/Communications.tsx:213:19 - error TS2304: Cannot find name 'CardContent'.

213                 </CardContent>
                      ~~~~~~~~~~~

src/pages/Communications.tsx:214:17 - error TS2304: Cannot find name 'Card'.

214               </Card>
                    ~~~~

src/pages/Communications.tsx:219:12 - error TS2304: Cannot find name 'Card'.

219           <Card>
               ~~~~

src/pages/Communications.tsx:220:14 - error TS2304: Cannot find name 'CardHeader'.

220             <CardHeader>
                 ~~~~~~~~~~

src/pages/Communications.tsx:221:16 - error TS2304: Cannot find name 'CardTitle'.

221               <CardTitle className="flex items-center gap-2">
                   ~~~~~~~~~

src/pages/Communications.tsx:224:17 - error TS2304: Cannot find name 'CardTitle'.

224               </CardTitle>
                    ~~~~~~~~~

src/pages/Communications.tsx:225:15 - error TS2304: Cannot find name 'CardHeader'.

225             </CardHeader>
                  ~~~~~~~~~~

src/pages/Communications.tsx:226:14 - error TS2304: Cannot find name 'CardContent'.

226             <CardContent>
                 ~~~~~~~~~~~

src/pages/Communications.tsx:256:15 - error TS2304: Cannot find name 'CardContent'.

256             </CardContent>
                  ~~~~~~~~~~~

src/pages/Communications.tsx:257:13 - error TS2304: Cannot find name 'Card'.

257           </Card>
                ~~~~

src/pages/Communications.tsx:260:12 - error TS2304: Cannot find name 'Card'.

260           <Card>
               ~~~~

src/pages/Communications.tsx:261:14 - error TS2304: Cannot find name 'CardHeader'.

261             <CardHeader>
                 ~~~~~~~~~~

src/pages/Communications.tsx:262:16 - error TS2304: Cannot find name 'CardTitle'.

262               <CardTitle>Integration Status</CardTitle>
                   ~~~~~~~~~

src/pages/Communications.tsx:262:46 - error TS2304: Cannot find name 'CardTitle'.

262               <CardTitle>Integration Status</CardTitle>
                                                 ~~~~~~~~~

src/pages/Communications.tsx:263:15 - error TS2304: Cannot find name 'CardHeader'.

263             </CardHeader>
                  ~~~~~~~~~~

src/pages/Communications.tsx:264:14 - error TS2304: Cannot find name 'CardContent'.

264             <CardContent>
                 ~~~~~~~~~~~

src/pages/Communications.tsx:293:15 - error TS2304: Cannot find name 'CardContent'.

293             </CardContent>
                  ~~~~~~~~~~~

src/pages/Communications.tsx:294:13 - error TS2304: Cannot find name 'Card'.

294           </Card>
                ~~~~

src/pages/Communications.tsx:300:10 - error TS2304: Cannot find name 'Card'.

300         <Card>
             ~~~~

src/pages/Communications.tsx:301:12 - error TS2304: Cannot find name 'CardContent'.

301           <CardContent className="p-8 text-center">
               ~~~~~~~~~~~

src/pages/Communications.tsx:305:14 - error TS2304: Cannot find name 'Button'.

305             <Button className="flex items-center gap-2 mx-auto">
                 ~~~~~~

src/pages/Communications.tsx:308:15 - error TS2304: Cannot find name 'Button'.

308             </Button>
                  ~~~~~~

src/pages/Communications.tsx:309:13 - error TS2304: Cannot find name 'CardContent'.

309           </CardContent>
                ~~~~~~~~~~~

src/pages/Communications.tsx:310:11 - error TS2304: Cannot find name 'Card'.

310         </Card>
              ~~~~

src/pages/Communications.tsx:314:10 - error TS2304: Cannot find name 'Card'.

314         <Card>
             ~~~~

src/pages/Communications.tsx:315:12 - error TS2304: Cannot find name 'CardContent'.

315           <CardContent className="p-8 text-center">
               ~~~~~~~~~~~

src/pages/Communications.tsx:319:14 - error TS2304: Cannot find name 'Button'.

319             <Button className="flex items-center gap-2 mx-auto">
                 ~~~~~~

src/pages/Communications.tsx:322:15 - error TS2304: Cannot find name 'Button'.

322             </Button>
                  ~~~~~~

src/pages/Communications.tsx:323:13 - error TS2304: Cannot find name 'CardContent'.

323           </CardContent>
                ~~~~~~~~~~~

src/pages/Communications.tsx:324:11 - error TS2304: Cannot find name 'Card'.

324         </Card>
              ~~~~

src/pages/Communications.tsx:329:12 - error TS2304: Cannot find name 'Card'.

329           <Card>
               ~~~~

src/pages/Communications.tsx:330:14 - error TS2304: Cannot find name 'CardHeader'.

330             <CardHeader>
                 ~~~~~~~~~~

src/pages/Communications.tsx:331:16 - error TS2304: Cannot find name 'CardTitle'.

331               <CardTitle>System Configuration</CardTitle>
                   ~~~~~~~~~

src/pages/Communications.tsx:331:48 - error TS2304: Cannot find name 'CardTitle'.

331               <CardTitle>System Configuration</CardTitle>
                                                   ~~~~~~~~~

src/pages/Communications.tsx:332:15 - error TS2304: Cannot find name 'CardHeader'.

332             </CardHeader>
                  ~~~~~~~~~~

src/pages/Communications.tsx:333:14 - error TS2304: Cannot find name 'CardContent'.

333             <CardContent className="space-y-4">
                 ~~~~~~~~~~~

src/pages/Communications.tsx:360:15 - error TS2304: Cannot find name 'CardContent'.

360             </CardContent>
                  ~~~~~~~~~~~

src/pages/Communications.tsx:361:13 - error TS2304: Cannot find name 'Card'.

361           </Card>
                ~~~~

src/pages/Dashboard.tsx:2:58 - error TS2307: Cannot find module '../../components/ui/card' or its corresponding type declarations.

2 import { card, cardcontent, cardheader, cardtitle } from '../../components/ui/card'
                                                           ~~~~~~~~~~~~~~~~~~~~~~~~~~

src/pages/Dashboard.tsx:3:24 - error TS2307: Cannot find module '../../components/ui/button' or its corresponding type declarations.

3 import { button } from '../../components/ui/button'
                         ~~~~~~~~~~~~~~~~~~~~~~~~~~~~

src/pages/Dashboard.tsx:25:32 - error TS2307: Cannot find module '../../components/ui/loadingspinner' or its corresponding type declarations.

25 import { loadingspinner } from '../../components/ui/loadingspinner'
                                  ~~~~~~~~~~~~~~~~~~~~~~~~~~~~~~~~~~~~

src/pages/Dashboard.tsx:145:10 - error TS2304: Cannot find name 'LoadingSpinner'.

145         <LoadingSpinner size="lg" />
             ~~~~~~~~~~~~~~

src/pages/Dashboard.tsx:164:10 - error TS2304: Cannot find name 'Card'.

164         <Card className="hover:shadow-lg transition-shadow">
             ~~~~

src/pages/Dashboard.tsx:165:12 - error TS2304: Cannot find name 'CardContent'.

165           <CardContent className="p-6">
               ~~~~~~~~~~~

src/pages/Dashboard.tsx:176:13 - error TS2304: Cannot find name 'CardContent'.

176           </CardContent>
                ~~~~~~~~~~~

src/pages/Dashboard.tsx:177:11 - error TS2304: Cannot find name 'Card'.

177         </Card>
              ~~~~

src/pages/Dashboard.tsx:179:10 - error TS2304: Cannot find name 'Card'.

179         <Card className="hover:shadow-lg transition-shadow">
             ~~~~

src/pages/Dashboard.tsx:180:12 - error TS2304: Cannot find name 'CardContent'.

180           <CardContent className="p-6">
               ~~~~~~~~~~~

src/pages/Dashboard.tsx:193:13 - error TS2304: Cannot find name 'CardContent'.

193           </CardContent>
                ~~~~~~~~~~~

src/pages/Dashboard.tsx:194:11 - error TS2304: Cannot find name 'Card'.

194         </Card>
              ~~~~

src/pages/Dashboard.tsx:196:10 - error TS2304: Cannot find name 'Card'.

196         <Card className="hover:shadow-lg transition-shadow">
             ~~~~

src/pages/Dashboard.tsx:197:12 - error TS2304: Cannot find name 'CardContent'.

197           <CardContent className="p-6">
               ~~~~~~~~~~~

src/pages/Dashboard.tsx:210:13 - error TS2304: Cannot find name 'CardContent'.

210           </CardContent>
                ~~~~~~~~~~~

src/pages/Dashboard.tsx:211:11 - error TS2304: Cannot find name 'Card'.

211         </Card>
              ~~~~

src/pages/Dashboard.tsx:213:10 - error TS2304: Cannot find name 'Card'.

213         <Card className="hover:shadow-lg transition-shadow">
             ~~~~

src/pages/Dashboard.tsx:214:12 - error TS2304: Cannot find name 'CardContent'.

214           <CardContent className="p-6">
               ~~~~~~~~~~~

src/pages/Dashboard.tsx:229:13 - error TS2304: Cannot find name 'CardContent'.

229           </CardContent>
                ~~~~~~~~~~~

src/pages/Dashboard.tsx:230:11 - error TS2304: Cannot find name 'Card'.

230         </Card>
              ~~~~

src/pages/Dashboard.tsx:235:10 - error TS2304: Cannot find name 'Button'.

235         <Button
             ~~~~~~

src/pages/Dashboard.tsx:245:11 - error TS2304: Cannot find name 'Button'.

245         </Button>
              ~~~~~~

src/pages/Dashboard.tsx:247:10 - error TS2304: Cannot find name 'Button'.

247         <Button
             ~~~~~~

src/pages/Dashboard.tsx:257:11 - error TS2304: Cannot find name 'Button'.

257         </Button>
              ~~~~~~

src/pages/Dashboard.tsx:259:10 - error TS2304: Cannot find name 'Button'.

259         <Button
             ~~~~~~

src/pages/Dashboard.tsx:269:11 - error TS2304: Cannot find name 'Button'.

269         </Button>
              ~~~~~~

src/pages/Dashboard.tsx:271:10 - error TS2304: Cannot find name 'Button'.

271         <Button
             ~~~~~~

src/pages/Dashboard.tsx:281:11 - error TS2304: Cannot find name 'Button'.

281         </Button>
              ~~~~~~

src/pages/Dashboard.tsx:287:10 - error TS2304: Cannot find name 'Card'.

287         <Card>
             ~~~~

src/pages/Dashboard.tsx:288:12 - error TS2304: Cannot find name 'CardHeader'.

288           <CardHeader>
               ~~~~~~~~~~

src/pages/Dashboard.tsx:289:14 - error TS2304: Cannot find name 'CardTitle'.

289             <CardTitle className="flex items-center space-x-2">
                 ~~~~~~~~~

src/pages/Dashboard.tsx:292:15 - error TS2304: Cannot find name 'CardTitle'.

292             </CardTitle>
                  ~~~~~~~~~

src/pages/Dashboard.tsx:293:13 - error TS2304: Cannot find name 'CardHeader'.

293           </CardHeader>
                ~~~~~~~~~~

src/pages/Dashboard.tsx:294:12 - error TS2304: Cannot find name 'CardContent'.

294           <CardContent>
               ~~~~~~~~~~~

src/pages/Dashboard.tsx:315:13 - error TS2304: Cannot find name 'CardContent'.

315           </CardContent>
                ~~~~~~~~~~~

src/pages/Dashboard.tsx:316:11 - error TS2304: Cannot find name 'Card'.

316         </Card>
              ~~~~

src/pages/Dashboard.tsx:319:10 - error TS2304: Cannot find name 'Card'.

319         <Card>
             ~~~~

src/pages/Dashboard.tsx:320:12 - error TS2304: Cannot find name 'CardHeader'.

320           <CardHeader>
               ~~~~~~~~~~

src/pages/Dashboard.tsx:321:14 - error TS2304: Cannot find name 'CardTitle'.

321             <CardTitle className="flex items-center space-x-2">
                 ~~~~~~~~~

src/pages/Dashboard.tsx:324:15 - error TS2304: Cannot find name 'CardTitle'.

324             </CardTitle>
                  ~~~~~~~~~

src/pages/Dashboard.tsx:325:13 - error TS2304: Cannot find name 'CardHeader'.

325           </CardHeader>
                ~~~~~~~~~~

src/pages/Dashboard.tsx:326:12 - error TS2304: Cannot find name 'CardContent'.

326           <CardContent>
               ~~~~~~~~~~~

src/pages/Dashboard.tsx:344:13 - error TS2304: Cannot find name 'CardContent'.

344           </CardContent>
                ~~~~~~~~~~~

src/pages/Dashboard.tsx:345:11 - error TS2304: Cannot find name 'Card'.

345         </Card>
              ~~~~

src/pages/Finance.tsx:2:58 - error TS2307: Cannot find module '../../components/ui/card' or its corresponding type declarations.

2 import { card, cardcontent, cardheader, cardtitle } from '../../components/ui/card'
                                                           ~~~~~~~~~~~~~~~~~~~~~~~~~~

src/pages/Finance.tsx:3:24 - error TS2307: Cannot find module '../../components/ui/button' or its corresponding type declarations.

3 import { button } from '../../components/ui/button'
                         ~~~~~~~~~~~~~~~~~~~~~~~~~~~~

src/pages/Finance.tsx:4:32 - error TS2307: Cannot find module '../../components/ui/loadingspinner' or its corresponding type declarations.

4 import { loadingspinner } from '../../components/ui/loadingspinner'
                                 ~~~~~~~~~~~~~~~~~~~~~~~~~~~~~~~~~~~~

src/pages/Finance.tsx:288:10 - error TS2304: Cannot find name 'LoadingSpinner'.

288         <LoadingSpinner size="lg" />
             ~~~~~~~~~~~~~~

src/pages/Finance.tsx:314:12 - error TS2304: Cannot find name 'Button'.

314           <Button onClick={exportData} variant="outline">
               ~~~~~~

src/pages/Finance.tsx:317:13 - error TS2304: Cannot find name 'Button'.

317           </Button>
                ~~~~~~

src/pages/Finance.tsx:323:10 - error TS2304: Cannot find name 'Card'.

323         <Card className="hover:shadow-lg transition-shadow">
             ~~~~

src/pages/Finance.tsx:324:12 - error TS2304: Cannot find name 'CardContent'.

324           <CardContent className="p-6">
               ~~~~~~~~~~~

src/pages/Finance.tsx:339:13 - error TS2304: Cannot find name 'CardContent'.

339           </CardContent>
                ~~~~~~~~~~~

src/pages/Finance.tsx:340:11 - error TS2304: Cannot find name 'Card'.

340         </Card>
              ~~~~

src/pages/Finance.tsx:342:10 - error TS2304: Cannot find name 'Card'.

342         <Card className="hover:shadow-lg transition-shadow">
             ~~~~

src/pages/Finance.tsx:343:12 - error TS2304: Cannot find name 'CardContent'.

343           <CardContent className="p-6">
               ~~~~~~~~~~~

src/pages/Finance.tsx:358:13 - error TS2304: Cannot find name 'CardContent'.

358           </CardContent>
                ~~~~~~~~~~~

src/pages/Finance.tsx:359:11 - error TS2304: Cannot find name 'Card'.

359         </Card>
              ~~~~

src/pages/Finance.tsx:361:10 - error TS2304: Cannot find name 'Card'.

361         <Card className="hover:shadow-lg transition-shadow">
             ~~~~

src/pages/Finance.tsx:362:12 - error TS2304: Cannot find name 'CardContent'.

362           <CardContent className="p-6">
               ~~~~~~~~~~~

src/pages/Finance.tsx:379:13 - error TS2304: Cannot find name 'CardContent'.

379           </CardContent>
                ~~~~~~~~~~~

src/pages/Finance.tsx:380:11 - error TS2304: Cannot find name 'Card'.

380         </Card>
              ~~~~

src/pages/Finance.tsx:382:10 - error TS2304: Cannot find name 'Card'.

382         <Card className="hover:shadow-lg transition-shadow">
             ~~~~

src/pages/Finance.tsx:383:12 - error TS2304: Cannot find name 'CardContent'.

383           <CardContent className="p-6">
               ~~~~~~~~~~~

src/pages/Finance.tsx:398:13 - error TS2304: Cannot find name 'CardContent'.

398           </CardContent>
                ~~~~~~~~~~~

src/pages/Finance.tsx:399:11 - error TS2304: Cannot find name 'Card'.

399         </Card>
              ~~~~

src/pages/Finance.tsx:432:12 - error TS2304: Cannot find name 'Card'.

432           <Card>
               ~~~~

src/pages/Finance.tsx:433:14 - error TS2304: Cannot find name 'CardHeader'.

433             <CardHeader>
                 ~~~~~~~~~~

src/pages/Finance.tsx:434:16 - error TS2304: Cannot find name 'CardTitle'.

434               <CardTitle className="flex items-center space-x-2">
                   ~~~~~~~~~

src/pages/Finance.tsx:437:17 - error TS2304: Cannot find name 'CardTitle'.

437               </CardTitle>
                    ~~~~~~~~~

src/pages/Finance.tsx:438:15 - error TS2304: Cannot find name 'CardHeader'.

438             </CardHeader>
                  ~~~~~~~~~~

src/pages/Finance.tsx:439:14 - error TS2304: Cannot find name 'CardContent'.

439             <CardContent>
                 ~~~~~~~~~~~

src/pages/Finance.tsx:462:15 - error TS2304: Cannot find name 'CardContent'.

462             </CardContent>
                  ~~~~~~~~~~~

src/pages/Finance.tsx:463:13 - error TS2304: Cannot find name 'Card'.

463           </Card>
                ~~~~

src/pages/Finance.tsx:466:12 - error TS2304: Cannot find name 'Card'.

466           <Card>
               ~~~~

src/pages/Finance.tsx:467:14 - error TS2304: Cannot find name 'CardHeader'.

467             <CardHeader>
                 ~~~~~~~~~~

src/pages/Finance.tsx:468:16 - error TS2304: Cannot find name 'CardTitle'.

468               <CardTitle className="flex items-center space-x-2">
                   ~~~~~~~~~

src/pages/Finance.tsx:471:17 - error TS2304: Cannot find name 'CardTitle'.

471               </CardTitle>
                    ~~~~~~~~~

src/pages/Finance.tsx:472:15 - error TS2304: Cannot find name 'CardHeader'.

472             </CardHeader>
                  ~~~~~~~~~~

src/pages/Finance.tsx:473:14 - error TS2304: Cannot find name 'CardContent'.

473             <CardContent>
                 ~~~~~~~~~~~

src/pages/Finance.tsx:508:15 - error TS2304: Cannot find name 'CardContent'.

508             </CardContent>
                  ~~~~~~~~~~~

src/pages/Finance.tsx:509:13 - error TS2304: Cannot find name 'Card'.

509           </Card>
                ~~~~

src/pages/Finance.tsx:514:10 - error TS2304: Cannot find name 'Card'.

514         <Card>
             ~~~~

src/pages/Finance.tsx:515:12 - error TS2304: Cannot find name 'CardHeader'.

515           <CardHeader>
               ~~~~~~~~~~

src/pages/Finance.tsx:517:16 - error TS2304: Cannot find name 'CardTitle'.

517               <CardTitle>Fee Schedules</CardTitle>
                   ~~~~~~~~~

src/pages/Finance.tsx:517:41 - error TS2304: Cannot find name 'CardTitle'.

517               <CardTitle>Fee Schedules</CardTitle>
                                            ~~~~~~~~~

src/pages/Finance.tsx:518:16 - error TS2304: Cannot find name 'Button'.

518               <Button onClick={() => setShowFeeForm(true)}>
                   ~~~~~~

src/pages/Finance.tsx:521:17 - error TS2304: Cannot find name 'Button'.

521               </Button>
                    ~~~~~~

src/pages/Finance.tsx:523:13 - error TS2304: Cannot find name 'CardHeader'.

523           </CardHeader>
                ~~~~~~~~~~

src/pages/Finance.tsx:524:12 - error TS2304: Cannot find name 'CardContent'.

524           <CardContent>
               ~~~~~~~~~~~

src/pages/Finance.tsx:559:26 - error TS2304: Cannot find name 'Button'.

559                         <Button
                             ~~~~~~

src/pages/Finance.tsx:568:27 - error TS2304: Cannot find name 'Button'.

568                         </Button>
                              ~~~~~~

src/pages/Finance.tsx:569:26 - error TS2304: Cannot find name 'Button'.

569                         <Button
                             ~~~~~~

src/pages/Finance.tsx:575:27 - error TS2304: Cannot find name 'Button'.

575                         </Button>
                              ~~~~~~

src/pages/Finance.tsx:585:13 - error TS2304: Cannot find name 'CardContent'.

585           </CardContent>
                ~~~~~~~~~~~

src/pages/Finance.tsx:586:11 - error TS2304: Cannot find name 'Card'.

586         </Card>
              ~~~~

src/pages/Financial.tsx:2:58 - error TS2307: Cannot find module '../../components/ui/card' or its corresponding type declarations.

2 import { card, cardcontent, cardheader, cardtitle } from '../../components/ui/card'
                                                           ~~~~~~~~~~~~~~~~~~~~~~~~~~

src/pages/Financial.tsx:3:24 - error TS2307: Cannot find module '../../components/ui/button' or its corresponding type declarations.

3 import { button } from '../../components/ui/button'
                         ~~~~~~~~~~~~~~~~~~~~~~~~~~~~

src/pages/Financial.tsx:4:32 - error TS2307: Cannot find module '../../components/ui/loadingspinner' or its corresponding type declarations.

4 import { loadingspinner } from '../../components/ui/loadingspinner'
                                 ~~~~~~~~~~~~~~~~~~~~~~~~~~~~~~~~~~~~

src/pages/Financial.tsx:131:10 - error TS2304: Cannot find name 'LoadingSpinner'.

131         <LoadingSpinner size="lg" />
             ~~~~~~~~~~~~~~

src/pages/Financial.tsx:147:12 - error TS2304: Cannot find name 'Button'.

147           <Button variant="outline" className="flex items-center gap-2">
               ~~~~~~

src/pages/Financial.tsx:150:13 - error TS2304: Cannot find name 'Button'.

150           </Button>
                ~~~~~~

src/pages/Financial.tsx:151:12 - error TS2304: Cannot find name 'Button'.

151           <Button className="flex items-center gap-2">
               ~~~~~~

src/pages/Financial.tsx:154:13 - error TS2304: Cannot find name 'Button'.

154           </Button>
                ~~~~~~

src/pages/Financial.tsx:161:12 - error TS2304: Cannot find name 'Card'.

161           <Card>
               ~~~~

src/pages/Financial.tsx:162:14 - error TS2304: Cannot find name 'CardContent'.

162             <CardContent className="p-6">
                 ~~~~~~~~~~~

src/pages/Financial.tsx:175:15 - error TS2304: Cannot find name 'CardContent'.

175             </CardContent>
                  ~~~~~~~~~~~

src/pages/Financial.tsx:176:13 - error TS2304: Cannot find name 'Card'.

176           </Card>
                ~~~~

src/pages/Financial.tsx:178:12 - error TS2304: Cannot find name 'Card'.

178           <Card>
               ~~~~

src/pages/Financial.tsx:179:14 - error TS2304: Cannot find name 'CardContent'.

179             <CardContent className="p-6">
                 ~~~~~~~~~~~

src/pages/Financial.tsx:192:15 - error TS2304: Cannot find name 'CardContent'.

192             </CardContent>
                  ~~~~~~~~~~~

src/pages/Financial.tsx:193:13 - error TS2304: Cannot find name 'Card'.

193           </Card>
                ~~~~

src/pages/Financial.tsx:195:12 - error TS2304: Cannot find name 'Card'.

195           <Card>
               ~~~~

src/pages/Financial.tsx:196:14 - error TS2304: Cannot find name 'CardContent'.

196             <CardContent className="p-6">
                 ~~~~~~~~~~~

src/pages/Financial.tsx:209:15 - error TS2304: Cannot find name 'CardContent'.

209             </CardContent>
                  ~~~~~~~~~~~

src/pages/Financial.tsx:210:13 - error TS2304: Cannot find name 'Card'.

210           </Card>
                ~~~~

src/pages/Financial.tsx:212:12 - error TS2304: Cannot find name 'Card'.

212           <Card>
               ~~~~

src/pages/Financial.tsx:213:14 - error TS2304: Cannot find name 'CardContent'.

213             <CardContent className="p-6">
                 ~~~~~~~~~~~

src/pages/Financial.tsx:228:15 - error TS2304: Cannot find name 'CardContent'.

228             </CardContent>
                  ~~~~~~~~~~~

src/pages/Financial.tsx:229:13 - error TS2304: Cannot find name 'Card'.

229           </Card>
                ~~~~

src/pages/Financial.tsx:293:10 - error TS2304: Cannot find name 'Card'.

293         <Card>
             ~~~~

src/pages/Financial.tsx:294:12 - error TS2304: Cannot find name 'CardContent'.

294           <CardContent className="p-6">
               ~~~~~~~~~~~

src/pages/Financial.tsx:307:18 - error TS2304: Cannot find name 'Button'.

307                 <Button className="flex items-center gap-2">
                     ~~~~~~

src/pages/Financial.tsx:310:19 - error TS2304: Cannot find name 'Button'.

310                 </Button>
                      ~~~~~~

src/pages/Financial.tsx:359:13 - error TS2304: Cannot find name 'CardContent'.

359           </CardContent>
                ~~~~~~~~~~~

src/pages/Financial.tsx:360:11 - error TS2304: Cannot find name 'Card'.

360         </Card>
              ~~~~

src/pages/Financial.tsx:367:12 - error TS2304: Cannot find name 'Card'.

367           <Card>
               ~~~~

src/pages/Financial.tsx:368:14 - error TS2304: Cannot find name 'CardHeader'.

368             <CardHeader>
                 ~~~~~~~~~~

src/pages/Financial.tsx:369:16 - error TS2304: Cannot find name 'CardTitle'.

369               <CardTitle className="flex items-center space-x-2">
                   ~~~~~~~~~

src/pages/Financial.tsx:372:17 - error TS2304: Cannot find name 'CardTitle'.

372               </CardTitle>
                    ~~~~~~~~~

src/pages/Financial.tsx:373:15 - error TS2304: Cannot find name 'CardHeader'.

373             </CardHeader>
                  ~~~~~~~~~~

src/pages/Financial.tsx:374:14 - error TS2304: Cannot find name 'CardContent'.

374             <CardContent>
                 ~~~~~~~~~~~

src/pages/Financial.tsx:417:15 - error TS2304: Cannot find name 'CardContent'.

417             </CardContent>
                  ~~~~~~~~~~~

src/pages/Financial.tsx:418:13 - error TS2304: Cannot find name 'Card'.

418           </Card>
                ~~~~

src/pages/Financial.tsx:421:12 - error TS2304: Cannot find name 'Card'.

421           <Card>
               ~~~~

src/pages/Financial.tsx:422:14 - error TS2304: Cannot find name 'CardHeader'.

422             <CardHeader>
                 ~~~~~~~~~~

src/pages/Financial.tsx:423:16 - error TS2304: Cannot find name 'CardTitle'.

423               <CardTitle className="flex items-center space-x-2">
                   ~~~~~~~~~

src/pages/Financial.tsx:426:17 - error TS2304: Cannot find name 'CardTitle'.

426               </CardTitle>
                    ~~~~~~~~~

src/pages/Financial.tsx:427:15 - error TS2304: Cannot find name 'CardHeader'.

427             </CardHeader>
                  ~~~~~~~~~~

src/pages/Financial.tsx:428:14 - error TS2304: Cannot find name 'CardContent'.

428             <CardContent>
                 ~~~~~~~~~~~

src/pages/Financial.tsx:463:15 - error TS2304: Cannot find name 'CardContent'.

463             </CardContent>
                  ~~~~~~~~~~~

src/pages/Financial.tsx:464:13 - error TS2304: Cannot find name 'Card'.

464           </Card>
                ~~~~

src/pages/Insurers.tsx:5:30 - error TS2307: Cannot find module '../../components/ui/fileimportexport' or its corresponding type declarations.

5 import fileimportexport from '../../components/ui/fileimportexport'
                               ~~~~~~~~~~~~~~~~~~~~~~~~~~~~~~~~~~~~~~

src/pages/Insurers.tsx:956:16 - error TS2304: Cannot find name 'FileImportExport'.

956               <FileImportExport
                   ~~~~~~~~~~~~~~~~

src/pages/Integrations.tsx:2:58 - error TS2307: Cannot find module '../../components/ui/card' or its corresponding type declarations.

2 import { card, cardcontent, cardheader, cardtitle } from '../../components/ui/card'
                                                           ~~~~~~~~~~~~~~~~~~~~~~~~~~

src/pages/Integrations.tsx:3:24 - error TS2307: Cannot find module '../../components/ui/button' or its corresponding type declarations.

3 import { button } from '../../components/ui/button'
                         ~~~~~~~~~~~~~~~~~~~~~~~~~~~~

src/pages/Integrations.tsx:4:32 - error TS2307: Cannot find module '../../components/ui/loadingspinner' or its corresponding type declarations.

4 import { loadingspinner } from '../../components/ui/loadingspinner'
                                 ~~~~~~~~~~~~~~~~~~~~~~~~~~~~~~~~~~~~

src/pages/Integrations.tsx:5:23 - error TS2307: Cannot find module '../../components/ui/input' or its corresponding type declarations.

5 import { input } from '../../components/ui/input'
                        ~~~~~~~~~~~~~~~~~~~~~~~~~~~

src/pages/Integrations.tsx:241:10 - error TS2304: Cannot find name 'LoadingSpinner'.

241         <LoadingSpinner />
             ~~~~~~~~~~~~~~

src/pages/Integrations.tsx:255:12 - error TS2304: Cannot find name 'Button'.

255           <Button variant="outline" className="flex items-center gap-2">
               ~~~~~~

src/pages/Integrations.tsx:258:13 - error TS2304: Cannot find name 'Button'.

258           </Button>
                ~~~~~~

src/pages/Integrations.tsx:259:12 - error TS2304: Cannot find name 'Button'.

259           <Button variant="outline" className="flex items-center gap-2">
               ~~~~~~

src/pages/Integrations.tsx:262:13 - error TS2304: Cannot find name 'Button'.

262           </Button>
                ~~~~~~

src/pages/Integrations.tsx:269:12 - error TS2304: Cannot find name 'Button'.

269           <Button
               ~~~~~~

src/pages/Integrations.tsx:277:13 - error TS2304: Cannot find name 'Button'.

277           </Button>
                ~~~~~~

src/pages/Integrations.tsx:289:14 - error TS2304: Cannot find name 'Card'.

289             <Card key={provider.id} className="relative hover:shadow-lg transition-shadow">
                 ~~~~

src/pages/Integrations.tsx:290:16 - error TS2304: Cannot find name 'CardHeader'.

290               <CardHeader className="pb-4">
                   ~~~~~~~~~~

src/pages/Integrations.tsx:297:24 - error TS2304: Cannot find name 'CardTitle'.

297                       <CardTitle className="text-lg">{provider.name}</CardTitle>
                           ~~~~~~~~~

src/pages/Integrations.tsx:297:71 - error TS2304: Cannot find name 'CardTitle'.

297                       <CardTitle className="text-lg">{provider.name}</CardTitle>
                                                                          ~~~~~~~~~

src/pages/Integrations.tsx:308:17 - error TS2304: Cannot find name 'CardHeader'.

308               </CardHeader>
                    ~~~~~~~~~~

src/pages/Integrations.tsx:310:16 - error TS2304: Cannot find name 'CardContent'.

310               <CardContent>
                   ~~~~~~~~~~~

src/pages/Integrations.tsx:346:24 - error TS2304: Cannot find name 'Button'.

346                       <Button
                           ~~~~~~

src/pages/Integrations.tsx:352:25 - error TS2304: Cannot find name 'Button'.

352                       </Button>
                            ~~~~~~

src/pages/Integrations.tsx:356:24 - error TS2304: Cannot find name 'Button'.

356                       <Button
                           ~~~~~~

src/pages/Integrations.tsx:362:25 - error TS2304: Cannot find name 'Button'.

362                       </Button>
                            ~~~~~~

src/pages/Integrations.tsx:380:17 - error TS2304: Cannot find name 'CardContent'.

380               </CardContent>
                    ~~~~~~~~~~~

src/pages/Integrations.tsx:381:15 - error TS2304: Cannot find name 'Card'.

381             </Card>
                  ~~~~

src/pages/Integrations.tsx:397:8 - error TS2304: Cannot find name 'Card'.

397       <Card>
           ~~~~

src/pages/Integrations.tsx:398:10 - error TS2304: Cannot find name 'CardHeader'.

398         <CardHeader>
             ~~~~~~~~~~

src/pages/Integrations.tsx:399:12 - error TS2304: Cannot find name 'CardTitle'.

399           <CardTitle className="flex items-center gap-2">
               ~~~~~~~~~

src/pages/Integrations.tsx:402:13 - error TS2304: Cannot find name 'CardTitle'.

402           </CardTitle>
                ~~~~~~~~~

src/pages/Integrations.tsx:403:11 - error TS2304: Cannot find name 'CardHeader'.

403         </CardHeader>
              ~~~~~~~~~~

src/pages/Integrations.tsx:404:10 - error TS2304: Cannot find name 'CardContent'.

404         <CardContent>
             ~~~~~~~~~~~

src/pages/Integrations.tsx:428:11 - error TS2304: Cannot find name 'CardContent'.

428         </CardContent>
              ~~~~~~~~~~~

src/pages/Integrations.tsx:429:9 - error TS2304: Cannot find name 'Card'.

429       </Card>
            ~~~~

src/pages/Invoicing.tsx:2:22 - error TS2307: Cannot find module '../../components/ui/card' or its corresponding type declarations.

2 import { card } from '../../components/ui/card'
                       ~~~~~~~~~~~~~~~~~~~~~~~~~~

src/pages/Invoicing.tsx:3:24 - error TS2307: Cannot find module '../../components/ui/button' or its corresponding type declarations.

3 import { button } from '../../components/ui/button'
                         ~~~~~~~~~~~~~~~~~~~~~~~~~~~~

src/pages/Invoicing.tsx:92:10 - error TS2304: Cannot find name 'Button'.

92         <Button className="flex items-center space-x-2">
            ~~~~~~

src/pages/Invoicing.tsx:95:11 - error TS2304: Cannot find name 'Button'.

95         </Button>
             ~~~~~~

src/pages/Invoicing.tsx:100:10 - error TS2304: Cannot find name 'Card'.

100         <Card className="p-6">
             ~~~~

src/pages/Invoicing.tsx:110:11 - error TS2304: Cannot find name 'Card'.

110         </Card>
              ~~~~

src/pages/Invoicing.tsx:112:10 - error TS2304: Cannot find name 'Card'.

112         <Card className="p-6">
             ~~~~

src/pages/Invoicing.tsx:122:11 - error TS2304: Cannot find name 'Card'.

122         </Card>
              ~~~~

src/pages/Invoicing.tsx:124:10 - error TS2304: Cannot find name 'Card'.

124         <Card className="p-6">
             ~~~~

src/pages/Invoicing.tsx:134:11 - error TS2304: Cannot find name 'Card'.

134         </Card>
              ~~~~

src/pages/Invoicing.tsx:136:10 - error TS2304: Cannot find name 'Card'.

136         <Card className="p-6">
             ~~~~

src/pages/Invoicing.tsx:146:11 - error TS2304: Cannot find name 'Card'.

146         </Card>
              ~~~~

src/pages/Invoicing.tsx:150:8 - error TS2304: Cannot find name 'Card'.

150       <Card className="p-6">
           ~~~~

src/pages/Invoicing.tsx:179:14 - error TS2304: Cannot find name 'Button'.

179             <Button variant="outline">
                 ~~~~~~

src/pages/Invoicing.tsx:182:15 - error TS2304: Cannot find name 'Button'.

182             </Button>
                  ~~~~~~

src/pages/Invoicing.tsx:184:14 - error TS2304: Cannot find name 'Button'.

184             <Button variant="outline">
                 ~~~~~~

src/pages/Invoicing.tsx:187:15 - error TS2304: Cannot find name 'Button'.

187             </Button>
                  ~~~~~~

src/pages/Invoicing.tsx:190:9 - error TS2304: Cannot find name 'Card'.

190       </Card>
            ~~~~

src/pages/Invoicing.tsx:193:8 - error TS2304: Cannot find name 'Card'.

193       <Card>
           ~~~~

src/pages/Invoicing.tsx:285:9 - error TS2304: Cannot find name 'Card'.

285       </Card>
            ~~~~

src/pages/Notifications.tsx:4:58 - error TS2307: Cannot find module '../../components/ui/card' or its corresponding type declarations.

4 import { card, cardcontent, cardheader, cardtitle } from '../../components/ui/card'
                                                           ~~~~~~~~~~~~~~~~~~~~~~~~~~

src/pages/Notifications.tsx:5:24 - error TS2307: Cannot find module '../../components/ui/button' or its corresponding type declarations.

5 import { button } from '../../components/ui/button'
                         ~~~~~~~~~~~~~~~~~~~~~~~~~~~~

src/pages/Notifications.tsx:6:32 - error TS2307: Cannot find module '../../components/ui/loadingspinner' or its corresponding type declarations.

6 import { loadingspinner } from '../../components/ui/loadingspinner'
                                 ~~~~~~~~~~~~~~~~~~~~~~~~~~~~~~~~~~~~

src/pages/Notifications.tsx:192:10 - error TS2304: Cannot find name 'LoadingSpinner'.

192         <LoadingSpinner size="lg" />
             ~~~~~~~~~~~~~~

src/pages/Notifications.tsx:213:16 - error TS2304: Cannot find name 'Button'.

213               <Button
                   ~~~~~~

src/pages/Notifications.tsx:221:17 - error TS2304: Cannot find name 'Button'.

221               </Button>
                    ~~~~~~

src/pages/Notifications.tsx:222:16 - error TS2304: Cannot find name 'Button'.

222               <Button
                   ~~~~~~

src/pages/Notifications.tsx:230:17 - error TS2304: Cannot find name 'Button'.

230               </Button>
                    ~~~~~~

src/pages/Notifications.tsx:231:16 - error TS2304: Cannot find name 'Button'.

231               <Button
                   ~~~~~~

src/pages/Notifications.tsx:239:17 - error TS2304: Cannot find name 'Button'.

239               </Button>
                    ~~~~~~

src/pages/Notifications.tsx:240:16 - error TS2304: Cannot find name 'Button'.

240               <Button
                   ~~~~~~

src/pages/Notifications.tsx:248:17 - error TS2304: Cannot find name 'Button'.

248               </Button>
                    ~~~~~~

src/pages/Notifications.tsx:252:14 - error TS2304: Cannot find name 'Button'.

252             <Button
                 ~~~~~~

src/pages/Notifications.tsx:258:15 - error TS2304: Cannot find name 'Button'.

258             </Button>
                  ~~~~~~

src/pages/Notifications.tsx:265:10 - error TS2304: Cannot find name 'Card'.

265         <Card>
             ~~~~

src/pages/Notifications.tsx:266:12 - error TS2304: Cannot find name 'CardContent'.

266           <CardContent className="p-6">
               ~~~~~~~~~~~

src/pages/Notifications.tsx:274:13 - error TS2304: Cannot find name 'CardContent'.

274           </CardContent>
                ~~~~~~~~~~~

src/pages/Notifications.tsx:275:11 - error TS2304: Cannot find name 'Card'.

275         </Card>
              ~~~~

src/pages/Notifications.tsx:277:10 - error TS2304: Cannot find name 'Card'.

277         <Card>
             ~~~~

src/pages/Notifications.tsx:278:12 - error TS2304: Cannot find name 'CardContent'.

278           <CardContent className="p-6">
               ~~~~~~~~~~~

src/pages/Notifications.tsx:286:13 - error TS2304: Cannot find name 'CardContent'.

286           </CardContent>
                ~~~~~~~~~~~

src/pages/Notifications.tsx:287:11 - error TS2304: Cannot find name 'Card'.

287         </Card>
              ~~~~

src/pages/Notifications.tsx:289:10 - error TS2304: Cannot find name 'Card'.

289         <Card>
             ~~~~

src/pages/Notifications.tsx:290:12 - error TS2304: Cannot find name 'CardContent'.

290           <CardContent className="p-6">
               ~~~~~~~~~~~

src/pages/Notifications.tsx:300:13 - error TS2304: Cannot find name 'CardContent'.

300           </CardContent>
                ~~~~~~~~~~~

src/pages/Notifications.tsx:301:11 - error TS2304: Cannot find name 'Card'.

301         </Card>
              ~~~~

src/pages/Notifications.tsx:303:10 - error TS2304: Cannot find name 'Card'.

303         <Card>
             ~~~~

src/pages/Notifications.tsx:304:12 - error TS2304: Cannot find name 'CardContent'.

304           <CardContent className="p-6">
               ~~~~~~~~~~~

src/pages/Notifications.tsx:316:13 - error TS2304: Cannot find name 'CardContent'.

316           </CardContent>
                ~~~~~~~~~~~

src/pages/Notifications.tsx:317:11 - error TS2304: Cannot find name 'Card'.

317         </Card>
              ~~~~

src/pages/Notifications.tsx:357:12 - error TS2304: Cannot find name 'Button'.

357           <Button
               ~~~~~~

src/pages/Notifications.tsx:365:13 - error TS2304: Cannot find name 'Button'.

365           </Button>
                ~~~~~~

src/pages/Notifications.tsx:371:10 - error TS2304: Cannot find name 'Card'.

371         <Card>
             ~~~~

src/pages/Notifications.tsx:372:12 - error TS2304: Cannot find name 'CardContent'.

372           <CardContent className="p-12 text-center">
               ~~~~~~~~~~~

src/pages/Notifications.tsx:383:13 - error TS2304: Cannot find name 'CardContent'.

383           </CardContent>
                ~~~~~~~~~~~

src/pages/Notifications.tsx:384:11 - error TS2304: Cannot find name 'Card'.

384         </Card>
              ~~~~

src/pages/Notifications.tsx:398:18 - error TS2304: Cannot find name 'Card'.

398                 <Card
                     ~~~~

src/pages/Notifications.tsx:403:18 - error TS2304: Cannot find name 'CardContent'.

403                 <CardContent className="p-4">
                     ~~~~~~~~~~~

src/pages/Notifications.tsx:450:32 - error TS2304: Cannot find name 'Button'.

450                               <Button
                                   ~~~~~~

src/pages/Notifications.tsx:461:33 - error TS2304: Cannot find name 'Button'.

461                               </Button>
                                    ~~~~~~

src/pages/Notifications.tsx:464:30 - error TS2304: Cannot find name 'Button'.

464                             <Button
                                 ~~~~~~

src/pages/Notifications.tsx:480:31 - error TS2304: Cannot find name 'Button'.

480                             </Button>
                                  ~~~~~~

src/pages/Notifications.tsx:486:19 - error TS2304: Cannot find name 'CardContent'.

486                 </CardContent>
                      ~~~~~~~~~~~

src/pages/Notifications.tsx:487:17 - error TS2304: Cannot find name 'Card'.

487               </Card>
                    ~~~~

src/pages/Payables.tsx:2:22 - error TS2307: Cannot find module '../../components/ui/card' or its corresponding type declarations.

2 import { card } from '../../components/ui/card'
                       ~~~~~~~~~~~~~~~~~~~~~~~~~~

src/pages/Payables.tsx:3:24 - error TS2307: Cannot find module '../../components/ui/button' or its corresponding type declarations.

3 import { button } from '../../components/ui/button'
                         ~~~~~~~~~~~~~~~~~~~~~~~~~~~~

src/pages/Payables.tsx:109:10 - error TS2304: Cannot find name 'Button'.

109         <Button className="flex items-center space-x-2">
             ~~~~~~

src/pages/Payables.tsx:112:11 - error TS2304: Cannot find name 'Button'.

112         </Button>
              ~~~~~~

src/pages/Payables.tsx:117:10 - error TS2304: Cannot find name 'Card'.

117         <Card className="p-6">
             ~~~~

src/pages/Payables.tsx:127:11 - error TS2304: Cannot find name 'Card'.

127         </Card>
              ~~~~

src/pages/Payables.tsx:129:10 - error TS2304: Cannot find name 'Card'.

129         <Card className="p-6">
             ~~~~

src/pages/Payables.tsx:139:11 - error TS2304: Cannot find name 'Card'.

139         </Card>
              ~~~~

src/pages/Payables.tsx:141:10 - error TS2304: Cannot find name 'Card'.

141         <Card className="p-6">
             ~~~~

src/pages/Payables.tsx:151:11 - error TS2304: Cannot find name 'Card'.

151         </Card>
              ~~~~

src/pages/Payables.tsx:153:10 - error TS2304: Cannot find name 'Card'.

153         <Card className="p-6">
             ~~~~

src/pages/Payables.tsx:163:11 - error TS2304: Cannot find name 'Card'.

163         </Card>
              ~~~~

src/pages/Payables.tsx:167:8 - error TS2304: Cannot find name 'Card'.

167       <Card className="p-6">
           ~~~~

src/pages/Payables.tsx:196:14 - error TS2304: Cannot find name 'Button'.

196             <Button variant="outline">
                 ~~~~~~

src/pages/Payables.tsx:199:15 - error TS2304: Cannot find name 'Button'.

199             </Button>
                  ~~~~~~

src/pages/Payables.tsx:201:14 - error TS2304: Cannot find name 'Button'.

201             <Button variant="outline">
                 ~~~~~~

src/pages/Payables.tsx:204:15 - error TS2304: Cannot find name 'Button'.

204             </Button>
                  ~~~~~~

src/pages/Payables.tsx:207:9 - error TS2304: Cannot find name 'Card'.

207       </Card>
            ~~~~

src/pages/Payables.tsx:210:8 - error TS2304: Cannot find name 'Card'.

210       <Card>
           ~~~~

src/pages/Payables.tsx:304:9 - error TS2304: Cannot find name 'Card'.

304       </Card>
            ~~~~

src/pages/Properties.tsx:2:58 - error TS2307: Cannot find module '../../components/ui/card' or its corresponding type declarations.

2 import { card, cardcontent, cardheader, cardtitle } from '../../components/ui/card'
                                                           ~~~~~~~~~~~~~~~~~~~~~~~~~~

src/pages/Properties.tsx:3:24 - error TS2307: Cannot find module '../../components/ui/button' or its corresponding type declarations.

3 import { button } from '../../components/ui/button'
                         ~~~~~~~~~~~~~~~~~~~~~~~~~~~~

src/pages/Properties.tsx:4:32 - error TS2307: Cannot find module '../../components/ui/loadingspinner' or its corresponding type declarations.

4 import { loadingspinner } from '../../components/ui/loadingspinner'
                                 ~~~~~~~~~~~~~~~~~~~~~~~~~~~~~~~~~~~~

src/pages/Properties.tsx:112:10 - error TS2304: Cannot find name 'LoadingSpinner'.

112         <LoadingSpinner size="lg" />
             ~~~~~~~~~~~~~~

src/pages/Properties.tsx:128:12 - error TS2304: Cannot find name 'Button'.

128           <Button variant="outline" className="flex items-center gap-2">
               ~~~~~~

src/pages/Properties.tsx:131:13 - error TS2304: Cannot find name 'Button'.

131           </Button>
                ~~~~~~

src/pages/Properties.tsx:132:12 - error TS2304: Cannot find name 'Button'.

132           <Button variant="outline" className="flex items-center gap-2">
               ~~~~~~

src/pages/Properties.tsx:135:13 - error TS2304: Cannot find name 'Button'.

135           </Button>
                ~~~~~~

src/pages/Properties.tsx:136:12 - error TS2304: Cannot find name 'Button'.

136           <Button className="flex items-center gap-2">
               ~~~~~~

src/pages/Properties.tsx:139:13 - error TS2304: Cannot find name 'Button'.

139           </Button>
                ~~~~~~

src/pages/Properties.tsx:145:10 - error TS2304: Cannot find name 'Card'.

145         <Card>
             ~~~~

src/pages/Properties.tsx:146:12 - error TS2304: Cannot find name 'CardContent'.

146           <CardContent className="p-6">
               ~~~~~~~~~~~

src/pages/Properties.tsx:154:13 - error TS2304: Cannot find name 'CardContent'.

154           </CardContent>
                ~~~~~~~~~~~

src/pages/Properties.tsx:155:11 - error TS2304: Cannot find name 'Card'.

155         </Card>
              ~~~~

src/pages/Properties.tsx:157:10 - error TS2304: Cannot find name 'Card'.

157         <Card>
             ~~~~

src/pages/Properties.tsx:158:12 - error TS2304: Cannot find name 'CardContent'.

158           <CardContent className="p-6">
               ~~~~~~~~~~~

src/pages/Properties.tsx:168:13 - error TS2304: Cannot find name 'CardContent'.

168           </CardContent>
                ~~~~~~~~~~~

src/pages/Properties.tsx:169:11 - error TS2304: Cannot find name 'Card'.

169         </Card>
              ~~~~

src/pages/Properties.tsx:171:10 - error TS2304: Cannot find name 'Card'.

171         <Card>
             ~~~~

src/pages/Properties.tsx:172:12 - error TS2304: Cannot find name 'CardContent'.

172           <CardContent className="p-6">
               ~~~~~~~~~~~

src/pages/Properties.tsx:182:13 - error TS2304: Cannot find name 'CardContent'.

182           </CardContent>
                ~~~~~~~~~~~

src/pages/Properties.tsx:183:11 - error TS2304: Cannot find name 'Card'.

183         </Card>
              ~~~~

src/pages/Properties.tsx:185:10 - error TS2304: Cannot find name 'Card'.

185         <Card>
             ~~~~

src/pages/Properties.tsx:186:12 - error TS2304: Cannot find name 'CardContent'.

186           <CardContent className="p-6">
               ~~~~~~~~~~~

src/pages/Properties.tsx:196:13 - error TS2304: Cannot find name 'CardContent'.

196           </CardContent>
                ~~~~~~~~~~~

src/pages/Properties.tsx:197:11 - error TS2304: Cannot find name 'Card'.

197         </Card>
              ~~~~

src/pages/Properties.tsx:268:10 - error TS2304: Cannot find name 'Card'.

268         <Card>
             ~~~~

src/pages/Properties.tsx:269:12 - error TS2304: Cannot find name 'CardContent'.

269           <CardContent className="p-12 text-center">
               ~~~~~~~~~~~

src/pages/Properties.tsx:281:16 - error TS2304: Cannot find name 'Button'.

281               <Button className="flex items-center gap-2">
                   ~~~~~~

src/pages/Properties.tsx:284:17 - error TS2304: Cannot find name 'Button'.

284               </Button>
                    ~~~~~~

src/pages/Properties.tsx:286:13 - error TS2304: Cannot find name 'CardContent'.

286           </CardContent>
                ~~~~~~~~~~~

src/pages/Properties.tsx:287:11 - error TS2304: Cannot find name 'Card'.

287         </Card>
              ~~~~

src/pages/Properties.tsx:296:16 - error TS2304: Cannot find name 'Card'.

296               <Card key={property.id} className="hover:shadow-lg transition-shadow">
                   ~~~~

src/pages/Properties.tsx:297:18 - error TS2304: Cannot find name 'CardContent'.

297                 <CardContent className="p-6">
                     ~~~~~~~~~~~

src/pages/Properties.tsx:397:22 - error TS2304: Cannot find name 'Button'.

397                     <Button variant="outline" size="sm" className="flex-1 flex items-center gap-1">
                         ~~~~~~

src/pages/Properties.tsx:400:23 - error TS2304: Cannot find name 'Button'.

400                     </Button>
                          ~~~~~~

src/pages/Properties.tsx:401:22 - error TS2304: Cannot find name 'Button'.

401                     <Button variant="outline" size="sm" className="flex-1 flex items-center gap-1">
                         ~~~~~~

src/pages/Properties.tsx:404:23 - error TS2304: Cannot find name 'Button'.

404                     </Button>
                          ~~~~~~

src/pages/Properties.tsx:405:22 - error TS2304: Cannot find name 'Button'.

405                     <Button variant="outline" size="sm" className="flex-1 flex items-center gap-1">
                         ~~~~~~

src/pages/Properties.tsx:408:23 - error TS2304: Cannot find name 'Button'.

408                     </Button>
                          ~~~~~~

src/pages/Properties.tsx:410:19 - error TS2304: Cannot find name 'CardContent'.

410                 </CardContent>
                      ~~~~~~~~~~~

src/pages/Properties.tsx:411:17 - error TS2304: Cannot find name 'Card'.

411               </Card>
                    ~~~~

src/pages/Properties.tsx:418:8 - error TS2304: Cannot find name 'Card'.

418       <Card>
           ~~~~

src/pages/Properties.tsx:419:10 - error TS2304: Cannot find name 'CardHeader'.

419         <CardHeader>
             ~~~~~~~~~~

src/pages/Properties.tsx:420:12 - error TS2304: Cannot find name 'CardTitle'.

420           <CardTitle className="flex items-center space-x-2">
               ~~~~~~~~~

src/pages/Properties.tsx:423:13 - error TS2304: Cannot find name 'CardTitle'.

423           </CardTitle>
                ~~~~~~~~~

src/pages/Properties.tsx:424:11 - error TS2304: Cannot find name 'CardHeader'.

424         </CardHeader>
              ~~~~~~~~~~

src/pages/Properties.tsx:425:10 - error TS2304: Cannot find name 'CardContent'.

425         <CardContent>
             ~~~~~~~~~~~

src/pages/Properties.tsx:427:14 - error TS2304: Cannot find name 'Button'.

427             <Button variant="outline" className="flex items-center space-x-2 p-4 h-auto">
                 ~~~~~~

src/pages/Properties.tsx:433:15 - error TS2304: Cannot find name 'Button'.

433             </Button>
                  ~~~~~~

src/pages/Properties.tsx:435:14 - error TS2304: Cannot find name 'Button'.

435             <Button variant="outline" className="flex items-center space-x-2 p-4 h-auto">
                 ~~~~~~

src/pages/Properties.tsx:441:15 - error TS2304: Cannot find name 'Button'.

441             </Button>
                  ~~~~~~

src/pages/Properties.tsx:443:14 - error TS2304: Cannot find name 'Button'.

443             <Button variant="outline" className="flex items-center space-x-2 p-4 h-auto">
                 ~~~~~~

src/pages/Properties.tsx:449:15 - error TS2304: Cannot find name 'Button'.

449             </Button>
                  ~~~~~~

src/pages/Properties.tsx:451:11 - error TS2304: Cannot find name 'CardContent'.

451         </CardContent>
              ~~~~~~~~~~~

src/pages/Properties.tsx:452:9 - error TS2304: Cannot find name 'Card'.

452       </Card>
            ~~~~

src/pages/Settings.tsx:7:58 - error TS2307: Cannot find module '../../components/ui/card' or its corresponding type declarations.

7 import { card, cardcontent, cardheader, cardtitle } from '../../components/ui/card'
                                                           ~~~~~~~~~~~~~~~~~~~~~~~~~~

src/pages/Settings.tsx:8:24 - error TS2307: Cannot find module '../../components/ui/button' or its corresponding type declarations.

8 import { button } from '../../components/ui/button'
                         ~~~~~~~~~~~~~~~~~~~~~~~~~~~~

src/pages/Settings.tsx:9:32 - error TS2307: Cannot find module '../../components/ui/loadingspinner' or its corresponding type declarations.

9 import { loadingspinner } from '../../components/ui/loadingspinner'
                                 ~~~~~~~~~~~~~~~~~~~~~~~~~~~~~~~~~~~~

src/pages/Settings.tsx:795:20 - error TS2304: Cannot find name 'Button'.

795                   <Button
                       ~~~~~~

src/pages/Settings.tsx:800:21 - error TS2304: Cannot find name 'Button'.

800                   </Button>
                        ~~~~~~

src/pages/Settings.tsx:1258:28 - error TS2304: Cannot find name 'Button'.

1258                           <Button
                                ~~~~~~

src/pages/Settings.tsx:1264:41 - error TS2304: Cannot find name 'LoadingSpinner'.

1264                             {loading ? <LoadingSpinner size="sm" /> : 'Test Connection'}
                                             ~~~~~~~~~~~~~~

src/pages/Settings.tsx:1265:29 - error TS2304: Cannot find name 'Button'.

1265                           </Button>
                                 ~~~~~~

src/pages/Settings.tsx:1337:20 - error TS2304: Cannot find name 'Button'.

1337                   <Button variant="outline" size="sm">Update</Button>
                        ~~~~~~

src/pages/Settings.tsx:1337:63 - error TS2304: Cannot find name 'Button'.

1337                   <Button variant="outline" size="sm">Update</Button>
                                                                   ~~~~~~

src/pages/Settings.tsx:1343:16 - error TS2304: Cannot find name 'Button'.

1343               <Button
                    ~~~~~~

src/pages/Settings.tsx:1348:17 - error TS2304: Cannot find name 'Button'.

1348               </Button>
                     ~~~~~~

src/pages/Settings.tsx:1349:16 - error TS2304: Cannot find name 'Button'.

1349               <Button
                    ~~~~~~

src/pages/Settings.tsx:1354:17 - error TS2304: Cannot find name 'Button'.

1354               </Button>
                     ~~~~~~

src/pages/Settings.tsx:1355:16 - error TS2304: Cannot find name 'Button'.

1355               <Button
                    ~~~~~~

src/pages/Settings.tsx:1361:17 - error TS2304: Cannot find name 'Button'.

1361               </Button>
                     ~~~~~~

src/pages/Settings.tsx:1377:20 - error TS2304: Cannot find name 'Button'.

1377                   <Button
                        ~~~~~~

src/pages/Settings.tsx:1382:33 - error TS2304: Cannot find name 'LoadingSpinner'.

1382                     {loading ? <LoadingSpinner size="sm" /> : <Download className="h-4 w-4" />}
                                     ~~~~~~~~~~~~~~

src/pages/Settings.tsx:1384:21 - error TS2304: Cannot find name 'Button'.

1384                   </Button>
                         ~~~~~~

src/pages/Settings.tsx:1390:20 - error TS2304: Cannot find name 'Button'.

1390                   <Button variant="outline" className="flex items-center gap-2">
                        ~~~~~~

src/pages/Settings.tsx:1393:21 - error TS2304: Cannot find name 'Button'.

1393                   </Button>
                         ~~~~~~

src/pages/Settings.tsx:1406:18 - error TS2304: Cannot find name 'Button'.

1406                 <Button variant="outline" className="flex items-center gap-2">
                      ~~~~~~

src/pages/Settings.tsx:1409:19 - error TS2304: Cannot find name 'Button'.

1409                 </Button>
                       ~~~~~~

src/pages/Settings.tsx:1430:20 - error TS2304: Cannot find name 'Button'.

1430                   <Button variant="outline" size="sm">Migrate</Button>
                        ~~~~~~

src/pages/Settings.tsx:1430:64 - error TS2304: Cannot find name 'Button'.

1430                   <Button variant="outline" size="sm">Migrate</Button>
                                                                    ~~~~~~

src/pages/Settings.tsx:1436:20 - error TS2304: Cannot find name 'Button'.

1436                   <Button variant="outline" size="sm">Import</Button>
                        ~~~~~~

src/pages/Settings.tsx:1436:63 - error TS2304: Cannot find name 'Button'.

1436                   <Button variant="outline" size="sm">Import</Button>
                                                                   ~~~~~~

src/pages/Settings.tsx:1442:20 - error TS2304: Cannot find name 'Button'.

1442                   <Button variant="outline" size="sm">Contact</Button>
                        ~~~~~~

src/pages/Settings.tsx:1442:64 - error TS2304: Cannot find name 'Button'.

1442                   <Button variant="outline" size="sm">Contact</Button>
                                                                    ~~~~~~

src/pages/Settings.tsx:1459:14 - error TS2304: Cannot find name 'LoadingSpinner'.

1459             <LoadingSpinner size="lg" />
                  ~~~~~~~~~~~~~~

src/pages/Settings.tsx:1477:10 - error TS2304: Cannot find name 'Button'.

1477         <Button
              ~~~~~~

src/pages/Settings.tsx:1482:22 - error TS2304: Cannot find name 'LoadingSpinner'.

1482           {saving ? <LoadingSpinner size="sm" /> : <Save className="h-4 w-4" />}
                          ~~~~~~~~~~~~~~

src/pages/Settings.tsx:1484:11 - error TS2304: Cannot find name 'Button'.

1484         </Button>
               ~~~~~~

src/pages/Settings.tsx:1513:12 - error TS2304: Cannot find name 'Card'.

1513           <Card>
                ~~~~

src/pages/Settings.tsx:1514:14 - error TS2304: Cannot find name 'CardContent'.

1514             <CardContent className="p-6">
                  ~~~~~~~~~~~

src/pages/Settings.tsx:1516:15 - error TS2304: Cannot find name 'CardContent'.

1516             </CardContent>
                   ~~~~~~~~~~~

src/pages/Settings.tsx:1517:13 - error TS2304: Cannot find name 'Card'.

1517           </Card>
                 ~~~~

src/pages/Settlements.tsx:2:58 - error TS2307: Cannot find module '../../components/ui/card' or its corresponding type declarations.

2 import { card, cardcontent, cardheader, cardtitle } from '../../components/ui/card'
                                                           ~~~~~~~~~~~~~~~~~~~~~~~~~~

src/pages/Settlements.tsx:3:24 - error TS2307: Cannot find module '../../components/ui/button' or its corresponding type declarations.

3 import { button } from '../../components/ui/button'
                         ~~~~~~~~~~~~~~~~~~~~~~~~~~~~

src/pages/Settlements.tsx:4:32 - error TS2307: Cannot find module '../../components/ui/loadingspinner' or its corresponding type declarations.

4 import { loadingspinner } from '../../components/ui/loadingspinner'
                                 ~~~~~~~~~~~~~~~~~~~~~~~~~~~~~~~~~~~~

src/pages/Settlements.tsx:101:10 - error TS2304: Cannot find name 'LoadingSpinner'.

101         <LoadingSpinner size="lg" />
             ~~~~~~~~~~~~~~

src/pages/Settlements.tsx:117:12 - error TS2304: Cannot find name 'Button'.

117           <Button variant="outline" className="flex items-center gap-2">
               ~~~~~~

src/pages/Settlements.tsx:120:13 - error TS2304: Cannot find name 'Button'.

120           </Button>
                ~~~~~~

src/pages/Settlements.tsx:121:12 - error TS2304: Cannot find name 'Button'.

121           <Button variant="outline" className="flex items-center gap-2">
               ~~~~~~

src/pages/Settlements.tsx:124:13 - error TS2304: Cannot find name 'Button'.

124           </Button>
                ~~~~~~

src/pages/Settlements.tsx:125:12 - error TS2304: Cannot find name 'Button'.

125           <Button className="flex items-center gap-2">
               ~~~~~~

src/pages/Settlements.tsx:128:13 - error TS2304: Cannot find name 'Button'.

128           </Button>
                ~~~~~~

src/pages/Settlements.tsx:135:12 - error TS2304: Cannot find name 'Card'.

135           <Card>
               ~~~~

src/pages/Settlements.tsx:136:14 - error TS2304: Cannot find name 'CardContent'.

136             <CardContent className="p-6">
                 ~~~~~~~~~~~

src/pages/Settlements.tsx:147:15 - error TS2304: Cannot find name 'CardContent'.

147             </CardContent>
                  ~~~~~~~~~~~

src/pages/Settlements.tsx:148:13 - error TS2304: Cannot find name 'Card'.

148           </Card>
                ~~~~

src/pages/Settlements.tsx:150:12 - error TS2304: Cannot find name 'Card'.

150           <Card>
               ~~~~

src/pages/Settlements.tsx:151:14 - error TS2304: Cannot find name 'CardContent'.

151             <CardContent className="p-6">
                 ~~~~~~~~~~~

src/pages/Settlements.tsx:164:15 - error TS2304: Cannot find name 'CardContent'.

164             </CardContent>
                  ~~~~~~~~~~~

src/pages/Settlements.tsx:165:13 - error TS2304: Cannot find name 'Card'.

165           </Card>
                ~~~~

src/pages/Settlements.tsx:167:12 - error TS2304: Cannot find name 'Card'.

167           <Card>
               ~~~~

src/pages/Settlements.tsx:168:14 - error TS2304: Cannot find name 'CardContent'.

168             <CardContent className="p-6">
                 ~~~~~~~~~~~

src/pages/Settlements.tsx:181:15 - error TS2304: Cannot find name 'CardContent'.

181             </CardContent>
                  ~~~~~~~~~~~

src/pages/Settlements.tsx:182:13 - error TS2304: Cannot find name 'Card'.

182           </Card>
                ~~~~

src/pages/Settlements.tsx:184:12 - error TS2304: Cannot find name 'Card'.

184           <Card>
               ~~~~

src/pages/Settlements.tsx:185:14 - error TS2304: Cannot find name 'CardContent'.

185             <CardContent className="p-6">
                 ~~~~~~~~~~~

src/pages/Settlements.tsx:198:15 - error TS2304: Cannot find name 'CardContent'.

198             </CardContent>
                  ~~~~~~~~~~~

src/pages/Settlements.tsx:199:13 - error TS2304: Cannot find name 'Card'.

199           </Card>
                ~~~~

src/pages/Settlements.tsx:277:14 - error TS2304: Cannot find name 'Card'.

277             <Card>
                 ~~~~

src/pages/Settlements.tsx:278:16 - error TS2304: Cannot find name 'CardContent'.

278               <CardContent className="p-12 text-center">
                   ~~~~~~~~~~~

src/pages/Settlements.tsx:290:20 - error TS2304: Cannot find name 'Button'.

290                   <Button className="flex items-center gap-2">
                       ~~~~~~

src/pages/Settlements.tsx:293:21 - error TS2304: Cannot find name 'Button'.

293                   </Button>
                        ~~~~~~

src/pages/Settlements.tsx:295:17 - error TS2304: Cannot find name 'CardContent'.

295               </CardContent>
                    ~~~~~~~~~~~

src/pages/Settlements.tsx:296:15 - error TS2304: Cannot find name 'Card'.

296             </Card>
                  ~~~~

src/pages/Settlements.tsx:304:20 - error TS2304: Cannot find name 'Card'.

304                   <Card key={settlement.id} className="hover:shadow-md transition-shadow">
                       ~~~~

src/pages/Settlements.tsx:305:22 - error TS2304: Cannot find name 'CardContent'.

305                     <CardContent className="p-6">
                         ~~~~~~~~~~~

src/pages/Settlements.tsx:375:28 - error TS2304: Cannot find name 'Button'.

375                           <Button variant="outline" size="sm" className="flex items-center gap-1">
                               ~~~~~~

src/pages/Settlements.tsx:378:29 - error TS2304: Cannot find name 'Button'.

378                           </Button>
                                ~~~~~~

src/pages/Settlements.tsx:379:28 - error TS2304: Cannot find name 'Button'.

379                           <Button variant="outline" size="sm" className="flex items-center gap-1">
                               ~~~~~~

src/pages/Settlements.tsx:382:29 - error TS2304: Cannot find name 'Button'.

382                           </Button>
                                ~~~~~~

src/pages/Settlements.tsx:384:30 - error TS2304: Cannot find name 'Button'.

384                             <Button size="sm" className="flex items-center gap-1">
                                 ~~~~~~

src/pages/Settlements.tsx:387:31 - error TS2304: Cannot find name 'Button'.

387                             </Button>
                                  ~~~~~~

src/pages/Settlements.tsx:391:23 - error TS2304: Cannot find name 'CardContent'.

391                     </CardContent>
                          ~~~~~~~~~~~

src/pages/Settlements.tsx:392:21 - error TS2304: Cannot find name 'Card'.

392                   </Card>
                        ~~~~

src/pages/Settlements.tsx:404:12 - error TS2304: Cannot find name 'Card'.

404           <Card>
               ~~~~

src/pages/Settlements.tsx:405:14 - error TS2304: Cannot find name 'CardHeader'.

405             <CardHeader>
                 ~~~~~~~~~~

src/pages/Settlements.tsx:406:16 - error TS2304: Cannot find name 'CardTitle'.

406               <CardTitle className="flex items-center space-x-2">
                   ~~~~~~~~~

src/pages/Settlements.tsx:409:17 - error TS2304: Cannot find name 'CardTitle'.

409               </CardTitle>
                    ~~~~~~~~~

src/pages/Settlements.tsx:410:15 - error TS2304: Cannot find name 'CardHeader'.

410             </CardHeader>
                  ~~~~~~~~~~

src/pages/Settlements.tsx:411:14 - error TS2304: Cannot find name 'CardContent'.

411             <CardContent>
                 ~~~~~~~~~~~

src/pages/Settlements.tsx:444:15 - error TS2304: Cannot find name 'CardContent'.

444             </CardContent>
                  ~~~~~~~~~~~

src/pages/Settlements.tsx:445:13 - error TS2304: Cannot find name 'Card'.

445           </Card>
                ~~~~

src/pages/Settlements.tsx:448:12 - error TS2304: Cannot find name 'Card'.

448           <Card>
               ~~~~

src/pages/Settlements.tsx:449:14 - error TS2304: Cannot find name 'CardHeader'.

449             <CardHeader>
                 ~~~~~~~~~~

src/pages/Settlements.tsx:450:16 - error TS2304: Cannot find name 'CardTitle'.

450               <CardTitle className="flex items-center space-x-2">
                   ~~~~~~~~~

src/pages/Settlements.tsx:453:17 - error TS2304: Cannot find name 'CardTitle'.

453               </CardTitle>
                    ~~~~~~~~~

src/pages/Settlements.tsx:454:15 - error TS2304: Cannot find name 'CardHeader'.

454             </CardHeader>
                  ~~~~~~~~~~

src/pages/Settlements.tsx:455:14 - error TS2304: Cannot find name 'CardContent'.

455             <CardContent>
                 ~~~~~~~~~~~

src/pages/Settlements.tsx:477:15 - error TS2304: Cannot find name 'CardContent'.

477             </CardContent>
                  ~~~~~~~~~~~

src/pages/Settlements.tsx:478:13 - error TS2304: Cannot find name 'Card'.

478           </Card>
                ~~~~

src/pages/Settlements.tsx:486:14 - error TS2304: Cannot find name 'Card'.

486             <Card>
                 ~~~~

src/pages/Settlements.tsx:487:16 - error TS2304: Cannot find name 'CardContent'.

487               <CardContent className="p-6">
                   ~~~~~~~~~~~

src/pages/Settlements.tsx:497:17 - error TS2304: Cannot find name 'CardContent'.

497               </CardContent>
                    ~~~~~~~~~~~

src/pages/Settlements.tsx:498:15 - error TS2304: Cannot find name 'Card'.

498             </Card>
                  ~~~~

src/pages/Settlements.tsx:500:14 - error TS2304: Cannot find name 'Card'.

500             <Card>
                 ~~~~

src/pages/Settlements.tsx:501:16 - error TS2304: Cannot find name 'CardContent'.

501               <CardContent className="p-6">
                   ~~~~~~~~~~~

src/pages/Settlements.tsx:510:17 - error TS2304: Cannot find name 'CardContent'.

510               </CardContent>
                    ~~~~~~~~~~~

src/pages/Settlements.tsx:511:15 - error TS2304: Cannot find name 'Card'.

511             </Card>
                  ~~~~

src/pages/Settlements.tsx:513:14 - error TS2304: Cannot find name 'Card'.

513             <Card>
                 ~~~~

src/pages/Settlements.tsx:514:16 - error TS2304: Cannot find name 'CardContent'.

514               <CardContent className="p-6">
                   ~~~~~~~~~~~

src/pages/Settlements.tsx:523:17 - error TS2304: Cannot find name 'CardContent'.

523               </CardContent>
                    ~~~~~~~~~~~

src/pages/Settlements.tsx:524:15 - error TS2304: Cannot find name 'Card'.

524             </Card>
                  ~~~~

src/pages/Settlements.tsx:527:12 - error TS2304: Cannot find name 'Card'.

527           <Card>
               ~~~~

src/pages/Settlements.tsx:528:14 - error TS2304: Cannot find name 'CardHeader'.

528             <CardHeader>
                 ~~~~~~~~~~

src/pages/Settlements.tsx:529:16 - error TS2304: Cannot find name 'CardTitle'.

529               <CardTitle>Settlement Performance Insights</CardTitle>
                   ~~~~~~~~~

src/pages/Settlements.tsx:529:59 - error TS2304: Cannot find name 'CardTitle'.

529               <CardTitle>Settlement Performance Insights</CardTitle>
                                                              ~~~~~~~~~

src/pages/Settlements.tsx:530:15 - error TS2304: Cannot find name 'CardHeader'.

530             </CardHeader>
                  ~~~~~~~~~~

src/pages/Settlements.tsx:531:14 - error TS2304: Cannot find name 'CardContent'.

531             <CardContent>
                 ~~~~~~~~~~~

src/pages/Settlements.tsx:578:15 - error TS2304: Cannot find name 'CardContent'.

578             </CardContent>
                  ~~~~~~~~~~~

src/pages/Settlements.tsx:579:13 - error TS2304: Cannot find name 'Card'.

579           </Card>
                ~~~~

src/pages/Tasks.tsx:2:58 - error TS2307: Cannot find module '../../components/ui/card' or its corresponding type declarations.

2 import { card, cardcontent, cardheader, cardtitle } from '../../components/ui/card'
                                                           ~~~~~~~~~~~~~~~~~~~~~~~~~~

src/pages/Tasks.tsx:3:24 - error TS2307: Cannot find module '../../components/ui/button' or its corresponding type declarations.

3 import { button } from '../../components/ui/button'
                         ~~~~~~~~~~~~~~~~~~~~~~~~~~~~

src/pages/Tasks.tsx:4:32 - error TS2307: Cannot find module '../../components/ui/loadingspinner' or its corresponding type declarations.

4 import { loadingspinner } from '../../components/ui/loadingspinner'
                                 ~~~~~~~~~~~~~~~~~~~~~~~~~~~~~~~~~~~~

src/pages/Tasks.tsx:129:10 - error TS2304: Cannot find name 'LoadingSpinner'.

129         <LoadingSpinner size="lg" />
             ~~~~~~~~~~~~~~

src/pages/Tasks.tsx:145:12 - error TS2304: Cannot find name 'Button'.

145           <Button variant="outline" className="flex items-center gap-2">
               ~~~~~~

src/pages/Tasks.tsx:148:13 - error TS2304: Cannot find name 'Button'.

148           </Button>
                ~~~~~~

src/pages/Tasks.tsx:149:12 - error TS2304: Cannot find name 'Button'.

149           <Button variant="outline" className="flex items-center gap-2">
               ~~~~~~

src/pages/Tasks.tsx:152:13 - error TS2304: Cannot find name 'Button'.

152           </Button>
                ~~~~~~

src/pages/Tasks.tsx:153:12 - error TS2304: Cannot find name 'Button'.

153           <Button className="flex items-center gap-2">
               ~~~~~~

src/pages/Tasks.tsx:156:13 - error TS2304: Cannot find name 'Button'.

156           </Button>
                ~~~~~~

src/pages/Tasks.tsx:162:10 - error TS2304: Cannot find name 'Card'.

162         <Card>
             ~~~~

src/pages/Tasks.tsx:163:12 - error TS2304: Cannot find name 'CardContent'.

163           <CardContent className="p-6">
               ~~~~~~~~~~~

src/pages/Tasks.tsx:174:13 - error TS2304: Cannot find name 'CardContent'.

174           </CardContent>
                ~~~~~~~~~~~

src/pages/Tasks.tsx:175:11 - error TS2304: Cannot find name 'Card'.

175         </Card>
              ~~~~

src/pages/Tasks.tsx:177:10 - error TS2304: Cannot find name 'Card'.

177         <Card>
             ~~~~

src/pages/Tasks.tsx:178:12 - error TS2304: Cannot find name 'CardContent'.

178           <CardContent className="p-6">
               ~~~~~~~~~~~

src/pages/Tasks.tsx:189:13 - error TS2304: Cannot find name 'CardContent'.

189           </CardContent>
                ~~~~~~~~~~~

src/pages/Tasks.tsx:190:11 - error TS2304: Cannot find name 'Card'.

190         </Card>
              ~~~~

src/pages/Tasks.tsx:192:10 - error TS2304: Cannot find name 'Card'.

192         <Card>
             ~~~~

src/pages/Tasks.tsx:193:12 - error TS2304: Cannot find name 'CardContent'.

193           <CardContent className="p-6">
               ~~~~~~~~~~~

src/pages/Tasks.tsx:204:13 - error TS2304: Cannot find name 'CardContent'.

204           </CardContent>
                ~~~~~~~~~~~

src/pages/Tasks.tsx:205:11 - error TS2304: Cannot find name 'Card'.

205         </Card>
              ~~~~

src/pages/Tasks.tsx:207:10 - error TS2304: Cannot find name 'Card'.

207         <Card>
             ~~~~

src/pages/Tasks.tsx:208:12 - error TS2304: Cannot find name 'CardContent'.

208           <CardContent className="p-6">
               ~~~~~~~~~~~

src/pages/Tasks.tsx:219:13 - error TS2304: Cannot find name 'CardContent'.

219           </CardContent>
                ~~~~~~~~~~~

src/pages/Tasks.tsx:220:11 - error TS2304: Cannot find name 'Card'.

220         </Card>
              ~~~~

src/pages/Tasks.tsx:295:14 - error TS2304: Cannot find name 'Card'.

295             <Card>
                 ~~~~

src/pages/Tasks.tsx:296:16 - error TS2304: Cannot find name 'CardContent'.

296               <CardContent className="p-12 text-center">
                   ~~~~~~~~~~~

src/pages/Tasks.tsx:308:20 - error TS2304: Cannot find name 'Button'.

308                   <Button className="flex items-center gap-2">
                       ~~~~~~

src/pages/Tasks.tsx:311:21 - error TS2304: Cannot find name 'Button'.

311                   </Button>
                        ~~~~~~

src/pages/Tasks.tsx:313:17 - error TS2304: Cannot find name 'CardContent'.

313               </CardContent>
                    ~~~~~~~~~~~

src/pages/Tasks.tsx:314:15 - error TS2304: Cannot find name 'Card'.

314             </Card>
                  ~~~~

src/pages/Tasks.tsx:325:20 - error TS2304: Cannot find name 'Card'.

325                   <Card key={task.id} className="hover:shadow-md transition-shadow">
                       ~~~~

src/pages/Tasks.tsx:326:22 - error TS2304: Cannot find name 'CardContent'.

326                     <CardContent className="p-6">
                         ~~~~~~~~~~~

src/pages/Tasks.tsx:391:30 - error TS2304: Cannot find name 'Button'.

391                             <Button variant="outline" size="sm" className="flex items-center gap-1">
                                 ~~~~~~

src/pages/Tasks.tsx:394:31 - error TS2304: Cannot find name 'Button'.

394                             </Button>
                                  ~~~~~~

src/pages/Tasks.tsx:397:30 - error TS2304: Cannot find name 'Button'.

397                             <Button variant="outline" size="sm" className="flex items-center gap-1">
                                 ~~~~~~

src/pages/Tasks.tsx:400:31 - error TS2304: Cannot find name 'Button'.

400                             </Button>
                                  ~~~~~~

src/pages/Tasks.tsx:402:28 - error TS2304: Cannot find name 'Button'.

402                           <Button variant="ghost" size="sm">
                               ~~~~~~

src/pages/Tasks.tsx:404:29 - error TS2304: Cannot find name 'Button'.

404                           </Button>
                                ~~~~~~

src/pages/Tasks.tsx:407:23 - error TS2304: Cannot find name 'CardContent'.

407                     </CardContent>
                          ~~~~~~~~~~~

src/pages/Tasks.tsx:408:21 - error TS2304: Cannot find name 'Card'.

408                   </Card>
                        ~~~~

src/pages/Tasks.tsx:421:14 - error TS2304: Cannot find name 'Button'.

421             <Button className="flex items-center gap-2">
                 ~~~~~~

src/pages/Tasks.tsx:424:15 - error TS2304: Cannot find name 'Button'.

424             </Button>
                  ~~~~~~

src/pages/Tasks.tsx:451:16 - error TS2304: Cannot find name 'Card'.

451               <Card key={index} className="hover:shadow-lg transition-shadow">
                   ~~~~

src/pages/Tasks.tsx:452:18 - error TS2304: Cannot find name 'CardContent'.

452                 <CardContent className="p-6">
                     ~~~~~~~~~~~

src/pages/Tasks.tsx:479:22 - error TS2304: Cannot find name 'Button'.

479                     <Button variant="outline" size="sm" className="flex-1">
                         ~~~~~~

src/pages/Tasks.tsx:481:23 - error TS2304: Cannot find name 'Button'.

481                     </Button>
                          ~~~~~~

src/pages/Tasks.tsx:482:22 - error TS2304: Cannot find name 'Button'.

482                     <Button variant="outline" size="sm" className="flex-1">
                         ~~~~~~

src/pages/Tasks.tsx:484:23 - error TS2304: Cannot find name 'Button'.

484                     </Button>
                          ~~~~~~

src/pages/Tasks.tsx:486:19 - error TS2304: Cannot find name 'CardContent'.

486                 </CardContent>
                      ~~~~~~~~~~~

src/pages/Tasks.tsx:487:17 - error TS2304: Cannot find name 'Card'.

487               </Card>
                    ~~~~

src/pages/Tasks.tsx:498:14 - error TS2304: Cannot find name 'Button'.

498             <Button className="flex items-center gap-2">
                 ~~~~~~

src/pages/Tasks.tsx:501:15 - error TS2304: Cannot find name 'Button'.

501             </Button>
                  ~~~~~~

src/pages/Tasks.tsx:531:16 - error TS2304: Cannot find name 'Card'.

531               <Card key={index} className="hover:shadow-lg transition-shadow">
                   ~~~~

src/pages/Tasks.tsx:532:18 - error TS2304: Cannot find name 'CardContent'.

532                 <CardContent className="p-6">
                     ~~~~~~~~~~~

src/pages/Tasks.tsx:551:22 - error TS2304: Cannot find name 'Button'.

551                     <Button variant="outline" size="sm" className="flex-1">
                         ~~~~~~

src/pages/Tasks.tsx:553:23 - error TS2304: Cannot find name 'Button'.

553                     </Button>
                          ~~~~~~

src/pages/Tasks.tsx:554:22 - error TS2304: Cannot find name 'Button'.

554                     <Button size="sm" className="flex-1">
                         ~~~~~~

src/pages/Tasks.tsx:556:23 - error TS2304: Cannot find name 'Button'.

556                     </Button>
                          ~~~~~~

src/pages/Tasks.tsx:558:19 - error TS2304: Cannot find name 'CardContent'.

558                 </CardContent>
                      ~~~~~~~~~~~

src/pages/Tasks.tsx:559:17 - error TS2304: Cannot find name 'Card'.

559               </Card>
                    ~~~~

src/pages/Vendors.tsx:2:58 - error TS2307: Cannot find module '../../components/ui/card' or its corresponding type declarations.

2 import { card, cardcontent, cardheader, cardtitle } from '../../components/ui/card'
                                                           ~~~~~~~~~~~~~~~~~~~~~~~~~~

src/pages/Vendors.tsx:3:24 - error TS2307: Cannot find module '../../components/ui/button' or its corresponding type declarations.

3 import { button } from '../../components/ui/button'
                         ~~~~~~~~~~~~~~~~~~~~~~~~~~~~

src/pages/Vendors.tsx:4:32 - error TS2307: Cannot find module '../../components/ui/loadingspinner' or its corresponding type declarations.

4 import { loadingspinner } from '../../components/ui/loadingspinner'
                                 ~~~~~~~~~~~~~~~~~~~~~~~~~~~~~~~~~~~~

src/pages/Vendors.tsx:310:10 - error TS2304: Cannot find name 'LoadingSpinner'.

310         <LoadingSpinner size="lg" />
             ~~~~~~~~~~~~~~

src/pages/Vendors.tsx:323:10 - error TS2304: Cannot find name 'Button'.

323         <Button onClick={() => setShowForm(true)}>
             ~~~~~~

src/pages/Vendors.tsx:326:11 - error TS2304: Cannot find name 'Button'.

326         </Button>
              ~~~~~~

src/pages/Vendors.tsx:359:14 - error TS2304: Cannot find name 'Card'.

359             <Card>
                 ~~~~

src/pages/Vendors.tsx:360:16 - error TS2304: Cannot find name 'CardHeader'.

360               <CardHeader className="pb-3">
                   ~~~~~~~~~~

src/pages/Vendors.tsx:361:18 - error TS2304: Cannot find name 'CardTitle'.

361                 <CardTitle className="flex items-center space-x-2">
                     ~~~~~~~~~

src/pages/Vendors.tsx:364:19 - error TS2304: Cannot find name 'CardTitle'.

364                 </CardTitle>
                      ~~~~~~~~~

src/pages/Vendors.tsx:365:17 - error TS2304: Cannot find name 'CardHeader'.

365               </CardHeader>
                    ~~~~~~~~~~

src/pages/Vendors.tsx:366:16 - error TS2304: Cannot find name 'CardContent'.

366               <CardContent>
                   ~~~~~~~~~~~

src/pages/Vendors.tsx:369:17 - error TS2304: Cannot find name 'CardContent'.

369               </CardContent>
                    ~~~~~~~~~~~

src/pages/Vendors.tsx:370:15 - error TS2304: Cannot find name 'Card'.

370             </Card>
                  ~~~~

src/pages/Vendors.tsx:372:14 - error TS2304: Cannot find name 'Card'.

372             <Card>
                 ~~~~

src/pages/Vendors.tsx:373:16 - error TS2304: Cannot find name 'CardHeader'.

373               <CardHeader className="pb-3">
                   ~~~~~~~~~~

src/pages/Vendors.tsx:374:18 - error TS2304: Cannot find name 'CardTitle'.

374                 <CardTitle className="flex items-center space-x-2">
                     ~~~~~~~~~

src/pages/Vendors.tsx:377:19 - error TS2304: Cannot find name 'CardTitle'.

377                 </CardTitle>
                      ~~~~~~~~~

src/pages/Vendors.tsx:378:17 - error TS2304: Cannot find name 'CardHeader'.

378               </CardHeader>
                    ~~~~~~~~~~

src/pages/Vendors.tsx:379:16 - error TS2304: Cannot find name 'CardContent'.

379               <CardContent>
                   ~~~~~~~~~~~

src/pages/Vendors.tsx:387:17 - error TS2304: Cannot find name 'CardContent'.

387               </CardContent>
                    ~~~~~~~~~~~

src/pages/Vendors.tsx:388:15 - error TS2304: Cannot find name 'Card'.

388             </Card>
                  ~~~~

src/pages/Vendors.tsx:390:14 - error TS2304: Cannot find name 'Card'.

390             <Card>
                 ~~~~

src/pages/Vendors.tsx:391:16 - error TS2304: Cannot find name 'CardHeader'.

391               <CardHeader className="pb-3">
                   ~~~~~~~~~~

src/pages/Vendors.tsx:392:18 - error TS2304: Cannot find name 'CardTitle'.

392                 <CardTitle className="flex items-center space-x-2">
                     ~~~~~~~~~

src/pages/Vendors.tsx:395:19 - error TS2304: Cannot find name 'CardTitle'.

395                 </CardTitle>
                      ~~~~~~~~~

src/pages/Vendors.tsx:396:17 - error TS2304: Cannot find name 'CardHeader'.

396               </CardHeader>
                    ~~~~~~~~~~

src/pages/Vendors.tsx:397:16 - error TS2304: Cannot find name 'CardContent'.

397               <CardContent>
                   ~~~~~~~~~~~

src/pages/Vendors.tsx:402:17 - error TS2304: Cannot find name 'CardContent'.

402               </CardContent>
                    ~~~~~~~~~~~

src/pages/Vendors.tsx:403:15 - error TS2304: Cannot find name 'Card'.

403             </Card>
                  ~~~~

src/pages/Vendors.tsx:405:14 - error TS2304: Cannot find name 'Card'.

405             <Card>
                 ~~~~

src/pages/Vendors.tsx:406:16 - error TS2304: Cannot find name 'CardHeader'.

406               <CardHeader className="pb-3">
                   ~~~~~~~~~~

src/pages/Vendors.tsx:407:18 - error TS2304: Cannot find name 'CardTitle'.

407                 <CardTitle className="flex items-center space-x-2">
                     ~~~~~~~~~

src/pages/Vendors.tsx:410:19 - error TS2304: Cannot find name 'CardTitle'.

410                 </CardTitle>
                      ~~~~~~~~~

src/pages/Vendors.tsx:411:17 - error TS2304: Cannot find name 'CardHeader'.

411               </CardHeader>
                    ~~~~~~~~~~

src/pages/Vendors.tsx:412:16 - error TS2304: Cannot find name 'CardContent'.

412               <CardContent>
                   ~~~~~~~~~~~

src/pages/Vendors.tsx:417:17 - error TS2304: Cannot find name 'CardContent'.

417               </CardContent>
                    ~~~~~~~~~~~

src/pages/Vendors.tsx:418:15 - error TS2304: Cannot find name 'Card'.

418             </Card>
                  ~~~~

src/pages/Vendors.tsx:424:14 - error TS2304: Cannot find name 'Card'.

424             <Card>
                 ~~~~

src/pages/Vendors.tsx:425:16 - error TS2304: Cannot find name 'CardHeader'.

425               <CardHeader>
                   ~~~~~~~~~~

src/pages/Vendors.tsx:426:18 - error TS2304: Cannot find name 'CardTitle'.

426                 <CardTitle>Vendors by Category</CardTitle>
                     ~~~~~~~~~

src/pages/Vendors.tsx:426:49 - error TS2304: Cannot find name 'CardTitle'.

426                 <CardTitle>Vendors by Category</CardTitle>
                                                    ~~~~~~~~~

src/pages/Vendors.tsx:427:17 - error TS2304: Cannot find name 'CardHeader'.

427               </CardHeader>
                    ~~~~~~~~~~

src/pages/Vendors.tsx:428:16 - error TS2304: Cannot find name 'CardContent'.

428               <CardContent>
                   ~~~~~~~~~~~

src/pages/Vendors.tsx:448:17 - error TS2304: Cannot find name 'CardContent'.

448               </CardContent>
                    ~~~~~~~~~~~

src/pages/Vendors.tsx:449:15 - error TS2304: Cannot find name 'Card'.

449             </Card>
                  ~~~~

src/pages/Vendors.tsx:452:14 - error TS2304: Cannot find name 'Card'.

452             <Card>
                 ~~~~

src/pages/Vendors.tsx:453:16 - error TS2304: Cannot find name 'CardHeader'.

453               <CardHeader>
                   ~~~~~~~~~~

src/pages/Vendors.tsx:454:18 - error TS2304: Cannot find name 'CardTitle'.

454                 <CardTitle>Top Performing Vendors</CardTitle>
                     ~~~~~~~~~

src/pages/Vendors.tsx:454:52 - error TS2304: Cannot find name 'CardTitle'.

454                 <CardTitle>Top Performing Vendors</CardTitle>
                                                       ~~~~~~~~~

src/pages/Vendors.tsx:455:17 - error TS2304: Cannot find name 'CardHeader'.

455               </CardHeader>
                    ~~~~~~~~~~

src/pages/Vendors.tsx:456:16 - error TS2304: Cannot find name 'CardContent'.

456               <CardContent>
                   ~~~~~~~~~~~

src/pages/Vendors.tsx:484:17 - error TS2304: Cannot find name 'CardContent'.

484               </CardContent>
                    ~~~~~~~~~~~

src/pages/Vendors.tsx:485:15 - error TS2304: Cannot find name 'Card'.

485             </Card>
                  ~~~~

src/pages/Vendors.tsx:543:14 - error TS2304: Cannot find name 'Button'.

543             <Button variant="outline">
                 ~~~~~~

src/pages/Vendors.tsx:546:15 - error TS2304: Cannot find name 'Button'.

546             </Button>
                  ~~~~~~

src/pages/Vendors.tsx:552:16 - error TS2304: Cannot find name 'Card'.

552               <Card key={vendor.id} className="hover:shadow-lg transition-shadow">
                   ~~~~

src/pages/Vendors.tsx:553:18 - error TS2304: Cannot find name 'CardHeader'.

553                 <CardHeader className="pb-3">
                     ~~~~~~~~~~

src/pages/Vendors.tsx:556:24 - error TS2304: Cannot find name 'CardTitle'.

556                       <CardTitle className="text-lg">{vendor.company_name}</CardTitle>
                           ~~~~~~~~~

src/pages/Vendors.tsx:556:77 - error TS2304: Cannot find name 'CardTitle'.

556                       <CardTitle className="text-lg">{vendor.company_name}</CardTitle>
                                                                                ~~~~~~~~~

src/pages/Vendors.tsx:592:19 - error TS2304: Cannot find name 'CardHeader'.

592                 </CardHeader>
                      ~~~~~~~~~~

src/pages/Vendors.tsx:593:18 - error TS2304: Cannot find name 'CardContent'.

593                 <CardContent>
                     ~~~~~~~~~~~

src/pages/Vendors.tsx:641:22 - error TS2304: Cannot find name 'Button'.

641                     <Button
                         ~~~~~~

src/pages/Vendors.tsx:648:23 - error TS2304: Cannot find name 'Button'.

648                     </Button>
                          ~~~~~~

src/pages/Vendors.tsx:650:24 - error TS2304: Cannot find name 'Button'.

650                       <Button
                           ~~~~~~

src/pages/Vendors.tsx:659:25 - error TS2304: Cannot find name 'Button'.

659                       </Button>
                            ~~~~~~

src/pages/Vendors.tsx:660:24 - error TS2304: Cannot find name 'Button'.

660                       <Button
                           ~~~~~~

src/pages/Vendors.tsx:666:25 - error TS2304: Cannot find name 'Button'.

666                       </Button>
                            ~~~~~~

src/pages/Vendors.tsx:669:19 - error TS2304: Cannot find name 'CardContent'.

669                 </CardContent>
                      ~~~~~~~~~~~

src/pages/Vendors.tsx:670:17 - error TS2304: Cannot find name 'Card'.

670               </Card>
                    ~~~~

src/pages/Vendors.tsx:685:18 - error TS2304: Cannot find name 'Button'.

685                 <Button onClick={() => setShowForm(true)}>
                     ~~~~~~

src/pages/Vendors.tsx:688:19 - error TS2304: Cannot find name 'Button'.

688                 </Button>
                      ~~~~~~


Found 1115 errors.

