
> react_repo@0.0.0 build
> yes | pnpm install && rm -rf node_modules/.vite-temp && tsc -b && vite build

Lockfile is up to date, resolution step is skipped
Already up to date
Done in 865ms using pnpm v10.12.4
src/components/clients/UnifiedClientDetail.tsx:120:3 - error TS1472: 'catch' or 'finally' expected.

120   const handleCancel = () => {
      ~~~~~

src/components/clients/UnifiedClientDetail.tsx:160:3 - error TS1005: ',' expected.

160   const formatPhone = (phone: string) => {
      ~~~~~

src/components/clients/UnifiedClientDetail.tsx:682:2 - error TS1005: '}' expected.

682 }
     

  src/components/clients/UnifiedClientDetail.tsx:101:34
    101   const handleSave = async () => {
                                         ~
    The parser expected to find a '}' to match the '{' token here.

src/components/forms/UnifiedBusinessEntityForm.tsx:227:3 - error TS1005: ')' expected.

227   const addArrayItem = (arrayName: string) => {
      ~~~~~

src/components/forms/UnifiedBusinessEntityForm.tsx:296:3 - error TS1005: ',' expected.

296   const renderBasicInfo = () => (
      ~~~~~

src/components/forms/UnifiedBusinessEntityForm.tsx:856:2 - error TS1472: 'catch' or 'finally' expected.

856 }
     

src/components/wizards/RefactoredEnhancedAIClaimWizard.tsx:98:3 - error TS1005: ',' expected.

98   const wizardSteps: WizardStep[] = [
     ~~~~~

src/components/wizards/RefactoredEnhancedAIClaimWizard.tsx:98:9 - error TS1005: ':' expected.

98   const wizardSteps: WizardStep[] = [
           ~~~~~~~~~~~

src/components/wizards/RefactoredEnhancedAIClaimWizard.tsx:98:20 - error TS1005: ',' expected.

98   const wizardSteps: WizardStep[] = [
                      ~

src/components/wizards/RefactoredEnhancedAIClaimWizard.tsx:98:32 - error TS1005: ',' expected.

98   const wizardSteps: WizardStep[] = [
                                  ~

src/components/wizards/RefactoredEnhancedAIClaimWizard.tsx:98:33 - error TS1109: Expression expected.

98   const wizardSteps: WizardStep[] = [
                                   ~

src/components/wizards/RefactoredEnhancedAIClaimWizard.tsx:98:35 - error TS1005: ':' expected.

98   const wizardSteps: WizardStep[] = [
                                     ~

src/components/wizards/RefactoredEnhancedAIClaimWizard.tsx:249:3 - error TS1005: ',' expected.

249   const wizardConfig: WizardConfig = {
      ~~~~~

src/components/wizards/RefactoredEnhancedAIClaimWizard.tsx:249:9 - error TS1005: ':' expected.

249   const wizardConfig: WizardConfig = {
            ~~~~~~~~~~~~

src/components/wizards/RefactoredEnhancedAIClaimWizard.tsx:249:21 - error TS1005: ',' expected.

249   const wizardConfig: WizardConfig = {
                        ~

src/components/wizards/RefactoredEnhancedAIClaimWizard.tsx:261:3 - error TS1005: ',' expected.

261   const handleUpdate = (newData: any) => {
      ~~~~~

src/components/wizards/RefactoredEnhancedAIClaimWizard.tsx:261:9 - error TS1005: ':' expected.

261   const handleUpdate = (newData: any) => {
            ~~~~~~~~~~~~

src/components/wizards/RefactoredEnhancedAIClaimWizard.tsx:277:3 - error TS1005: ',' expected.

277   const handleSave = async (data: any, step: number) => {
      ~~~~~

src/components/wizards/RefactoredEnhancedAIClaimWizard.tsx:277:9 - error TS1005: ':' expected.

277   const handleSave = async (data: any, step: number) => {
            ~~~~~~~~~~

src/components/wizards/RefactoredEnhancedAIClaimWizard.tsx:311:3 - error TS1005: ',' expected.

311   const validateStep = (stepId: string, data: any) => {
      ~~~~~

src/components/wizards/RefactoredEnhancedAIClaimWizard.tsx:352:1 - error TS1005: ',' expected.

352 export default RefactoredEnhancedAIClaimWizard
    ~~~~~~

src/components/wizards/RefactoredEnhancedAIClaimWizard.tsx:352:8 - error TS1005: ':' expected.

352 export default RefactoredEnhancedAIClaimWizard
           ~~~~~~~

src/components/wizards/RefactoredEnhancedAIClaimWizard.tsx:352:16 - error TS1005: ':' expected.

352 export default RefactoredEnhancedAIClaimWizard
                   ~~~~~~~~~~~~~~~~~~~~~~~~~~~~~~~

src/components/wizards/RefactoredEnhancedAIClaimWizard.tsx:352:47 - error TS1005: '}' expected.

352 export default RefactoredEnhancedAIClaimWizard
                                                  

  src/components/wizards/RefactoredEnhancedAIClaimWizard.tsx:74:60
    74   const [wizardData, setWizardData] = useState<WizardData>({
                                                                  ~
    The parser expected to find a '}' to match the '{' token here.

src/components/wizards/RefactoredManualIntakeWizard.tsx:55:3 - error TS1005: ',' expected.

55   const wizardSteps: WizardStep[] = [
     ~~~~~

src/components/wizards/RefactoredManualIntakeWizard.tsx:55:9 - error TS1005: ':' expected.

55   const wizardSteps: WizardStep[] = [
           ~~~~~~~~~~~

src/components/wizards/RefactoredManualIntakeWizard.tsx:55:20 - error TS1005: ',' expected.

55   const wizardSteps: WizardStep[] = [
                      ~

src/components/wizards/RefactoredManualIntakeWizard.tsx:55:32 - error TS1005: ',' expected.

55   const wizardSteps: WizardStep[] = [
                                  ~

src/components/wizards/RefactoredManualIntakeWizard.tsx:55:33 - error TS1109: Expression expected.

55   const wizardSteps: WizardStep[] = [
                                   ~

src/components/wizards/RefactoredManualIntakeWizard.tsx:55:35 - error TS1005: ':' expected.

55   const wizardSteps: WizardStep[] = [
                                     ~

src/components/wizards/RefactoredManualIntakeWizard.tsx:131:3 - error TS1005: ',' expected.

131   const wizardConfig: WizardConfig = {
      ~~~~~

src/components/wizards/RefactoredManualIntakeWizard.tsx:131:9 - error TS1005: ':' expected.

131   const wizardConfig: WizardConfig = {
            ~~~~~~~~~~~~

src/components/wizards/RefactoredManualIntakeWizard.tsx:131:21 - error TS1005: ',' expected.

131   const wizardConfig: WizardConfig = {
                        ~

src/components/wizards/RefactoredManualIntakeWizard.tsx:143:3 - error TS1005: ',' expected.

143   const handleUpdate = (newData: any) => {
      ~~~~~

src/components/wizards/RefactoredManualIntakeWizard.tsx:143:9 - error TS1005: ':' expected.

143   const handleUpdate = (newData: any) => {
            ~~~~~~~~~~~~

src/components/wizards/RefactoredManualIntakeWizard.tsx:148:3 - error TS1005: ',' expected.

148   const handleSave = async (data: any, step: number) => {
      ~~~~~

src/components/wizards/RefactoredManualIntakeWizard.tsx:148:9 - error TS1005: ':' expected.

148   const handleSave = async (data: any, step: number) => {
            ~~~~~~~~~~

src/components/wizards/RefactoredManualIntakeWizard.tsx:161:3 - error TS1005: ',' expected.

161   const validateStep = (stepId: string, data: any) => {
      ~~~~~

src/components/wizards/RefactoredManualIntakeWizard.tsx:161:9 - error TS1005: ':' expected.

161   const validateStep = (stepId: string, data: any) => {
            ~~~~~~~~~~~~

src/components/wizards/RefactoredManualIntakeWizard.tsx:167:3 - error TS1005: ',' expected.

167   const canProceedToStep = (stepId: string, data: any) => {
      ~~~~~

src/components/wizards/RefactoredManualIntakeWizard.tsx:167:9 - error TS1005: ':' expected.

167   const canProceedToStep = (stepId: string, data: any) => {
            ~~~~~~~~~~~~~~~~

src/components/wizards/RefactoredManualIntakeWizard.tsx:172:3 - error TS1005: ',' expected.

172   const handleComplete = (data: any) => {
      ~~~~~

src/components/wizards/RefactoredManualIntakeWizard.tsx:172:9 - error TS1005: ':' expected.

172   const handleComplete = (data: any) => {
            ~~~~~~~~~~~~~~

src/components/wizards/RefactoredManualIntakeWizard.tsx:183:3 - error TS1005: ',' expected.

183   return (
      ~~~~~~

src/components/wizards/RefactoredManualIntakeWizard.tsx:184:5 - error TS1003: Identifier expected.

184     <UnifiedWizardFramework
        ~

src/components/wizards/RefactoredManualIntakeWizard.tsx:185:7 - error TS1005: ',' expected.

185       config={wizardConfig}
          ~~~~~~

src/components/wizards/RefactoredManualIntakeWizard.tsx:186:7 - error TS1005: ',' expected.

186       initialData={wizardData}
          ~~~~~~~~~~~

src/components/wizards/RefactoredManualIntakeWizard.tsx:187:7 - error TS1005: ',' expected.

187       onUpdate={handleUpdate}
          ~~~~~~~~

src/components/wizards/RefactoredManualIntakeWizard.tsx:188:7 - error TS1005: ',' expected.

188       onComplete={handleComplete}
          ~~~~~~~~~~

src/components/wizards/RefactoredManualIntakeWizard.tsx:189:7 - error TS1005: ',' expected.

189       onCancel={onCancel}
          ~~~~~~~~

src/components/wizards/RefactoredManualIntakeWizard.tsx:190:7 - error TS1005: ',' expected.

190       onSave={handleSave}
          ~~~~~~

src/components/wizards/RefactoredManualIntakeWizard.tsx:191:7 - error TS1005: ',' expected.

191       validateStep={validateStep}
          ~~~~~~~~~~~~

src/components/wizards/RefactoredManualIntakeWizard.tsx:192:7 - error TS1005: ',' expected.

192       canProceedToStep={canProceedToStep}
          ~~~~~~~~~~~~~~~~

src/components/wizards/RefactoredManualIntakeWizard.tsx:193:6 - error TS1109: Expression expected.

193     />
         ~

src/components/wizards/RefactoredManualIntakeWizard.tsx:194:3 - error TS1109: Expression expected.

194   )
      ~

src/components/wizards/RefactoredManualIntakeWizard.tsx:197:1 - error TS1005: ',' expected.

197 export default RefactoredManualIntakeWizard
    ~~~~~~

src/components/wizards/RefactoredManualIntakeWizard.tsx:197:44 - error TS1005: '}' expected.

197 export default RefactoredManualIntakeWizard
                                               

  src/components/wizards/RefactoredManualIntakeWizard.tsx:44:39
    44 }: RefactoredManualIntakeWizardProps) {
                                             ~
    The parser expected to find a '}' to match the '{' token here.


Found 57 errors.

