
> react_repo@0.0.0 build
> yes | pnpm install && rm -rf node_modules/.vite-temp && tsc -b && vite build

â€‰WARNâ€‰ Moving @eslint/js that was installed by a different package manager to "node_modules/.ignored"
â€‰WARNâ€‰ Moving @types/node that was installed by a different package manager to "node_modules/.ignored"
â€‰WARNâ€‰ Moving @types/react that was installed by a different package manager to "node_modules/.ignored"
â€‰WARNâ€‰ Moving @types/react-dom that was installed by a different package manager to "node_modules/.ignored"
â€‰WARNâ€‰ Moving @types/react-router-dom that was installed by a different package manager to "node_modules/.ignored"
â€‰WARNâ€‰ 1 other warnings
23456789â€‰WARNâ€‰ 10 other warnings
12345678920123456789301234567894012345678950123456789601234567Progress: resolved 1, reused 0, downloaded 0, added 0
16, reused 59, reused 8Progress: resolved 15, reused 14, downloaded 0, added 0
6, reused 1520, reused 197, reused 2639, reused 3846, reused 45665, reused 64, downloaded 199, reused 98Progress: resolved 154, reused 153, downloaded 1, added 0
211, reused 210363, reused 361405, reused 403Downloading tesseract.js-core@4.0.4: 0.00 B/6.19 MB
Downloading tesseract.js-core@4.0.4: 765.00 B/6.19 MB
18, reused 408, downloaded 727, reused 412, downloaded 895, reused 466, downloaded 9Downloading tesseract.js-core@4.0.4: 6.19 MB/6.19 MB, done
Progress: resolved 495, reused 466, downloaded 9, added 0
â€‰WARNâ€‰ 6 deprecated subdependencies found: are-we-there-yet@2.0.0, gauge@3.0.2, glob@7.2.3, inflight@1.0.6, npmlog@5.0.1, rimraf@3.0.2
Progress: resolved 495, reused 466, downloaded 9, added 0
Progress: resolved 522, reused 469, downloaded 10, added 0
Packages: +10
++++++++++
Progress: resolved 522, reused 469, downloaded 10, added 0
Progress: resolved 522, reused 469, downloaded 10, added 10, done

dependencies:
+ @googlemaps/js-api-loader 1.16.10
+ @hookform/resolvers 3.10.0
+ @radix-ui/react-accordion 1.2.4
+ @radix-ui/react-alert-dialog 1.1.7
+ @radix-ui/react-aspect-ratio 1.1.3
+ @radix-ui/react-avatar 1.1.4
+ @radix-ui/react-checkbox 1.1.5
+ @radix-ui/react-collapsible 1.1.4
+ @radix-ui/react-context-menu 2.2.7
+ @radix-ui/react-dialog 1.1.7
+ @radix-ui/react-dropdown-menu 2.1.7
+ @radix-ui/react-hover-card 1.1.7
+ @radix-ui/react-label 2.1.3
+ @radix-ui/react-menubar 1.1.7
+ @radix-ui/react-navigation-menu 1.2.6
+ @radix-ui/react-popover 1.1.7
+ @radix-ui/react-progress 1.1.3
+ @radix-ui/react-radio-group 1.2.4
+ @radix-ui/react-scroll-area 1.2.4
+ @radix-ui/react-select 2.1.7
+ @radix-ui/react-separator 1.1.3
+ @radix-ui/react-slider 1.2.4
+ @radix-ui/react-slot 1.2.0
+ @radix-ui/react-switch 1.1.4
+ @radix-ui/react-tabs 1.1.4
+ @radix-ui/react-toast 1.2.7
+ @radix-ui/react-toggle 1.1.3
+ @radix-ui/react-toggle-group 1.1.3
+ @radix-ui/react-tooltip 1.2.0
+ @supabase/supabase-js 2.50.4
+ @tanstack/react-query 5.82.0
+ @tanstack/react-table 8.21.3
+ @types/google.maps 3.58.1
+ class-variance-authority 0.7.1
+ clsx 2.1.1
+ cmdk 1.0.0
+ date-fns 3.6.0
+ embla-carousel-react 8.6.0
+ input-otp 1.4.2
+ lucide-react 0.364.0
+ next-themes 0.4.6
+ pdfjs-dist 3.11.174
+ react 18.3.1
+ react-day-picker 8.10.1
+ react-dom 18.3.1
+ react-dropzone 14.3.8
+ react-hook-form 7.55.0
+ react-resizable-panels 2.1.7
+ react-router-dom 6.30.0
+ recharts 2.15.2
+ sonner 1.7.4
+ tailwind-merge 2.6.0
+ tailwindcss-animate 1.0.7
+ tesseract.js 4.1.4 (6.0.1 is available)
+ vaul 1.1.2
+ zod 3.24.2

devDependencies:
+ @eslint/js 9.24.0
+ @types/node 22.14.1
+ @types/react 18.3.20
+ @types/react-dom 18.3.6
+ @types/react-router-dom 5.3.3
+ @vitejs/plugin-react 4.3.4
+ autoprefixer 10.4.20
+ eslint 9.24.0
+ eslint-plugin-react-hooks 5.2.0
+ eslint-plugin-react-refresh 0.4.19
+ globals 15.15.0
+ postcss 8.4.49
+ tailwindcss 3.4.16
+ typescript 5.6.3
+ typescript-eslint 8.29.1
+ vite 6.2.6

â•­ Warning â”€â”€â”€â”€â”€â”€â”€â”€â”€â”€â”€â”€â”€â”€â”€â”€â”€â”€â”€â”€â”€â”€â”€â”€â”€â”€â”€â”€â”€â”€â”€â”€â”€â”€â”€â”€â”€â”€â”€â”€â”€â”€â”€â”€â”€â”€â”€â”€â”€â”€â”€â”€â”€â”€â”€â”€â”€â”€â”€â”€â”€â”€â”€â”€â”€â”€â”€â”€â”€â•®
â”‚                                                                              â”‚
â”‚   Ignored build scripts: tesseract.js.                                       â”‚
â”‚   Run "pnpm approve-builds" to pick which dependencies should be allowed     â”‚
â”‚   to run scripts.                                                            â”‚
â”‚                                                                              â”‚
â•°â”€â”€â”€â”€â”€â”€â”€â”€â”€â”€â”€â”€â”€â”€â”€â”€â”€â”€â”€â”€â”€â”€â”€â”€â”€â”€â”€â”€â”€â”€â”€â”€â”€â”€â”€â”€â”€â”€â”€â”€â”€â”€â”€â”€â”€â”€â”€â”€â”€â”€â”€â”€â”€â”€â”€â”€â”€â”€â”€â”€â”€â”€â”€â”€â”€â”€â”€â”€â”€â”€â”€â”€â”€â”€â”€â”€â”€â”€â•¯

Done in 9.3s using pnpm v10.12.4
src/components/admin/CustomFieldManager.tsx:63:11 - error TS2339: Property 'showToast' does not exist on type '{ toasts: ToastMessage[]; addToast: (toast: Omit<ToastMessage, "id">) => string; removeToast: (id: string) => void; success: (title: string, message?: string, duration?: number) => string; error: (title: string, message?: string, duration?: number) => string; warning: (title: string, message?: string, duration?: num...'.

63   const { showToast } = useToast();
             ~~~~~~~~~

src/components/admin/CustomFieldManager.tsx:201:52 - error TS2345: Argument of type '{ organization_id: string; field_name: string; field_label: string; field_type: "number" | "email" | "phone" | "color" | "checkbox" | "date" | "radio" | "time" | "url" | "slider" | "decimal" | ... 8 more ... | "rating"; ... 7 more ...; created_by: string; }' is not assignable to parameter of type 'Omit<CustomField, "id" | "created_at" | "updated_at">'.
  Property 'is_active' is missing in type '{ organization_id: string; field_name: string; field_label: string; field_type: "number" | "email" | "phone" | "color" | "checkbox" | "date" | "radio" | "time" | "url" | "slider" | "decimal" | ... 8 more ... | "rating"; ... 7 more ...; created_by: string; }' but required in type 'Omit<CustomField, "id" | "created_at" | "updated_at">'.

201         await customFieldService.createCustomField(fieldData);
                                                       ~~~~~~~~~

  src/services/customFieldService.ts:23:3
    23   is_active: boolean;
         ~~~~~~~~~
    'is_active' is declared here.

src/components/admin/CustomFieldManager.tsx:322:8 - error TS2304: Cannot find name 'Dialog'.

322       <Dialog open={isCreateDialogOpen} onOpenChange={setIsCreateDialogOpen}>
           ~~~~~~

src/components/admin/CustomFieldManager.tsx:323:10 - error TS2304: Cannot find name 'DialogContent'.

323         <DialogContent className="max-w-4xl max-h-[90vh] overflow-y-auto">
             ~~~~~~~~~~~~~

src/components/admin/CustomFieldManager.tsx:324:12 - error TS2304: Cannot find name 'DialogHeader'.

324           <DialogHeader>
               ~~~~~~~~~~~~

src/components/admin/CustomFieldManager.tsx:325:14 - error TS2304: Cannot find name 'DialogTitle'.

325             <DialogTitle>
                 ~~~~~~~~~~~

src/components/admin/CustomFieldManager.tsx:327:15 - error TS2304: Cannot find name 'DialogTitle'.

327             </DialogTitle>
                  ~~~~~~~~~~~

src/components/admin/CustomFieldManager.tsx:328:13 - error TS2304: Cannot find name 'DialogHeader'.

328           </DialogHeader>
                ~~~~~~~~~~~~

src/components/admin/CustomFieldManager.tsx:330:12 - error TS2304: Cannot find name 'Tabs'.

330           <Tabs defaultValue="basic" className="w-full">
               ~~~~

src/components/admin/CustomFieldManager.tsx:331:14 - error TS2304: Cannot find name 'TabsList'.

331             <TabsList className="grid w-full grid-cols-3">
                 ~~~~~~~~

src/components/admin/CustomFieldManager.tsx:332:16 - error TS2304: Cannot find name 'TabsTrigger'.

332               <TabsTrigger value="basic">Basic Info</TabsTrigger>
                   ~~~~~~~~~~~

src/components/admin/CustomFieldManager.tsx:332:54 - error TS2304: Cannot find name 'TabsTrigger'.

332               <TabsTrigger value="basic">Basic Info</TabsTrigger>
                                                         ~~~~~~~~~~~

src/components/admin/CustomFieldManager.tsx:333:16 - error TS2304: Cannot find name 'TabsTrigger'.

333               <TabsTrigger value="validation">Validation</TabsTrigger>
                   ~~~~~~~~~~~

src/components/admin/CustomFieldManager.tsx:333:59 - error TS2304: Cannot find name 'TabsTrigger'.

333               <TabsTrigger value="validation">Validation</TabsTrigger>
                                                              ~~~~~~~~~~~

src/components/admin/CustomFieldManager.tsx:334:16 - error TS2304: Cannot find name 'TabsTrigger'.

334               <TabsTrigger value="placement">Placement</TabsTrigger>
                   ~~~~~~~~~~~

src/components/admin/CustomFieldManager.tsx:334:57 - error TS2304: Cannot find name 'TabsTrigger'.

334               <TabsTrigger value="placement">Placement</TabsTrigger>
                                                            ~~~~~~~~~~~

src/components/admin/CustomFieldManager.tsx:335:15 - error TS2304: Cannot find name 'TabsList'.

335             </TabsList>
                  ~~~~~~~~

src/components/admin/CustomFieldManager.tsx:337:14 - error TS2304: Cannot find name 'TabsContent'.

337             <TabsContent value="basic" className="space-y-4">
                 ~~~~~~~~~~~

src/components/admin/CustomFieldManager.tsx:362:18 - error TS2304: Cannot find name 'Select'.

362                 <Select
                     ~~~~~~

src/components/admin/CustomFieldManager.tsx:366:20 - error TS2304: Cannot find name 'SelectTrigger'.

366                   <SelectTrigger>
                       ~~~~~~~~~~~~~

src/components/admin/CustomFieldManager.tsx:367:22 - error TS2304: Cannot find name 'SelectValue'.

367                     <SelectValue />
                         ~~~~~~~~~~~

src/components/admin/CustomFieldManager.tsx:368:21 - error TS2304: Cannot find name 'SelectTrigger'.

368                   </SelectTrigger>
                        ~~~~~~~~~~~~~

src/components/admin/CustomFieldManager.tsx:369:20 - error TS2304: Cannot find name 'SelectContent'.

369                   <SelectContent>
                       ~~~~~~~~~~~~~

src/components/admin/CustomFieldManager.tsx:371:24 - error TS2304: Cannot find name 'SelectItem'.

371                       <SelectItem key={type.value} value={type.value}>
                           ~~~~~~~~~~

src/components/admin/CustomFieldManager.tsx:376:25 - error TS2304: Cannot find name 'SelectItem'.

376                       </SelectItem>
                            ~~~~~~~~~~

src/components/admin/CustomFieldManager.tsx:378:21 - error TS2304: Cannot find name 'SelectContent'.

378                   </SelectContent>
                        ~~~~~~~~~~~~~

src/components/admin/CustomFieldManager.tsx:379:19 - error TS2304: Cannot find name 'Select'.

379                 </Select>
                      ~~~~~~

src/components/admin/CustomFieldManager.tsx:405:18 - error TS2304: Cannot find name 'Textarea'.

405                 <Textarea
                     ~~~~~~~~

src/components/admin/CustomFieldManager.tsx:451:15 - error TS2304: Cannot find name 'TabsContent'.

451             </TabsContent>
                  ~~~~~~~~~~~

src/components/admin/CustomFieldManager.tsx:453:14 - error TS2304: Cannot find name 'TabsContent'.

453             <TabsContent value="validation" className="space-y-4">
                 ~~~~~~~~~~~

src/components/admin/CustomFieldManager.tsx:539:15 - error TS2304: Cannot find name 'TabsContent'.

539             </TabsContent>
                  ~~~~~~~~~~~

src/components/admin/CustomFieldManager.tsx:541:14 - error TS2304: Cannot find name 'TabsContent'.

541             <TabsContent value="placement" className="space-y-4">
                 ~~~~~~~~~~~

src/components/admin/CustomFieldManager.tsx:547:15 - error TS2304: Cannot find name 'TabsContent'.

547             </TabsContent>
                  ~~~~~~~~~~~

src/components/admin/CustomFieldManager.tsx:548:13 - error TS2304: Cannot find name 'Tabs'.

548           </Tabs>
                ~~~~

src/components/admin/CustomFieldManager.tsx:558:11 - error TS2304: Cannot find name 'DialogContent'.

558         </DialogContent>
              ~~~~~~~~~~~~~

src/components/admin/CustomFieldManager.tsx:559:9 - error TS2304: Cannot find name 'Dialog'.

559       </Dialog>
            ~~~~~~

src/components/admin/FolderTemplateManager.tsx:10:23 - error TS2307: Cannot find module '../ui/Label' or its corresponding type declarations.

10 import { Label } from '../ui/Label';
                         ~~~~~~~~~~~~~

src/components/admin/FolderTemplateManager.tsx:12:23 - error TS2307: Cannot find module '../ui/Badge' or its corresponding type declarations.

12 import { Badge } from '../ui/Badge';
                         ~~~~~~~~~~~~~

src/components/admin/FolderTemplateManager.tsx:13:26 - error TS2307: Cannot find module '../ui/Textarea' or its corresponding type declarations.

13 import { Textarea } from '../ui/Textarea';
                            ~~~~~~~~~~~~~~~~

src/components/admin/FolderTemplateManager.tsx:14:24 - error TS2307: Cannot find module '../ui/Switch' or its corresponding type declarations.

14 import { Switch } from '../ui/Switch';
                          ~~~~~~~~~~~~~~

src/components/admin/FolderTemplateManager.tsx:15:66 - error TS2307: Cannot find module '../ui/Dialog' or its corresponding type declarations.

15 import { Dialog, DialogContent, DialogHeader, DialogTitle } from '../ui/Dialog';
                                                                    ~~~~~~~~~~~~~~

src/components/admin/FolderTemplateManager.tsx:68:11 - error TS2339: Property 'showToast' does not exist on type '{ toasts: ToastMessage[]; addToast: (toast: Omit<ToastMessage, "id">) => string; removeToast: (id: string) => void; success: (title: string, message?: string, duration?: number) => string; error: (title: string, message?: string, duration?: number) => string; warning: (title: string, message?: string, duration?: num...'.

68   const { showToast } = useToast();
             ~~~~~~~~~

src/components/claims/ClaimFolderManager.tsx:11:23 - error TS2307: Cannot find module '../ui/Badge' or its corresponding type declarations.

11 import { Badge } from '../ui/Badge';
                         ~~~~~~~~~~~~~

src/components/claims/ClaimFolderManager.tsx:12:81 - error TS2307: Cannot find module '../ui/Dialog' or its corresponding type declarations.

12 import { Dialog, DialogContent, DialogHeader, DialogTitle, DialogTrigger } from '../ui/Dialog';
                                                                                   ~~~~~~~~~~~~~~

src/components/claims/ClaimFolderManager.tsx:13:90 - error TS2307: Cannot find module '../ui/DropdownMenu' or its corresponding type declarations.

13 import { DropdownMenu, DropdownMenuContent, DropdownMenuItem, DropdownMenuTrigger } from '../ui/DropdownMenu';
                                                                                            ~~~~~~~~~~~~~~~~~~~~

src/components/claims/ClaimFolderManager.tsx:56:11 - error TS2339: Property 'showToast' does not exist on type '{ toasts: ToastMessage[]; addToast: (toast: Omit<ToastMessage, "id">) => string; removeToast: (id: string) => void; success: (title: string, message?: string, duration?: number) => string; error: (title: string, message?: string, duration?: number) => string; warning: (title: string, message?: string, duration?: num...'.

56   const { showToast } = useToast();
             ~~~~~~~~~

src/components/claims/EnhancedAIClaimWizard.tsx:334:13 - error TS2322: Type '{ data: WizardData; onUpdate: (newData: any) => void; onAIProcessing: (processing: boolean) => void; clientId: string; } | { onSubmit: (finalData?: any) => Promise<void>; data: WizardData; onUpdate: (newData: any) => void; onAIProcessing: (processing: boolean) => void; clientId: string; }' is not assignable to type 'IntrinsicAttributes & WorkingPolicyUploadStepProps & ClaimInformationStepProps & MortgageInformationStepProps & CustomFieldsStepProps'.
  Type '{ data: WizardData; onUpdate: (newData: any) => void; onAIProcessing: (processing: boolean) => void; clientId: string; }' is missing the following properties from type 'CustomFieldsStepProps': organizationId, onComplete

334     return <StepComponent {...stepProps} />
                ~~~~~~~~~~~~~

src/components/claims/wizard-steps/CustomFieldsStep.tsx:9:23 - error TS2307: Cannot find module '../../ui/Badge' or its corresponding type declarations.

9 import { Badge } from '../../ui/Badge';
                        ~~~~~~~~~~~~~~~~

src/components/claims/wizard-steps/CustomFieldsStep.tsx:31:11 - error TS2339: Property 'showToast' does not exist on type '{ toasts: ToastMessage[]; addToast: (toast: Omit<ToastMessage, "id">) => string; removeToast: (id: string) => void; success: (title: string, message?: string, duration?: number) => string; error: (title: string, message?: string, duration?: number) => string; warning: (title: string, message?: string, duration?: num...'.

31   const { showToast } = useToast();
             ~~~~~~~~~

src/components/claims/wizard-steps/EnhancedPolicyUploadStep.tsx:91:37 - error TS2339: Property 'processingMethod' does not exist on type 'PDFExtractionResult'.

91         processingMethod: pdfResult.processingMethod,
                                       ~~~~~~~~~~~~~~~~

src/components/claims/wizard-steps/EnhancedPolicyUploadStep.tsx:93:25 - error TS2339: Property 'cost' does not exist on type 'PDFExtractionResult'.

93         cost: pdfResult.cost,
                           ~~~~

src/components/claims/wizard-steps/EnhancedPolicyUploadStep.tsx:106:48 - error TS2339: Property 'coverageTypes' does not exist on type 'PolicyData'.

106           coverageTypes: pdfResult.policyData?.coverageTypes || [],
                                                   ~~~~~~~~~~~~~

src/components/claims/wizard-steps/EnhancedPolicyUploadStep.tsx:107:46 - error TS2339: Property 'deductibles' does not exist on type 'PolicyData'.

107           deductibles: pdfResult.policyData?.deductibles || [],
                                                 ~~~~~~~~~~~

src/components/claims/wizard-steps/EnhancedPolicyUploadStep.tsx:108:49 - error TS2339: Property 'insuredAddress' does not exist on type 'PolicyData'.

108           insuredAddress: pdfResult.policyData?.insuredAddress || '',
                                                    ~~~~~~~~~~~~~~

src/components/claims/wizard-steps/EnhancedPolicyUploadStep.tsx:111:55 - error TS2339: Property 'processingMethod' does not exist on type 'PDFExtractionResult'.

111           coverageDetails: `Processed via ${pdfResult.processingMethod} extraction`,
                                                          ~~~~~~~~~~~~~~~~

src/components/claims/wizard-steps/EnhancedPolicyUploadStep.tsx:131:39 - error TS2339: Property 'processingMethod' does not exist on type 'PDFExtractionResult'.

131           processingMethod: pdfResult.processingMethod,
                                          ~~~~~~~~~~~~~~~~

src/components/claims/wizard-steps/EnhancedPolicyUploadStep.tsx:132:27 - error TS2339: Property 'cost' does not exist on type 'PDFExtractionResult'.

132           cost: pdfResult.cost,
                              ~~~~

src/components/claims/wizard-steps/EnhancedPolicyUploadStep.tsx:133:32 - error TS2339: Property 'metadata' does not exist on type 'PDFExtractionResult'.

133           pageCount: pdfResult.metadata.pageCount,
                                   ~~~~~~~~

src/components/claims/wizard-steps/EnhancedPolicyUploadStep.tsx:158:83 - error TS2345: Argument of type '"completed_fallback"' is not assignable to parameter of type '"pending" | "processing" | "completed" | "failed"'.

158           await documentUploadService.updateExtractionStatus(uploadedDocument.id, 'completed_fallback', fallbackResult)
                                                                                      ~~~~~~~~~~~~~~~~~~~~

src/components/claims/wizard-steps/EnhancedPolicyUploadStep.tsx:400:44 - error TS2339: Property 'processingMethod' does not exist on type 'PDFExtractionResult'.

400                       {pdfExtractionResult.processingMethod === 'client' ? (
                                               ~~~~~~~~~~~~~~~~

src/components/claims/wizard-steps/EnhancedPolicyUploadStep.tsx:417:46 - error TS2339: Property 'processingMethod' does not exist on type 'PDFExtractionResult'.

417                         {pdfExtractionResult.processingMethod === 'client' ? 'Client-side' :
                                                 ~~~~~~~~~~~~~~~~

src/components/claims/wizard-steps/EnhancedPolicyUploadStep.tsx:418:46 - error TS2339: Property 'processingMethod' does not exist on type 'PDFExtractionResult'.

418                          pdfExtractionResult.processingMethod === 'textract' ? 'AWS Textract' : 'Server-side'}
                                                 ~~~~~~~~~~~~~~~~

src/components/claims/wizard-steps/EnhancedPolicyUploadStep.tsx:428:44 - error TS2339: Property 'cost' does not exist on type 'PDFExtractionResult'.

428                       {pdfExtractionResult.cost > 0 ? (
                                               ~~~~

src/components/claims/wizard-steps/EnhancedPolicyUploadStep.tsx:432:51 - error TS2339: Property 'cost' does not exist on type 'PDFExtractionResult'.

432                             ${pdfExtractionResult.cost.toFixed(3)}
                                                      ~~~~

src/components/claims/wizard-steps/EnhancedPolicyUploadStep.tsx:444:45 - error TS2339: Property 'metadata' does not exist on type 'PDFExtractionResult'.

444                     ðŸ“„ {pdfExtractionResult.metadata.pageCount} pages â€¢
                                                ~~~~~~~~

src/components/claims/wizard-steps/EnhancedPolicyUploadStep.tsx:445:44 - error TS2339: Property 'metadata' does not exist on type 'PDFExtractionResult'.

445                     âš¡ {pdfExtractionResult.metadata.processingTime}ms â€¢
                                               ~~~~~~~~

src/components/claims/wizard-steps/EnhancedPolicyUploadStep.tsx:446:45 - error TS2339: Property 'metadata' does not exist on type 'PDFExtractionResult'.

446                     ðŸ“Š {pdfExtractionResult.metadata.fileSize > 1000000 ?
                                                ~~~~~~~~

src/components/claims/wizard-steps/EnhancedPolicyUploadStep.tsx:447:46 - error TS2339: Property 'metadata' does not exist on type 'PDFExtractionResult'.

447                         (pdfExtractionResult.metadata.fileSize / 1000000).toFixed(1) + 'MB' :
                                                 ~~~~~~~~

src/components/claims/wizard-steps/EnhancedPolicyUploadStep.tsx:448:46 - error TS2339: Property 'metadata' does not exist on type 'PDFExtractionResult'.

448                         (pdfExtractionResult.metadata.fileSize / 1000).toFixed(1) + 'KB'}
                                                 ~~~~~~~~

src/components/claims/wizard-steps/WorkingPolicyUploadStep.tsx:214:21 - error TS2322: Type '"link"' is not assignable to type '"primary" | "secondary" | "outline" | "ghost" | "danger"'.

214                     variant="link"
                        ~~~~~~~

  src/components/ui/Button.tsx:6:3
    6   variant?: 'primary' | 'secondary' | 'outline' | 'ghost' | 'danger'
        ~~~~~~~
    The expected type comes from property 'variant' which is declared here on type 'IntrinsicAttributes & ButtonProps'

src/components/forms/DynamicCustomField.tsx:9:23 - error TS2307: Cannot find module '../ui/Label' or its corresponding type declarations.

9 import { Label } from '../ui/Label';
                        ~~~~~~~~~~~~~

src/components/forms/DynamicCustomField.tsx:10:26 - error TS2307: Cannot find module '../ui/Textarea' or its corresponding type declarations.

10 import { Textarea } from '../ui/Textarea';
                            ~~~~~~~~~~~~~~~~

src/components/forms/DynamicCustomField.tsx:14:79 - error TS2307: Cannot find module '../ui/Select' or its corresponding type declarations.

14 import { Select, SelectContent, SelectItem, SelectTrigger, SelectValue } from '../ui/Select';
                                                                                 ~~~~~~~~~~~~~~

src/components/forms/DynamicCustomField.tsx:17:57 - error TS2307: Cannot find module '../ui/Popover' or its corresponding type declarations.

17 import { Popover, PopoverContent, PopoverTrigger } from '../ui/Popover';
                                                           ~~~~~~~~~~~~~~~

src/components/forms/DynamicCustomField.tsx:18:23 - error TS2307: Cannot find module '../ui/Badge' or its corresponding type declarations.

18 import { Badge } from '../ui/Badge';
                         ~~~~~~~~~~~~~

src/components/ui/calendar.tsx:27:26 - error TS2345: Argument of type '{ variant: string; }' is not assignable to parameter of type 'string'.

27           buttonVariants({ variant: "outline" }),
                            ~~~~~~~~~~~~~~~~~~~~~~

src/components/ui/calendar.tsx:39:26 - error TS2345: Argument of type '{ variant: string; }' is not assignable to parameter of type 'string'.

39           buttonVariants({ variant: "ghost" }),
                            ~~~~~~~~~~~~~~~~~~~~

src/services/enhancedPdfService.ts:200:41 - error TS2559: Type '"eng"' has no properties in common with type 'Partial<WorkerOptions>'.

200       const worker = await createWorker('eng');
                                            ~~~~~

src/services/workingPdfService.ts:226:85 - error TS1507: There is nothing available for repetition.

226       /(?:coverage\\s+a|dwelling)(?:\\s+(?:limit|protection|coverage))?\\s*:?\\s*\\$?\\s*([\\d,]+)/i,
                                                                                        ~

src/services/workingPdfService.ts:227:67 - error TS1507: There is nothing available for repetition.

227       /dwelling(?:\\s+(?:limit|protection|coverage))?\\s*:?\\s*\\$?\\s*([\\d,]+)/i
                                                                      ~

src/services/workingPdfService.ts:240:97 - error TS1507: There is nothing available for repetition.

240       /(?:coverage\\s+c|personal\\s+property)(?:\\s+(?:limit|protection|coverage))?\\s*:?\\s*\\$?\\s*([\\d,]+)/i,
                                                                                                    ~

src/services/workingPdfService.ts:241:79 - error TS1507: There is nothing available for repetition.

241       /personal\\s+property(?:\\s+(?:limit|protection|coverage))?\\s*:?\\s*\\$?\\s*([\\d,]+)/i
                                                                                  ~

src/services/workingPdfService.ts:254:103 - error TS1507: There is nothing available for repetition.

254       /(?:coverage\\s+e|(?:personal\\s+)?liability)(?:\\s+(?:limit|protection|coverage))?\\s*:?\\s*\\$?\\s*([\\d,]+)/i,
                                                                                                          ~

src/services/workingPdfService.ts:255:68 - error TS1507: There is nothing available for repetition.

255       /liability(?:\\s+(?:limit|protection|coverage))?\\s*:?\\s*\\$?\\s*([\\d,]+)/i
                                                                       ~

src/services/workingPdfService.ts:269:31 - error TS1507: There is nothing available for repetition.

269       /deductible\\s*:?\\s*\\$?\\s*([\\d,]+)/i,
                                  ~

src/services/workingPdfService.ts:270:55 - error TS1507: There is nothing available for repetition.

270       /(?:all\\s+peril|aop)\\s+deductible\\s*:?\\s*\\$?\\s*([\\d,]+)/i
                                                          ~


Found 86 errors.

