
> react_repo@0.0.0 build
> yes | pnpm install && rm -rf node_modules/.vite-temp && tsc -b && vite build

Lockfile is up to date, resolution step is skipped
Already up to date

╭ Warning ─────────────────────────────────────────────────────────────────────╮
│                                                                              │
│   Ignored build scripts: esbuild.                                            │
│   Run "pnpm approve-builds" to pick which dependencies should be allowed     │
│   to run scripts.                                                            │
│                                                                              │
╰──────────────────────────────────────────────────────────────────────────────╯

Done in 1.3s using pnpm v10.12.4
src/pages/Communications.tsx:105:22 - error TS1127: Invalid character.

105       <div className=\"flex items-center justify-center h-64\">\n        <LoadingSpinner size=\"lg\" />\n        <span className=\"ml-2 text-gray-600\">Loading communications...</span>\n      </div>
                         

src/pages/Communications.tsx:105:23 - error TS1003: Identifier expected.

105       <div className=\"flex items-center justify-center h-64\">\n        <LoadingSpinner size=\"lg\" />\n        <span className=\"ml-2 text-gray-600\">Loading communications...</span>\n      </div>
                          ~~~~~~~~~~~~~~~~~~~~~~~~~~~~~~~~~~~~~~~~~~~~~~~~~~~~~~~~~~~~~~~~~~~~~~~~~~~~~~~~~~~~~~~~~~~~~~~~~~~~~~~~~~~~~~~~~~~~~~~~~~~~~~~~~~~~~~~~~~~~~~~~~~~~~~~~~~~~~~~~~~~~~~~~~~~~~~~~

src/pages/Communications.tsx:105:199 - error TS1002: Unterminated string literal.

105       <div className=\"flex items-center justify-center h-64\">\n        <LoadingSpinner size=\"lg\" />\n        <span className=\"ml-2 text-gray-600\">Loading communications...</span>\n      </div>
                                                                                                                                                                                                          

src/pages/Communications.tsx:106:5 - error TS1128: Declaration or statement expected.

106     )
        ~

src/pages/Communications.tsx:110:20 - error TS1127: Invalid character.

110     <div className=\"space-y-6\">
                       

src/pages/Communications.tsx:110:21 - error TS1003: Identifier expected.

110     <div className=\"space-y-6\">
                        ~~~~~~~~~~~~~

src/pages/Communications.tsx:110:34 - error TS1002: Unterminated string literal.

110     <div className=\"space-y-6\">
                                     

src/pages/Communications.tsx:112:22 - error TS1127: Invalid character.

112       <div className=\"flex justify-between items-center\">
                         

src/pages/Communications.tsx:112:23 - error TS1003: Identifier expected.

112       <div className=\"flex justify-between items-center\">
                          ~~~~~~~~~~~~~~~~~~~~~~~~~~~~~~~~~~~~~

src/pages/Communications.tsx:112:60 - error TS1002: Unterminated string literal.

112       <div className=\"flex justify-between items-center\">
                                                               

src/pages/Communications.tsx:114:25 - error TS1127: Invalid character.

114           <h1 className=\"text-2xl font-bold text-gray-900\">Communications</h1>
                            

src/pages/Communications.tsx:114:26 - error TS1003: Identifier expected.

114           <h1 className=\"text-2xl font-bold text-gray-900\">Communications</h1>
                             ~~~~~~~~~~~~~~~~~~~~~~~~~~~~~~~~~~~~~~~~~~~~~~~~~~~~~~~

src/pages/Communications.tsx:114:81 - error TS1002: Unterminated string literal.

114           <h1 className=\"text-2xl font-bold text-gray-900\">Communications</h1>
                                                                                    

src/pages/Communications.tsx:115:14 - error TS1005: ';' expected.

115           <p className=\"text-gray-600\">Manage all email, phone, and SMS communications</p>
                 ~~~~~~~~~

src/pages/Communications.tsx:115:24 - error TS1127: Invalid character.

115           <p className=\"text-gray-600\">Manage all email, phone, and SMS communications</p>
                           

src/pages/Communications.tsx:115:93 - error TS1002: Unterminated string literal.

115           <p className=\"text-gray-600\">Manage all email, phone, and SMS communications</p>
                                                                                                

src/pages/Communications.tsx:116:9 - error TS1128: Declaration or statement expected.

116         </div>
            ~~

src/pages/Communications.tsx:117:24 - error TS1127: Invalid character.

117         <div className=\"flex gap-2\">
                           

src/pages/Communications.tsx:117:25 - error TS1003: Identifier expected.

117         <div className=\"flex gap-2\">
                            ~~~~~~~~~~~~~~

src/pages/Communications.tsx:117:39 - error TS1002: Unterminated string literal.

117         <div className=\"flex gap-2\">
                                          

src/pages/Communications.tsx:119:21 - error TS1127: Invalid character.

119             variant=\"outline\"
                        

src/pages/Communications.tsx:119:32 - error TS1002: Unterminated string literal.

119             variant=\"outline\"
                                   

src/pages/Communications.tsx:122:23 - error TS1127: Invalid character.

122             className=\"flex items-center gap-2\"
                          

src/pages/Communications.tsx:122:50 - error TS1002: Unterminated string literal.

122             className=\"flex items-center gap-2\"
                                                     

src/pages/Communications.tsx:126:11 - error TS1128: Declaration or statement expected.

126           </Button>
              ~~

src/pages/Communications.tsx:127:29 - error TS1127: Invalid character.

127           <Button className=\"flex items-center gap-2\">
                                

src/pages/Communications.tsx:127:30 - error TS1003: Identifier expected.

127           <Button className=\"flex items-center gap-2\">
                                 ~~~~~~~~~~~~~~~~~~~~~~~~~~~

src/pages/Communications.tsx:127:57 - error TS1002: Unterminated string literal.

127           <Button className=\"flex items-center gap-2\">
                                                            

src/pages/Communications.tsx:128:19 - error TS1005: ';' expected.

128             <Plus className=\"h-4 w-4\" />
                      ~~~~~~~~~

src/pages/Communications.tsx:128:29 - error TS1127: Invalid character.

128             <Plus className=\"h-4 w-4\" />
                                

src/pages/Communications.tsx:128:43 - error TS1002: Unterminated string literal.

128             <Plus className=\"h-4 w-4\" />
                                              

src/pages/Communications.tsx:129:13 - error TS1434: Unexpected keyword or identifier.

129             Compose Email
                ~~~~~~~

src/pages/Communications.tsx:130:11 - error TS1128: Declaration or statement expected.

130           </Button>
              ~~

src/pages/Communications.tsx:131:9 - error TS1109: Expression expected.

131         </div>
            ~~

src/pages/Communications.tsx:132:7 - error TS1109: Expression expected.

132       </div>
          ~~

src/pages/Communications.tsx:135:12 - error TS1005: ';' expected.

135       <div className=\"border-b border-gray-200\">
               ~~~~~~~~~

src/pages/Communications.tsx:135:22 - error TS1127: Invalid character.

135       <div className=\"border-b border-gray-200\">
                         

src/pages/Communications.tsx:135:51 - error TS1002: Unterminated string literal.

135       <div className=\"border-b border-gray-200\">
                                                      

src/pages/Communications.tsx:136:14 - error TS1005: ';' expected.

136         <nav className=\"flex space-x-8\">
                 ~~~~~~~~~

src/pages/Communications.tsx:136:24 - error TS1127: Invalid character.

136         <nav className=\"flex space-x-8\">
                           

src/pages/Communications.tsx:136:43 - error TS1002: Unterminated string literal.

136         <nav className=\"flex space-x-8\">
                                              

src/pages/Communications.tsx:154:33 - error TS1127: Invalid character.

154                 <Icon className=\"h-4 w-4\" />
                                    

src/pages/Communications.tsx:154:46 - error TS1382: Unexpected token. Did you mean `{'>'}` or `&gt;`?

154                 <Icon className=\"h-4 w-4\" />
                                                 ~

src/pages/Communications.tsx:159:9 - error TS1128: Declaration or statement expected.

159         </nav>
            ~~

src/pages/Communications.tsx:160:7 - error TS1109: Expression expected.

160       </div>
          ~~

src/pages/Communications.tsx:164:24 - error TS1127: Invalid character.

164         <div className=\"space-y-6\">
                           

src/pages/Communications.tsx:164:25 - error TS1003: Identifier expected.

164         <div className=\"space-y-6\">
                            ~~~~~~~~~~~~~

src/pages/Communications.tsx:164:38 - error TS1002: Unterminated string literal.

164         <div className=\"space-y-6\">
                                         

src/pages/Communications.tsx:167:28 - error TS1127: Invalid character.

167             <div className=\"grid grid-cols-2 md:grid-cols-6 gap-4\">
                               

src/pages/Communications.tsx:167:29 - error TS1003: Identifier expected.

167             <div className=\"grid grid-cols-2 md:grid-cols-6 gap-4\">
                                ~~~~~~~~~~~~~~~~~~~~~~~~~~~~~~~~~~~~~~~~~

src/pages/Communications.tsx:167:70 - error TS1002: Unterminated string literal.

167             <div className=\"grid grid-cols-2 md:grid-cols-6 gap-4\">
                                                                         

src/pages/Communications.tsx:169:40 - error TS1127: Invalid character.

169                 <CardContent className=\"p-4 text-center\">
                                           

src/pages/Communications.tsx:169:41 - error TS1003: Identifier expected.

169                 <CardContent className=\"p-4 text-center\">
                                            ~~~~~~~~~~~~~~~~~~~

src/pages/Communications.tsx:169:60 - error TS1002: Unterminated string literal.

169                 <CardContent className=\"p-4 text-center\">
                                                               

src/pages/Communications.tsx:170:25 - error TS1005: ';' expected.

170                   <Mail className=\"h-6 w-6 text-blue-600 mx-auto mb-2\" />
                            ~~~~~~~~~

src/pages/Communications.tsx:170:35 - error TS1127: Invalid character.

170                   <Mail className=\"h-6 w-6 text-blue-600 mx-auto mb-2\" />
                                      

src/pages/Communications.tsx:170:76 - error TS1002: Unterminated string literal.

170                   <Mail className=\"h-6 w-6 text-blue-600 mx-auto mb-2\" />
                                                                               

src/pages/Communications.tsx:171:24 - error TS1005: ';' expected.

171                   <div className=\"text-2xl font-bold text-blue-600\">{emailStats.totalEmails}</div>
                           ~~~~~~~~~

src/pages/Communications.tsx:171:34 - error TS1127: Invalid character.

171                   <div className=\"text-2xl font-bold text-blue-600\">{emailStats.totalEmails}</div>
                                     

src/pages/Communications.tsx:171:101 - error TS1002: Unterminated string literal.

171                   <div className=\"text-2xl font-bold text-blue-600\">{emailStats.totalEmails}</div>
                                                                                                        

src/pages/Communications.tsx:172:24 - error TS1005: ';' expected.

172                   <div className=\"text-sm text-gray-600\">Total Emails</div>
                           ~~~~~~~~~

src/pages/Communications.tsx:172:34 - error TS1127: Invalid character.

172                   <div className=\"text-sm text-gray-600\">Total Emails</div>
                                     

src/pages/Communications.tsx:172:78 - error TS1002: Unterminated string literal.

172                   <div className=\"text-sm text-gray-600\">Total Emails</div>
                                                                                 

src/pages/Communications.tsx:173:17 - error TS1128: Declaration or statement expected.

173                 </CardContent>
                    ~~

src/pages/Communications.tsx:174:15 - error TS1109: Expression expected.

174               </Card>
                  ~~

src/pages/Communications.tsx:175:15 - error TS2657: JSX expressions must have one parent element.

175               <Card>
                  ~~~~~~
176                 <CardContent className=\"p-4 text-center\">
    ~~~~~~~~~~~~~~~~~~~~~~~~~~~~~~~~~~~~~~~~~~~~~~~~~~~~~~~~~~~
... 
178                   <div className=\"text-2xl font-bold text-green-600\">{emailStats.claimRelated}</div>
    ~~~~~~~~~~~~~~~~~~~~~~~~~~~~~~~~~~~~~~~~~~~~~~~~~~~~~~~~~~~~~~~~~~~~~~~~~~~~~~~~~~~~~~~~~~~~~~~~~~~~~~
179                   <div className=\"text-sm text-gray-600\">Claim Related</div>
    ~~~~~~~~~~~~~~~~~~~~~~~~~~~~~~~~~~

src/pages/Communications.tsx:176:40 - error TS1127: Invalid character.

176                 <CardContent className=\"p-4 text-center\">
                                           

src/pages/Communications.tsx:176:59 - error TS1382: Unexpected token. Did you mean `{'>'}` or `&gt;`?

176                 <CardContent className=\"p-4 text-center\">
                                                              ~

src/pages/Communications.tsx:177:39 - error TS1127: Invalid character.

177                   <FileText className=\"h-6 w-6 text-green-600 mx-auto mb-2\" />
                                          

src/pages/Communications.tsx:177:80 - error TS1382: Unexpected token. Did you mean `{'>'}` or `&gt;`?

177                   <FileText className=\"h-6 w-6 text-green-600 mx-auto mb-2\" />
                                                                                   ~

src/pages/Communications.tsx:178:34 - error TS1127: Invalid character.

178                   <div className=\"text-2xl font-bold text-green-600\">{emailStats.claimRelated}</div>
                                     

src/pages/Communications.tsx:178:71 - error TS1382: Unexpected token. Did you mean `{'>'}` or `&gt;`?

178                   <div className=\"text-2xl font-bold text-green-600\">{emailStats.claimRelated}</div>
                                                                          ~

src/pages/Communications.tsx:178:99 - error TS17002: Expected corresponding JSX closing tag for 'Card'.

178                   <div className=\"text-2xl font-bold text-green-600\">{emailStats.claimRelated}</div>
                                                                                                      ~~~

src/pages/Communications.tsx:179:34 - error TS1127: Invalid character.

179                   <div className=\"text-sm text-gray-600\">Claim Related</div>
                                     

src/pages/Communications.tsx:179:35 - error TS1003: Identifier expected.

179                   <div className=\"text-sm text-gray-600\">Claim Related</div>
                                      ~~~~~~~~~~~~~~~~~~~~~~~~~~~~~~~~~~~~~~~~~~~~

src/pages/Communications.tsx:179:35 - error TS1005: ';' expected.

179                   <div className=\"text-sm text-gray-600\">Claim Related</div>
                                      ~~~~~~~~~~~~~~~~~~~~~~~~~~~~~~~~~~~~~~~~~~~~

src/pages/Communications.tsx:179:79 - error TS1002: Unterminated string literal.

179                   <div className=\"text-sm text-gray-600\">Claim Related</div>
                                                                                  

src/pages/Communications.tsx:180:17 - error TS1128: Declaration or statement expected.

180                 </CardContent>
                    ~~

src/pages/Communications.tsx:181:15 - error TS1109: Expression expected.

181               </Card>
                  ~~

src/pages/Communications.tsx:182:15 - error TS2657: JSX expressions must have one parent element.

182               <Card>
                  ~~~~~~
183                 <CardContent className=\"p-4 text-center\">
    ~~~~~~~~~~~~~~~~~~~~~~~~~~~~~~~~~~~~~~~~~~~~~~~~~~~~~~~~~~~
... 
185                   <div className=\"text-2xl font-bold text-red-600\">{emailStats.highPriority}</div>
    ~~~~~~~~~~~~~~~~~~~~~~~~~~~~~~~~~~~~~~~~~~~~~~~~~~~~~~~~~~~~~~~~~~~~~~~~~~~~~~~~~~~~~~~~~~~~~~~~~~~~
186                   <div className=\"text-sm text-gray-600\">High Priority</div>
    ~~~~~~~~~~~~~~~~~~~~~~~~~~~~~~~~~~

src/pages/Communications.tsx:183:40 - error TS1127: Invalid character.

183                 <CardContent className=\"p-4 text-center\">
                                           

src/pages/Communications.tsx:183:59 - error TS1382: Unexpected token. Did you mean `{'>'}` or `&gt;`?

183                 <CardContent className=\"p-4 text-center\">
                                                              ~

src/pages/Communications.tsx:184:44 - error TS1127: Invalid character.

184                   <AlertTriangle className=\"h-6 w-6 text-red-600 mx-auto mb-2\" />
                                               

src/pages/Communications.tsx:184:83 - error TS1382: Unexpected token. Did you mean `{'>'}` or `&gt;`?

184                   <AlertTriangle className=\"h-6 w-6 text-red-600 mx-auto mb-2\" />
                                                                                      ~

src/pages/Communications.tsx:185:34 - error TS1127: Invalid character.

185                   <div className=\"text-2xl font-bold text-red-600\">{emailStats.highPriority}</div>
                                     

src/pages/Communications.tsx:185:69 - error TS1382: Unexpected token. Did you mean `{'>'}` or `&gt;`?

185                   <div className=\"text-2xl font-bold text-red-600\">{emailStats.highPriority}</div>
                                                                        ~

src/pages/Communications.tsx:185:97 - error TS17002: Expected corresponding JSX closing tag for 'Card'.

185                   <div className=\"text-2xl font-bold text-red-600\">{emailStats.highPriority}</div>
                                                                                                    ~~~

src/pages/Communications.tsx:186:34 - error TS1127: Invalid character.

186                   <div className=\"text-sm text-gray-600\">High Priority</div>
                                     

src/pages/Communications.tsx:186:35 - error TS1003: Identifier expected.

186                   <div className=\"text-sm text-gray-600\">High Priority</div>
                                      ~~~~~~~~~~~~~~~~~~~~~~~~~~~~~~~~~~~~~~~~~~~~

src/pages/Communications.tsx:186:35 - error TS1005: ';' expected.

186                   <div className=\"text-sm text-gray-600\">High Priority</div>
                                      ~~~~~~~~~~~~~~~~~~~~~~~~~~~~~~~~~~~~~~~~~~~~

src/pages/Communications.tsx:186:79 - error TS1002: Unterminated string literal.

186                   <div className=\"text-sm text-gray-600\">High Priority</div>
                                                                                  

src/pages/Communications.tsx:187:17 - error TS1128: Declaration or statement expected.

187                 </CardContent>
                    ~~

src/pages/Communications.tsx:188:15 - error TS1109: Expression expected.

188               </Card>
                  ~~

src/pages/Communications.tsx:189:15 - error TS2657: JSX expressions must have one parent element.

189               <Card>
                  ~~~~~~
190                 <CardContent className=\"p-4 text-center\">
    ~~~~~~~~~~~~~~~~~~~~~~~~~~~~~~~~~~~~~~~~~~~~~~~~~~~~~~~~~~~
... 
194                   </div>
    ~~~~~~~~~~~~~~~~~~~~~~~~
195                   <div className=\"text-sm text-gray-600\">Avg Confidence</div>
    ~~~~~~~~~~~~~~~~~~~~~~~~~~~~~~~~~~

src/pages/Communications.tsx:190:40 - error TS1127: Invalid character.

190                 <CardContent className=\"p-4 text-center\">
                                           

src/pages/Communications.tsx:190:59 - error TS1382: Unexpected token. Did you mean `{'>'}` or `&gt;`?

190                 <CardContent className=\"p-4 text-center\">
                                                              ~

src/pages/Communications.tsx:191:36 - error TS1127: Invalid character.

191                   <Brain className=\"h-6 w-6 text-purple-600 mx-auto mb-2\" />
                                       

src/pages/Communications.tsx:191:78 - error TS1382: Unexpected token. Did you mean `{'>'}` or `&gt;`?

191                   <Brain className=\"h-6 w-6 text-purple-600 mx-auto mb-2\" />
                                                                                 ~

src/pages/Communications.tsx:192:34 - error TS1127: Invalid character.

192                   <div className=\"text-2xl font-bold text-purple-600\">
                                     

src/pages/Communications.tsx:192:72 - error TS1382: Unexpected token. Did you mean `{'>'}` or `&gt;`?

192                   <div className=\"text-2xl font-bold text-purple-600\">
                                                                           ~

src/pages/Communications.tsx:194:21 - error TS17002: Expected corresponding JSX closing tag for 'Card'.

194                   </div>
                        ~~~

src/pages/Communications.tsx:195:34 - error TS1127: Invalid character.

195                   <div className=\"text-sm text-gray-600\">Avg Confidence</div>
                                     

src/pages/Communications.tsx:195:35 - error TS1003: Identifier expected.

195                   <div className=\"text-sm text-gray-600\">Avg Confidence</div>
                                      ~~~~~~~~~~~~~~~~~~~~~~~~~~~~~~~~~~~~~~~~~~~~~

src/pages/Communications.tsx:195:35 - error TS1005: ';' expected.

195                   <div className=\"text-sm text-gray-600\">Avg Confidence</div>
                                      ~~~~~~~~~~~~~~~~~~~~~~~~~~~~~~~~~~~~~~~~~~~~~

src/pages/Communications.tsx:195:80 - error TS1002: Unterminated string literal.

195                   <div className=\"text-sm text-gray-600\">Avg Confidence</div>
                                                                                   

src/pages/Communications.tsx:196:17 - error TS1128: Declaration or statement expected.

196                 </CardContent>
                    ~~

src/pages/Communications.tsx:197:15 - error TS1109: Expression expected.

197               </Card>
                  ~~

src/pages/Communications.tsx:198:15 - error TS2657: JSX expressions must have one parent element.

198               <Card>
                  ~~~~~~
199                 <CardContent className=\"p-4 text-center\">
    ~~~~~~~~~~~~~~~~~~~~~~~~~~~~~~~~~~~~~~~~~~~~~~~~~~~~~~~~~~~
... 
201                   <div className=\"text-2xl font-bold text-green-600\">{emailStats.tasksCreated}</div>
    ~~~~~~~~~~~~~~~~~~~~~~~~~~~~~~~~~~~~~~~~~~~~~~~~~~~~~~~~~~~~~~~~~~~~~~~~~~~~~~~~~~~~~~~~~~~~~~~~~~~~~~
202                   <div className=\"text-sm text-gray-600\">Tasks Created</div>
    ~~~~~~~~~~~~~~~~~~~~~~~~~~~~~~~~~~

src/pages/Communications.tsx:199:40 - error TS1127: Invalid character.

199                 <CardContent className=\"p-4 text-center\">
                                           

src/pages/Communications.tsx:199:59 - error TS1382: Unexpected token. Did you mean `{'>'}` or `&gt;`?

199                 <CardContent className=\"p-4 text-center\">
                                                              ~

src/pages/Communications.tsx:200:42 - error TS1127: Invalid character.

200                   <CheckCircle className=\"h-6 w-6 text-green-600 mx-auto mb-2\" />
                                             

src/pages/Communications.tsx:200:83 - error TS1382: Unexpected token. Did you mean `{'>'}` or `&gt;`?

200                   <CheckCircle className=\"h-6 w-6 text-green-600 mx-auto mb-2\" />
                                                                                      ~

src/pages/Communications.tsx:201:34 - error TS1127: Invalid character.

201                   <div className=\"text-2xl font-bold text-green-600\">{emailStats.tasksCreated}</div>
                                     

src/pages/Communications.tsx:201:71 - error TS1382: Unexpected token. Did you mean `{'>'}` or `&gt;`?

201                   <div className=\"text-2xl font-bold text-green-600\">{emailStats.tasksCreated}</div>
                                                                          ~

src/pages/Communications.tsx:201:99 - error TS17002: Expected corresponding JSX closing tag for 'Card'.

201                   <div className=\"text-2xl font-bold text-green-600\">{emailStats.tasksCreated}</div>
                                                                                                      ~~~

src/pages/Communications.tsx:202:34 - error TS1127: Invalid character.

202                   <div className=\"text-sm text-gray-600\">Tasks Created</div>
                                     

src/pages/Communications.tsx:202:35 - error TS1003: Identifier expected.

202                   <div className=\"text-sm text-gray-600\">Tasks Created</div>
                                      ~~~~~~~~~~~~~~~~~~~~~~~~~~~~~~~~~~~~~~~~~~~~

src/pages/Communications.tsx:202:35 - error TS1005: ';' expected.

202                   <div className=\"text-sm text-gray-600\">Tasks Created</div>
                                      ~~~~~~~~~~~~~~~~~~~~~~~~~~~~~~~~~~~~~~~~~~~~

src/pages/Communications.tsx:202:79 - error TS1002: Unterminated string literal.

202                   <div className=\"text-sm text-gray-600\">Tasks Created</div>
                                                                                  

src/pages/Communications.tsx:203:17 - error TS1128: Declaration or statement expected.

203                 </CardContent>
                    ~~

src/pages/Communications.tsx:204:15 - error TS1109: Expression expected.

204               </Card>
                  ~~

src/pages/Communications.tsx:205:15 - error TS2657: JSX expressions must have one parent element.

205               <Card>
                  ~~~~~~
206                 <CardContent className=\"p-4 text-center\">
    ~~~~~~~~~~~~~~~~~~~~~~~~~~~~~~~~~~~~~~~~~~~~~~~~~~~~~~~~~~~
... 
208                   <div className=\"text-2xl font-bold text-orange-600\">{emailStats.claimNumbersExtracted}</div>
    ~~~~~~~~~~~~~~~~~~~~~~~~~~~~~~~~~~~~~~~~~~~~~~~~~~~~~~~~~~~~~~~~~~~~~~~~~~~~~~~~~~~~~~~~~~~~~~~~~~~~~~~~~~~~~~~~
209                   <div className=\"text-sm text-gray-600\">Claims Found</div>
    ~~~~~~~~~~~~~~~~~~~~~~~~~~~~~~~~~~

src/pages/Communications.tsx:206:40 - error TS1127: Invalid character.

206                 <CardContent className=\"p-4 text-center\">
                                           

src/pages/Communications.tsx:206:59 - error TS1382: Unexpected token. Did you mean `{'>'}` or `&gt;`?

206                 <CardContent className=\"p-4 text-center\">
                                                              ~

src/pages/Communications.tsx:207:40 - error TS1127: Invalid character.

207                   <BarChart3 className=\"h-6 w-6 text-orange-600 mx-auto mb-2\" />
                                           

src/pages/Communications.tsx:207:82 - error TS1382: Unexpected token. Did you mean `{'>'}` or `&gt;`?

207                   <BarChart3 className=\"h-6 w-6 text-orange-600 mx-auto mb-2\" />
                                                                                     ~

src/pages/Communications.tsx:208:34 - error TS1127: Invalid character.

208                   <div className=\"text-2xl font-bold text-orange-600\">{emailStats.claimNumbersExtracted}</div>
                                     

src/pages/Communications.tsx:208:72 - error TS1382: Unexpected token. Did you mean `{'>'}` or `&gt;`?

208                   <div className=\"text-2xl font-bold text-orange-600\">{emailStats.claimNumbersExtracted}</div>
                                                                           ~

src/pages/Communications.tsx:208:109 - error TS17002: Expected corresponding JSX closing tag for 'Card'.

208                   <div className=\"text-2xl font-bold text-orange-600\">{emailStats.claimNumbersExtracted}</div>
                                                                                                                ~~~

src/pages/Communications.tsx:209:34 - error TS1127: Invalid character.

209                   <div className=\"text-sm text-gray-600\">Claims Found</div>
                                     

src/pages/Communications.tsx:209:35 - error TS1003: Identifier expected.

209                   <div className=\"text-sm text-gray-600\">Claims Found</div>
                                      ~~~~~~~~~~~~~~~~~~~~~~~~~~~~~~~~~~~~~~~~~~~

src/pages/Communications.tsx:209:35 - error TS1005: ';' expected.

209                   <div className=\"text-sm text-gray-600\">Claims Found</div>
                                      ~~~~~~~~~~~~~~~~~~~~~~~~~~~~~~~~~~~~~~~~~~~

src/pages/Communications.tsx:209:78 - error TS1002: Unterminated string literal.

209                   <div className=\"text-sm text-gray-600\">Claims Found</div>
                                                                                 

src/pages/Communications.tsx:210:17 - error TS1128: Declaration or statement expected.

210                 </CardContent>
                    ~~

src/pages/Communications.tsx:211:15 - error TS1109: Expression expected.

211               </Card>
                  ~~

src/pages/Communications.tsx:212:13 - error TS1109: Expression expected.

212             </div>
                ~~

src/pages/Communications.tsx:213:11 - error TS1109: Expression expected.

213           )}
              ~

src/pages/Communications.tsx:217:36 - error TS1127: Invalid character.

217             <CardContent className=\"p-4\">
                                       

src/pages/Communications.tsx:217:43 - error TS1382: Unexpected token. Did you mean `{'>'}` or `&gt;`?

217             <CardContent className=\"p-4\">
                                              ~

src/pages/Communications.tsx:218:30 - error TS1127: Invalid character.

218               <div className=\"flex flex-col md:flex-row gap-4\">
                                 

src/pages/Communications.tsx:218:65 - error TS1382: Unexpected token. Did you mean `{'>'}` or `&gt;`?

218               <div className=\"flex flex-col md:flex-row gap-4\">
                                                                    ~

src/pages/Communications.tsx:219:32 - error TS1127: Invalid character.

219                 <div className=\"flex-1\">
                                   

src/pages/Communications.tsx:219:42 - error TS1382: Unexpected token. Did you mean `{'>'}` or `&gt;`?

219                 <div className=\"flex-1\">
                                             ~

src/pages/Communications.tsx:220:34 - error TS1127: Invalid character.

220                   <div className=\"relative\">
                                     

src/pages/Communications.tsx:220:46 - error TS1382: Unexpected token. Did you mean `{'>'}` or `&gt;`?

220                   <div className=\"relative\">
                                                 ~

src/pages/Communications.tsx:221:39 - error TS1127: Invalid character.

221                     <Search className=\"absolute left-3 top-1/2 transform -translate-y-1/2 h-4 w-4 text-gray-400\" />
                                          

src/pages/Communications.tsx:221:117 - error TS1382: Unexpected token. Did you mean `{'>'}` or `&gt;`?

221                     <Search className=\"absolute left-3 top-1/2 transform -translate-y-1/2 h-4 w-4 text-gray-400\" />
                                                                                                                        ~

src/pages/Communications.tsx:223:28 - error TS1127: Invalid character.

223                       type=\"text\"
                               

src/pages/Communications.tsx:228:22 - error TS1382: Unexpected token. Did you mean `{'>'}` or `&gt;`?

228                     />
                         ~

src/pages/Communications.tsx:229:21 - error TS17002: Expected corresponding JSX closing tag for 'Card'.

229                   </div>
                        ~~~

src/pages/Communications.tsx:230:17 - error TS1128: Declaration or statement expected.

230                 </div>
                    ~~

src/pages/Communications.tsx:231:32 - error TS1127: Invalid character.

231                 <div className=\"flex gap-2\">
                                   

src/pages/Communications.tsx:231:33 - error TS1003: Identifier expected.

231                 <div className=\"flex gap-2\">
                                    ~~~~~~~~~~~~~~

src/pages/Communications.tsx:231:47 - error TS1002: Unterminated string literal.

231                 <div className=\"flex gap-2\">
                                                  

src/pages/Communications.tsx:234:31 - error TS1136: Property assignment expected.

234                     onChange={(e) => setFilterCategory(e.target.value)}
                                  ~

src/pages/Communications.tsx:234:35 - error TS1005: ';' expected.

234                     onChange={(e) => setFilterCategory(e.target.value)}
                                      ~~

src/pages/Communications.tsx:235:31 - error TS1127: Invalid character.

235                     className=\"px-3 py-2 border border-gray-300 rounded-lg focus:ring-2 focus:ring-blue-500 focus:border-transparent\"
                                  

src/pages/Communications.tsx:235:136 - error TS1002: Unterminated string literal.

235                     className=\"px-3 py-2 border border-gray-300 rounded-lg focus:ring-2 focus:ring-blue-500 focus:border-transparent\"
                                                                                                                                           

src/pages/Communications.tsx:237:35 - error TS1127: Invalid character.

237                     <option value=\"all\">All Categories</option>
                                      

src/pages/Communications.tsx:237:36 - error TS1003: Identifier expected.

237                     <option value=\"all\">All Categories</option>
                                       ~~~~~~~~~~~~~~~~~~~~~~~~~~~~~~

src/pages/Communications.tsx:237:66 - error TS1002: Unterminated string literal.

237                     <option value=\"all\">All Categories</option>
                                                                     

src/pages/Communications.tsx:238:29 - error TS1005: ';' expected.

238                     <option value=\"claim_related\">Claim Related</option>
                                ~~~~~

src/pages/Communications.tsx:238:35 - error TS1127: Invalid character.

238                     <option value=\"claim_related\">Claim Related</option>
                                      

src/pages/Communications.tsx:238:75 - error TS1002: Unterminated string literal.

238                     <option value=\"claim_related\">Claim Related</option>
                                                                              

src/pages/Communications.tsx:239:29 - error TS1005: ';' expected.

239                     <option value=\"insurer_update\">Insurer Updates</option>
                                ~~~~~

src/pages/Communications.tsx:239:35 - error TS1127: Invalid character.

239                     <option value=\"insurer_update\">Insurer Updates</option>
                                      

src/pages/Communications.tsx:239:78 - error TS1002: Unterminated string literal.

239                     <option value=\"insurer_update\">Insurer Updates</option>
                                                                                 

src/pages/Communications.tsx:240:29 - error TS1005: ';' expected.

240                     <option value=\"vendor_communication\">Vendor Communication</option>
                                ~~~~~

src/pages/Communications.tsx:240:35 - error TS1127: Invalid character.

240                     <option value=\"vendor_communication\">Vendor Communication</option>
                                      

src/pages/Communications.tsx:240:89 - error TS1002: Unterminated string literal.

240                     <option value=\"vendor_communication\">Vendor Communication</option>
                                                                                            

src/pages/Communications.tsx:241:29 - error TS1005: ';' expected.

241                     <option value=\"client_communication\">Client Communication</option>
                                ~~~~~

src/pages/Communications.tsx:241:35 - error TS1127: Invalid character.

241                     <option value=\"client_communication\">Client Communication</option>
                                      

src/pages/Communications.tsx:241:89 - error TS1002: Unterminated string literal.

241                     <option value=\"client_communication\">Client Communication</option>
                                                                                            

src/pages/Communications.tsx:242:29 - error TS1005: ';' expected.

242                     <option value=\"other\">Other</option>
                                ~~~~~

src/pages/Communications.tsx:242:35 - error TS1127: Invalid character.

242                     <option value=\"other\">Other</option>
                                      

src/pages/Communications.tsx:242:59 - error TS1002: Unterminated string literal.

242                     <option value=\"other\">Other</option>
                                                              

src/pages/Communications.tsx:243:19 - error TS1128: Declaration or statement expected.

243                   </select>
                      ~~

src/pages/Communications.tsx:244:35 - error TS1127: Invalid character.

244                   <Button variant=\"outline\" className=\"flex items-center gap-2\">
                                      

src/pages/Communications.tsx:244:36 - error TS1003: Identifier expected.

244                   <Button variant=\"outline\" className=\"flex items-center gap-2\">
                                       ~~~~~~~~~~~~~~~~~~~~~~~~~~~~~~~~~~~~~~~~~~~~~~~~~

src/pages/Communications.tsx:244:85 - error TS1002: Unterminated string literal.

244                   <Button variant=\"outline\" className=\"flex items-center gap-2\">
                                                                                        

src/pages/Communications.tsx:245:29 - error TS1005: ';' expected.

245                     <Filter className=\"h-4 w-4\" />
                                ~~~~~~~~~

src/pages/Communications.tsx:245:39 - error TS1127: Invalid character.

245                     <Filter className=\"h-4 w-4\" />
                                          

src/pages/Communications.tsx:245:53 - error TS1002: Unterminated string literal.

245                     <Filter className=\"h-4 w-4\" />
                                                        

src/pages/Communications.tsx:246:21 - error TS1434: Unexpected keyword or identifier.

246                     More Filters
                        ~~~~

src/pages/Communications.tsx:247:19 - error TS1128: Declaration or statement expected.

247                   </Button>
                      ~~

src/pages/Communications.tsx:248:17 - error TS1109: Expression expected.

248                 </div>
                    ~~

src/pages/Communications.tsx:249:15 - error TS1109: Expression expected.

249               </div>
                  ~~

src/pages/Communications.tsx:250:13 - error TS1109: Expression expected.

250             </CardContent>
                ~~

src/pages/Communications.tsx:251:11 - error TS1109: Expression expected.

251           </Card>
              ~~

src/pages/Communications.tsx:256:36 - error TS1127: Invalid character.

256               <CardTitle className=\"flex items-center gap-2\">
                                       

src/pages/Communications.tsx:256:63 - error TS1382: Unexpected token. Did you mean `{'>'}` or `&gt;`?

256               <CardTitle className=\"flex items-center gap-2\">
                                                                  ~

src/pages/Communications.tsx:257:33 - error TS1127: Invalid character.

257                 <Mail className=\"h-5 w-5\" />
                                    

src/pages/Communications.tsx:257:46 - error TS1382: Unexpected token. Did you mean `{'>'}` or `&gt;`?

257                 <Mail className=\"h-5 w-5\" />
                                                 ~

src/pages/Communications.tsx:259:17 - error TS17002: Expected corresponding JSX closing tag for 'CardHeader'.

259               </CardTitle>
                    ~~~~~~~~~

src/pages/Communications.tsx:260:13 - error TS1128: Declaration or statement expected.

260             </CardHeader>
                ~~

src/pages/Communications.tsx:262:30 - error TS1127: Invalid character.

262               <div className=\"space-y-3\">
                                 

src/pages/Communications.tsx:262:43 - error TS1382: Unexpected token. Did you mean `{'>'}` or `&gt;`?

262               <div className=\"space-y-3\">
                                              ~

src/pages/Communications.tsx:264:34 - error TS1127: Invalid character.

264                   <div className=\"text-center py-8 text-gray-500\">
                                     

src/pages/Communications.tsx:264:68 - error TS1382: Unexpected token. Did you mean `{'>'}` or `&gt;`?

264                   <div className=\"text-center py-8 text-gray-500\">
                                                                       ~

src/pages/Communications.tsx:265:37 - error TS1127: Invalid character.

265                     <Mail className=\"h-12 w-12 mx-auto mb-4 text-gray-300\" />
                                        

src/pages/Communications.tsx:265:79 - error TS1382: Unexpected token. Did you mean `{'>'}` or `&gt;`?

265                     <Mail className=\"h-12 w-12 mx-auto mb-4 text-gray-300\" />
                                                                                  ~

src/pages/Communications.tsx:267:21 - error TS17002: Expected corresponding JSX closing tag for 'CardContent'.

267                   </div>
                        ~~~

src/pages/Communications.tsx:268:17 - error TS1128: Declaration or statement expected.

268                 ) : (
                    ~

src/pages/Communications.tsx:268:19 - error TS1128: Declaration or statement expected.

268                 ) : (
                      ~

src/pages/Communications.tsx:270:60 - error TS1127: Invalid character.

270                     <div key={email.id || index} className=\"border rounded-lg p-4 hover:bg-gray-50\">
                                                               

src/pages/Communications.tsx:270:61 - error TS1003: Identifier expected.

270                     <div key={email.id || index} className=\"border rounded-lg p-4 hover:bg-gray-50\">
                                                                ~~~~~~~~~~~~~~~~~~~~~~~~~~~~~~~~~~~~~~~~~~

src/pages/Communications.tsx:270:103 - error TS1002: Unterminated string literal.

270                     <div key={email.id || index} className=\"border rounded-lg p-4 hover:bg-gray-50\">
                                                                                                          

src/pages/Communications.tsx:271:28 - error TS1005: ',' expected.

271                       <div className=\"flex items-start justify-between\">
                               ~~~~~~~~~

src/pages/Communications.tsx:271:38 - error TS1127: Invalid character.

271                       <div className=\"flex items-start justify-between\">
                                         

src/pages/Communications.tsx:271:75 - error TS1002: Unterminated string literal.

271                       <div className=\"flex items-start justify-between\">
                                                                              

src/pages/Communications.tsx:272:30 - error TS1005: ',' expected.

272                         <div className=\"flex-1\">
                                 ~~~~~~~~~

src/pages/Communications.tsx:272:40 - error TS1127: Invalid character.

272                         <div className=\"flex-1\">
                                           

src/pages/Communications.tsx:272:51 - error TS1002: Unterminated string literal.

272                         <div className=\"flex-1\">
                                                      

src/pages/Communications.tsx:273:32 - error TS1005: ',' expected.

273                           <div className=\"flex items-center gap-2 mb-2\">
                                   ~~~~~~~~~

src/pages/Communications.tsx:273:42 - error TS1127: Invalid character.

273                           <div className=\"flex items-center gap-2 mb-2\">
                                             

src/pages/Communications.tsx:273:75 - error TS1002: Unterminated string literal.

273                           <div className=\"flex items-center gap-2 mb-2\">
                                                                              

src/pages/Communications.tsx:274:33 - error TS1005: ',' expected.

274                             <h4 className=\"font-medium text-gray-900 truncate\">{email.subject}</h4>
                                    ~~~~~~~~~

src/pages/Communications.tsx:274:43 - error TS1127: Invalid character.

274                             <h4 className=\"font-medium text-gray-900 truncate\">{email.subject}</h4>
                                              

src/pages/Communications.tsx:274:102 - error TS1002: Unterminated string literal.

274                             <h4 className=\"font-medium text-gray-900 truncate\">{email.subject}</h4>
                                                                                                         

src/pages/Communications.tsx:275:35 - error TS1005: ',' expected.

275                             <span className={`px-2 py-1 text-xs rounded-full ${getPriorityColor(email.classification?.priority || 'low')}`}>
                                      ~~~~~~~~~

src/pages/Communications.tsx:275:46 - error TS1136: Property assignment expected.

275                             <span className={`px-2 py-1 text-xs rounded-full ${getPriorityColor(email.classification?.priority || 'low')}`}>
                                                 ~~~~~~~~~~~~~~~~~~~~~~~~~~~~~~~~~~

src/pages/Communications.tsx:275:139 - error TS1005: ',' expected.

275                             <span className={`px-2 py-1 text-xs rounded-full ${getPriorityColor(email.classification?.priority || 'low')}`}>
                                                                                                                                              ~

src/pages/Communications.tsx:275:140 - error TS1109: Expression expected.

275                             <span className={`px-2 py-1 text-xs rounded-full ${getPriorityColor(email.classification?.priority || 'low')}`}>
                                                                                                                                               ~

src/pages/Communications.tsx:276:37 - error TS1005: ',' expected.

276                               {email.classification?.priority || 'low'}
                                        ~

src/pages/Communications.tsx:277:29 - error TS1128: Declaration or statement expected.

277                             </span>
                                ~~

src/pages/Communications.tsx:282:47 - error TS1127: Invalid character.

282                               <span className=\"px-2 py-1 text-xs rounded-full bg-purple-100 text-purple-600\">
                                                  

src/pages/Communications.tsx:282:48 - error TS1003: Identifier expected.

282                               <span className=\"px-2 py-1 text-xs rounded-full bg-purple-100 text-purple-600\">
                                                   ~~~~~~~~~~~~~~~~~~~~~~~~~~~~~~~~~~~~~~~~~~~~~~~~~~~~~~~~~~~~~~~~

src/pages/Communications.tsx:282:112 - error TS1002: Unterminated string literal.

282                               <span className=\"px-2 py-1 text-xs rounded-full bg-purple-100 text-purple-600\">
                                                                                                                   

src/pages/Communications.tsx:283:75 - error TS1109: Expression expected.

283                                 {Math.round(email.confidence_score * 100)}% AI
                                                                              ~

src/pages/Communications.tsx:284:31 - error TS1128: Declaration or statement expected.

284                               </span>
                                  ~~

src/pages/Communications.tsx:285:29 - error TS1109: Expression expected.

285                             )}
                                ~

src/pages/Communications.tsx:286:27 - error TS1128: Declaration or statement expected.

286                           </div>
                              ~~

src/pages/Communications.tsx:287:40 - error TS1127: Invalid character.

287                           <p className=\"text-sm text-gray-600 mb-2\">
                                           

src/pages/Communications.tsx:287:41 - error TS1003: Identifier expected.

287                           <p className=\"text-sm text-gray-600 mb-2\">
                                            ~~~~~~~~~~~~~~~~~~~~~~~~~~~~~~

src/pages/Communications.tsx:287:71 - error TS1002: Unterminated string literal.

287                           <p className=\"text-sm text-gray-600 mb-2\">
                                                                          

src/pages/Communications.tsx:288:51 - error TS1127: Invalid character.

288                             From: <span className=\"font-medium\">{email.from_name || email.from_email}</span>
                                                      

src/pages/Communications.tsx:288:52 - error TS1003: Identifier expected.

288                             From: <span className=\"font-medium\">{email.from_name || email.from_email}</span>
                                                       ~~~~~~~~~~~~~~~~~~~~~~~~~~~~~~~~~~~~~~~~~~~~~~~~~~~~~~~~~~~

src/pages/Communications.tsx:288:111 - error TS1002: Unterminated string literal.

288                             From: <span className=\"font-medium\">{email.from_name || email.from_email}</span>
                                                                                                                  

src/pages/Communications.tsx:289:35 - error TS1005: ';' expected.

289                             <span className=\"text-gray-400 ml-2\">{email.from_email}</span>
                                      ~~~~~~~~~

src/pages/Communications.tsx:289:45 - error TS1127: Invalid character.

289                             <span className=\"text-gray-400 ml-2\">{email.from_email}</span>
                                                

src/pages/Communications.tsx:289:93 - error TS1002: Unterminated string literal.

289                             <span className=\"text-gray-400 ml-2\">{email.from_email}</span>
                                                                                                

src/pages/Communications.tsx:290:27 - error TS1128: Declaration or statement expected.

290                           </p>
                              ~~

src/pages/Communications.tsx:291:42 - error TS1127: Invalid character.

291                           <div className=\"flex items-center gap-4 text-xs text-gray-500\">
                                             

src/pages/Communications.tsx:291:43 - error TS1003: Identifier expected.

291                           <div className=\"flex items-center gap-4 text-xs text-gray-500\">
                                              ~~~~~~~~~~~~~~~~~~~~~~~~~~~~~~~~~~~~~~~~~~~~~~~~~

src/pages/Communications.tsx:291:92 - error TS1002: Unterminated string literal.

291                           <div className=\"flex items-center gap-4 text-xs text-gray-500\">
                                                                                               

src/pages/Communications.tsx:292:35 - error TS1005: ';' expected.

292                             <span className=\"flex items-center gap-1\">
                                      ~~~~~~~~~

src/pages/Communications.tsx:292:45 - error TS1127: Invalid character.

292                             <span className=\"flex items-center gap-1\">
                                                

src/pages/Communications.tsx:292:73 - error TS1002: Unterminated string literal.

292                             <span className=\"flex items-center gap-1\">
                                                                            

src/pages/Communications.tsx:293:38 - error TS1005: ';' expected.

293                               <Clock className=\"h-3 w-3\" />
                                         ~~~~~~~~~

src/pages/Communications.tsx:293:48 - error TS1127: Invalid character.

293                               <Clock className=\"h-3 w-3\" />
                                                   

src/pages/Communications.tsx:293:62 - error TS1002: Unterminated string literal.

293                               <Clock className=\"h-3 w-3\" />
                                                                 

src/pages/Communications.tsx:295:29 - error TS1128: Declaration or statement expected.

295                             </span>
                                ~~

src/pages/Communications.tsx:296:35 - error TS1005: ',' expected.

296                             {email.extracted_data?.claimNumbers?.length > 0 && (
                                      ~

src/pages/Communications.tsx:297:47 - error TS1127: Invalid character.

297                               <span className=\"flex items-center gap-1\">
                                                  

src/pages/Communications.tsx:297:48 - error TS1003: Identifier expected.

297                               <span className=\"flex items-center gap-1\">
                                                   ~~~~~~~~~~~~~~~~~~~~~~~~~~~

src/pages/Communications.tsx:297:75 - error TS1002: Unterminated string literal.

297                               <span className=\"flex items-center gap-1\">
                                                                              

src/pages/Communications.tsx:298:43 - error TS1005: ',' expected.

298                                 <FileText className=\"h-3 w-3\" />
                                              ~~~~~~~~~

src/pages/Communications.tsx:298:53 - error TS1127: Invalid character.

298                                 <FileText className=\"h-3 w-3\" />
                                                        

src/pages/Communications.tsx:298:54 - error TS1139: Type parameter declaration expected.

298                                 <FileText className=\"h-3 w-3\" />
                                                         ~~~~~~~~~~~~~

src/pages/Communications.tsx:298:67 - error TS1002: Unterminated string literal.

298                                 <FileText className=\"h-3 w-3\" />
                                                                      

src/pages/Communications.tsx:299:33 - error TS1005: ':' expected.

299                                 Claims: {email.extracted_data.claimNumbers.join(', ')}
                                    ~~~~~~

src/pages/Communications.tsx:299:39 - error TS1005: ',' expected.

299                                 Claims: {email.extracted_data.claimNumbers.join(', ')}
                                          ~

src/pages/Communications.tsx:299:41 - error TS1136: Property assignment expected.

299                                 Claims: {email.extracted_data.claimNumbers.join(', ')}
                                            ~

src/pages/Communications.tsx:300:31 - error TS1128: Declaration or statement expected.

300                               </span>
                                  ~~

src/pages/Communications.tsx:301:29 - error TS1109: Expression expected.

301                             )}
                                ~

src/pages/Communications.tsx:301:30 - error TS1128: Declaration or statement expected.

301                             )}
                                 ~

src/pages/Communications.tsx:303:47 - error TS1127: Invalid character.

303                               <span className=\"flex items-center gap-1\">
                                                  

src/pages/Communications.tsx:303:48 - error TS1003: Identifier expected.

303                               <span className=\"flex items-center gap-1\">
                                                   ~~~~~~~~~~~~~~~~~~~~~~~~~~~

src/pages/Communications.tsx:303:75 - error TS1002: Unterminated string literal.

303                               <span className=\"flex items-center gap-1\">
                                                                              

src/pages/Communications.tsx:304:33 - error TS1127: Invalid character.

304                                 📎 {email.attachments_count} attachments
                                    ~~

src/pages/Communications.tsx:305:31 - error TS1128: Declaration or statement expected.

305                               </span>
                                  ~~

src/pages/Communications.tsx:306:29 - error TS1109: Expression expected.

306                             )}
                                ~

src/pages/Communications.tsx:307:27 - error TS1128: Declaration or statement expected.

307                           </div>
                              ~~

src/pages/Communications.tsx:308:25 - error TS1109: Expression expected.

308                         </div>
                            ~~

src/pages/Communications.tsx:309:40 - error TS1127: Invalid character.

309                         <div className=\"flex gap-2 ml-4\">
                                           

src/pages/Communications.tsx:309:41 - error TS1003: Identifier expected.

309                         <div className=\"flex gap-2 ml-4\">
                                            ~~~~~~~~~~~~~~~~~~~

src/pages/Communications.tsx:309:60 - error TS1002: Unterminated string literal.

309                         <div className=\"flex gap-2 ml-4\">
                                                               

src/pages/Communications.tsx:310:35 - error TS1005: ';' expected.

310                           <Button size=\"sm\" variant=\"outline\">
                                      ~~~~

src/pages/Communications.tsx:310:40 - error TS1127: Invalid character.

310                           <Button size=\"sm\" variant=\"outline\">
                                           

src/pages/Communications.tsx:310:67 - error TS1002: Unterminated string literal.

310                           <Button size=\"sm\" variant=\"outline\">
                                                                      

src/pages/Communications.tsx:312:27 - error TS1128: Declaration or statement expected.

312                           </Button>
                              ~~

src/pages/Communications.tsx:313:40 - error TS1127: Invalid character.

313                           <Button size=\"sm\" variant=\"outline\">
                                           

src/pages/Communications.tsx:313:41 - error TS1003: Identifier expected.

313                           <Button size=\"sm\" variant=\"outline\">
                                            ~~~~~~~~~~~~~~~~~~~~~~~~~~

src/pages/Communications.tsx:313:67 - error TS1002: Unterminated string literal.

313                           <Button size=\"sm\" variant=\"outline\">
                                                                      

src/pages/Communications.tsx:315:27 - error TS1128: Declaration or statement expected.

315                           </Button>
                              ~~

src/pages/Communications.tsx:316:25 - error TS1109: Expression expected.

316                         </div>
                            ~~

src/pages/Communications.tsx:317:23 - error TS1109: Expression expected.

317                       </div>
                          ~~

src/pages/Communications.tsx:321:40 - error TS1127: Invalid character.

321                         <div className=\"mt-3 p-3 bg-blue-50 rounded-lg\">
                                           

src/pages/Communications.tsx:321:41 - error TS1003: Identifier expected.

321                         <div className=\"mt-3 p-3 bg-blue-50 rounded-lg\">
                                            ~~~~~~~~~~~~~~~~~~~~~~~~~~~~~~~~~~

src/pages/Communications.tsx:321:75 - error TS1002: Unterminated string literal.

321                         <div className=\"mt-3 p-3 bg-blue-50 rounded-lg\">
                                                                              

src/pages/Communications.tsx:322:31 - error TS1005: ';' expected.

322                           <h5 className=\"text-sm font-medium text-blue-900 mb-2 flex items-center gap-1\">
                                  ~~~~~~~~~

src/pages/Communications.tsx:322:41 - error TS1127: Invalid character.

322                           <h5 className=\"text-sm font-medium text-blue-900 mb-2 flex items-center gap-1\">
                                            

src/pages/Communications.tsx:322:108 - error TS1002: Unterminated string literal.

322                           <h5 className=\"text-sm font-medium text-blue-900 mb-2 flex items-center gap-1\">
                                                                                                               

src/pages/Communications.tsx:323:36 - error TS1005: ';' expected.

323                             <Brain className=\"h-3 w-3\" />
                                       ~~~~~~~~~

src/pages/Communications.tsx:323:46 - error TS1127: Invalid character.

323                             <Brain className=\"h-3 w-3\" />
                                                 

src/pages/Communications.tsx:323:60 - error TS1002: Unterminated string literal.

323                             <Brain className=\"h-3 w-3\" />
                                                               

src/pages/Communications.tsx:324:29 - error TS1434: Unexpected keyword or identifier.

324                             AI Extracted Data
                                ~~

src/pages/Communications.tsx:324:32 - error TS1434: Unexpected keyword or identifier.

324                             AI Extracted Data
                                   ~~~~~~~~~

src/pages/Communications.tsx:325:27 - error TS1128: Declaration or statement expected.

325                           </h5>
                              ~~

src/pages/Communications.tsx:326:42 - error TS1127: Invalid character.

326                           <div className=\"grid grid-cols-2 md:grid-cols-4 gap-2 text-xs\">
                                             

src/pages/Communications.tsx:326:43 - error TS1003: Identifier expected.

326                           <div className=\"grid grid-cols-2 md:grid-cols-4 gap-2 text-xs\">
                                              ~~~~~~~~~~~~~~~~~~~~~~~~~~~~~~~~~~~~~~~~~~~~~~~~~

src/pages/Communications.tsx:326:92 - error TS1002: Unterminated string literal.

326                           <div className=\"grid grid-cols-2 md:grid-cols-4 gap-2 text-xs\">
                                                                                               

src/pages/Communications.tsx:329:49 - error TS1127: Invalid character.

329                                 <span className=\"font-medium\">Claims:</span> {email.extracted_data.claimNumbers.join(', ')}
                                                    

src/pages/Communications.tsx:329:64 - error TS1382: Unexpected token. Did you mean `{'>'}` or `&gt;`?

329                                 <span className=\"font-medium\">Claims:</span> {email.extracted_data.claimNumbers.join(', ')}
                                                                   ~

src/pages/Communications.tsx:329:74 - error TS17002: Expected corresponding JSX closing tag for 'div'.

329                                 <span className=\"font-medium\">Claims:</span> {email.extracted_data.claimNumbers.join(', ')}
                                                                             ~~~~

src/pages/Communications.tsx:329:80 - error TS1005: ')' expected.

329                                 <span className=\"font-medium\">Claims:</span> {email.extracted_data.claimNumbers.join(', ')}
                                                                                   ~

src/pages/Communications.tsx:330:31 - error TS1128: Declaration or statement expected.

330                               </div>
                                  ~~

src/pages/Communications.tsx:331:29 - error TS1109: Expression expected.

331                             )}
                                ~

src/pages/Communications.tsx:334:49 - error TS1127: Invalid character.

334                                 <span className=\"font-medium\">Policies:</span> {email.extracted_data.policyNumbers.join(', ')}
                                                    

src/pages/Communications.tsx:334:64 - error TS1382: Unexpected token. Did you mean `{'>'}` or `&gt;`?

334                                 <span className=\"font-medium\">Policies:</span> {email.extracted_data.policyNumbers.join(', ')}
                                                                   ~

src/pages/Communications.tsx:334:76 - error TS17002: Expected corresponding JSX closing tag for 'div'.

334                                 <span className=\"font-medium\">Policies:</span> {email.extracted_data.policyNumbers.join(', ')}
                                                                               ~~~~

src/pages/Communications.tsx:334:82 - error TS1005: ')' expected.

334                                 <span className=\"font-medium\">Policies:</span> {email.extracted_data.policyNumbers.join(', ')}
                                                                                     ~

src/pages/Communications.tsx:335:31 - error TS1128: Declaration or statement expected.

335                               </div>
                                  ~~

src/pages/Communications.tsx:336:29 - error TS1109: Expression expected.

336                             )}
                                ~

src/pages/Communications.tsx:339:49 - error TS1127: Invalid character.

339                                 <span className=\"font-medium\">Estimate:</span> ${email.extracted_data.amounts.estimate.toLocaleString()}
                                                    

src/pages/Communications.tsx:339:64 - error TS1382: Unexpected token. Did you mean `{'>'}` or `&gt;`?

339                                 <span className=\"font-medium\">Estimate:</span> ${email.extracted_data.amounts.estimate.toLocaleString()}
                                                                   ~

src/pages/Communications.tsx:339:76 - error TS17002: Expected corresponding JSX closing tag for 'div'.

339                                 <span className=\"font-medium\">Estimate:</span> ${email.extracted_data.amounts.estimate.toLocaleString()}
                                                                               ~~~~

src/pages/Communications.tsx:339:82 - error TS1005: ')' expected.

339                                 <span className=\"font-medium\">Estimate:</span> ${email.extracted_data.amounts.estimate.toLocaleString()}
                                                                                     ~

src/pages/Communications.tsx:340:31 - error TS1128: Declaration or statement expected.

340                               </div>
                                  ~~

src/pages/Communications.tsx:341:29 - error TS1109: Expression expected.

341                             )}
                                ~

src/pages/Communications.tsx:344:49 - error TS1127: Invalid character.

344                                 <span className=\"font-medium\">Urgency:</span> {email.extracted_data.urgencyKeywords.join(', ')}
                                                    

src/pages/Communications.tsx:344:64 - error TS1382: Unexpected token. Did you mean `{'>'}` or `&gt;`?

344                                 <span className=\"font-medium\">Urgency:</span> {email.extracted_data.urgencyKeywords.join(', ')}
                                                                   ~

src/pages/Communications.tsx:344:75 - error TS17002: Expected corresponding JSX closing tag for 'div'.

344                                 <span className=\"font-medium\">Urgency:</span> {email.extracted_data.urgencyKeywords.join(', ')}
                                                                              ~~~~

src/pages/Communications.tsx:344:81 - error TS1005: ')' expected.

344                                 <span className=\"font-medium\">Urgency:</span> {email.extracted_data.urgencyKeywords.join(', ')}
                                                                                    ~

src/pages/Communications.tsx:345:31 - error TS1128: Declaration or statement expected.

345                               </div>
                                  ~~

src/pages/Communications.tsx:346:29 - error TS1109: Expression expected.

346                             )}
                                ~

src/pages/Communications.tsx:347:27 - error TS1128: Declaration or statement expected.

347                           </div>
                              ~~

src/pages/Communications.tsx:348:25 - error TS1109: Expression expected.

348                         </div>
                            ~~

src/pages/Communications.tsx:349:23 - error TS1109: Expression expected.

349                       )}
                          ~

src/pages/Communications.tsx:350:21 - error TS1128: Declaration or statement expected.

350                     </div>
                        ~~

src/pages/Communications.tsx:351:19 - error TS1109: Expression expected.

351                   ))
                      ~

src/pages/Communications.tsx:351:20 - error TS1128: Declaration or statement expected.

351                   ))
                       ~

src/pages/Communications.tsx:352:17 - error TS1128: Declaration or statement expected.

352                 )}
                    ~

src/pages/Communications.tsx:352:18 - error TS1128: Declaration or statement expected.

352                 )}
                     ~

src/pages/Communications.tsx:353:15 - error TS1128: Declaration or statement expected.

353               </div>
                  ~~

src/pages/Communications.tsx:354:13 - error TS1109: Expression expected.

354             </CardContent>
                ~~

src/pages/Communications.tsx:355:11 - error TS1109: Expression expected.

355           </Card>
              ~~

src/pages/Communications.tsx:356:9 - error TS1109: Expression expected.

356         </div>
            ~~

src/pages/Communications.tsx:357:7 - error TS1109: Expression expected.

357       )}
          ~

src/pages/Communications.tsx:357:8 - error TS1128: Declaration or statement expected.

357       )}
           ~

src/pages/Communications.tsx:361:9 - error TS2657: JSX expressions must have one parent element.

361         <Card>
            ~~~~~~
362           <CardContent className=\"p-8 text-center\">
    ~~~~~~~~~~~~~~~~~~~~~~~~~~~~~~~~~~~~~~~~~~~~~~~~~~~~~
... 
364             <h3 className=\"text-lg font-medium text-gray-900 mb-2\">Call Management</h3>
    ~~~~~~~~~~~~~~~~~~~~~~~~~~~~~~~~~~~~~~~~~~~~~~~~~~~~~~~~~~~~~~~~~~~~~~~~~~~~~~~~~~~~~~~~~
365             <p className=\"text-gray-600 mb-4\">Amazon Connect integration coming soon</p>
    ~~~~~~~~~~~~~~~~~~~~~~~~~~

src/pages/Communications.tsx:362:34 - error TS1127: Invalid character.

362           <CardContent className=\"p-8 text-center\">
                                     

src/pages/Communications.tsx:362:53 - error TS1382: Unexpected token. Did you mean `{'>'}` or `&gt;`?

362           <CardContent className=\"p-8 text-center\">
                                                        ~

src/pages/Communications.tsx:363:30 - error TS1127: Invalid character.

363             <Phone className=\"h-12 w-12 text-gray-300 mx-auto mb-4\" />
                                 

src/pages/Communications.tsx:363:72 - error TS1382: Unexpected token. Did you mean `{'>'}` or `&gt;`?

363             <Phone className=\"h-12 w-12 text-gray-300 mx-auto mb-4\" />
                                                                           ~

src/pages/Communications.tsx:364:27 - error TS1127: Invalid character.

364             <h3 className=\"text-lg font-medium text-gray-900 mb-2\">Call Management</h3>
                              

src/pages/Communications.tsx:364:69 - error TS1382: Unexpected token. Did you mean `{'>'}` or `&gt;`?

364             <h3 className=\"text-lg font-medium text-gray-900 mb-2\">Call Management</h3>
                                                                        ~

src/pages/Communications.tsx:364:87 - error TS17002: Expected corresponding JSX closing tag for 'Card'.

364             <h3 className=\"text-lg font-medium text-gray-900 mb-2\">Call Management</h3>
                                                                                          ~~

src/pages/Communications.tsx:365:26 - error TS1127: Invalid character.

365             <p className=\"text-gray-600 mb-4\">Amazon Connect integration coming soon</p>
                             

src/pages/Communications.tsx:365:27 - error TS1003: Identifier expected.

365             <p className=\"text-gray-600 mb-4\">Amazon Connect integration coming soon</p>
                              ~~~~~~~~~~~~~~~~~~~~~~~~~~~~~~~~~~~~~~~~~~~~~~~~~~~~~~~~~~~~~~~~

src/pages/Communications.tsx:365:27 - error TS1005: ')' expected.

365             <p className=\"text-gray-600 mb-4\">Amazon Connect integration coming soon</p>
                              ~~~~~~~~~~~~~~~~~~~~~~~~~~~~~~~~~~~~~~~~~~~~~~~~~~~~~~~~~~~~~~~~

src/pages/Communications.tsx:365:91 - error TS1002: Unterminated string literal.

365             <p className=\"text-gray-600 mb-4\">Amazon Connect integration coming soon</p>
                                                                                              

src/pages/Communications.tsx:366:21 - error TS1005: ';' expected.

366             <Button className=\"flex items-center gap-2 mx-auto\">
                        ~~~~~~~~~

src/pages/Communications.tsx:366:31 - error TS1127: Invalid character.

366             <Button className=\"flex items-center gap-2 mx-auto\">
                                  

src/pages/Communications.tsx:366:67 - error TS1002: Unterminated string literal.

366             <Button className=\"flex items-center gap-2 mx-auto\">
                                                                      

src/pages/Communications.tsx:367:25 - error TS1005: ';' expected.

367               <Settings className=\"h-4 w-4\" />
                            ~~~~~~~~~

src/pages/Communications.tsx:367:35 - error TS1127: Invalid character.

367               <Settings className=\"h-4 w-4\" />
                                      

src/pages/Communications.tsx:367:49 - error TS1002: Unterminated string literal.

367               <Settings className=\"h-4 w-4\" />
                                                    

src/pages/Communications.tsx:368:15 - error TS1434: Unexpected keyword or identifier.

368               Configure Phone System
                  ~~~~~~~~~

src/pages/Communications.tsx:368:25 - error TS1434: Unexpected keyword or identifier.

368               Configure Phone System
                            ~~~~~

src/pages/Communications.tsx:369:13 - error TS1128: Declaration or statement expected.

369             </Button>
                ~~

src/pages/Communications.tsx:370:11 - error TS1109: Expression expected.

370           </CardContent>
              ~~

src/pages/Communications.tsx:371:9 - error TS1109: Expression expected.

371         </Card>
            ~~

src/pages/Communications.tsx:372:7 - error TS1109: Expression expected.

372       )}
          ~

src/pages/Communications.tsx:376:9 - error TS2657: JSX expressions must have one parent element.

376         <Card>
            ~~~~~~
377           <CardContent className=\"p-8 text-center\">
    ~~~~~~~~~~~~~~~~~~~~~~~~~~~~~~~~~~~~~~~~~~~~~~~~~~~~~
... 
379             <h3 className=\"text-lg font-medium text-gray-900 mb-2\">SMS Management</h3>
    ~~~~~~~~~~~~~~~~~~~~~~~~~~~~~~~~~~~~~~~~~~~~~~~~~~~~~~~~~~~~~~~~~~~~~~~~~~~~~~~~~~~~~~~~
380             <p className=\"text-gray-600 mb-4\">SMS automation and tracking coming soon</p>
    ~~~~~~~~~~~~~~~~~~~~~~~~~~

src/pages/Communications.tsx:377:34 - error TS1127: Invalid character.

377           <CardContent className=\"p-8 text-center\">
                                     

src/pages/Communications.tsx:377:53 - error TS1382: Unexpected token. Did you mean `{'>'}` or `&gt;`?

377           <CardContent className=\"p-8 text-center\">
                                                        ~

src/pages/Communications.tsx:378:38 - error TS1127: Invalid character.

378             <MessageSquare className=\"h-12 w-12 text-gray-300 mx-auto mb-4\" />
                                         

src/pages/Communications.tsx:378:80 - error TS1382: Unexpected token. Did you mean `{'>'}` or `&gt;`?

378             <MessageSquare className=\"h-12 w-12 text-gray-300 mx-auto mb-4\" />
                                                                                   ~

src/pages/Communications.tsx:379:27 - error TS1127: Invalid character.

379             <h3 className=\"text-lg font-medium text-gray-900 mb-2\">SMS Management</h3>
                              

src/pages/Communications.tsx:379:69 - error TS1382: Unexpected token. Did you mean `{'>'}` or `&gt;`?

379             <h3 className=\"text-lg font-medium text-gray-900 mb-2\">SMS Management</h3>
                                                                        ~

src/pages/Communications.tsx:379:86 - error TS17002: Expected corresponding JSX closing tag for 'Card'.

379             <h3 className=\"text-lg font-medium text-gray-900 mb-2\">SMS Management</h3>
                                                                                         ~~

src/pages/Communications.tsx:380:26 - error TS1127: Invalid character.

380             <p className=\"text-gray-600 mb-4\">SMS automation and tracking coming soon</p>
                             

src/pages/Communications.tsx:380:27 - error TS1003: Identifier expected.

380             <p className=\"text-gray-600 mb-4\">SMS automation and tracking coming soon</p>
                              ~~~~~~~~~~~~~~~~~~~~~~~~~~~~~~~~~~~~~~~~~~~~~~~~~~~~~~~~~~~~~~~~~

src/pages/Communications.tsx:380:27 - error TS1005: ')' expected.

380             <p className=\"text-gray-600 mb-4\">SMS automation and tracking coming soon</p>
                              ~~~~~~~~~~~~~~~~~~~~~~~~~~~~~~~~~~~~~~~~~~~~~~~~~~~~~~~~~~~~~~~~~

src/pages/Communications.tsx:380:92 - error TS1002: Unterminated string literal.

380             <p className=\"text-gray-600 mb-4\">SMS automation and tracking coming soon</p>
                                                                                               

src/pages/Communications.tsx:381:21 - error TS1005: ';' expected.

381             <Button className=\"flex items-center gap-2 mx-auto\">
                        ~~~~~~~~~

src/pages/Communications.tsx:381:31 - error TS1127: Invalid character.

381             <Button className=\"flex items-center gap-2 mx-auto\">
                                  

src/pages/Communications.tsx:381:67 - error TS1002: Unterminated string literal.

381             <Button className=\"flex items-center gap-2 mx-auto\">
                                                                      

src/pages/Communications.tsx:382:25 - error TS1005: ';' expected.

382               <Settings className=\"h-4 w-4\" />
                            ~~~~~~~~~

src/pages/Communications.tsx:382:35 - error TS1127: Invalid character.

382               <Settings className=\"h-4 w-4\" />
                                      

src/pages/Communications.tsx:382:49 - error TS1002: Unterminated string literal.

382               <Settings className=\"h-4 w-4\" />
                                                    

src/pages/Communications.tsx:383:15 - error TS1434: Unexpected keyword or identifier.

383               Configure SMS Service
                  ~~~~~~~~~

src/pages/Communications.tsx:383:25 - error TS1434: Unexpected keyword or identifier.

383               Configure SMS Service
                            ~~~

src/pages/Communications.tsx:384:13 - error TS1128: Declaration or statement expected.

384             </Button>
                ~~

src/pages/Communications.tsx:385:11 - error TS1109: Expression expected.

385           </CardContent>
              ~~

src/pages/Communications.tsx:386:9 - error TS1109: Expression expected.

386         </Card>
            ~~

src/pages/Communications.tsx:387:7 - error TS1109: Expression expected.

387       )}
          ~

src/pages/Communications.tsx:391:24 - error TS1127: Invalid character.

391         <div className=\"space-y-6\">
                           

src/pages/Communications.tsx:391:25 - error TS1003: Identifier expected.

391         <div className=\"space-y-6\">
                            ~~~~~~~~~~~~~

src/pages/Communications.tsx:391:38 - error TS1002: Unterminated string literal.

391         <div className=\"space-y-6\">
                                         

src/pages/Communications.tsx:393:13 - error TS2657: JSX expressions must have one parent element.

393             <CardHeader>
                ~~~~~~~~~~~~
394               <CardTitle>Email Integration Settings</CardTitle>
    ~~~~~~~~~~~~~~~~~~~~~~~~~~~~~~~~~~~~~~~~~~~~~~~~~~~~~~~~~~~~~~~
395             </CardHeader>
    ~~~~~~~~~~~~~~~~~~~~~~~~~
396             <CardContent className=\"space-y-4\">
    ~~~~~~~~~~~~~~~~~~~~~~~~~~~~~~~~~~~~

src/pages/Communications.tsx:396:36 - error TS1127: Invalid character.

396             <CardContent className=\"space-y-4\">
                                       

src/pages/Communications.tsx:396:37 - error TS1003: Identifier expected.

396             <CardContent className=\"space-y-4\">
                                        ~~~~~~~~~~~~~

src/pages/Communications.tsx:396:37 - error TS1005: ';' expected.

396             <CardContent className=\"space-y-4\">
                                        ~~~~~~~~~~~~~

src/pages/Communications.tsx:396:50 - error TS1002: Unterminated string literal.

396             <CardContent className=\"space-y-4\">
                                                     

src/pages/Communications.tsx:398:34 - error TS1127: Invalid character.

398                 <label className=\"block text-sm font-medium text-gray-700 mb-2\">
                                     

src/pages/Communications.tsx:398:35 - error TS1003: Identifier expected.

398                 <label className=\"block text-sm font-medium text-gray-700 mb-2\">
                                      ~~~~~~~~~~~~~~~~~~~~~~~~~~~~~~~~~~~~~~~~~~~~~~~~

src/pages/Communications.tsx:398:83 - error TS1002: Unterminated string literal.

398                 <label className=\"block text-sm font-medium text-gray-700 mb-2\">
                                                                                      

src/pages/Communications.tsx:399:19 - error TS1434: Unexpected keyword or identifier.

399                   Email Provider
                      ~~~~~

src/pages/Communications.tsx:400:17 - error TS1128: Declaration or statement expected.

400                 </label>
                    ~~

src/pages/Communications.tsx:401:35 - error TS1127: Invalid character.

401                 <select className=\"w-full px-3 py-2 border border-gray-300 rounded-lg focus:ring-2 focus:ring-blue-500 focus:border-transparent\">
                                      

src/pages/Communications.tsx:401:36 - error TS1003: Identifier expected.

401                 <select className=\"w-full px-3 py-2 border border-gray-300 rounded-lg focus:ring-2 focus:ring-blue-500 focus:border-transparent\">
                                       ~~~~~~~~~~~~~~~~~~~~~~~~~~~~~~~~~~~~~~~~~~~~~~~~~~~~~~~~~~~~~~~~~~~~~~~~~~~~~~~~~~~~~~~~~~~~~~~~~~~~~~~~~~~~~~~~

src/pages/Communications.tsx:401:148 - error TS1002: Unterminated string literal.

401                 <select className=\"w-full px-3 py-2 border border-gray-300 rounded-lg focus:ring-2 focus:ring-blue-500 focus:border-transparent\">
                                                                                                                                                       

src/pages/Communications.tsx:402:27 - error TS1005: ';' expected.

402                   <option value=\"\">Select email provider</option>
                              ~~~~~

src/pages/Communications.tsx:402:33 - error TS1127: Invalid character.

402                   <option value=\"\">Select email provider</option>
                                    

src/pages/Communications.tsx:402:68 - error TS1002: Unterminated string literal.

402                   <option value=\"\">Select email provider</option>
                                                                       

src/pages/Communications.tsx:403:27 - error TS1005: ';' expected.

403                   <option value=\"gmail\">Gmail</option>
                              ~~~~~

src/pages/Communications.tsx:403:33 - error TS1127: Invalid character.

403                   <option value=\"gmail\">Gmail</option>
                                    

src/pages/Communications.tsx:403:57 - error TS1002: Unterminated string literal.

403                   <option value=\"gmail\">Gmail</option>
                                                            

src/pages/Communications.tsx:404:27 - error TS1005: ';' expected.

404                   <option value=\"outlook\">Outlook</option>
                              ~~~~~

src/pages/Communications.tsx:404:33 - error TS1127: Invalid character.

404                   <option value=\"outlook\">Outlook</option>
                                    

src/pages/Communications.tsx:404:61 - error TS1002: Unterminated string literal.

404                   <option value=\"outlook\">Outlook</option>
                                                                

src/pages/Communications.tsx:405:27 - error TS1005: ';' expected.

405                   <option value=\"imap\">IMAP (Custom)</option>
                              ~~~~~

src/pages/Communications.tsx:405:33 - error TS1127: Invalid character.

405                   <option value=\"imap\">IMAP (Custom)</option>
                                    

src/pages/Communications.tsx:405:64 - error TS1002: Unterminated string literal.

405                   <option value=\"imap\">IMAP (Custom)</option>
                                                                   

src/pages/Communications.tsx:406:17 - error TS1128: Declaration or statement expected.

406                 </select>
                    ~~

src/pages/Communications.tsx:407:15 - error TS1109: Expression expected.

407               </div>
                  ~~

src/pages/Communications.tsx:409:15 - error TS2657: JSX expressions must have one parent element.

409               <div>
                  ~~~~~
410                 <label className=\"block text-sm font-medium text-gray-700 mb-2\">
    ~~~~~~~~~~~~~~~~~~~~~~~~~~~~~~~~~~~~~~~~~~~~~~~~~~~~~~~~~~~~~~~~~~~~~~~~~~~~~~~~~~
... 
414                   rows={4}
    ~~~~~~~~~~~~~~~~~~~~~~~~~~
415                   placeholder=\"example.com&#10;spam-domain.com\"
    ~~~~~~~~~~~~~~~~~~~~~~~~~~~~~~~

src/pages/Communications.tsx:410:34 - error TS1127: Invalid character.

410                 <label className=\"block text-sm font-medium text-gray-700 mb-2\">
                                     

src/pages/Communications.tsx:410:82 - error TS1382: Unexpected token. Did you mean `{'>'}` or `&gt;`?

410                 <label className=\"block text-sm font-medium text-gray-700 mb-2\">
                                                                                     ~

src/pages/Communications.tsx:412:19 - error TS17002: Expected corresponding JSX closing tag for 'div'.

412                 </label>
                      ~~~~~

src/pages/Communications.tsx:415:31 - error TS1127: Invalid character.

415                   placeholder=\"example.com&#10;spam-domain.com\"
                                  

src/pages/Communications.tsx:415:32 - error TS1003: Identifier expected.

415                   placeholder=\"example.com&#10;spam-domain.com\"
                                   ~~~~~~~~~~~~~~~~~~~~~~~~~~~~~~~~~~

src/pages/Communications.tsx:415:32 - error TS1005: ';' expected.

415                   placeholder=\"example.com&#10;spam-domain.com\"
                                   ~~~~~~~~~~~~~~~~~~~~~~~~~~~~~~~~~~

src/pages/Communications.tsx:415:66 - error TS1002: Unterminated string literal.

415                   placeholder=\"example.com&#10;spam-domain.com\"
                                                                     

src/pages/Communications.tsx:416:29 - error TS1127: Invalid character.

416                   className=\"w-full px-3 py-2 border border-gray-300 rounded-lg focus:ring-2 focus:ring-blue-500 focus:border-transparent\"
                                

src/pages/Communications.tsx:416:141 - error TS1002: Unterminated string literal.

416                   className=\"w-full px-3 py-2 border border-gray-300 rounded-lg focus:ring-2 focus:ring-blue-500 focus:border-transparent\"
                                                                                                                                                

src/pages/Communications.tsx:417:18 - error TS1109: Expression expected.

417                 />
                     ~

src/pages/Communications.tsx:418:15 - error TS1109: Expression expected.

418               </div>
                  ~~

src/pages/Communications.tsx:420:30 - error TS1127: Invalid character.

420               <div className=\"flex items-center gap-2\">
                                 

src/pages/Communications.tsx:420:31 - error TS1003: Identifier expected.

420               <div className=\"flex items-center gap-2\">
                                  ~~~~~~~~~~~~~~~~~~~~~~~~~~~

src/pages/Communications.tsx:420:58 - error TS1002: Unterminated string literal.

420               <div className=\"flex items-center gap-2\">
                                                             

src/pages/Communications.tsx:421:24 - error TS1005: ';' expected.

421                 <input type=\"checkbox\" id=\"auto-classify\" className=\"rounded\" />
                           ~~~~

src/pages/Communications.tsx:421:29 - error TS1127: Invalid character.

421                 <input type=\"checkbox\" id=\"auto-classify\" className=\"rounded\" />
                                

src/pages/Communications.tsx:421:87 - error TS1002: Unterminated string literal.

421                 <input type=\"checkbox\" id=\"auto-classify\" className=\"rounded\" />
                                                                                          

src/pages/Communications.tsx:422:24 - error TS1005: ';' expected.

422                 <label htmlFor=\"auto-classify\" className=\"text-sm text-gray-700\">
                           ~~~~~~~

src/pages/Communications.tsx:422:32 - error TS1127: Invalid character.

422                 <label htmlFor=\"auto-classify\" className=\"text-sm text-gray-700\">
                                   

src/pages/Communications.tsx:422:86 - error TS1002: Unterminated string literal.

422                 <label htmlFor=\"auto-classify\" className=\"text-sm text-gray-700\">
                                                                                         

src/pages/Communications.tsx:423:19 - error TS1434: Unexpected keyword or identifier.

423                   Enable automatic email classification
                      ~~~~~~

src/pages/Communications.tsx:423:26 - error TS1434: Unexpected keyword or identifier.

423                   Enable automatic email classification
                             ~~~~~~~~~

src/pages/Communications.tsx:423:36 - error TS1434: Unexpected keyword or identifier.

423                   Enable automatic email classification
                                       ~~~~~

src/pages/Communications.tsx:424:17 - error TS1128: Declaration or statement expected.

424                 </label>
                    ~~

src/pages/Communications.tsx:425:15 - error TS1109: Expression expected.

425               </div>
                  ~~

src/pages/Communications.tsx:427:30 - error TS1127: Invalid character.

427               <div className=\"flex items-center gap-2\">
                                 

src/pages/Communications.tsx:427:31 - error TS1003: Identifier expected.

427               <div className=\"flex items-center gap-2\">
                                  ~~~~~~~~~~~~~~~~~~~~~~~~~~~

src/pages/Communications.tsx:427:58 - error TS1002: Unterminated string literal.

427               <div className=\"flex items-center gap-2\">
                                                             

src/pages/Communications.tsx:428:24 - error TS1005: ';' expected.

428                 <input type=\"checkbox\" id=\"auto-tasks\" className=\"rounded\" />
                           ~~~~

src/pages/Communications.tsx:428:29 - error TS1127: Invalid character.

428                 <input type=\"checkbox\" id=\"auto-tasks\" className=\"rounded\" />
                                

src/pages/Communications.tsx:428:84 - error TS1002: Unterminated string literal.

428                 <input type=\"checkbox\" id=\"auto-tasks\" className=\"rounded\" />
                                                                                       

src/pages/Communications.tsx:429:24 - error TS1005: ';' expected.

429                 <label htmlFor=\"auto-tasks\" className=\"text-sm text-gray-700\">
                           ~~~~~~~

src/pages/Communications.tsx:429:32 - error TS1127: Invalid character.

429                 <label htmlFor=\"auto-tasks\" className=\"text-sm text-gray-700\">
                                   

src/pages/Communications.tsx:429:83 - error TS1002: Unterminated string literal.

429                 <label htmlFor=\"auto-tasks\" className=\"text-sm text-gray-700\">
                                                                                      

src/pages/Communications.tsx:430:19 - error TS1434: Unexpected keyword or identifier.

430                   Create tasks automatically from email content
                      ~~~~~~

src/pages/Communications.tsx:430:26 - error TS1434: Unexpected keyword or identifier.

430                   Create tasks automatically from email content
                             ~~~~~

src/pages/Communications.tsx:430:32 - error TS1434: Unexpected keyword or identifier.

430                   Create tasks automatically from email content
                                   ~~~~~~~~~~~~~

src/pages/Communications.tsx:430:46 - error TS1434: Unexpected keyword or identifier.

430                   Create tasks automatically from email content
                                                 ~~~~

src/pages/Communications.tsx:430:51 - error TS1434: Unexpected keyword or identifier.

430                   Create tasks automatically from email content
                                                      ~~~~~

src/pages/Communications.tsx:431:17 - error TS1128: Declaration or statement expected.

431                 </label>
                    ~~

src/pages/Communications.tsx:432:15 - error TS1109: Expression expected.

432               </div>
                  ~~

src/pages/Communications.tsx:434:33 - error TS1127: Invalid character.

434               <Button className=\"flex items-center gap-2\">
                                    

src/pages/Communications.tsx:434:34 - error TS1003: Identifier expected.

434               <Button className=\"flex items-center gap-2\">
                                     ~~~~~~~~~~~~~~~~~~~~~~~~~~~

src/pages/Communications.tsx:434:61 - error TS1002: Unterminated string literal.

434               <Button className=\"flex items-center gap-2\">
                                                                

src/pages/Communications.tsx:435:27 - error TS1005: ';' expected.

435                 <Settings className=\"h-4 w-4\" />
                              ~~~~~~~~~

src/pages/Communications.tsx:435:37 - error TS1127: Invalid character.

435                 <Settings className=\"h-4 w-4\" />
                                        

src/pages/Communications.tsx:435:51 - error TS1002: Unterminated string literal.

435                 <Settings className=\"h-4 w-4\" />
                                                      

src/pages/Communications.tsx:436:17 - error TS1434: Unexpected keyword or identifier.

436                 Save Settings
                    ~~~~

src/pages/Communications.tsx:437:15 - error TS1128: Declaration or statement expected.

437               </Button>
                  ~~

src/pages/Communications.tsx:438:13 - error TS1109: Expression expected.

438             </CardContent>
                ~~

src/pages/Communications.tsx:439:11 - error TS1109: Expression expected.

439           </Card>
              ~~

src/pages/Communications.tsx:441:11 - error TS2657: JSX expressions must have one parent element.

441           <Card>
              ~~~~~~
442             <CardHeader>
    ~~~~~~~~~~~~~~~~~~~~~~~~
... 
461                 <input
    ~~~~~~~~~~~~~~~~~~~~~~
462                   type=\"text\"
    ~~~~~~~~~~~~~~~~~~~~~~~~

src/pages/Communications.tsx:445:36 - error TS1127: Invalid character.

445             <CardContent className=\"space-y-4\">
                                       

src/pages/Communications.tsx:445:49 - error TS1382: Unexpected token. Did you mean `{'>'}` or `&gt;`?

445             <CardContent className=\"space-y-4\">
                                                    ~

src/pages/Communications.tsx:447:34 - error TS1127: Invalid character.

447                 <label className=\"block text-sm font-medium text-gray-700 mb-2\">
                                     

src/pages/Communications.tsx:447:82 - error TS1382: Unexpected token. Did you mean `{'>'}` or `&gt;`?

447                 <label className=\"block text-sm font-medium text-gray-700 mb-2\">
                                                                                     ~

src/pages/Communications.tsx:449:19 - error TS17002: Expected corresponding JSX closing tag for 'div'.

449                 </label>
                      ~~~~~

src/pages/Communications.tsx:451:24 - error TS1127: Invalid character.

451                   type=\"text\"
                           

src/pages/Communications.tsx:454:18 - error TS1382: Unexpected token. Did you mean `{'>'}` or `&gt;`?

454                 />
                     ~

src/pages/Communications.tsx:455:17 - error TS17002: Expected corresponding JSX closing tag for 'Card'.

455               </div>
                    ~~~

src/pages/Communications.tsx:458:34 - error TS1127: Invalid character.

458                 <label className=\"block text-sm font-medium text-gray-700 mb-2\">
                                     

src/pages/Communications.tsx:458:82 - error TS1382: Unexpected token. Did you mean `{'>'}` or `&gt;`?

458                 <label className=\"block text-sm font-medium text-gray-700 mb-2\">
                                                                                     ~

src/pages/Communications.tsx:460:19 - error TS17002: Expected corresponding JSX closing tag for 'div'.

460                 </label>
                      ~~~~~

src/pages/Communications.tsx:462:24 - error TS1127: Invalid character.

462                   type=\"text\"
                           

src/pages/Communications.tsx:462:25 - error TS1003: Identifier expected.

462                   type=\"text\"
                            ~~~~~~~

src/pages/Communications.tsx:462:25 - error TS1005: ';' expected.

462                   type=\"text\"
                            ~~~~~~~

src/pages/Communications.tsx:462:32 - error TS1002: Unterminated string literal.

462                   type=\"text\"
                                   

src/pages/Communications.tsx:463:31 - error TS1127: Invalid character.

463                   placeholder=\"AKIA...\"
                                  

src/pages/Communications.tsx:463:42 - error TS1002: Unterminated string literal.

463                   placeholder=\"AKIA...\"
                                             

src/pages/Communications.tsx:464:29 - error TS1127: Invalid character.

464                   className=\"w-full px-3 py-2 border border-gray-300 rounded-lg focus:ring-2 focus:ring-blue-500 focus:border-transparent\"
                                

src/pages/Communications.tsx:464:141 - error TS1002: Unterminated string literal.

464                   className=\"w-full px-3 py-2 border border-gray-300 rounded-lg focus:ring-2 focus:ring-blue-500 focus:border-transparent\"
                                                                                                                                                

src/pages/Communications.tsx:465:18 - error TS1109: Expression expected.

465                 />
                     ~

src/pages/Communications.tsx:466:15 - error TS1109: Expression expected.

466               </div>
                  ~~

src/pages/Communications.tsx:468:15 - error TS2657: JSX expressions must have one parent element.

468               <div>
                  ~~~~~
469                 <label className=\"block text-sm font-medium text-gray-700 mb-2\">
    ~~~~~~~~~~~~~~~~~~~~~~~~~~~~~~~~~~~~~~~~~~~~~~~~~~~~~~~~~~~~~~~~~~~~~~~~~~~~~~~~~~
... 
472                 <input
    ~~~~~~~~~~~~~~~~~~~~~~
473                   type=\"password\"
    ~~~~~~~~~~~~~~~~~~~~~~~~

src/pages/Communications.tsx:469:34 - error TS1127: Invalid character.

469                 <label className=\"block text-sm font-medium text-gray-700 mb-2\">
                                     

src/pages/Communications.tsx:469:82 - error TS1382: Unexpected token. Did you mean `{'>'}` or `&gt;`?

469                 <label className=\"block text-sm font-medium text-gray-700 mb-2\">
                                                                                     ~

src/pages/Communications.tsx:471:19 - error TS17002: Expected corresponding JSX closing tag for 'div'.

471                 </label>
                      ~~~~~

src/pages/Communications.tsx:473:24 - error TS1127: Invalid character.

473                   type=\"password\"
                           

src/pages/Communications.tsx:473:25 - error TS1003: Identifier expected.

473                   type=\"password\"
                            ~~~~~~~~~~~

src/pages/Communications.tsx:473:25 - error TS1005: ';' expected.

473                   type=\"password\"
                            ~~~~~~~~~~~

src/pages/Communications.tsx:473:36 - error TS1002: Unterminated string literal.

473                   type=\"password\"
                                       

src/pages/Communications.tsx:474:31 - error TS1127: Invalid character.

474                   placeholder=\"********\"
                                  

src/pages/Communications.tsx:474:43 - error TS1002: Unterminated string literal.

474                   placeholder=\"********\"
                                              

src/pages/Communications.tsx:475:29 - error TS1127: Invalid character.

475                   className=\"w-full px-3 py-2 border border-gray-300 rounded-lg focus:ring-2 focus:ring-blue-500 focus:border-transparent\"
                                

src/pages/Communications.tsx:475:141 - error TS1002: Unterminated string literal.

475                   className=\"w-full px-3 py-2 border border-gray-300 rounded-lg focus:ring-2 focus:ring-blue-500 focus:border-transparent\"
                                                                                                                                                

src/pages/Communications.tsx:476:18 - error TS1109: Expression expected.

476                 />
                     ~

src/pages/Communications.tsx:477:15 - error TS1109: Expression expected.

477               </div>
                  ~~

src/pages/Communications.tsx:479:33 - error TS1127: Invalid character.

479               <Button className=\"flex items-center gap-2\">
                                    

src/pages/Communications.tsx:479:34 - error TS1003: Identifier expected.

479               <Button className=\"flex items-center gap-2\">
                                     ~~~~~~~~~~~~~~~~~~~~~~~~~~~

src/pages/Communications.tsx:479:61 - error TS1002: Unterminated string literal.

479               <Button className=\"flex items-center gap-2\">
                                                                

src/pages/Communications.tsx:480:27 - error TS1005: ';' expected.

480                 <Settings className=\"h-4 w-4\" />
                              ~~~~~~~~~

src/pages/Communications.tsx:480:37 - error TS1127: Invalid character.

480                 <Settings className=\"h-4 w-4\" />
                                        

src/pages/Communications.tsx:480:51 - error TS1002: Unterminated string literal.

480                 <Settings className=\"h-4 w-4\" />
                                                      

src/pages/Communications.tsx:481:17 - error TS1434: Unexpected keyword or identifier.

481                 Configure Phone System
                    ~~~~~~~~~

src/pages/Communications.tsx:481:27 - error TS1434: Unexpected keyword or identifier.

481                 Configure Phone System
                              ~~~~~

src/pages/Communications.tsx:482:15 - error TS1128: Declaration or statement expected.

482               </Button>
                  ~~

src/pages/Communications.tsx:483:13 - error TS1109: Expression expected.

483             </CardContent>
                ~~

src/pages/Communications.tsx:484:11 - error TS1109: Expression expected.

484           </Card>
              ~~

src/pages/Communications.tsx:485:9 - error TS1109: Expression expected.

485         </div>
            ~~

src/pages/Communications.tsx:486:7 - error TS1109: Expression expected.

486       )}
          ~

src/pages/Communications.tsx:487:5 - error TS1128: Declaration or statement expected.

487     </div>
        ~~

src/pages/Communications.tsx:488:3 - error TS1109: Expression expected.

488   )
      ~

src/pages/Communications.tsx:489:1 - error TS1128: Declaration or statement expected.

489 }
    ~


Found 522 errors.

