
> react_repo@0.0.0 build
> yes | pnpm install && rm -rf node_modules/.vite-temp && tsc -b && vite build

Lockfile is up to date, resolution step is skipped
Already up to date
Done in 1.3s using pnpm v10.12.4
src/components/claims/wizard-steps/WorkingPolicyUploadStep.tsx:114:20 - error TS1127: Invalid character.

114     <div className=\"space-y-6\">
                       

src/components/claims/wizard-steps/WorkingPolicyUploadStep.tsx:114:21 - error TS1003: Identifier expected.

114     <div className=\"space-y-6\">
                        ~~~~~~~~~~~~~

src/components/claims/wizard-steps/WorkingPolicyUploadStep.tsx:114:34 - error TS1002: Unterminated string literal.

114     <div className=\"space-y-6\">
                                     

src/components/claims/wizard-steps/WorkingPolicyUploadStep.tsx:118:32 - error TS1127: Invalid character.

118           <CardTitle className=\"flex items-center gap-2\">
                                   

src/components/claims/wizard-steps/WorkingPolicyUploadStep.tsx:118:59 - error TS1382: Unexpected token. Did you mean `{'>'}` or `&gt;`?

118           <CardTitle className=\"flex items-center gap-2\">
                                                              ~

src/components/claims/wizard-steps/WorkingPolicyUploadStep.tsx:119:30 - error TS1127: Invalid character.

119             <Brain className=\"h-5 w-5 text-purple-600\" />
                                 

src/components/claims/wizard-steps/WorkingPolicyUploadStep.tsx:119:59 - error TS1382: Unexpected token. Did you mean `{'>'}` or `&gt;`?

119             <Brain className=\"h-5 w-5 text-purple-600\" />
                                                              ~

src/components/claims/wizard-steps/WorkingPolicyUploadStep.tsx:121:13 - error TS17002: Expected corresponding JSX closing tag for 'CardHeader'.

121           </CardTitle>
                ~~~~~~~~~

src/components/claims/wizard-steps/WorkingPolicyUploadStep.tsx:122:24 - error TS1127: Invalid character.

122           <p className=\"text-gray-600\">
                           

src/components/claims/wizard-steps/WorkingPolicyUploadStep.tsx:122:41 - error TS1382: Unexpected token. Did you mean `{'>'}` or `&gt;`?

122           <p className=\"text-gray-600\">
                                            ~

src/components/claims/wizard-steps/WorkingPolicyUploadStep.tsx:124:13 - error TS17002: Expected corresponding JSX closing tag for 'Card'.

124           </p>
                ~

src/components/claims/wizard-steps/WorkingPolicyUploadStep.tsx:125:9 - error TS1128: Declaration or statement expected.

125         </CardHeader>
            ~~

src/components/claims/wizard-steps/WorkingPolicyUploadStep.tsx:126:7 - error TS1109: Expression expected.

126       </Card>
          ~~

src/components/claims/wizard-steps/WorkingPolicyUploadStep.tsx:130:32 - error TS1127: Invalid character.

130         <CardContent className=\"pt-6\">
                                   

src/components/claims/wizard-steps/WorkingPolicyUploadStep.tsx:130:33 - error TS1003: Identifier expected.

130         <CardContent className=\"pt-6\">
                                    ~~~~~~~~

src/components/claims/wizard-steps/WorkingPolicyUploadStep.tsx:130:41 - error TS1002: Unterminated string literal.

130         <CardContent className=\"pt-6\">
                                            

src/components/claims/wizard-steps/WorkingPolicyUploadStep.tsx:131:16 - error TS1005: ';' expected.

131           <div className=\"border-2 border-dashed border-gray-300 rounded-lg p-8 text-center hover:border-purple-400 transition-colors\">
                   ~~~~~~~~~

src/components/claims/wizard-steps/WorkingPolicyUploadStep.tsx:131:26 - error TS1127: Invalid character.

131           <div className=\"border-2 border-dashed border-gray-300 rounded-lg p-8 text-center hover:border-purple-400 transition-colors\">
                             

src/components/claims/wizard-steps/WorkingPolicyUploadStep.tsx:131:138 - error TS1002: Unterminated string literal.

131           <div className=\"border-2 border-dashed border-gray-300 rounded-lg p-8 text-center hover:border-purple-400 transition-colors\">
                                                                                                                                             

src/components/claims/wizard-steps/WorkingPolicyUploadStep.tsx:132:21 - error TS1005: ';' expected.

132             <Upload className=\"h-12 w-12 text-gray-400 mx-auto mb-4\" />
                        ~~~~~~~~~

src/components/claims/wizard-steps/WorkingPolicyUploadStep.tsx:132:31 - error TS1127: Invalid character.

132             <Upload className=\"h-12 w-12 text-gray-400 mx-auto mb-4\" />
                                  

src/components/claims/wizard-steps/WorkingPolicyUploadStep.tsx:132:74 - error TS1002: Unterminated string literal.

132             <Upload className=\"h-12 w-12 text-gray-400 mx-auto mb-4\" />
                                                                             

src/components/claims/wizard-steps/WorkingPolicyUploadStep.tsx:133:18 - error TS1005: ';' expected.

133             <div className=\"space-y-2\">
                     ~~~~~~~~~

src/components/claims/wizard-steps/WorkingPolicyUploadStep.tsx:133:28 - error TS1127: Invalid character.

133             <div className=\"space-y-2\">
                               

src/components/claims/wizard-steps/WorkingPolicyUploadStep.tsx:133:42 - error TS1002: Unterminated string literal.

133             <div className=\"space-y-2\">
                                             

src/components/claims/wizard-steps/WorkingPolicyUploadStep.tsx:134:19 - error TS1005: ';' expected.

134               <h3 className=\"text-lg font-medium text-gray-900\">
                      ~~~~~~~~~

src/components/claims/wizard-steps/WorkingPolicyUploadStep.tsx:134:29 - error TS1127: Invalid character.

134               <h3 className=\"text-lg font-medium text-gray-900\">
                                

src/components/claims/wizard-steps/WorkingPolicyUploadStep.tsx:134:67 - error TS1002: Unterminated string literal.

134               <h3 className=\"text-lg font-medium text-gray-900\">
                                                                      

src/components/claims/wizard-steps/WorkingPolicyUploadStep.tsx:135:17 - error TS1434: Unexpected keyword or identifier.

135                 Upload Insurance Policy Document
                    ~~~~~~

src/components/claims/wizard-steps/WorkingPolicyUploadStep.tsx:135:24 - error TS1434: Unexpected keyword or identifier.

135                 Upload Insurance Policy Document
                           ~~~~~~~~~

src/components/claims/wizard-steps/WorkingPolicyUploadStep.tsx:135:34 - error TS1434: Unexpected keyword or identifier.

135                 Upload Insurance Policy Document
                                     ~~~~~~

src/components/claims/wizard-steps/WorkingPolicyUploadStep.tsx:136:15 - error TS1128: Declaration or statement expected.

136               </h3>
                  ~~

src/components/claims/wizard-steps/WorkingPolicyUploadStep.tsx:137:28 - error TS1127: Invalid character.

137               <p className=\"text-gray-600\">
                               

src/components/claims/wizard-steps/WorkingPolicyUploadStep.tsx:137:29 - error TS1003: Identifier expected.

137               <p className=\"text-gray-600\">
                                ~~~~~~~~~~~~~~~~~

src/components/claims/wizard-steps/WorkingPolicyUploadStep.tsx:137:46 - error TS1002: Unterminated string literal.

137               <p className=\"text-gray-600\">
                                                 

src/components/claims/wizard-steps/WorkingPolicyUploadStep.tsx:138:17 - error TS1434: Unexpected keyword or identifier.

138                 Select your PDF policy document for AI-powered data extraction
                    ~~~~~~

src/components/claims/wizard-steps/WorkingPolicyUploadStep.tsx:138:24 - error TS1434: Unexpected keyword or identifier.

138                 Select your PDF policy document for AI-powered data extraction
                           ~~~~

src/components/claims/wizard-steps/WorkingPolicyUploadStep.tsx:138:29 - error TS1434: Unexpected keyword or identifier.

138                 Select your PDF policy document for AI-powered data extraction
                                ~~~

src/components/claims/wizard-steps/WorkingPolicyUploadStep.tsx:138:33 - error TS1434: Unexpected keyword or identifier.

138                 Select your PDF policy document for AI-powered data extraction
                                    ~~~~~~

src/components/claims/wizard-steps/WorkingPolicyUploadStep.tsx:138:40 - error TS1434: Unexpected keyword or identifier.

138                 Select your PDF policy document for AI-powered data extraction
                                           ~~~~~~~~

src/components/claims/wizard-steps/WorkingPolicyUploadStep.tsx:138:53 - error TS1005: '(' expected.

138                 Select your PDF policy document for AI-powered data extraction
                                                        ~~

src/components/claims/wizard-steps/WorkingPolicyUploadStep.tsx:138:64 - error TS1005: ';' expected.

138                 Select your PDF policy document for AI-powered data extraction
                                                                   ~~~~

src/components/claims/wizard-steps/WorkingPolicyUploadStep.tsx:138:69 - error TS1005: ';' expected.

138                 Select your PDF policy document for AI-powered data extraction
                                                                        ~~~~~~~~~~

src/components/claims/wizard-steps/WorkingPolicyUploadStep.tsx:139:15 - error TS1005: ')' expected.

139               </p>
                  ~~

src/components/claims/wizard-steps/WorkingPolicyUploadStep.tsx:140:30 - error TS1127: Invalid character.

140               <div className=\"mt-4\">
                                 

src/components/claims/wizard-steps/WorkingPolicyUploadStep.tsx:140:31 - error TS1003: Identifier expected.

140               <div className=\"mt-4\">
                                  ~~~~~~~~

src/components/claims/wizard-steps/WorkingPolicyUploadStep.tsx:140:39 - error TS1002: Unterminated string literal.

140               <div className=\"mt-4\">
                                          

src/components/claims/wizard-steps/WorkingPolicyUploadStep.tsx:142:24 - error TS1127: Invalid character.

142                   type=\"file\"
                           

src/components/claims/wizard-steps/WorkingPolicyUploadStep.tsx:142:32 - error TS1002: Unterminated string literal.

142                   type=\"file\"
                                   

src/components/claims/wizard-steps/WorkingPolicyUploadStep.tsx:143:26 - error TS1127: Invalid character.

143                   accept=\".pdf\"
                             

src/components/claims/wizard-steps/WorkingPolicyUploadStep.tsx:143:34 - error TS1002: Unterminated string literal.

143                   accept=\".pdf\"
                                     

src/components/claims/wizard-steps/WorkingPolicyUploadStep.tsx:145:29 - error TS1127: Invalid character.

145                   className=\"block w-full text-sm text-gray-500 file:mr-4 file:py-2 file:px-4 file:rounded-lg file:border-0 file:text-sm file:font-medium file:bg-purple-50 file:text-purple-700 hover:file:bg-purple-100\"
                                

src/components/claims/wizard-steps/WorkingPolicyUploadStep.tsx:145:221 - error TS1002: Unterminated string literal.

145                   className=\"block w-full text-sm text-gray-500 file:mr-4 file:py-2 file:px-4 file:rounded-lg file:border-0 file:text-sm file:font-medium file:bg-purple-50 file:text-purple-700 hover:file:bg-purple-100\"
                                                                                                                                                                                                                                

src/components/claims/wizard-steps/WorkingPolicyUploadStep.tsx:146:18 - error TS1109: Expression expected.

146                 />
                     ~

src/components/claims/wizard-steps/WorkingPolicyUploadStep.tsx:147:15 - error TS1109: Expression expected.

147               </div>
                  ~~

src/components/claims/wizard-steps/WorkingPolicyUploadStep.tsx:148:13 - error TS1109: Expression expected.

148             </div>
                ~~

src/components/claims/wizard-steps/WorkingPolicyUploadStep.tsx:149:11 - error TS1109: Expression expected.

149           </div>
              ~~

src/components/claims/wizard-steps/WorkingPolicyUploadStep.tsx:153:28 - error TS1127: Invalid character.

153             <div className=\"mt-4 bg-blue-50 border border-blue-200 rounded-lg p-4\">
                               

src/components/claims/wizard-steps/WorkingPolicyUploadStep.tsx:153:29 - error TS1003: Identifier expected.

153             <div className=\"mt-4 bg-blue-50 border border-blue-200 rounded-lg p-4\">
                                ~~~~~~~~~~~~~~~~~~~~~~~~~~~~~~~~~~~~~~~~~~~~~~~~~~~~~~~~~

src/components/claims/wizard-steps/WorkingPolicyUploadStep.tsx:153:86 - error TS1002: Unterminated string literal.

153             <div className=\"mt-4 bg-blue-50 border border-blue-200 rounded-lg p-4\">
                                                                                         

src/components/claims/wizard-steps/WorkingPolicyUploadStep.tsx:154:20 - error TS1005: ';' expected.

154               <div className=\"flex items-center gap-3\">
                       ~~~~~~~~~

src/components/claims/wizard-steps/WorkingPolicyUploadStep.tsx:154:30 - error TS1127: Invalid character.

154               <div className=\"flex items-center gap-3\">
                                 

src/components/claims/wizard-steps/WorkingPolicyUploadStep.tsx:154:58 - error TS1002: Unterminated string literal.

154               <div className=\"flex items-center gap-3\">
                                                             

src/components/claims/wizard-steps/WorkingPolicyUploadStep.tsx:155:27 - error TS1005: ';' expected.

155                 <FileText className=\"h-5 w-5 text-blue-600\" />
                              ~~~~~~~~~

src/components/claims/wizard-steps/WorkingPolicyUploadStep.tsx:155:37 - error TS1127: Invalid character.

155                 <FileText className=\"h-5 w-5 text-blue-600\" />
                                        

src/components/claims/wizard-steps/WorkingPolicyUploadStep.tsx:155:65 - error TS1002: Unterminated string literal.

155                 <FileText className=\"h-5 w-5 text-blue-600\" />
                                                                    

src/components/claims/wizard-steps/WorkingPolicyUploadStep.tsx:157:32 - error TS1127: Invalid character.

157                   <p className=\"font-medium text-blue-900\">{selectedFile.name}</p>
                                   

src/components/claims/wizard-steps/WorkingPolicyUploadStep.tsx:157:33 - error TS1003: Identifier expected.

157                   <p className=\"font-medium text-blue-900\">{selectedFile.name}</p>
                                    ~~~~~~~~~~~~~~~~~~~~~~~~~~~~~~~~~~~~~~~~~~~~~~~~~~~~

src/components/claims/wizard-steps/WorkingPolicyUploadStep.tsx:157:85 - error TS1002: Unterminated string literal.

157                   <p className=\"font-medium text-blue-900\">{selectedFile.name}</p>
                                                                                        

src/components/claims/wizard-steps/WorkingPolicyUploadStep.tsx:158:22 - error TS1005: ';' expected.

158                   <p className=\"text-sm text-blue-700\">
                         ~~~~~~~~~

src/components/claims/wizard-steps/WorkingPolicyUploadStep.tsx:158:32 - error TS1127: Invalid character.

158                   <p className=\"text-sm text-blue-700\">
                                   

src/components/claims/wizard-steps/WorkingPolicyUploadStep.tsx:158:58 - error TS1002: Unterminated string literal.

158                   <p className=\"text-sm text-blue-700\">
                                                             

src/components/claims/wizard-steps/WorkingPolicyUploadStep.tsx:159:64 - error TS1127: Invalid character.

159                     {(selectedFile.size / 1024).toFixed(1)} KB • PDF Document
                                                                   ~

src/components/claims/wizard-steps/WorkingPolicyUploadStep.tsx:159:66 - error TS1434: Unexpected keyword or identifier.

159                     {(selectedFile.size / 1024).toFixed(1)} KB • PDF Document
                                                                     ~~~

src/components/claims/wizard-steps/WorkingPolicyUploadStep.tsx:160:19 - error TS1128: Declaration or statement expected.

160                   </p>
                      ~~

src/components/claims/wizard-steps/WorkingPolicyUploadStep.tsx:161:17 - error TS1109: Expression expected.

161                 </div>
                    ~~

src/components/claims/wizard-steps/WorkingPolicyUploadStep.tsx:162:15 - error TS1109: Expression expected.

162               </div>
                  ~~

src/components/claims/wizard-steps/WorkingPolicyUploadStep.tsx:163:13 - error TS1109: Expression expected.

163             </div>
                ~~

src/components/claims/wizard-steps/WorkingPolicyUploadStep.tsx:164:11 - error TS1109: Expression expected.

164           )}
              ~

src/components/claims/wizard-steps/WorkingPolicyUploadStep.tsx:165:9 - error TS1128: Declaration or statement expected.

165         </CardContent>
            ~~

src/components/claims/wizard-steps/WorkingPolicyUploadStep.tsx:166:7 - error TS1109: Expression expected.

166       </Card>
          ~~

src/components/claims/wizard-steps/WorkingPolicyUploadStep.tsx:171:34 - error TS1127: Invalid character.

171           <CardContent className=\"pt-6\">
                                     

src/components/claims/wizard-steps/WorkingPolicyUploadStep.tsx:171:42 - error TS1382: Unexpected token. Did you mean `{'>'}` or `&gt;`?

171           <CardContent className=\"pt-6\">
                                             ~

src/components/claims/wizard-steps/WorkingPolicyUploadStep.tsx:172:28 - error TS1127: Invalid character.

172             <div className=\"flex items-center gap-3 mb-4\">
                               

src/components/claims/wizard-steps/WorkingPolicyUploadStep.tsx:172:60 - error TS1382: Unexpected token. Did you mean `{'>'}` or `&gt;`?

172             <div className=\"flex items-center gap-3 mb-4\">
                                                               ~

src/components/claims/wizard-steps/WorkingPolicyUploadStep.tsx:173:36 - error TS1127: Invalid character.

173               <LoadingSpinner size=\"sm\" />
                                       

src/components/claims/wizard-steps/WorkingPolicyUploadStep.tsx:173:44 - error TS1382: Unexpected token. Did you mean `{'>'}` or `&gt;`?

173               <LoadingSpinner size=\"sm\" />
                                               ~

src/components/claims/wizard-steps/WorkingPolicyUploadStep.tsx:175:31 - error TS1127: Invalid character.

175                 <h4 className=\"font-medium text-gray-900\">AI Processing in Progress</h4>
                                  

src/components/claims/wizard-steps/WorkingPolicyUploadStep.tsx:175:60 - error TS1382: Unexpected token. Did you mean `{'>'}` or `&gt;`?

175                 <h4 className=\"font-medium text-gray-900\">AI Processing in Progress</h4>
                                                               ~

src/components/claims/wizard-steps/WorkingPolicyUploadStep.tsx:175:88 - error TS17002: Expected corresponding JSX closing tag for 'div'.

175                 <h4 className=\"font-medium text-gray-900\">AI Processing in Progress</h4>
                                                                                           ~~

src/components/claims/wizard-steps/WorkingPolicyUploadStep.tsx:176:30 - error TS1127: Invalid character.

176                 <p className=\"text-sm text-gray-600\">{processingStep}</p>
                                 

src/components/claims/wizard-steps/WorkingPolicyUploadStep.tsx:176:55 - error TS1382: Unexpected token. Did you mean `{'>'}` or `&gt;`?

176                 <p className=\"text-sm text-gray-600\">{processingStep}</p>
                                                          ~

src/components/claims/wizard-steps/WorkingPolicyUploadStep.tsx:176:74 - error TS17002: Expected corresponding JSX closing tag for 'Card'.

176                 <p className=\"text-sm text-gray-600\">{processingStep}</p>
                                                                             ~

src/components/claims/wizard-steps/WorkingPolicyUploadStep.tsx:177:15 - error TS1005: ')' expected.

177               </div>
                  ~~

src/components/claims/wizard-steps/WorkingPolicyUploadStep.tsx:178:13 - error TS1109: Expression expected.

178             </div>
                ~~

src/components/claims/wizard-steps/WorkingPolicyUploadStep.tsx:179:28 - error TS1127: Invalid character.

179             <div className=\"bg-purple-50 border border-purple-200 rounded-lg p-4\">
                               

src/components/claims/wizard-steps/WorkingPolicyUploadStep.tsx:179:29 - error TS1003: Identifier expected.

179             <div className=\"bg-purple-50 border border-purple-200 rounded-lg p-4\">
                                ~~~~~~~~~~~~~~~~~~~~~~~~~~~~~~~~~~~~~~~~~~~~~~~~~~~~~~~~

src/components/claims/wizard-steps/WorkingPolicyUploadStep.tsx:179:85 - error TS1002: Unterminated string literal.

179             <div className=\"bg-purple-50 border border-purple-200 rounded-lg p-4\">
                                                                                        

src/components/claims/wizard-steps/WorkingPolicyUploadStep.tsx:180:20 - error TS1005: ';' expected.

180               <div className=\"grid grid-cols-1 md:grid-cols-3 gap-4 text-sm\">
                       ~~~~~~~~~

src/components/claims/wizard-steps/WorkingPolicyUploadStep.tsx:180:30 - error TS1127: Invalid character.

180               <div className=\"grid grid-cols-1 md:grid-cols-3 gap-4 text-sm\">
                                 

src/components/claims/wizard-steps/WorkingPolicyUploadStep.tsx:180:80 - error TS1002: Unterminated string literal.

180               <div className=\"grid grid-cols-1 md:grid-cols-3 gap-4 text-sm\">
                                                                                   

src/components/claims/wizard-steps/WorkingPolicyUploadStep.tsx:181:22 - error TS1005: ';' expected.

181                 <div className=\"flex items-center gap-2\">
                         ~~~~~~~~~

src/components/claims/wizard-steps/WorkingPolicyUploadStep.tsx:181:32 - error TS1127: Invalid character.

181                 <div className=\"flex items-center gap-2\">
                                   

src/components/claims/wizard-steps/WorkingPolicyUploadStep.tsx:181:60 - error TS1002: Unterminated string literal.

181                 <div className=\"flex items-center gap-2\">
                                                               

src/components/claims/wizard-steps/WorkingPolicyUploadStep.tsx:182:24 - error TS1005: ';' expected.

182                   <Eye className=\"h-4 w-4 text-purple-600\" />
                           ~~~~~~~~~

src/components/claims/wizard-steps/WorkingPolicyUploadStep.tsx:182:34 - error TS1127: Invalid character.

182                   <Eye className=\"h-4 w-4 text-purple-600\" />
                                     

src/components/claims/wizard-steps/WorkingPolicyUploadStep.tsx:182:64 - error TS1002: Unterminated string literal.

182                   <Eye className=\"h-4 w-4 text-purple-600\" />
                                                                   

src/components/claims/wizard-steps/WorkingPolicyUploadStep.tsx:183:32 - error TS1005: ';' expected.

183                   <span>Google Vision OCR</span>
                                   ~~~~~~

src/components/claims/wizard-steps/WorkingPolicyUploadStep.tsx:183:39 - error TS1434: Unexpected keyword or identifier.

183                   <span>Google Vision OCR</span>
                                          ~~~

src/components/claims/wizard-steps/WorkingPolicyUploadStep.tsx:183:42 - error TS1128: Declaration or statement expected.

183                   <span>Google Vision OCR</span>
                                             ~~

src/components/claims/wizard-steps/WorkingPolicyUploadStep.tsx:184:17 - error TS1109: Expression expected.

184                 </div>
                    ~~

src/components/claims/wizard-steps/WorkingPolicyUploadStep.tsx:185:32 - error TS1127: Invalid character.

185                 <div className=\"flex items-center gap-2\">
                                   

src/components/claims/wizard-steps/WorkingPolicyUploadStep.tsx:185:33 - error TS1003: Identifier expected.

185                 <div className=\"flex items-center gap-2\">
                                    ~~~~~~~~~~~~~~~~~~~~~~~~~~~

src/components/claims/wizard-steps/WorkingPolicyUploadStep.tsx:185:60 - error TS1002: Unterminated string literal.

185                 <div className=\"flex items-center gap-2\">
                                                               

src/components/claims/wizard-steps/WorkingPolicyUploadStep.tsx:186:26 - error TS1005: ';' expected.

186                   <Brain className=\"h-4 w-4 text-purple-600\" />
                             ~~~~~~~~~

src/components/claims/wizard-steps/WorkingPolicyUploadStep.tsx:186:36 - error TS1127: Invalid character.

186                   <Brain className=\"h-4 w-4 text-purple-600\" />
                                       

src/components/claims/wizard-steps/WorkingPolicyUploadStep.tsx:186:66 - error TS1002: Unterminated string literal.

186                   <Brain className=\"h-4 w-4 text-purple-600\" />
                                                                     

src/components/claims/wizard-steps/WorkingPolicyUploadStep.tsx:187:32 - error TS1005: ';' expected.

187                   <span>OpenAI Intelligence</span>
                                   ~~~~~~~~~~~~

src/components/claims/wizard-steps/WorkingPolicyUploadStep.tsx:187:44 - error TS1128: Declaration or statement expected.

187                   <span>OpenAI Intelligence</span>
                                               ~~

src/components/claims/wizard-steps/WorkingPolicyUploadStep.tsx:188:17 - error TS1109: Expression expected.

188                 </div>
                    ~~

src/components/claims/wizard-steps/WorkingPolicyUploadStep.tsx:189:32 - error TS1127: Invalid character.

189                 <div className=\"flex items-center gap-2\">
                                   

src/components/claims/wizard-steps/WorkingPolicyUploadStep.tsx:189:33 - error TS1003: Identifier expected.

189                 <div className=\"flex items-center gap-2\">
                                    ~~~~~~~~~~~~~~~~~~~~~~~~~~~

src/components/claims/wizard-steps/WorkingPolicyUploadStep.tsx:189:60 - error TS1002: Unterminated string literal.

189                 <div className=\"flex items-center gap-2\">
                                                               

src/components/claims/wizard-steps/WorkingPolicyUploadStep.tsx:190:24 - error TS1005: ';' expected.

190                   <Zap className=\"h-4 w-4 text-purple-600\" />
                           ~~~~~~~~~

src/components/claims/wizard-steps/WorkingPolicyUploadStep.tsx:190:34 - error TS1127: Invalid character.

190                   <Zap className=\"h-4 w-4 text-purple-600\" />
                                     

src/components/claims/wizard-steps/WorkingPolicyUploadStep.tsx:190:64 - error TS1002: Unterminated string literal.

190                   <Zap className=\"h-4 w-4 text-purple-600\" />
                                                                   

src/components/claims/wizard-steps/WorkingPolicyUploadStep.tsx:191:35 - error TS1005: ';' expected.

191                   <span>Real-time Processing</span>
                                      ~~~~~~~~~~

src/components/claims/wizard-steps/WorkingPolicyUploadStep.tsx:191:45 - error TS1128: Declaration or statement expected.

191                   <span>Real-time Processing</span>
                                                ~~

src/components/claims/wizard-steps/WorkingPolicyUploadStep.tsx:192:17 - error TS1109: Expression expected.

192                 </div>
                    ~~

src/components/claims/wizard-steps/WorkingPolicyUploadStep.tsx:193:15 - error TS1109: Expression expected.

193               </div>
                  ~~

src/components/claims/wizard-steps/WorkingPolicyUploadStep.tsx:194:13 - error TS1109: Expression expected.

194             </div>
                ~~

src/components/claims/wizard-steps/WorkingPolicyUploadStep.tsx:195:11 - error TS1109: Expression expected.

195           </CardContent>
              ~~

src/components/claims/wizard-steps/WorkingPolicyUploadStep.tsx:196:9 - error TS1109: Expression expected.

196         </Card>
            ~~

src/components/claims/wizard-steps/WorkingPolicyUploadStep.tsx:197:7 - error TS1109: Expression expected.

197       )}
          ~

src/components/claims/wizard-steps/WorkingPolicyUploadStep.tsx:201:9 - error TS2657: JSX expressions must have one parent element.

201         <Card>
            ~~~~~~
202           <CardContent className=\"pt-6\">
    ~~~~~~~~~~~~~~~~~~~~~~~~~~~~~~~~~~~~~~~~~~
... 
207                 <p className=\"text-sm text-red-700 mt-1\">{error}</p>
    ~~~~~~~~~~~~~~~~~~~~~~~~~~~~~~~~~~~~~~~~~~~~~~~~~~~~~~~~~~~~~~~~~~~~~~
208                 <p className=\"text-xs text-red-600 mt-2\">
    ~~~~~~~~~~~~~~~~~~~~~~~~~~~~~~

src/components/claims/wizard-steps/WorkingPolicyUploadStep.tsx:202:34 - error TS1127: Invalid character.

202           <CardContent className=\"pt-6\">
                                     

src/components/claims/wizard-steps/WorkingPolicyUploadStep.tsx:202:42 - error TS1382: Unexpected token. Did you mean `{'>'}` or `&gt;`?

202           <CardContent className=\"pt-6\">
                                             ~

src/components/claims/wizard-steps/WorkingPolicyUploadStep.tsx:203:28 - error TS1127: Invalid character.

203             <div className=\"bg-red-50 border border-red-200 rounded-lg p-4 flex items-start gap-3\">
                               

src/components/claims/wizard-steps/WorkingPolicyUploadStep.tsx:203:101 - error TS1382: Unexpected token. Did you mean `{'>'}` or `&gt;`?

203             <div className=\"bg-red-50 border border-red-200 rounded-lg p-4 flex items-start gap-3\">
                                                                                                        ~

src/components/claims/wizard-steps/WorkingPolicyUploadStep.tsx:204:38 - error TS1127: Invalid character.

204               <AlertCircle className=\"h-5 w-5 text-red-500 mt-0.5\" />
                                         

src/components/claims/wizard-steps/WorkingPolicyUploadStep.tsx:204:71 - error TS1382: Unexpected token. Did you mean `{'>'}` or `&gt;`?

204               <AlertCircle className=\"h-5 w-5 text-red-500 mt-0.5\" />
                                                                          ~

src/components/claims/wizard-steps/WorkingPolicyUploadStep.tsx:206:31 - error TS1127: Invalid character.

206                 <h4 className=\"font-medium text-red-800\">Processing Error</h4>
                                  

src/components/claims/wizard-steps/WorkingPolicyUploadStep.tsx:206:59 - error TS1382: Unexpected token. Did you mean `{'>'}` or `&gt;`?

206                 <h4 className=\"font-medium text-red-800\">Processing Error</h4>
                                                              ~

src/components/claims/wizard-steps/WorkingPolicyUploadStep.tsx:206:78 - error TS17002: Expected corresponding JSX closing tag for 'div'.

206                 <h4 className=\"font-medium text-red-800\">Processing Error</h4>
                                                                                 ~~

src/components/claims/wizard-steps/WorkingPolicyUploadStep.tsx:207:30 - error TS1127: Invalid character.

207                 <p className=\"text-sm text-red-700 mt-1\">{error}</p>
                                 

src/components/claims/wizard-steps/WorkingPolicyUploadStep.tsx:207:59 - error TS1382: Unexpected token. Did you mean `{'>'}` or `&gt;`?

207                 <p className=\"text-sm text-red-700 mt-1\">{error}</p>
                                                              ~

src/components/claims/wizard-steps/WorkingPolicyUploadStep.tsx:207:69 - error TS17002: Expected corresponding JSX closing tag for 'Card'.

207                 <p className=\"text-sm text-red-700 mt-1\">{error}</p>
                                                                        ~

src/components/claims/wizard-steps/WorkingPolicyUploadStep.tsx:208:30 - error TS1127: Invalid character.

208                 <p className=\"text-xs text-red-600 mt-2\">
                                 

src/components/claims/wizard-steps/WorkingPolicyUploadStep.tsx:208:31 - error TS1003: Identifier expected.

208                 <p className=\"text-xs text-red-600 mt-2\">
                                  ~~~~~~~~~~~~~~~~~~~~~~~~~~~~~

src/components/claims/wizard-steps/WorkingPolicyUploadStep.tsx:208:31 - error TS1005: ')' expected.

208                 <p className=\"text-xs text-red-600 mt-2\">
                                  ~~~~~~~~~~~~~~~~~~~~~~~~~~~~~

src/components/claims/wizard-steps/WorkingPolicyUploadStep.tsx:208:60 - error TS1002: Unterminated string literal.

208                 <p className=\"text-xs text-red-600 mt-2\">
                                                               

src/components/claims/wizard-steps/WorkingPolicyUploadStep.tsx:209:19 - error TS1434: Unexpected keyword or identifier.

209                   Please try again or contact support if the issue persists.
                      ~~~~~~

src/components/claims/wizard-steps/WorkingPolicyUploadStep.tsx:209:30 - error TS1005: '{' expected.

209                   Please try again or contact support if the issue persists.
                                 ~~~~~

src/components/claims/wizard-steps/WorkingPolicyUploadStep.tsx:209:36 - error TS1434: Unexpected keyword or identifier.

209                   Please try again or contact support if the issue persists.
                                       ~~

src/components/claims/wizard-steps/WorkingPolicyUploadStep.tsx:209:39 - error TS1434: Unexpected keyword or identifier.

209                   Please try again or contact support if the issue persists.
                                          ~~~~~~~

src/components/claims/wizard-steps/WorkingPolicyUploadStep.tsx:209:47 - error TS1434: Unexpected keyword or identifier.

209                   Please try again or contact support if the issue persists.
                                                  ~~~~~~~

src/components/claims/wizard-steps/WorkingPolicyUploadStep.tsx:209:58 - error TS1005: '(' expected.

209                   Please try again or contact support if the issue persists.
                                                             ~~~

src/components/claims/wizard-steps/WorkingPolicyUploadStep.tsx:209:62 - error TS1005: ')' expected.

209                   Please try again or contact support if the issue persists.
                                                                 ~~~~~

src/components/claims/wizard-steps/WorkingPolicyUploadStep.tsx:210:17 - error TS1003: Identifier expected.

210                 </p>
                    ~~

src/components/claims/wizard-steps/WorkingPolicyUploadStep.tsx:211:15 - error TS1109: Expression expected.

211               </div>
                  ~~

src/components/claims/wizard-steps/WorkingPolicyUploadStep.tsx:212:13 - error TS1109: Expression expected.

212             </div>
                ~~

src/components/claims/wizard-steps/WorkingPolicyUploadStep.tsx:213:11 - error TS1109: Expression expected.

213           </CardContent>
              ~~

src/components/claims/wizard-steps/WorkingPolicyUploadStep.tsx:214:9 - error TS1109: Expression expected.

214         </Card>
            ~~

src/components/claims/wizard-steps/WorkingPolicyUploadStep.tsx:215:7 - error TS1109: Expression expected.

215       )}
          ~

src/components/claims/wizard-steps/WorkingPolicyUploadStep.tsx:219:9 - error TS2657: JSX expressions must have one parent element.

219         <Card>
            ~~~~~~
220           <CardHeader>
    ~~~~~~~~~~~~~~~~~~~~~~
... 
225           </CardHeader>
    ~~~~~~~~~~~~~~~~~~~~~~~
226           <CardContent className=\"space-y-6\">
    ~~~~~~~~~~~~~~~~~~~~~~~~~~~~~~~~~~

src/components/claims/wizard-steps/WorkingPolicyUploadStep.tsx:221:34 - error TS1127: Invalid character.

221             <CardTitle className=\"flex items-center gap-2\">
                                     

src/components/claims/wizard-steps/WorkingPolicyUploadStep.tsx:221:61 - error TS1382: Unexpected token. Did you mean `{'>'}` or `&gt;`?

221             <CardTitle className=\"flex items-center gap-2\">
                                                                ~

src/components/claims/wizard-steps/WorkingPolicyUploadStep.tsx:222:38 - error TS1127: Invalid character.

222               <CheckCircle className=\"h-5 w-5 text-green-600\" />
                                         

src/components/claims/wizard-steps/WorkingPolicyUploadStep.tsx:222:66 - error TS1382: Unexpected token. Did you mean `{'>'}` or `&gt;`?

222               <CheckCircle className=\"h-5 w-5 text-green-600\" />
                                                                     ~

src/components/claims/wizard-steps/WorkingPolicyUploadStep.tsx:224:15 - error TS17002: Expected corresponding JSX closing tag for 'CardHeader'.

224             </CardTitle>
                  ~~~~~~~~~

src/components/claims/wizard-steps/WorkingPolicyUploadStep.tsx:225:13 - error TS17002: Expected corresponding JSX closing tag for 'Card'.

225           </CardHeader>
                ~~~~~~~~~~

src/components/claims/wizard-steps/WorkingPolicyUploadStep.tsx:226:34 - error TS1127: Invalid character.

226           <CardContent className=\"space-y-6\">
                                     

src/components/claims/wizard-steps/WorkingPolicyUploadStep.tsx:226:35 - error TS1003: Identifier expected.

226           <CardContent className=\"space-y-6\">
                                      ~~~~~~~~~~~~~

src/components/claims/wizard-steps/WorkingPolicyUploadStep.tsx:226:35 - error TS1005: ')' expected.

226           <CardContent className=\"space-y-6\">
                                      ~~~~~~~~~~~~~

src/components/claims/wizard-steps/WorkingPolicyUploadStep.tsx:226:48 - error TS1002: Unterminated string literal.

226           <CardContent className=\"space-y-6\">
                                                   

src/components/claims/wizard-steps/WorkingPolicyUploadStep.tsx:228:28 - error TS1127: Invalid character.

228             <div className=\"bg-green-50 border border-green-200 rounded-lg p-4\">
                               

src/components/claims/wizard-steps/WorkingPolicyUploadStep.tsx:228:29 - error TS1003: Identifier expected.

228             <div className=\"bg-green-50 border border-green-200 rounded-lg p-4\">
                                ~~~~~~~~~~~~~~~~~~~~~~~~~~~~~~~~~~~~~~~~~~~~~~~~~~~~~~

src/components/claims/wizard-steps/WorkingPolicyUploadStep.tsx:228:83 - error TS1002: Unterminated string literal.

228             <div className=\"bg-green-50 border border-green-200 rounded-lg p-4\">
                                                                                      

src/components/claims/wizard-steps/WorkingPolicyUploadStep.tsx:229:20 - error TS1005: ';' expected.

229               <div className=\"grid grid-cols-1 md:grid-cols-4 gap-4 text-sm\">
                       ~~~~~~~~~

src/components/claims/wizard-steps/WorkingPolicyUploadStep.tsx:229:30 - error TS1127: Invalid character.

229               <div className=\"grid grid-cols-1 md:grid-cols-4 gap-4 text-sm\">
                                 

src/components/claims/wizard-steps/WorkingPolicyUploadStep.tsx:229:80 - error TS1002: Unterminated string literal.

229               <div className=\"grid grid-cols-1 md:grid-cols-4 gap-4 text-sm\">
                                                                                   

src/components/claims/wizard-steps/WorkingPolicyUploadStep.tsx:231:35 - error TS1127: Invalid character.

231                   <span className=\"text-gray-600\">Processing Method:</span>
                                      

src/components/claims/wizard-steps/WorkingPolicyUploadStep.tsx:231:36 - error TS1003: Identifier expected.

231                   <span className=\"text-gray-600\">Processing Method:</span>
                                       ~~~~~~~~~~~~~~~~~~~~~~~~~~~~~~~~~~~~~~~~~~

src/components/claims/wizard-steps/WorkingPolicyUploadStep.tsx:231:78 - error TS1002: Unterminated string literal.

231                   <span className=\"text-gray-600\">Processing Method:</span>
                                                                                 

src/components/claims/wizard-steps/WorkingPolicyUploadStep.tsx:232:22 - error TS1005: ';' expected.

232                   <p className=\"font-medium capitalize\">{extractionResult.processingMethod.replace('-', ' ')}</p>
                         ~~~~~~~~~

src/components/claims/wizard-steps/WorkingPolicyUploadStep.tsx:232:32 - error TS1127: Invalid character.

232                   <p className=\"font-medium capitalize\">{extractionResult.processingMethod.replace('-', ' ')}</p>
                                   

src/components/claims/wizard-steps/WorkingPolicyUploadStep.tsx:232:116 - error TS1002: Unterminated string literal.

232                   <p className=\"font-medium capitalize\">{extractionResult.processingMethod.replace('-', ' ')}</p>
                                                                                                                       

src/components/claims/wizard-steps/WorkingPolicyUploadStep.tsx:233:17 - error TS1128: Declaration or statement expected.

233                 </div>
                    ~~

src/components/claims/wizard-steps/WorkingPolicyUploadStep.tsx:234:17 - error TS2657: JSX expressions must have one parent element.

234                 <div>
                    ~~~~~
235                   <span className=\"text-gray-600\">Confidence:</span>
    ~~~~~~~~~~~~~~~~~~~~~~~~~~~~~~~~~~~~~~~~~~~~~~~~~~~~~~~~~~~~~~~~~~~~~~
236                   <p className=\"font-medium text-green-600\">{formatConfidence(extractionResult.confidence)}</p>
    ~~~~~~~~~~~~~~~~~~~~~~~~~~~~~~~~

src/components/claims/wizard-steps/WorkingPolicyUploadStep.tsx:235:35 - error TS1127: Invalid character.

235                   <span className=\"text-gray-600\">Confidence:</span>
                                      

src/components/claims/wizard-steps/WorkingPolicyUploadStep.tsx:235:52 - error TS1382: Unexpected token. Did you mean `{'>'}` or `&gt;`?

235                   <span className=\"text-gray-600\">Confidence:</span>
                                                       ~

src/components/claims/wizard-steps/WorkingPolicyUploadStep.tsx:235:66 - error TS17002: Expected corresponding JSX closing tag for 'div'.

235                   <span className=\"text-gray-600\">Confidence:</span>
                                                                     ~~~~

src/components/claims/wizard-steps/WorkingPolicyUploadStep.tsx:236:32 - error TS1127: Invalid character.

236                   <p className=\"font-medium text-green-600\">{formatConfidence(extractionResult.confidence)}</p>
                                   

src/components/claims/wizard-steps/WorkingPolicyUploadStep.tsx:236:33 - error TS1003: Identifier expected.

236                   <p className=\"font-medium text-green-600\">{formatConfidence(extractionResult.confidence)}</p>
                                    ~~~~~~~~~~~~~~~~~~~~~~~~~~~~~~~~~~~~~~~~~~~~~~~~~~~~~~~~~~~~~~~~~~~~~~~~~~~~~~~~~

src/components/claims/wizard-steps/WorkingPolicyUploadStep.tsx:236:33 - error TS1005: ';' expected.

236                   <p className=\"font-medium text-green-600\">{formatConfidence(extractionResult.confidence)}</p>
                                    ~~~~~~~~~~~~~~~~~~~~~~~~~~~~~~~~~~~~~~~~~~~~~~~~~~~~~~~~~~~~~~~~~~~~~~~~~~~~~~~~~

src/components/claims/wizard-steps/WorkingPolicyUploadStep.tsx:236:114 - error TS1002: Unterminated string literal.

236                   <p className=\"font-medium text-green-600\">{formatConfidence(extractionResult.confidence)}</p>
                                                                                                                     

src/components/claims/wizard-steps/WorkingPolicyUploadStep.tsx:237:17 - error TS1128: Declaration or statement expected.

237                 </div>
                    ~~

src/components/claims/wizard-steps/WorkingPolicyUploadStep.tsx:238:17 - error TS2657: JSX expressions must have one parent element.

238                 <div>
                    ~~~~~
239                   <span className=\"text-gray-600\">Processing Time:</span>
    ~~~~~~~~~~~~~~~~~~~~~~~~~~~~~~~~~~~~~~~~~~~~~~~~~~~~~~~~~~~~~~~~~~~~~~~~~~~
240                   <p className=\"font-medium\">{(extractionResult.processingTime / 1000).toFixed(1)}s</p>
    ~~~~~~~~~~~~~~~~~~~~~~~~~~~~~~~~

src/components/claims/wizard-steps/WorkingPolicyUploadStep.tsx:239:35 - error TS1127: Invalid character.

239                   <span className=\"text-gray-600\">Processing Time:</span>
                                      

src/components/claims/wizard-steps/WorkingPolicyUploadStep.tsx:239:52 - error TS1382: Unexpected token. Did you mean `{'>'}` or `&gt;`?

239                   <span className=\"text-gray-600\">Processing Time:</span>
                                                       ~

src/components/claims/wizard-steps/WorkingPolicyUploadStep.tsx:239:71 - error TS17002: Expected corresponding JSX closing tag for 'div'.

239                   <span className=\"text-gray-600\">Processing Time:</span>
                                                                          ~~~~

src/components/claims/wizard-steps/WorkingPolicyUploadStep.tsx:240:32 - error TS1127: Invalid character.

240                   <p className=\"font-medium\">{(extractionResult.processingTime / 1000).toFixed(1)}s</p>
                                   

src/components/claims/wizard-steps/WorkingPolicyUploadStep.tsx:240:33 - error TS1003: Identifier expected.

240                   <p className=\"font-medium\">{(extractionResult.processingTime / 1000).toFixed(1)}s</p>
                                    ~~~~~~~~~~~~~~~~~~~~~~~~~~~~~~~~~~~~~~~~~~~~~~~~~~~~~~~~~~~~~~~~~~~~~~~~~

src/components/claims/wizard-steps/WorkingPolicyUploadStep.tsx:240:33 - error TS1005: ';' expected.

240                   <p className=\"font-medium\">{(extractionResult.processingTime / 1000).toFixed(1)}s</p>
                                    ~~~~~~~~~~~~~~~~~~~~~~~~~~~~~~~~~~~~~~~~~~~~~~~~~~~~~~~~~~~~~~~~~~~~~~~~~

src/components/claims/wizard-steps/WorkingPolicyUploadStep.tsx:240:106 - error TS1002: Unterminated string literal.

240                   <p className=\"font-medium\">{(extractionResult.processingTime / 1000).toFixed(1)}s</p>
                                                                                                             

src/components/claims/wizard-steps/WorkingPolicyUploadStep.tsx:241:17 - error TS1128: Declaration or statement expected.

241                 </div>
                    ~~

src/components/claims/wizard-steps/WorkingPolicyUploadStep.tsx:242:17 - error TS2657: JSX expressions must have one parent element.

242                 <div>
                    ~~~~~
243                   <span className=\"text-gray-600\">Cost:</span>
    ~~~~~~~~~~~~~~~~~~~~~~~~~~~~~~~~~~~~~~~~~~~~~~~~~~~~~~~~~~~~~~~~
244                   <p className=\"font-medium\">${extractionResult.cost.toFixed(3)}</p>
    ~~~~~~~~~~~~~~~~~~~~~~~~~~~~~~~~

src/components/claims/wizard-steps/WorkingPolicyUploadStep.tsx:243:35 - error TS1127: Invalid character.

243                   <span className=\"text-gray-600\">Cost:</span>
                                      

src/components/claims/wizard-steps/WorkingPolicyUploadStep.tsx:243:52 - error TS1382: Unexpected token. Did you mean `{'>'}` or `&gt;`?

243                   <span className=\"text-gray-600\">Cost:</span>
                                                       ~

src/components/claims/wizard-steps/WorkingPolicyUploadStep.tsx:243:60 - error TS17002: Expected corresponding JSX closing tag for 'div'.

243                   <span className=\"text-gray-600\">Cost:</span>
                                                               ~~~~

src/components/claims/wizard-steps/WorkingPolicyUploadStep.tsx:244:32 - error TS1127: Invalid character.

244                   <p className=\"font-medium\">${extractionResult.cost.toFixed(3)}</p>
                                   

src/components/claims/wizard-steps/WorkingPolicyUploadStep.tsx:244:33 - error TS1003: Identifier expected.

244                   <p className=\"font-medium\">${extractionResult.cost.toFixed(3)}</p>
                                    ~~~~~~~~~~~~~~~~~~~~~~~~~~~~~~~~~~~~~~~~~~~~~~~~~~~~~~

src/components/claims/wizard-steps/WorkingPolicyUploadStep.tsx:244:33 - error TS1005: ';' expected.

244                   <p className=\"font-medium\">${extractionResult.cost.toFixed(3)}</p>
                                    ~~~~~~~~~~~~~~~~~~~~~~~~~~~~~~~~~~~~~~~~~~~~~~~~~~~~~~

src/components/claims/wizard-steps/WorkingPolicyUploadStep.tsx:244:87 - error TS1002: Unterminated string literal.

244                   <p className=\"font-medium\">${extractionResult.cost.toFixed(3)}</p>
                                                                                          

src/components/claims/wizard-steps/WorkingPolicyUploadStep.tsx:245:17 - error TS1128: Declaration or statement expected.

245                 </div>
                    ~~

src/components/claims/wizard-steps/WorkingPolicyUploadStep.tsx:246:15 - error TS1109: Expression expected.

246               </div>
                  ~~

src/components/claims/wizard-steps/WorkingPolicyUploadStep.tsx:247:13 - error TS1109: Expression expected.

247             </div>
                ~~

src/components/claims/wizard-steps/WorkingPolicyUploadStep.tsx:251:29 - error TS1127: Invalid character.

251               <h4 className=\"font-medium text-gray-900 mb-4\">Extracted Policy Information</h4>
                                

src/components/claims/wizard-steps/WorkingPolicyUploadStep.tsx:251:30 - error TS1003: Identifier expected.

251               <h4 className=\"font-medium text-gray-900 mb-4\">Extracted Policy Information</h4>
                                 ~~~~~~~~~~~~~~~~~~~~~~~~~~~~~~~~~~~~~~~~~~~~~~~~~~~~~~~~~~~~~~~~~~~

src/components/claims/wizard-steps/WorkingPolicyUploadStep.tsx:251:97 - error TS1002: Unterminated string literal.

251               <h4 className=\"font-medium text-gray-900 mb-4\">Extracted Policy Information</h4>
                                                                                                    

src/components/claims/wizard-steps/WorkingPolicyUploadStep.tsx:252:20 - error TS1005: ';' expected.

252               <div className=\"grid grid-cols-1 md:grid-cols-2 gap-4\">
                       ~~~~~~~~~

src/components/claims/wizard-steps/WorkingPolicyUploadStep.tsx:252:30 - error TS1127: Invalid character.

252               <div className=\"grid grid-cols-1 md:grid-cols-2 gap-4\">
                                 

src/components/claims/wizard-steps/WorkingPolicyUploadStep.tsx:252:72 - error TS1002: Unterminated string literal.

252               <div className=\"grid grid-cols-1 md:grid-cols-2 gap-4\">
                                                                           

src/components/claims/wizard-steps/WorkingPolicyUploadStep.tsx:260:46 - error TS1127: Invalid character.

260                     <div key={key} className=\"p-3 bg-white border border-gray-200 rounded-lg\">
                                                 

src/components/claims/wizard-steps/WorkingPolicyUploadStep.tsx:260:47 - error TS1003: Identifier expected.

260                     <div key={key} className=\"p-3 bg-white border border-gray-200 rounded-lg\">
                                                  ~~~~~~~~~~~~~~~~~~~~~~~~~~~~~~~~~~~~~~~~~~~~~~~~~~

src/components/claims/wizard-steps/WorkingPolicyUploadStep.tsx:260:97 - error TS1002: Unterminated string literal.

260                     <div key={key} className=\"p-3 bg-white border border-gray-200 rounded-lg\">
                                                                                                    

src/components/claims/wizard-steps/WorkingPolicyUploadStep.tsx:261:29 - error TS1005: ';' expected.

261                       <span className=\"text-sm text-gray-600\">{label}:</span>
                                ~~~~~~~~~

src/components/claims/wizard-steps/WorkingPolicyUploadStep.tsx:261:39 - error TS1127: Invalid character.

261                       <span className=\"text-sm text-gray-600\">{label}:</span>
                                          

src/components/claims/wizard-steps/WorkingPolicyUploadStep.tsx:261:80 - error TS1002: Unterminated string literal.

261                       <span className=\"text-sm text-gray-600\">{label}:</span>
                                                                                   

src/components/claims/wizard-steps/WorkingPolicyUploadStep.tsx:262:26 - error TS1005: ';' expected.

262                       <p className=\"font-medium text-gray-900\">{displayValue}</p>
                             ~~~~~~~~~

src/components/claims/wizard-steps/WorkingPolicyUploadStep.tsx:262:36 - error TS1127: Invalid character.

262                       <p className=\"font-medium text-gray-900\">{displayValue}</p>
                                       

src/components/claims/wizard-steps/WorkingPolicyUploadStep.tsx:262:84 - error TS1002: Unterminated string literal.

262                       <p className=\"font-medium text-gray-900\">{displayValue}</p>
                                                                                       

src/components/claims/wizard-steps/WorkingPolicyUploadStep.tsx:263:21 - error TS1128: Declaration or statement expected.

263                     </div>
                        ~~

src/components/claims/wizard-steps/WorkingPolicyUploadStep.tsx:264:19 - error TS1109: Expression expected.

264                   );
                      ~

src/components/claims/wizard-steps/WorkingPolicyUploadStep.tsx:265:18 - error TS1128: Declaration or statement expected.

265                 })}
                     ~

src/components/claims/wizard-steps/WorkingPolicyUploadStep.tsx:266:15 - error TS1128: Declaration or statement expected.

266               </div>
                  ~~

src/components/claims/wizard-steps/WorkingPolicyUploadStep.tsx:267:13 - error TS1109: Expression expected.

267             </div>
                ~~

src/components/claims/wizard-steps/WorkingPolicyUploadStep.tsx:270:22 - error TS1005: ';' expected.

270             <details className=\"border border-gray-200 rounded-lg\">
                         ~~~~~~~~~

src/components/claims/wizard-steps/WorkingPolicyUploadStep.tsx:270:32 - error TS1127: Invalid character.

270             <details className=\"border border-gray-200 rounded-lg\">
                                   

src/components/claims/wizard-steps/WorkingPolicyUploadStep.tsx:270:70 - error TS1002: Unterminated string literal.

270             <details className=\"border border-gray-200 rounded-lg\">
                                                                         

src/components/claims/wizard-steps/WorkingPolicyUploadStep.tsx:271:24 - error TS1005: ';' expected.

271               <summary className=\"p-3 bg-gray-50 cursor-pointer hover:bg-gray-100\">
                           ~~~~~~~~~

src/components/claims/wizard-steps/WorkingPolicyUploadStep.tsx:271:34 - error TS1127: Invalid character.

271               <summary className=\"p-3 bg-gray-50 cursor-pointer hover:bg-gray-100\">
                                     

src/components/claims/wizard-steps/WorkingPolicyUploadStep.tsx:271:86 - error TS1002: Unterminated string literal.

271               <summary className=\"p-3 bg-gray-50 cursor-pointer hover:bg-gray-100\">
                                                                                         

src/components/claims/wizard-steps/WorkingPolicyUploadStep.tsx:272:23 - error TS1005: ';' expected.

272                 <span className=\"font-medium\">View Extracted Text ({extractionResult.extractedText.length} characters)</span>
                          ~~~~~~~~~

src/components/claims/wizard-steps/WorkingPolicyUploadStep.tsx:272:33 - error TS1127: Invalid character.

272                 <span className=\"font-medium\">View Extracted Text ({extractionResult.extractedText.length} characters)</span>
                                    

src/components/claims/wizard-steps/WorkingPolicyUploadStep.tsx:272:128 - error TS1002: Unterminated string literal.

272                 <span className=\"font-medium\">View Extracted Text ({extractionResult.extractedText.length} characters)</span>
                                                                                                                                   

src/components/claims/wizard-steps/WorkingPolicyUploadStep.tsx:273:15 - error TS1128: Declaration or statement expected.

273               </summary>
                  ~~

src/components/claims/wizard-steps/WorkingPolicyUploadStep.tsx:274:30 - error TS1127: Invalid character.

274               <div className=\"p-4 max-h-40 overflow-y-auto\">
                                 

src/components/claims/wizard-steps/WorkingPolicyUploadStep.tsx:274:31 - error TS1003: Identifier expected.

274               <div className=\"p-4 max-h-40 overflow-y-auto\">
                                  ~~~~~~~~~~~~~~~~~~~~~~~~~~~~~~~~

src/components/claims/wizard-steps/WorkingPolicyUploadStep.tsx:274:63 - error TS1002: Unterminated string literal.

274               <div className=\"p-4 max-h-40 overflow-y-auto\">
                                                                  

src/components/claims/wizard-steps/WorkingPolicyUploadStep.tsx:275:22 - error TS1005: ';' expected.

275                 <pre className=\"whitespace-pre-wrap text-sm text-gray-700 leading-relaxed\">
                         ~~~~~~~~~

src/components/claims/wizard-steps/WorkingPolicyUploadStep.tsx:275:32 - error TS1127: Invalid character.

275                 <pre className=\"whitespace-pre-wrap text-sm text-gray-700 leading-relaxed\">
                                   

src/components/claims/wizard-steps/WorkingPolicyUploadStep.tsx:275:94 - error TS1002: Unterminated string literal.

275                 <pre className=\"whitespace-pre-wrap text-sm text-gray-700 leading-relaxed\">
                                                                                                 

src/components/claims/wizard-steps/WorkingPolicyUploadStep.tsx:278:17 - error TS1128: Declaration or statement expected.

278                 </pre>
                    ~~

src/components/claims/wizard-steps/WorkingPolicyUploadStep.tsx:279:15 - error TS1109: Expression expected.

279               </div>
                  ~~

src/components/claims/wizard-steps/WorkingPolicyUploadStep.tsx:280:13 - error TS1109: Expression expected.

280             </details>
                ~~

src/components/claims/wizard-steps/WorkingPolicyUploadStep.tsx:281:11 - error TS1109: Expression expected.

281           </CardContent>
              ~~

src/components/claims/wizard-steps/WorkingPolicyUploadStep.tsx:282:9 - error TS1109: Expression expected.

282         </Card>
            ~~

src/components/claims/wizard-steps/WorkingPolicyUploadStep.tsx:283:7 - error TS1109: Expression expected.

283       )}
          ~

src/components/claims/wizard-steps/WorkingPolicyUploadStep.tsx:283:8 - error TS1128: Declaration or statement expected.

283       )}
           ~

src/components/claims/wizard-steps/WorkingPolicyUploadStep.tsx:286:22 - error TS1127: Invalid character.

286       <div className=\"flex justify-center\">
                         

src/components/claims/wizard-steps/WorkingPolicyUploadStep.tsx:286:23 - error TS1003: Identifier expected.

286       <div className=\"flex justify-center\">
                          ~~~~~~~~~~~~~~~~~~~~~~~

src/components/claims/wizard-steps/WorkingPolicyUploadStep.tsx:286:46 - error TS1002: Unterminated string literal.

286       <div className=\"flex justify-center\">
                                                 

src/components/claims/wizard-steps/WorkingPolicyUploadStep.tsx:289:21 - error TS1136: Property assignment expected.

289           disabled={!selectedFile || isProcessing}
                        ~

src/components/claims/wizard-steps/WorkingPolicyUploadStep.tsx:289:22 - error TS1005: ';' expected.

289           disabled={!selectedFile || isProcessing}
                         ~~~~~~~~~~~~

src/components/claims/wizard-steps/WorkingPolicyUploadStep.tsx:289:50 - error TS1128: Declaration or statement expected.

289           disabled={!selectedFile || isProcessing}
                                                     ~

src/components/claims/wizard-steps/WorkingPolicyUploadStep.tsx:290:19 - error TS1127: Invalid character.

290           variant=\"primary\"
                      

src/components/claims/wizard-steps/WorkingPolicyUploadStep.tsx:290:30 - error TS1002: Unterminated string literal.

290           variant=\"primary\"
                                 

src/components/claims/wizard-steps/WorkingPolicyUploadStep.tsx:291:21 - error TS1127: Invalid character.

291           className=\"flex items-center gap-2 px-8 py-3\"
                        

src/components/claims/wizard-steps/WorkingPolicyUploadStep.tsx:291:58 - error TS1002: Unterminated string literal.

291           className=\"flex items-center gap-2 px-8 py-3\"
                                                             

src/components/claims/wizard-steps/WorkingPolicyUploadStep.tsx:294:13 - error TS1003: Identifier expected.

294             <>
                ~

src/components/claims/wizard-steps/WorkingPolicyUploadStep.tsx:294:14 - error TS1138: Parameter declaration expected.

294             <>
                 ~

src/components/claims/wizard-steps/WorkingPolicyUploadStep.tsx:295:36 - error TS1127: Invalid character.

295               <LoadingSpinner size=\"sm\" />
                                       

src/components/claims/wizard-steps/WorkingPolicyUploadStep.tsx:295:37 - error TS1003: Identifier expected.

295               <LoadingSpinner size=\"sm\" />
                                        ~~~~~~~~

src/components/claims/wizard-steps/WorkingPolicyUploadStep.tsx:295:45 - error TS1002: Unterminated string literal.

295               <LoadingSpinner size=\"sm\" />
                                                

src/components/claims/wizard-steps/WorkingPolicyUploadStep.tsx:296:15 - error TS1434: Unexpected keyword or identifier.

296               Processing with AI...
                  ~~~~~~~~~~

src/components/claims/wizard-steps/WorkingPolicyUploadStep.tsx:296:31 - error TS1005: '(' expected.

296               Processing with AI...
                                  ~~

src/components/claims/wizard-steps/WorkingPolicyUploadStep.tsx:296:33 - error TS1005: ')' expected.

296               Processing with AI...
                                    ~~~

src/components/claims/wizard-steps/WorkingPolicyUploadStep.tsx:297:13 - error TS1128: Declaration or statement expected.

297             </>
                ~~

src/components/claims/wizard-steps/WorkingPolicyUploadStep.tsx:297:15 - error TS1109: Expression expected.

297             </>
                  ~

src/components/claims/wizard-steps/WorkingPolicyUploadStep.tsx:298:11 - error TS1109: Expression expected.

298           ) : (
              ~

src/components/claims/wizard-steps/WorkingPolicyUploadStep.tsx:298:13 - error TS1128: Declaration or statement expected.

298           ) : (
                ~

src/components/claims/wizard-steps/WorkingPolicyUploadStep.tsx:300:32 - error TS1127: Invalid character.

300               <Brain className=\"h-4 w-4\" />
                                   

src/components/claims/wizard-steps/WorkingPolicyUploadStep.tsx:300:45 - error TS1382: Unexpected token. Did you mean `{'>'}` or `&gt;`?

300               <Brain className=\"h-4 w-4\" />
                                                ~

src/components/claims/wizard-steps/WorkingPolicyUploadStep.tsx:303:12 - error TS1128: Declaration or statement expected.

303           )}
               ~

src/components/claims/wizard-steps/WorkingPolicyUploadStep.tsx:304:9 - error TS1128: Declaration or statement expected.

304         </Button>
            ~~

src/components/claims/wizard-steps/WorkingPolicyUploadStep.tsx:305:7 - error TS1109: Expression expected.

305       </div>
          ~~

src/components/claims/wizard-steps/WorkingPolicyUploadStep.tsx:306:5 - error TS1109: Expression expected.

306     </div>
        ~~

src/components/claims/wizard-steps/WorkingPolicyUploadStep.tsx:307:3 - error TS1109: Expression expected.

307   );
      ~

src/components/claims/wizard-steps/WorkingPolicyUploadStep.tsx:308:1 - error TS1128: Declaration or statement expected.

308 };
    ~


Found 290 errors.

