
> react_repo@0.0.0 build
> yes | pnpm install && rm -rf node_modules/.vite-temp && tsc -b && vite build

Lockfile is up to date, resolution step is skipped
Already up to date
Done in 909ms using pnpm v10.12.4
src/components/forms/UnifiedBusinessEntityForm.tsx:227:3 - error TS1005: ')' expected.

227   const addArrayItem = (arrayName: string) => {
      ~~~~~

src/components/forms/UnifiedBusinessEntityForm.tsx:296:3 - error TS1005: ',' expected.

296   const renderBasicInfo = () => (
      ~~~~~

src/components/forms/UnifiedBusinessEntityForm.tsx:856:2 - error TS1472: 'catch' or 'finally' expected.

856 }
     

src/components/wizards/RefactoredEnhancedAIClaimWizard.tsx:98:3 - error TS1005: ',' expected.

98   const wizardSteps: WizardStep[] = [
     ~~~~~

src/components/wizards/RefactoredEnhancedAIClaimWizard.tsx:98:9 - error TS1005: ':' expected.

98   const wizardSteps: WizardStep[] = [
           ~~~~~~~~~~~

src/components/wizards/RefactoredEnhancedAIClaimWizard.tsx:98:20 - error TS1005: ',' expected.

98   const wizardSteps: WizardStep[] = [
                      ~

src/components/wizards/RefactoredEnhancedAIClaimWizard.tsx:98:32 - error TS1005: ',' expected.

98   const wizardSteps: WizardStep[] = [
                                  ~

src/components/wizards/RefactoredEnhancedAIClaimWizard.tsx:98:33 - error TS1109: Expression expected.

98   const wizardSteps: WizardStep[] = [
                                   ~

src/components/wizards/RefactoredEnhancedAIClaimWizard.tsx:98:35 - error TS1005: ':' expected.

98   const wizardSteps: WizardStep[] = [
                                     ~

src/components/wizards/RefactoredEnhancedAIClaimWizard.tsx:249:3 - error TS1005: ',' expected.

249   const wizardConfig: WizardConfig = {
      ~~~~~

src/components/wizards/RefactoredEnhancedAIClaimWizard.tsx:249:9 - error TS1005: ':' expected.

249   const wizardConfig: WizardConfig = {
            ~~~~~~~~~~~~

src/components/wizards/RefactoredEnhancedAIClaimWizard.tsx:249:21 - error TS1005: ',' expected.

249   const wizardConfig: WizardConfig = {
                        ~

src/components/wizards/RefactoredEnhancedAIClaimWizard.tsx:261:3 - error TS1005: ',' expected.

261   const handleUpdate = (newData: any) => {
      ~~~~~

src/components/wizards/RefactoredEnhancedAIClaimWizard.tsx:261:9 - error TS1005: ':' expected.

261   const handleUpdate = (newData: any) => {
            ~~~~~~~~~~~~

src/components/wizards/RefactoredEnhancedAIClaimWizard.tsx:277:3 - error TS1005: ',' expected.

277   const handleSave = async (data: any, step: number) => {
      ~~~~~

src/components/wizards/RefactoredEnhancedAIClaimWizard.tsx:277:9 - error TS1005: ':' expected.

277   const handleSave = async (data: any, step: number) => {
            ~~~~~~~~~~

src/components/wizards/RefactoredEnhancedAIClaimWizard.tsx:311:3 - error TS1005: ',' expected.

311   const validateStep = (stepId: string, data: any) => {
      ~~~~~

src/components/wizards/RefactoredEnhancedAIClaimWizard.tsx:352:1 - error TS1005: ',' expected.

352 export default RefactoredEnhancedAIClaimWizard
    ~~~~~~

src/components/wizards/RefactoredEnhancedAIClaimWizard.tsx:352:8 - error TS1005: ':' expected.

352 export default RefactoredEnhancedAIClaimWizard
           ~~~~~~~

src/components/wizards/RefactoredEnhancedAIClaimWizard.tsx:352:16 - error TS1005: ':' expected.

352 export default RefactoredEnhancedAIClaimWizard
                   ~~~~~~~~~~~~~~~~~~~~~~~~~~~~~~~

src/components/wizards/RefactoredEnhancedAIClaimWizard.tsx:352:47 - error TS1005: '}' expected.

352 export default RefactoredEnhancedAIClaimWizard
                                                  

  src/components/wizards/RefactoredEnhancedAIClaimWizard.tsx:74:60
    74   const [wizardData, setWizardData] = useState<WizardData>({
                                                                  ~
    The parser expected to find a '}' to match the '{' token here.


Found 21 errors.

