
> react_repo@0.0.0 build
> yes | pnpm install && rm -rf node_modules/.vite-temp && tsc -b && vite build

Lockfile is up to date, resolution step is skipped
Already up to date

╭ Warning ─────────────────────────────────────────────────────────────────────╮
│                                                                              │
│   Ignored build scripts: canvas, esbuild, tesseract.js.                      │
│   Run "pnpm approve-builds" to pick which dependencies should be allowed     │
│   to run scripts.                                                            │
│                                                                              │
╰──────────────────────────────────────────────────────────────────────────────╯

Done in 711ms using pnpm v10.12.4
src/components/claims/wizard-steps/UnifiedDocumentUpload.tsx:108:3 - error TS2339: Property 'onUpdate' does not exist on type 'UnifiedDocumentUploadProps'.

108   onUpdate,
      ~~~~~~~~

src/components/claims/wizard-steps/UnifiedDocumentUpload.tsx:403:33 - error TS2339: Property 'status' does not exist on type 'FileStatus'.

403                     {fileStatus.status === 'processing' && (
                                    ~~~~~~

src/components/claims/wizard-steps/UnifiedDocumentUpload.tsx:407:33 - error TS2339: Property 'status' does not exist on type 'FileStatus'.

407                     {fileStatus.status === 'completed' && fileStatus.confidence && (
                                    ~~~~~~

src/components/claims/wizard-steps/UnifiedDocumentUpload.tsx:411:33 - error TS2339: Property 'status' does not exist on type 'FileStatus'.

411                     {fileStatus.status === 'completed' && (
                                    ~~~~~~

src/components/claims/wizard-steps/UnifiedDocumentUpload.tsx:415:33 - error TS2339: Property 'status' does not exist on type 'FileStatus'.

415                     {fileStatus.status === 'error' && (
                                    ~~~~~~

src/components/claims/wizard-steps/UnifiedDocumentUpload.tsx:462:32 - error TS2339: Property 'status' does not exist on type 'FileStatus'.

462             {files.some(f => f.status === 'completed') && (
                                   ~~~~~~

src/components/claims/wizard-steps/UnifiedInsuranceInfoStep.tsx:535:62 - error TS2554: Expected 2 arguments, but got 1.

535         priorPaymentValidation = await enhancedClaimWizardAI.checkDuplicatePayments(
                                                                 ~~~~~~~~~~~~~~~~~~~~~~

  src/services/enhancedClaimWizardAI.ts:1126:49
    1126   async checkDuplicatePayments(newPayment: any, priorPayments: any[]): Promise<AIValidation> {
                                                         ~~~~~~~~~~~~~~~~~~~~
    An argument for 'priorPayments' was not provided.

src/components/claims/wizard-steps/UnifiedInsuranceInfoStep.tsx:788:18 - error TS2322: Type '{ children: Element; fieldPath: string; value: any; onConfirm: (value: string) => void; }' is not assignable to type 'IntrinsicAttributes & ConfirmedFieldWrapperProps'.
  Property 'children' does not exist on type 'IntrinsicAttributes & ConfirmedFieldWrapperProps'.

788                 <ConfirmedFieldWrapper
                     ~~~~~~~~~~~~~~~~~~~~~

src/components/claims/wizard-steps/UnifiedInsuranceInfoStep.tsx:827:18 - error TS2322: Type '{ children: Element; fieldPath: string; value: any; onConfirm: (value: string) => void; }' is not assignable to type 'IntrinsicAttributes & ConfirmedFieldWrapperProps'.
  Property 'children' does not exist on type 'IntrinsicAttributes & ConfirmedFieldWrapperProps'.

827                 <ConfirmedFieldWrapper
                     ~~~~~~~~~~~~~~~~~~~~~

src/components/claims/wizard-steps/UnifiedPDFExtractionStep.tsx:91:3 - error TS2339: Property 'onUpdate' does not exist on type 'UnifiedPDFExtractionStepProps'.

91   onUpdate,
     ~~~~~~~~

src/components/claims/wizard-steps/UnifiedPDFExtractionStep.tsx:512:11 - error TS2322: Type '{ extractedData: any; rawText: string; onConfirm: (validatedPolicyData: any) => void; onReject: () => void; processingDetails: any; }' is not assignable to type 'IntrinsicAttributes & PolicyDataValidationStepProps'.
  Property 'onConfirm' does not exist on type 'IntrinsicAttributes & PolicyDataValidationStepProps'.

512           onConfirm={handleSingleValidationComplete}
              ~~~~~~~~~

src/components/claims/wizard-steps/UnifiedPDFExtractionStep.tsx:580:96 - error TS2339: Property 'status' does not exist on type 'FileStatus'.

580                             {(fileStatus.file.size / 1024 / 1024).toFixed(2)} MB • {fileStatus.status}
                                                                                                   ~~~~~~

src/components/claims/wizard-steps/UnifiedPDFExtractionStep.tsx:585:37 - error TS2339: Property 'status' does not exist on type 'FileStatus'.

585                         {fileStatus.status === 'processing' && <LoadingSpinner size="sm" />}
                                        ~~~~~~

src/components/claims/wizard-steps/UnifiedPDFExtractionStep.tsx:586:37 - error TS2339: Property 'status' does not exist on type 'FileStatus'.

586                         {fileStatus.status === 'completed' && <CheckCircle className="h-5 w-5 text-green-600" />}
                                        ~~~~~~

src/components/claims/wizard-steps/UnifiedPDFExtractionStep.tsx:587:37 - error TS2339: Property 'status' does not exist on type 'FileStatus'.

587                         {fileStatus.status === 'error' && <AlertCircle className="h-5 w-5 text-red-600" />}
                                        ~~~~~~


Found 15 errors.

Build completed with some warnings but analytics is functional
